{"timestamp":"2026-06-16T15:34:56.708146Z","level":"info","event":"::group::Pre Execute","logger":"task","filename":"task_runner.py","lineno":1926}
{"timestamp":"2026-06-16T15:34:57.273133Z","level":"info","event":"DAG bundles loaded: dags-folder, example_dags","map_index":-1,"ti_id":"019ed112-0b0e-74b1-909f-9470ae9da5c6","run_id":"manual__2026-06-16T15:34:41.126396+00:00","dag_id":"devoluciones_dag","try_number":1,"task_id":"reporte_diario","logger":"airflow.dag_processing.bundles.manager.DagBundlesManager","filename":"manager.py","lineno":209}
{"timestamp":"2026-06-16T15:34:57.275657Z","level":"info","event":"Filling up the DagBag from /opt/airflow/dags/devoluciones_dag.py","map_index":-1,"ti_id":"019ed112-0b0e-74b1-909f-9470ae9da5c6","run_id":"manual__2026-06-16T15:34:41.126396+00:00","dag_id":"devoluciones_dag","try_number":1,"task_id":"reporte_diario","logger":"airflow.dag_processing.dagbag.BundleDagBag","filename":"dagbag.py","lineno":469}
{"timestamp":"2026-06-16T15:34:57.339713Z","level":"warning","event":"The `airflow.operators.python.PythonOperator` attribute is deprecated. Please use `'airflow.providers.standard.operators.python.PythonOperator'`.","category":"UserWarning","filename":"/opt/airflow/dags/devoluciones_dag.py","lineno":2,"map_index":-1,"ti_id":"019ed112-0b0e-74b1-909f-9470ae9da5c6","run_id":"manual__2026-06-16T15:34:41.126396+00:00","dag_id":"devoluciones_dag","try_number":1,"task_id":"reporte_diario","logger":"py.warnings"}
{"timestamp":"2026-06-16T15:34:57.376584Z","level":"info","event":"Task instance is in running state","logger":"task.stdout"}
{"timestamp":"2026-06-16T15:34:57.377149Z","level":"info","event":" Previous state of the Task instance: TaskInstanceState.QUEUED","logger":"task.stdout"}
{"timestamp":"2026-06-16T15:34:57.377517Z","level":"info","event":"Current task name:reporte_diario","logger":"task.stdout"}
{"timestamp":"2026-06-16T15:34:57.377913Z","level":"info","event":"Dag name:devoluciones_dag","logger":"task.stdout"}
{"timestamp":"2026-06-16T15:34:57.377380Z","level":"info","event":"::endgroup::","map_index":-1,"ti_id":"019ed112-0b0e-74b1-909f-9470ae9da5c6","run_id":"manual__2026-06-16T15:34:41.126396+00:00","dag_id":"devoluciones_dag","try_number":1,"task_id":"reporte_diario","logger":"task","filename":"task_runner.py","lineno":1727}
{"timestamp":"2026-06-16T15:34:57.692547Z","level":"info","event":"","logger":"task.stdout"}
{"timestamp":"2026-06-16T15:34:57.692916Z","level":"info","event":"REPORTE DIARIO","logger":"task.stdout"}
{"timestamp":"2026-06-16T15:34:57.713534Z","level":"info","event":"             fecha  total_devoluciones  ...  fraude  validaciones_fallidas","logger":"task.stdout"}
{"timestamp":"2026-06-16T15:34:57.714015Z","level":"info","event":"0    1767225600000                  31  ...       0                      0","logger":"task.stdout"}
{"timestamp":"2026-06-16T15:34:57.714478Z","level":"info","event":"1    1767312000000                  30  ...       0                      0","logger":"task.stdout"}
{"timestamp":"2026-06-16T15:34:57.715015Z","level":"info","event":"2    1767398400000                  25  ...       2                      1","logger":"task.stdout"}
{"timestamp":"2026-06-16T15:34:57.715459Z","level":"info","event":"3    1767484800000                  37  ...       1                      0","logger":"task.stdout"}
{"timestamp":"2026-06-16T15:34:57.716044Z","level":"info","event":"4    1767571200000                  33  ...       2                      1","logger":"task.stdout"}
{"timestamp":"2026-06-16T15:34:57.716486Z","level":"info","event":"..             ...                 ...  ...     ...                    ...","logger":"task.stdout"}
{"timestamp":"2026-06-16T15:34:57.716865Z","level":"info","event":"158  1780876800000                  25  ...       1                      1","logger":"task.stdout"}
{"timestamp":"2026-06-16T15:34:57.717218Z","level":"info","event":"159  1780963200000                  36  ...       2                      0","logger":"task.stdout"}
{"timestamp":"2026-06-16T15:34:57.717572Z","level":"info","event":"160  1781049600000                  39  ...       0                      0","logger":"task.stdout"}
{"timestamp":"2026-06-16T15:34:57.717921Z","level":"info","event":"161  1781136000000                  25  ...       0                      0","logger":"task.stdout"}
{"timestamp":"2026-06-16T15:34:57.718304Z","level":"info","event":"162  1781222400000                  19  ...       0                      0","logger":"task.stdout"}
{"timestamp":"2026-06-16T15:34:57.718671Z","level":"info","event":"","logger":"task.stdout"}
{"timestamp":"2026-06-16T15:34:57.719058Z","level":"info","event":"[163 rows x 8 columns]","logger":"task.stdout"}
{"timestamp":"2026-06-16T15:34:57.717520Z","level":"info","event":"Done. Returned value was: None","map_index":-1,"ti_id":"019ed112-0b0e-74b1-909f-9470ae9da5c6","run_id":"manual__2026-06-16T15:34:41.126396+00:00","dag_id":"devoluciones_dag","try_number":1,"task_id":"reporte_diario","logger":"airflow.task.operators.airflow.providers.standard.operators.python.PythonOperator","filename":"python.py","lineno":233}
{"timestamp":"2026-06-16T15:34:57.717835Z","level":"info","event":"::group::Post Execute","map_index":-1,"ti_id":"019ed112-0b0e-74b1-909f-9470ae9da5c6","run_id":"manual__2026-06-16T15:34:41.126396+00:00","dag_id":"devoluciones_dag","try_number":1,"task_id":"reporte_diario","logger":"task","filename":"task_runner.py","lineno":1288}
{"timestamp":"2026-06-16T15:34:57.762743Z","level":"info","event":"Task instance in success state","logger":"task.stdout"}
{"timestamp":"2026-06-16T15:34:57.763347Z","level":"info","event":" Previous state of the Task instance: TaskInstanceState.RUNNING","logger":"task.stdout"}
{"timestamp":"2026-06-16T15:34:57.764160Z","level":"info","event":"Task operator:<Task(PythonOperator): reporte_diario>","logger":"task.stdout"}
{"timestamp":"2026-06-16T15:34:57.763391Z","level":"info","event":"::endgroup::","map_index":-1,"ti_id":"019ed112-0b0e-74b1-909f-9470ae9da5c6","run_id":"manual__2026-06-16T15:34:41.126396+00:00","dag_id":"devoluciones_dag","try_number":1,"task_id":"reporte_diario","logger":"task","filename":"task_runner.py","lineno":1896}
