{"timestamp":"2026-06-12T23:11:35.710000Z","level":"info","event":"::group::Pre Execute","logger":"task","filename":"task_runner.py","lineno":1926}
{"timestamp":"2026-06-12T23:11:39.971786Z","level":"info","event":"DAG bundles loaded: dags-folder, example_dags","map_index":-1,"dag_id":"devoluciones_dag","ti_id":"019ebe1a-e786-75bb-a569-503ed058c22e","run_id":"manual__2026-06-12T23:11:34.502293+00:00","task_id":"leer_csv","try_number":1,"logger":"airflow.dag_processing.bundles.manager.DagBundlesManager","filename":"manager.py","lineno":209}
{"timestamp":"2026-06-12T23:11:39.973476Z","level":"info","event":"Filling up the DagBag from /opt/airflow/dags/devoluciones_dag.py","map_index":-1,"dag_id":"devoluciones_dag","ti_id":"019ebe1a-e786-75bb-a569-503ed058c22e","run_id":"manual__2026-06-12T23:11:34.502293+00:00","task_id":"leer_csv","try_number":1,"logger":"airflow.dag_processing.dagbag.BundleDagBag","filename":"dagbag.py","lineno":469}
{"timestamp":"2026-06-12T23:11:40.002183Z","level":"warning","event":"The `airflow.operators.python.PythonOperator` attribute is deprecated. Please use `'airflow.providers.standard.operators.python.PythonOperator'`.","category":"UserWarning","filename":"/opt/airflow/dags/devoluciones_dag.py","lineno":2,"map_index":-1,"dag_id":"devoluciones_dag","ti_id":"019ebe1a-e786-75bb-a569-503ed058c22e","run_id":"manual__2026-06-12T23:11:34.502293+00:00","task_id":"leer_csv","try_number":1,"logger":"py.warnings"}
{"timestamp":"2026-06-12T23:11:40.040647Z","level":"info","event":"Task instance is in running state","logger":"task.stdout"}
{"timestamp":"2026-06-12T23:11:40.041138Z","level":"info","event":" Previous state of the Task instance: TaskInstanceState.QUEUED","logger":"task.stdout"}
{"timestamp":"2026-06-12T23:11:40.041593Z","level":"info","event":"Current task name:leer_csv","logger":"task.stdout"}
{"timestamp":"2026-06-12T23:11:40.041987Z","level":"info","event":"Dag name:devoluciones_dag","logger":"task.stdout"}
{"timestamp":"2026-06-12T23:11:40.040986Z","level":"info","event":"::endgroup::","map_index":-1,"dag_id":"devoluciones_dag","ti_id":"019ebe1a-e786-75bb-a569-503ed058c22e","run_id":"manual__2026-06-12T23:11:34.502293+00:00","task_id":"leer_csv","try_number":1,"logger":"task","filename":"task_runner.py","lineno":1727}
{"timestamp":"2026-06-12T23:11:40.049355Z","level":"info","event":"Archivo leído correctamente","logger":"task.stdout"}
{"timestamp":"2026-06-12T23:11:40.060192Z","level":"info","event":"  transaction_id       fecha  ...                     descripcion     estado","logger":"task.stdout"}
{"timestamp":"2026-06-12T23:11:40.060550Z","level":"info","event":"0         TXN001  2026-06-01  ...  Devolucion compra supermercado  pendiente","logger":"task.stdout"}
{"timestamp":"2026-06-12T23:11:40.060844Z","level":"info","event":"1         TXN002  2026-06-01  ...     Devolucion electrodomestico  pendiente","logger":"task.stdout"}
{"timestamp":"2026-06-12T23:11:40.061046Z","level":"info","event":"2         TXN003  2026-06-02  ...        Devolucion ropa en linea  pendiente","logger":"task.stdout"}
{"timestamp":"2026-06-12T23:11:40.061236Z","level":"info","event":"3         TXN004  2026-06-02  ...    Devolucion equipo de computo  pendiente","logger":"task.stdout"}
{"timestamp":"2026-06-12T23:11:40.061453Z","level":"info","event":"4         TXN005  2026-06-03  ...          Devolucion restaurante  pendiente","logger":"task.stdout"}
{"timestamp":"2026-06-12T23:11:40.061648Z","level":"info","event":"","logger":"task.stdout"}
{"timestamp":"2026-06-12T23:11:40.061828Z","level":"info","event":"[5 rows x 9 columns]","logger":"task.stdout"}
{"timestamp":"2026-06-12T23:11:40.065404Z","level":"info","event":"Done. Returned value was: None","map_index":-1,"dag_id":"devoluciones_dag","ti_id":"019ebe1a-e786-75bb-a569-503ed058c22e","run_id":"manual__2026-06-12T23:11:34.502293+00:00","task_id":"leer_csv","try_number":1,"logger":"airflow.task.operators.airflow.providers.standard.operators.python.PythonOperator","filename":"python.py","lineno":233}
{"timestamp":"2026-06-12T23:11:40.065550Z","level":"info","event":"::group::Post Execute","map_index":-1,"dag_id":"devoluciones_dag","ti_id":"019ebe1a-e786-75bb-a569-503ed058c22e","run_id":"manual__2026-06-12T23:11:34.502293+00:00","task_id":"leer_csv","try_number":1,"logger":"task","filename":"task_runner.py","lineno":1288}
{"timestamp":"2026-06-12T23:11:40.094794Z","level":"info","event":"Task instance in success state","logger":"task.stdout"}
{"timestamp":"2026-06-12T23:11:40.095185Z","level":"info","event":" Previous state of the Task instance: TaskInstanceState.RUNNING","logger":"task.stdout"}
{"timestamp":"2026-06-12T23:11:40.095569Z","level":"info","event":"Task operator:<Task(PythonOperator): leer_csv>","logger":"task.stdout"}
{"timestamp":"2026-06-12T23:11:40.095049Z","level":"info","event":"::endgroup::","map_index":-1,"dag_id":"devoluciones_dag","ti_id":"019ebe1a-e786-75bb-a569-503ed058c22e","run_id":"manual__2026-06-12T23:11:34.502293+00:00","task_id":"leer_csv","try_number":1,"logger":"task","filename":"task_runner.py","lineno":1896}
