{"timestamp":"2026-06-14T00:57:23.986901Z","level":"info","event":"::group::Pre Execute","logger":"task","filename":"task_runner.py","lineno":1926}
{"timestamp":"2026-06-14T00:57:24.275652Z","level":"info","event":"DAG bundles loaded: dags-folder, example_dags","ti_id":"019ec3a2-059b-78a4-aae5-076a92c4d9be","run_id":"manual__2026-06-14T00:57:15.913228+00:00","dag_id":"devoluciones_dag","task_id":"reporte_diario","try_number":1,"map_index":-1,"logger":"airflow.dag_processing.bundles.manager.DagBundlesManager","filename":"manager.py","lineno":209}
{"timestamp":"2026-06-14T00:57:24.277351Z","level":"info","event":"Filling up the DagBag from /opt/airflow/dags/devoluciones_dag.py","ti_id":"019ec3a2-059b-78a4-aae5-076a92c4d9be","run_id":"manual__2026-06-14T00:57:15.913228+00:00","dag_id":"devoluciones_dag","task_id":"reporte_diario","try_number":1,"map_index":-1,"logger":"airflow.dag_processing.dagbag.BundleDagBag","filename":"dagbag.py","lineno":469}
{"timestamp":"2026-06-14T00:57:24.305233Z","level":"warning","event":"The `airflow.operators.python.PythonOperator` attribute is deprecated. Please use `'airflow.providers.standard.operators.python.PythonOperator'`.","category":"UserWarning","filename":"/opt/airflow/dags/devoluciones_dag.py","lineno":2,"ti_id":"019ec3a2-059b-78a4-aae5-076a92c4d9be","run_id":"manual__2026-06-14T00:57:15.913228+00:00","dag_id":"devoluciones_dag","task_id":"reporte_diario","try_number":1,"map_index":-1,"logger":"py.warnings"}
{"timestamp":"2026-06-14T00:57:24.326693Z","level":"info","event":"Task instance is in running state","logger":"task.stdout"}
{"timestamp":"2026-06-14T00:57:24.327054Z","level":"info","event":" Previous state of the Task instance: TaskInstanceState.QUEUED","logger":"task.stdout"}
{"timestamp":"2026-06-14T00:57:24.327365Z","level":"info","event":"Current task name:reporte_diario","logger":"task.stdout"}
{"timestamp":"2026-06-14T00:57:24.327612Z","level":"info","event":"Dag name:devoluciones_dag","logger":"task.stdout"}
{"timestamp":"2026-06-14T00:57:24.327029Z","level":"info","event":"::endgroup::","ti_id":"019ec3a2-059b-78a4-aae5-076a92c4d9be","run_id":"manual__2026-06-14T00:57:15.913228+00:00","dag_id":"devoluciones_dag","task_id":"reporte_diario","try_number":1,"map_index":-1,"logger":"task","filename":"task_runner.py","lineno":1727}
{"timestamp":"2026-06-14T00:57:24.465520Z","level":"info","event":"","logger":"task.stdout"}
{"timestamp":"2026-06-14T00:57:24.465793Z","level":"info","event":"REPORTE DIARIO","logger":"task.stdout"}
{"timestamp":"2026-06-14T00:57:24.474536Z","level":"info","event":"             fecha  total_devoluciones  ...  fraude  validaciones_fallidas","logger":"task.stdout"}
{"timestamp":"2026-06-14T00:57:24.474806Z","level":"info","event":"0    1767225600000                  31  ...       0                      0","logger":"task.stdout"}
{"timestamp":"2026-06-14T00:57:24.475041Z","level":"info","event":"1    1767312000000                  30  ...       0                      0","logger":"task.stdout"}
{"timestamp":"2026-06-14T00:57:24.475285Z","level":"info","event":"2    1767398400000                  25  ...       2                      1","logger":"task.stdout"}
{"timestamp":"2026-06-14T00:57:24.475479Z","level":"info","event":"3    1767484800000                  37  ...       1                      0","logger":"task.stdout"}
{"timestamp":"2026-06-14T00:57:24.475686Z","level":"info","event":"4    1767571200000                  33  ...       2                      1","logger":"task.stdout"}
{"timestamp":"2026-06-14T00:57:24.475875Z","level":"info","event":"..             ...                 ...  ...     ...                    ...","logger":"task.stdout"}
{"timestamp":"2026-06-14T00:57:24.476064Z","level":"info","event":"158  1780876800000                  25  ...       1                      1","logger":"task.stdout"}
{"timestamp":"2026-06-14T00:57:24.476251Z","level":"info","event":"159  1780963200000                  36  ...       2                      0","logger":"task.stdout"}
{"timestamp":"2026-06-14T00:57:24.476440Z","level":"info","event":"160  1781049600000                  39  ...       0                      0","logger":"task.stdout"}
{"timestamp":"2026-06-14T00:57:24.476664Z","level":"info","event":"161  1781136000000                  25  ...       0                      0","logger":"task.stdout"}
{"timestamp":"2026-06-14T00:57:24.476910Z","level":"info","event":"162  1781222400000                  19  ...       0                      0","logger":"task.stdout"}
{"timestamp":"2026-06-14T00:57:24.477130Z","level":"info","event":"","logger":"task.stdout"}
{"timestamp":"2026-06-14T00:57:24.477349Z","level":"info","event":"[163 rows x 8 columns]","logger":"task.stdout"}
{"timestamp":"2026-06-14T00:57:24.476153Z","level":"info","event":"Done. Returned value was: None","ti_id":"019ec3a2-059b-78a4-aae5-076a92c4d9be","run_id":"manual__2026-06-14T00:57:15.913228+00:00","dag_id":"devoluciones_dag","task_id":"reporte_diario","try_number":1,"map_index":-1,"logger":"airflow.task.operators.airflow.providers.standard.operators.python.PythonOperator","filename":"python.py","lineno":233}
{"timestamp":"2026-06-14T00:57:24.476274Z","level":"info","event":"::group::Post Execute","ti_id":"019ec3a2-059b-78a4-aae5-076a92c4d9be","run_id":"manual__2026-06-14T00:57:15.913228+00:00","dag_id":"devoluciones_dag","task_id":"reporte_diario","try_number":1,"map_index":-1,"logger":"task","filename":"task_runner.py","lineno":1288}
{"timestamp":"2026-06-14T00:57:24.494246Z","level":"info","event":"Task instance in success state","logger":"task.stdout"}
{"timestamp":"2026-06-14T00:57:24.494618Z","level":"info","event":" Previous state of the Task instance: TaskInstanceState.RUNNING","logger":"task.stdout"}
{"timestamp":"2026-06-14T00:57:24.495009Z","level":"info","event":"Task operator:<Task(PythonOperator): reporte_diario>","logger":"task.stdout"}
{"timestamp":"2026-06-14T00:57:24.494537Z","level":"info","event":"::endgroup::","ti_id":"019ec3a2-059b-78a4-aae5-076a92c4d9be","run_id":"manual__2026-06-14T00:57:15.913228+00:00","dag_id":"devoluciones_dag","task_id":"reporte_diario","try_number":1,"map_index":-1,"logger":"task","filename":"task_runner.py","lineno":1896}
