{"timestamp":"2026-06-13T00:06:55.275720Z","level":"info","event":"::group::Pre Execute","logger":"task","filename":"task_runner.py","lineno":1926}
{"timestamp":"2026-06-13T00:06:55.644670Z","level":"info","event":"DAG bundles loaded: dags-folder, example_dags","ti_id":"019ebe4d-836c-75ca-bf0d-2feebb588fe7","map_index":-1,"run_id":"manual__2026-06-13T00:06:51.477508+00:00","task_id":"aplicar_reglas","try_number":1,"dag_id":"devoluciones_dag","logger":"airflow.dag_processing.bundles.manager.DagBundlesManager","filename":"manager.py","lineno":209}
{"timestamp":"2026-06-13T00:06:55.646489Z","level":"info","event":"Filling up the DagBag from /opt/airflow/dags/devoluciones_dag.py","ti_id":"019ebe4d-836c-75ca-bf0d-2feebb588fe7","map_index":-1,"run_id":"manual__2026-06-13T00:06:51.477508+00:00","task_id":"aplicar_reglas","try_number":1,"dag_id":"devoluciones_dag","logger":"airflow.dag_processing.dagbag.BundleDagBag","filename":"dagbag.py","lineno":469}
{"timestamp":"2026-06-13T00:06:55.686283Z","level":"warning","event":"The `airflow.operators.python.PythonOperator` attribute is deprecated. Please use `'airflow.providers.standard.operators.python.PythonOperator'`.","category":"UserWarning","filename":"/opt/airflow/dags/devoluciones_dag.py","lineno":2,"ti_id":"019ebe4d-836c-75ca-bf0d-2feebb588fe7","map_index":-1,"run_id":"manual__2026-06-13T00:06:51.477508+00:00","task_id":"aplicar_reglas","try_number":1,"dag_id":"devoluciones_dag","logger":"py.warnings"}
{"timestamp":"2026-06-13T00:06:55.707261Z","level":"info","event":"Task instance is in running state","logger":"task.stdout"}
{"timestamp":"2026-06-13T00:06:55.707715Z","level":"info","event":" Previous state of the Task instance: TaskInstanceState.QUEUED","logger":"task.stdout"}
{"timestamp":"2026-06-13T00:06:55.707994Z","level":"info","event":"Current task name:aplicar_reglas","logger":"task.stdout"}
{"timestamp":"2026-06-13T00:06:55.708379Z","level":"info","event":"Dag name:devoluciones_dag","logger":"task.stdout"}
{"timestamp":"2026-06-13T00:06:55.707721Z","level":"info","event":"::endgroup::","ti_id":"019ebe4d-836c-75ca-bf0d-2feebb588fe7","map_index":-1,"run_id":"manual__2026-06-13T00:06:51.477508+00:00","task_id":"aplicar_reglas","try_number":1,"dag_id":"devoluciones_dag","logger":"task","filename":"task_runner.py","lineno":1727}
{"timestamp":"2026-06-13T00:06:55.728246Z","level":"info","event":"RESULTADO DE LAS REGLAS","logger":"task.stdout"}
{"timestamp":"2026-06-13T00:06:55.735856Z","level":"info","event":"   transaction_id  ...                                     regla_aplicada","logger":"task.stdout"}
{"timestamp":"2026-06-13T00:06:55.736362Z","level":"info","event":"0          TXN001  ...  Marcado como posible fraude por multiples devo...","logger":"task.stdout"}
{"timestamp":"2026-06-13T00:06:55.736722Z","level":"info","event":"1          TXN002  ...  Marcado como posible fraude por multiples devo...","logger":"task.stdout"}
{"timestamp":"2026-06-13T00:06:55.737183Z","level":"info","event":"2          TXN003  ...  Marcado como posible fraude por multiples devo...","logger":"task.stdout"}
{"timestamp":"2026-06-13T00:06:55.737600Z","level":"info","event":"3          TXN004  ...  Marcado como posible fraude por multiples devo...","logger":"task.stdout"}
{"timestamp":"2026-06-13T00:06:55.738008Z","level":"info","event":"4          TXN005  ...                              Aprobación automatica","logger":"task.stdout"}
{"timestamp":"2026-06-13T00:06:55.738439Z","level":"info","event":"5          TXN006  ...  Marcado como posible fraude por multiples devo...","logger":"task.stdout"}
{"timestamp":"2026-06-13T00:06:55.738849Z","level":"info","event":"6          TXN007  ...  Marcado como posible fraude por multiples devo...","logger":"task.stdout"}
{"timestamp":"2026-06-13T00:06:55.739229Z","level":"info","event":"7          TXN008  ...  Marcado como posible fraude por multiples devo...","logger":"task.stdout"}
{"timestamp":"2026-06-13T00:06:55.739639Z","level":"info","event":"8          TXN009  ...  Marcado como posible fraude por multiples devo...","logger":"task.stdout"}
{"timestamp":"2026-06-13T00:06:55.740038Z","level":"info","event":"9          TXN010  ...                    Requiere aprobacion del gerente","logger":"task.stdout"}
{"timestamp":"2026-06-13T00:06:55.740450Z","level":"info","event":"10         TXN011  ...  Marcado como posible fraude por multiples devo...","logger":"task.stdout"}
{"timestamp":"2026-06-13T00:06:55.740833Z","level":"info","event":"11         TXN012  ...  Marcado como posible fraude por multiples devo...","logger":"task.stdout"}
{"timestamp":"2026-06-13T00:06:55.741187Z","level":"info","event":"12         TXN013  ...  Marcado como posible fraude por multiples devo...","logger":"task.stdout"}
{"timestamp":"2026-06-13T00:06:55.741539Z","level":"info","event":"13         TXN014  ...  Marcado como posible fraude por multiples devo...","logger":"task.stdout"}
{"timestamp":"2026-06-13T00:06:55.741893Z","level":"info","event":"14         TXN015  ...                                  Revisión especial","logger":"task.stdout"}
{"timestamp":"2026-06-13T00:06:55.742254Z","level":"info","event":"","logger":"task.stdout"}
{"timestamp":"2026-06-13T00:06:55.742601Z","level":"info","event":"[15 rows x 4 columns]","logger":"task.stdout"}
{"timestamp":"2026-06-13T00:06:55.738763Z","level":"error","event":"Task failed with exception","ti_id":"019ebe4d-836c-75ca-bf0d-2feebb588fe7","map_index":-1,"run_id":"manual__2026-06-13T00:06:51.477508+00:00","task_id":"aplicar_reglas","try_number":1,"dag_id":"devoluciones_dag","logger":"task","filename":"task_runner.py","lineno":1381,"error_detail":[{"exc_type":"PermissionError","exc_value":"[Errno 13] Permission denied: '/opt/airflow/data/devoluciones_procesadas.csv'","exc_notes":[],"syntax_error":null,"is_cause":false,"frames":[{"filename":"/home/airflow/.local/lib/python3.13/site-packages/airflow/sdk/execution_time/task_runner.py","lineno":1287,"name":"run"},{"filename":"/home/airflow/.local/lib/python3.13/site-packages/airflow/sdk/execution_time/task_runner.py","lineno":1745,"name":"_execute_task"},{"filename":"/home/airflow/.local/lib/python3.13/site-packages/airflow/sdk/bases/operator.py","lineno":443,"name":"wrapper"},{"filename":"/home/airflow/.local/lib/python3.13/site-packages/airflow/providers/standard/operators/python.py","lineno":231,"name":"execute"},{"filename":"/home/airflow/.local/lib/python3.13/site-packages/airflow/providers/standard/operators/python.py","lineno":254,"name":"execute_callable"},{"filename":"/home/airflow/.local/lib/python3.13/site-packages/airflow/sdk/execution_time/callback_runner.py","lineno":97,"name":"run"},{"filename":"/opt/airflow/scripts/reglas.py","lineno":70,"name":"aplicar_reglas"},{"filename":"/home/airflow/.local/lib/python3.13/site-packages/pandas/util/_decorators.py","lineno":333,"name":"wrapper"},{"filename":"/home/airflow/.local/lib/python3.13/site-packages/pandas/core/generic.py","lineno":3989,"name":"to_csv"},{"filename":"/home/airflow/.local/lib/python3.13/site-packages/pandas/io/formats/format.py","lineno":1014,"name":"to_csv"},{"filename":"/home/airflow/.local/lib/python3.13/site-packages/pandas/io/formats/csvs.py","lineno":251,"name":"save"},{"filename":"/home/airflow/.local/lib/python3.13/site-packages/pandas/io/common.py","lineno":873,"name":"get_handle"}],"is_group":false,"exceptions":[]}]}
{"timestamp":"2026-06-13T00:06:55.739123Z","level":"info","event":"::group::Post Execute","ti_id":"019ebe4d-836c-75ca-bf0d-2feebb588fe7","map_index":-1,"run_id":"manual__2026-06-13T00:06:51.477508+00:00","task_id":"aplicar_reglas","try_number":1,"dag_id":"devoluciones_dag","logger":"task","filename":"task_runner.py","lineno":1382}
{"timestamp":"2026-06-13T00:06:55.744652Z","level":"info","event":"Task instance in failure state","logger":"task.stdout"}
{"timestamp":"2026-06-13T00:06:55.745091Z","level":"info","event":"Task start","logger":"task.stdout"}
{"timestamp":"2026-06-13T00:06:55.745405Z","level":"info","event":"Task:<Task(PythonOperator): aplicar_reglas>","logger":"task.stdout"}
{"timestamp":"2026-06-13T00:06:55.745706Z","level":"info","event":"Failure caused by [Errno 13] Permission denied: '/opt/airflow/data/devoluciones_procesadas.csv'","logger":"task.stdout"}
{"timestamp":"2026-06-13T00:06:55.744921Z","level":"info","event":"::endgroup::","ti_id":"019ebe4d-836c-75ca-bf0d-2feebb588fe7","map_index":-1,"run_id":"manual__2026-06-13T00:06:51.477508+00:00","task_id":"aplicar_reglas","try_number":1,"dag_id":"devoluciones_dag","logger":"task","filename":"task_runner.py","lineno":1896}
