{"timestamp":"2026-06-12T03:02:03.741152Z","level":"info","event":"::group::Pre Execute","logger":"task","filename":"task_runner.py","lineno":1926}
{"timestamp":"2026-06-12T03:02:04.146438Z","level":"info","event":"DAG bundles loaded: dags-folder, example_dags","ti_id":"019eb9c7-8b4c-765a-998d-aecab70556e5","dag_id":"devoluciones_dag","task_id":"leer_csv","run_id":"manual__2026-06-12T03:02:02.819276+00:00","try_number":1,"map_index":-1,"logger":"airflow.dag_processing.bundles.manager.DagBundlesManager","filename":"manager.py","lineno":209}
{"timestamp":"2026-06-12T03:02:04.147955Z","level":"info","event":"Filling up the DagBag from /opt/airflow/dags/devoluciones_dag.py","ti_id":"019eb9c7-8b4c-765a-998d-aecab70556e5","dag_id":"devoluciones_dag","task_id":"leer_csv","run_id":"manual__2026-06-12T03:02:02.819276+00:00","try_number":1,"map_index":-1,"logger":"airflow.dag_processing.dagbag.BundleDagBag","filename":"dagbag.py","lineno":469}
{"timestamp":"2026-06-12T03:02:04.161983Z","level":"error","event":"Failed to import: /opt/airflow/dags/devoluciones_dag.py","logger":"airflow.dag_processing.importers.python_importer","ti_id":"019eb9c7-8b4c-765a-998d-aecab70556e5","dag_id":"devoluciones_dag","task_id":"leer_csv","run_id":"manual__2026-06-12T03:02:02.819276+00:00","try_number":1,"map_index":-1,"filename":"python_importer.py","lineno":244,"error_detail":[{"exc_type":"ModuleNotFoundError","exc_value":"No module named 'scripts'","exc_notes":[],"syntax_error":null,"is_cause":false,"frames":[{"filename":"/home/airflow/.local/lib/python3.13/site-packages/airflow/dag_processing/importers/python_importer.py","lineno":238,"name":"parse"},{"filename":"<frozen importlib._bootstrap_external>","lineno":1023,"name":"exec_module"},{"filename":"<frozen importlib._bootstrap>","lineno":488,"name":"_call_with_frames_removed"},{"filename":"/opt/airflow/dags/devoluciones_dag.py","lineno":1,"name":"<module>"}],"is_group":false,"exceptions":[]}]}
{"timestamp":"2026-06-12T03:02:04.165713Z","level":"error","event":"Error loading DAG from devoluciones_dag.py: No module named 'scripts'","ti_id":"019eb9c7-8b4c-765a-998d-aecab70556e5","dag_id":"devoluciones_dag","task_id":"leer_csv","run_id":"manual__2026-06-12T03:02:02.819276+00:00","try_number":1,"map_index":-1,"logger":"airflow.dag_processing.dagbag.BundleDagBag","filename":"dagbag.py","lineno":327}
{"timestamp":"2026-06-12T03:02:04.166024Z","level":"error","event":"Dag not found during start up","dag_id":"devoluciones_dag","bundle":"BundleInfo(name='dags-folder', version=None)","path":"devoluciones_dag.py","ti_id":"019eb9c7-8b4c-765a-998d-aecab70556e5","task_id":"leer_csv","run_id":"manual__2026-06-12T03:02:02.819276+00:00","try_number":1,"map_index":-1,"logger":"task","filename":"task_runner.py","lineno":792}
{"timestamp":"2026-06-12T03:02:04.166612Z","level":"warning","event":"Rescheduling task during startup, marking task as UP_FOR_RESCHEDULE","ti_id":"019eb9c7-8b4c-765a-998d-aecab70556e5","dag_id":"devoluciones_dag","task_id":"leer_csv","run_id":"manual__2026-06-12T03:02:02.819276+00:00","try_number":1,"map_index":-1,"logger":"task","filename":"task_runner.py","lineno":1940}
{"timestamp":"2026-06-12T03:08:03.999580Z","level":"info","event":"::group::Pre Execute","logger":"task","filename":"task_runner.py","lineno":1926}
{"timestamp":"2026-06-12T03:08:11.594033Z","level":"info","event":"DAG bundles loaded: dags-folder, example_dags","run_id":"manual__2026-06-12T03:02:02.819276+00:00","task_id":"leer_csv","try_number":1,"dag_id":"devoluciones_dag","map_index":-1,"ti_id":"019eb9c7-8b4c-765a-998d-aecab70556e5","logger":"airflow.dag_processing.bundles.manager.DagBundlesManager","filename":"manager.py","lineno":209}
{"timestamp":"2026-06-12T03:08:11.595729Z","level":"info","event":"Filling up the DagBag from /opt/airflow/dags/devoluciones_dag.py","run_id":"manual__2026-06-12T03:02:02.819276+00:00","task_id":"leer_csv","try_number":1,"dag_id":"devoluciones_dag","map_index":-1,"ti_id":"019eb9c7-8b4c-765a-998d-aecab70556e5","logger":"airflow.dag_processing.dagbag.BundleDagBag","filename":"dagbag.py","lineno":469}
{"timestamp":"2026-06-12T03:08:11.608606Z","level":"warning","event":"The `airflow.operators.python.PythonOperator` attribute is deprecated. Please use `'airflow.providers.standard.operators.python.PythonOperator'`.","category":"UserWarning","filename":"/opt/airflow/dags/devoluciones_dag.py","lineno":2,"run_id":"manual__2026-06-12T03:02:02.819276+00:00","task_id":"leer_csv","try_number":1,"dag_id":"devoluciones_dag","map_index":-1,"ti_id":"019eb9c7-8b4c-765a-998d-aecab70556e5","logger":"py.warnings"}
{"timestamp":"2026-06-12T03:08:11.659049Z","level":"info","event":"Task instance is in running state","logger":"task.stdout"}
{"timestamp":"2026-06-12T03:08:11.659467Z","level":"info","event":" Previous state of the Task instance: TaskInstanceState.QUEUED","logger":"task.stdout"}
{"timestamp":"2026-06-12T03:08:11.659730Z","level":"info","event":"Current task name:leer_csv","logger":"task.stdout"}
{"timestamp":"2026-06-12T03:08:11.659922Z","level":"info","event":"Dag name:devoluciones_dag","logger":"task.stdout"}
{"timestamp":"2026-06-12T03:08:11.659512Z","level":"info","event":"::endgroup::","run_id":"manual__2026-06-12T03:02:02.819276+00:00","task_id":"leer_csv","try_number":1,"dag_id":"devoluciones_dag","map_index":-1,"ti_id":"019eb9c7-8b4c-765a-998d-aecab70556e5","logger":"task","filename":"task_runner.py","lineno":1727}
{"timestamp":"2026-06-12T03:08:11.672379Z","level":"info","event":"============================================================","logger":"task.stdout"}
{"timestamp":"2026-06-12T03:08:11.672675Z","level":"info","event":"ARCHIVO LEÍDO CORRECTAMENTE","logger":"task.stdout"}
{"timestamp":"2026-06-12T03:08:11.672914Z","level":"info","event":"============================================================","logger":"task.stdout"}
{"timestamp":"2026-06-12T03:08:11.673160Z","level":"info","event":"","logger":"task.stdout"}
{"timestamp":"2026-06-12T03:08:11.673359Z","level":"info","event":"Primeros registros:","logger":"task.stdout"}
{"timestamp":"2026-06-12T03:08:11.686596Z","level":"info","event":"  transaction_id       fecha  ...                     descripcion     estado","logger":"task.stdout"}
{"timestamp":"2026-06-12T03:08:11.686949Z","level":"info","event":"0         TXN001  2026-06-01  ...  Devolucion compra supermercado  pendiente","logger":"task.stdout"}
{"timestamp":"2026-06-12T03:08:11.687198Z","level":"info","event":"1         TXN002  2026-06-01  ...     Devolucion electrodomestico  pendiente","logger":"task.stdout"}
{"timestamp":"2026-06-12T03:08:11.687404Z","level":"info","event":"2         TXN003  2026-06-02  ...        Devolucion ropa en linea  pendiente","logger":"task.stdout"}
{"timestamp":"2026-06-12T03:08:11.687617Z","level":"info","event":"3         TXN004  2026-06-02  ...    Devolucion equipo de computo  pendiente","logger":"task.stdout"}
{"timestamp":"2026-06-12T03:08:11.687856Z","level":"info","event":"4         TXN005  2026-06-03  ...          Devolucion restaurante  pendiente","logger":"task.stdout"}
{"timestamp":"2026-06-12T03:08:11.688083Z","level":"info","event":"","logger":"task.stdout"}
{"timestamp":"2026-06-12T03:08:11.688330Z","level":"info","event":"[5 rows x 9 columns]","logger":"task.stdout"}
{"timestamp":"2026-06-12T03:08:11.688688Z","level":"info","event":"","logger":"task.stdout"}
{"timestamp":"2026-06-12T03:08:11.688964Z","level":"info","event":"Información del DataFrame:","logger":"task.stdout"}
{"timestamp":"2026-06-12T03:08:11.692667Z","level":"info","event":"<class 'pandas.core.frame.DataFrame'>","logger":"task.stdout"}
{"timestamp":"2026-06-12T03:08:11.693100Z","level":"info","event":"RangeIndex: 15 entries, 0 to 14","logger":"task.stdout"}
{"timestamp":"2026-06-12T03:08:11.693339Z","level":"info","event":"Data columns (total 9 columns):","logger":"task.stdout"}
{"timestamp":"2026-06-12T03:08:11.693615Z","level":"info","event":" #   Column          Non-Null Count  Dtype","logger":"task.stdout"}
{"timestamp":"2026-06-12T03:08:11.693917Z","level":"info","event":"---  ------          --------------  -----","logger":"task.stdout"}
{"timestamp":"2026-06-12T03:08:11.694197Z","level":"info","event":" 0   transaction_id  15 non-null     object","logger":"task.stdout"}
{"timestamp":"2026-06-12T03:08:11.694474Z","level":"info","event":" 1   fecha           15 non-null     object","logger":"task.stdout"}
{"timestamp":"2026-06-12T03:08:11.694727Z","level":"info","event":" 2   cuenta_origen   15 non-null     int64","logger":"task.stdout"}
{"timestamp":"2026-06-12T03:08:11.694939Z","level":"info","event":" 3   cuenta_destino  15 non-null     int64","logger":"task.stdout"}
{"timestamp":"2026-06-12T03:08:11.695123Z","level":"info","event":" 4   monto           15 non-null     float64","logger":"task.stdout"}
{"timestamp":"2026-06-12T03:08:11.695351Z","level":"info","event":" 5   moneda          15 non-null     object","logger":"task.stdout"}
{"timestamp":"2026-06-12T03:08:11.695532Z","level":"info","event":" 6   tipo            15 non-null     object","logger":"task.stdout"}
{"timestamp":"2026-06-12T03:08:11.695726Z","level":"info","event":" 7   descripcion     15 non-null     object","logger":"task.stdout"}
{"timestamp":"2026-06-12T03:08:11.695899Z","level":"info","event":" 8   estado          15 non-null     object","logger":"task.stdout"}
{"timestamp":"2026-06-12T03:08:11.696067Z","level":"info","event":"dtypes: float64(1), int64(2), object(6)","logger":"task.stdout"}
{"timestamp":"2026-06-12T03:08:11.696255Z","level":"info","event":"memory usage: 1.2+ KB","logger":"task.stdout"}
{"timestamp":"2026-06-12T03:08:11.696449Z","level":"info","event":"None","logger":"task.stdout"}
{"timestamp":"2026-06-12T03:08:11.696851Z","level":"info","event":"","logger":"task.stdout"}
{"timestamp":"2026-06-12T03:08:11.697110Z","level":"info","event":"Número de registros: 15","logger":"task.stdout"}
{"timestamp":"2026-06-12T03:08:11.697342Z","level":"info","event":"Número de columnas: 9","logger":"task.stdout"}
{"timestamp":"2026-06-12T03:08:11.697681Z","level":"info","event":"","logger":"task.stdout"}
{"timestamp":"2026-06-12T03:08:11.697864Z","level":"info","event":"Columnas:","logger":"task.stdout"}
{"timestamp":"2026-06-12T03:08:11.698184Z","level":"info","event":"['transaction_id', 'fecha', 'cuenta_origen', 'cuenta_destino', 'monto', 'moneda', 'tipo', 'descripcion', 'estado']","logger":"task.stdout"}
{"timestamp":"2026-06-12T03:08:11.698396Z","level":"info","event":"============================================================","logger":"task.stdout"}
{"timestamp":"2026-06-12T03:08:11.692738Z","level":"info","event":"Done. Returned value was: None","run_id":"manual__2026-06-12T03:02:02.819276+00:00","task_id":"leer_csv","try_number":1,"dag_id":"devoluciones_dag","map_index":-1,"ti_id":"019eb9c7-8b4c-765a-998d-aecab70556e5","logger":"airflow.task.operators.airflow.providers.standard.operators.python.PythonOperator","filename":"python.py","lineno":233}
{"timestamp":"2026-06-12T03:08:11.692895Z","level":"info","event":"::group::Post Execute","run_id":"manual__2026-06-12T03:02:02.819276+00:00","task_id":"leer_csv","try_number":1,"dag_id":"devoluciones_dag","map_index":-1,"ti_id":"019eb9c7-8b4c-765a-998d-aecab70556e5","logger":"task","filename":"task_runner.py","lineno":1288}
{"timestamp":"2026-06-12T03:08:11.733739Z","level":"info","event":"Task instance in success state","logger":"task.stdout"}
{"timestamp":"2026-06-12T03:08:11.734217Z","level":"info","event":" Previous state of the Task instance: TaskInstanceState.RUNNING","logger":"task.stdout"}
{"timestamp":"2026-06-12T03:08:11.734609Z","level":"info","event":"Task operator:<Task(PythonOperator): leer_csv>","logger":"task.stdout"}
{"timestamp":"2026-06-12T03:08:11.734087Z","level":"info","event":"::endgroup::","run_id":"manual__2026-06-12T03:02:02.819276+00:00","task_id":"leer_csv","try_number":1,"dag_id":"devoluciones_dag","map_index":-1,"ti_id":"019eb9c7-8b4c-765a-998d-aecab70556e5","logger":"task","filename":"task_runner.py","lineno":1896}
