{"timestamp":"2026-06-13T01:08:55.634680Z","level":"info","event":"::group::Pre Execute","logger":"task","filename":"task_runner.py","lineno":1926}
{"timestamp":"2026-06-13T01:08:55.948114Z","level":"info","event":"DAG bundles loaded: dags-folder, example_dags","map_index":-1,"ti_id":"019ebe86-54f7-77c9-84ee-217713e71bb9","run_id":"manual__2026-06-13T01:08:55.145492+00:00","try_number":1,"dag_id":"devoluciones_dag","task_id":"leer_csv","logger":"airflow.dag_processing.bundles.manager.DagBundlesManager","filename":"manager.py","lineno":209}
{"timestamp":"2026-06-13T01:08:55.949535Z","level":"info","event":"Filling up the DagBag from /opt/airflow/dags/devoluciones_dag.py","map_index":-1,"ti_id":"019ebe86-54f7-77c9-84ee-217713e71bb9","run_id":"manual__2026-06-13T01:08:55.145492+00:00","try_number":1,"dag_id":"devoluciones_dag","task_id":"leer_csv","logger":"airflow.dag_processing.dagbag.BundleDagBag","filename":"dagbag.py","lineno":469}
{"timestamp":"2026-06-13T01:08:55.983694Z","level":"warning","event":"The `airflow.operators.python.PythonOperator` attribute is deprecated. Please use `'airflow.providers.standard.operators.python.PythonOperator'`.","category":"UserWarning","filename":"/opt/airflow/dags/devoluciones_dag.py","lineno":2,"map_index":-1,"ti_id":"019ebe86-54f7-77c9-84ee-217713e71bb9","run_id":"manual__2026-06-13T01:08:55.145492+00:00","try_number":1,"dag_id":"devoluciones_dag","task_id":"leer_csv","logger":"py.warnings"}
{"timestamp":"2026-06-13T01:08:56.002962Z","level":"info","event":"Task instance is in running state","logger":"task.stdout"}
{"timestamp":"2026-06-13T01:08:56.003386Z","level":"info","event":" Previous state of the Task instance: TaskInstanceState.QUEUED","logger":"task.stdout"}
{"timestamp":"2026-06-13T01:08:56.003667Z","level":"info","event":"Current task name:leer_csv","logger":"task.stdout"}
{"timestamp":"2026-06-13T01:08:56.003939Z","level":"info","event":"Dag name:devoluciones_dag","logger":"task.stdout"}
{"timestamp":"2026-06-13T01:08:56.003310Z","level":"info","event":"::endgroup::","map_index":-1,"ti_id":"019ebe86-54f7-77c9-84ee-217713e71bb9","run_id":"manual__2026-06-13T01:08:55.145492+00:00","try_number":1,"dag_id":"devoluciones_dag","task_id":"leer_csv","logger":"task","filename":"task_runner.py","lineno":1727}
{"timestamp":"2026-06-13T01:08:56.017939Z","level":"info","event":"Archivo leído correctamente","logger":"task.stdout"}
{"timestamp":"2026-06-13T01:08:56.026359Z","level":"info","event":"  transaction_id       fecha  ...               descripcion     estado","logger":"task.stdout"}
{"timestamp":"2026-06-13T01:08:56.026758Z","level":"info","event":"0      TXN000001  2026-03-18  ...        Devolucion muebles  pendiente","logger":"task.stdout"}
{"timestamp":"2026-06-13T01:08:56.027143Z","level":"info","event":"1      TXN000002  2026-03-18  ...          Devolucion hotel  pendiente","logger":"task.stdout"}
{"timestamp":"2026-06-13T01:08:56.027421Z","level":"info","event":"2      TXN000003  2026-03-22  ...           Devolucion ropa  pendiente","logger":"task.stdout"}
{"timestamp":"2026-06-13T01:08:56.027742Z","level":"info","event":"3      TXN000004  2026-03-19  ...       Devolucion gasolina  pendiente","logger":"task.stdout"}
{"timestamp":"2026-06-13T01:08:56.027984Z","level":"info","event":"4      TXN000005  2026-03-22  ...  Devolucion equipo medico  pendiente","logger":"task.stdout"}
{"timestamp":"2026-06-13T01:08:56.028166Z","level":"info","event":"","logger":"task.stdout"}
{"timestamp":"2026-06-13T01:08:56.028353Z","level":"info","event":"[5 rows x 8 columns]","logger":"task.stdout"}
{"timestamp":"2026-06-13T01:08:56.054393Z","level":"info","event":"Done. Returned value was: None","map_index":-1,"ti_id":"019ebe86-54f7-77c9-84ee-217713e71bb9","run_id":"manual__2026-06-13T01:08:55.145492+00:00","try_number":1,"dag_id":"devoluciones_dag","task_id":"leer_csv","logger":"airflow.task.operators.airflow.providers.standard.operators.python.PythonOperator","filename":"python.py","lineno":233}
{"timestamp":"2026-06-13T01:08:56.054564Z","level":"info","event":"::group::Post Execute","map_index":-1,"ti_id":"019ebe86-54f7-77c9-84ee-217713e71bb9","run_id":"manual__2026-06-13T01:08:55.145492+00:00","try_number":1,"dag_id":"devoluciones_dag","task_id":"leer_csv","logger":"task","filename":"task_runner.py","lineno":1288}
{"timestamp":"2026-06-13T01:08:56.072164Z","level":"info","event":"Task instance in success state","logger":"task.stdout"}
{"timestamp":"2026-06-13T01:08:56.072568Z","level":"info","event":" Previous state of the Task instance: TaskInstanceState.RUNNING","logger":"task.stdout"}
{"timestamp":"2026-06-13T01:08:56.072831Z","level":"info","event":"Task operator:<Task(PythonOperator): leer_csv>","logger":"task.stdout"}
{"timestamp":"2026-06-13T01:08:56.072441Z","level":"info","event":"::endgroup::","map_index":-1,"ti_id":"019ebe86-54f7-77c9-84ee-217713e71bb9","run_id":"manual__2026-06-13T01:08:55.145492+00:00","try_number":1,"dag_id":"devoluciones_dag","task_id":"leer_csv","logger":"task","filename":"task_runner.py","lineno":1896}
