{"timestamp":"2026-06-12T23:17:01.329295Z","level":"info","event":"::group::Pre Execute","logger":"task","filename":"task_runner.py","lineno":1926}
{"timestamp":"2026-06-12T23:17:01.682761Z","level":"info","event":"DAG bundles loaded: dags-folder, example_dags","dag_id":"devoluciones_dag","try_number":1,"ti_id":"019ebe1f-d7ce-762e-957b-28aa4afa2a5c","run_id":"manual__2026-06-12T23:16:58.430202+00:00","map_index":-1,"task_id":"aplicar_reglas","logger":"airflow.dag_processing.bundles.manager.DagBundlesManager","filename":"manager.py","lineno":209}
{"timestamp":"2026-06-12T23:17:01.684337Z","level":"info","event":"Filling up the DagBag from /opt/airflow/dags/devoluciones_dag.py","dag_id":"devoluciones_dag","try_number":1,"ti_id":"019ebe1f-d7ce-762e-957b-28aa4afa2a5c","run_id":"manual__2026-06-12T23:16:58.430202+00:00","map_index":-1,"task_id":"aplicar_reglas","logger":"airflow.dag_processing.dagbag.BundleDagBag","filename":"dagbag.py","lineno":469}
{"timestamp":"2026-06-12T23:17:01.715312Z","level":"warning","event":"The `airflow.operators.python.PythonOperator` attribute is deprecated. Please use `'airflow.providers.standard.operators.python.PythonOperator'`.","category":"UserWarning","filename":"/opt/airflow/dags/devoluciones_dag.py","lineno":2,"dag_id":"devoluciones_dag","try_number":1,"ti_id":"019ebe1f-d7ce-762e-957b-28aa4afa2a5c","run_id":"manual__2026-06-12T23:16:58.430202+00:00","map_index":-1,"task_id":"aplicar_reglas","logger":"py.warnings"}
{"timestamp":"2026-06-12T23:17:01.734369Z","level":"info","event":"Task instance is in running state","logger":"task.stdout"}
{"timestamp":"2026-06-12T23:17:01.734782Z","level":"info","event":" Previous state of the Task instance: TaskInstanceState.QUEUED","logger":"task.stdout"}
{"timestamp":"2026-06-12T23:17:01.735024Z","level":"info","event":"Current task name:aplicar_reglas","logger":"task.stdout"}
{"timestamp":"2026-06-12T23:17:01.735271Z","level":"info","event":"Dag name:devoluciones_dag","logger":"task.stdout"}
{"timestamp":"2026-06-12T23:17:01.734865Z","level":"info","event":"::endgroup::","dag_id":"devoluciones_dag","try_number":1,"ti_id":"019ebe1f-d7ce-762e-957b-28aa4afa2a5c","run_id":"manual__2026-06-12T23:16:58.430202+00:00","map_index":-1,"task_id":"aplicar_reglas","logger":"task","filename":"task_runner.py","lineno":1727}
{"timestamp":"2026-06-12T23:17:01.743509Z","level":"info","event":"RESULTADO DE LAS REGLAS","logger":"task.stdout"}
{"timestamp":"2026-06-12T23:17:01.749796Z","level":"info","event":"   transaction_id    monto     estado                   regla_aplicada","logger":"task.stdout"}
{"timestamp":"2026-06-12T23:17:01.750075Z","level":"info","event":"0          TXN001    150.0   APROBADA            Aprobación automática","logger":"task.stdout"}
{"timestamp":"2026-06-12T23:17:01.750379Z","level":"info","event":"1          TXN002   2500.0  PENDIENTE  Requiere aprobación del gerente","logger":"task.stdout"}
{"timestamp":"2026-06-12T23:17:01.750674Z","level":"info","event":"2          TXN003     75.5   APROBADA            Aprobación automática","logger":"task.stdout"}
{"timestamp":"2026-06-12T23:17:01.750888Z","level":"info","event":"3          TXN004   8000.0   REVISION                Revisión especial","logger":"task.stdout"}
{"timestamp":"2026-06-12T23:17:01.751151Z","level":"info","event":"4          TXN005    320.0   APROBADA            Aprobación automática","logger":"task.stdout"}
{"timestamp":"2026-06-12T23:17:01.751295Z","level":"info","event":"5          TXN006   1500.0  PENDIENTE  Requiere aprobación del gerente","logger":"task.stdout"}
{"timestamp":"2026-06-12T23:17:01.751448Z","level":"info","event":"6          TXN007     50.0   APROBADA            Aprobación automática","logger":"task.stdout"}
{"timestamp":"2026-06-12T23:17:01.751589Z","level":"info","event":"7          TXN008   6500.0   REVISION                Revisión especial","logger":"task.stdout"}
{"timestamp":"2026-06-12T23:17:01.751748Z","level":"info","event":"8          TXN009    900.0   APROBADA            Aprobación automática","logger":"task.stdout"}
{"timestamp":"2026-06-12T23:17:01.751964Z","level":"info","event":"9          TXN010   3200.0  PENDIENTE  Requiere aprobación del gerente","logger":"task.stdout"}
{"timestamp":"2026-06-12T23:17:01.752135Z","level":"info","event":"10         TXN011    200.0   APROBADA            Aprobación automática","logger":"task.stdout"}
{"timestamp":"2026-06-12T23:17:01.752271Z","level":"info","event":"11         TXN012  12000.0   REVISION                Revisión especial","logger":"task.stdout"}
{"timestamp":"2026-06-12T23:17:01.752404Z","level":"info","event":"12         TXN013    450.0   APROBADA            Aprobación automática","logger":"task.stdout"}
{"timestamp":"2026-06-12T23:17:01.752534Z","level":"info","event":"13         TXN014   1200.0  PENDIENTE  Requiere aprobación del gerente","logger":"task.stdout"}
{"timestamp":"2026-06-12T23:17:01.752766Z","level":"info","event":"14         TXN015   5500.0   REVISION                Revisión especial","logger":"task.stdout"}
{"timestamp":"2026-06-12T23:17:01.752923Z","level":"info","event":"Done. Returned value was: None","dag_id":"devoluciones_dag","try_number":1,"ti_id":"019ebe1f-d7ce-762e-957b-28aa4afa2a5c","run_id":"manual__2026-06-12T23:16:58.430202+00:00","map_index":-1,"task_id":"aplicar_reglas","logger":"airflow.task.operators.airflow.providers.standard.operators.python.PythonOperator","filename":"python.py","lineno":233}
{"timestamp":"2026-06-12T23:17:01.753068Z","level":"info","event":"::group::Post Execute","dag_id":"devoluciones_dag","try_number":1,"ti_id":"019ebe1f-d7ce-762e-957b-28aa4afa2a5c","run_id":"manual__2026-06-12T23:16:58.430202+00:00","map_index":-1,"task_id":"aplicar_reglas","logger":"task","filename":"task_runner.py","lineno":1288}
{"timestamp":"2026-06-12T23:17:01.769803Z","level":"info","event":"Task instance in success state","logger":"task.stdout"}
{"timestamp":"2026-06-12T23:17:01.770170Z","level":"info","event":" Previous state of the Task instance: TaskInstanceState.RUNNING","logger":"task.stdout"}
{"timestamp":"2026-06-12T23:17:01.770511Z","level":"info","event":"Task operator:<Task(PythonOperator): aplicar_reglas>","logger":"task.stdout"}
{"timestamp":"2026-06-12T23:17:01.770154Z","level":"info","event":"::endgroup::","dag_id":"devoluciones_dag","try_number":1,"ti_id":"019ebe1f-d7ce-762e-957b-28aa4afa2a5c","run_id":"manual__2026-06-12T23:16:58.430202+00:00","map_index":-1,"task_id":"aplicar_reglas","logger":"task","filename":"task_runner.py","lineno":1896}
