{"timestamp":"2026-06-13T00:16:29.688937Z","level":"info","event":"::group::Pre Execute","logger":"task","filename":"task_runner.py","lineno":1926}
{"timestamp":"2026-06-13T00:16:30.003121Z","level":"info","event":"DAG bundles loaded: dags-folder, example_dags","task_id":"leer_csv","try_number":1,"dag_id":"devoluciones_dag","run_id":"manual__2026-06-13T00:16:28.833664+00:00","map_index":-1,"ti_id":"019ebe56-52cf-7b57-bad3-f86e05b89860","logger":"airflow.dag_processing.bundles.manager.DagBundlesManager","filename":"manager.py","lineno":209}
{"timestamp":"2026-06-13T00:16:30.005320Z","level":"info","event":"Filling up the DagBag from /opt/airflow/dags/devoluciones_dag.py","task_id":"leer_csv","try_number":1,"dag_id":"devoluciones_dag","run_id":"manual__2026-06-13T00:16:28.833664+00:00","map_index":-1,"ti_id":"019ebe56-52cf-7b57-bad3-f86e05b89860","logger":"airflow.dag_processing.dagbag.BundleDagBag","filename":"dagbag.py","lineno":469}
{"timestamp":"2026-06-13T00:16:30.042285Z","level":"warning","event":"The `airflow.operators.python.PythonOperator` attribute is deprecated. Please use `'airflow.providers.standard.operators.python.PythonOperator'`.","category":"UserWarning","filename":"/opt/airflow/dags/devoluciones_dag.py","lineno":2,"task_id":"leer_csv","try_number":1,"dag_id":"devoluciones_dag","run_id":"manual__2026-06-13T00:16:28.833664+00:00","map_index":-1,"ti_id":"019ebe56-52cf-7b57-bad3-f86e05b89860","logger":"py.warnings"}
{"timestamp":"2026-06-13T00:16:30.066125Z","level":"info","event":"Task instance is in running state","logger":"task.stdout"}
{"timestamp":"2026-06-13T00:16:30.066644Z","level":"info","event":" Previous state of the Task instance: TaskInstanceState.QUEUED","logger":"task.stdout"}
{"timestamp":"2026-06-13T00:16:30.067204Z","level":"info","event":"Current task name:leer_csv","logger":"task.stdout"}
{"timestamp":"2026-06-13T00:16:30.067634Z","level":"info","event":"Dag name:devoluciones_dag","logger":"task.stdout"}
{"timestamp":"2026-06-13T00:16:30.066628Z","level":"info","event":"::endgroup::","task_id":"leer_csv","try_number":1,"dag_id":"devoluciones_dag","run_id":"manual__2026-06-13T00:16:28.833664+00:00","map_index":-1,"ti_id":"019ebe56-52cf-7b57-bad3-f86e05b89860","logger":"task","filename":"task_runner.py","lineno":1727}
{"timestamp":"2026-06-13T00:16:30.076711Z","level":"info","event":"Archivo leído correctamente","logger":"task.stdout"}
{"timestamp":"2026-06-13T00:16:30.086644Z","level":"info","event":"  transaction_id       fecha  ...                     descripcion     estado","logger":"task.stdout"}
{"timestamp":"2026-06-13T00:16:30.087405Z","level":"info","event":"0         TXN001  2026-06-01  ...  Devolucion compra supermercado  pendiente","logger":"task.stdout"}
{"timestamp":"2026-06-13T00:16:30.087894Z","level":"info","event":"1         TXN002  2026-06-01  ...     Devolucion electrodomestico  pendiente","logger":"task.stdout"}
{"timestamp":"2026-06-13T00:16:30.088341Z","level":"info","event":"2         TXN003  2026-06-02  ...        Devolucion ropa en linea  pendiente","logger":"task.stdout"}
{"timestamp":"2026-06-13T00:16:30.088666Z","level":"info","event":"3         TXN004  2026-06-02  ...    Devolucion equipo de computo  pendiente","logger":"task.stdout"}
{"timestamp":"2026-06-13T00:16:30.089084Z","level":"info","event":"4         TXN005  2026-06-03  ...          Devolucion restaurante  pendiente","logger":"task.stdout"}
{"timestamp":"2026-06-13T00:16:30.089469Z","level":"info","event":"","logger":"task.stdout"}
{"timestamp":"2026-06-13T00:16:30.089825Z","level":"info","event":"[5 rows x 8 columns]","logger":"task.stdout"}
{"timestamp":"2026-06-13T00:16:30.091630Z","level":"info","event":"Done. Returned value was: None","task_id":"leer_csv","try_number":1,"dag_id":"devoluciones_dag","run_id":"manual__2026-06-13T00:16:28.833664+00:00","map_index":-1,"ti_id":"019ebe56-52cf-7b57-bad3-f86e05b89860","logger":"airflow.task.operators.airflow.providers.standard.operators.python.PythonOperator","filename":"python.py","lineno":233}
{"timestamp":"2026-06-13T00:16:30.091792Z","level":"info","event":"::group::Post Execute","task_id":"leer_csv","try_number":1,"dag_id":"devoluciones_dag","run_id":"manual__2026-06-13T00:16:28.833664+00:00","map_index":-1,"ti_id":"019ebe56-52cf-7b57-bad3-f86e05b89860","logger":"task","filename":"task_runner.py","lineno":1288}
{"timestamp":"2026-06-13T00:16:30.114639Z","level":"info","event":"Task instance in success state","logger":"task.stdout"}
{"timestamp":"2026-06-13T00:16:30.115320Z","level":"info","event":" Previous state of the Task instance: TaskInstanceState.RUNNING","logger":"task.stdout"}
{"timestamp":"2026-06-13T00:16:30.115798Z","level":"info","event":"Task operator:<Task(PythonOperator): leer_csv>","logger":"task.stdout"}
{"timestamp":"2026-06-13T00:16:30.115062Z","level":"info","event":"::endgroup::","task_id":"leer_csv","try_number":1,"dag_id":"devoluciones_dag","run_id":"manual__2026-06-13T00:16:28.833664+00:00","map_index":-1,"ti_id":"019ebe56-52cf-7b57-bad3-f86e05b89860","logger":"task","filename":"task_runner.py","lineno":1896}
