{"timestamp":"2026-06-12T23:06:42.481748Z","level":"info","event":"::group::Pre Execute","logger":"task","filename":"task_runner.py","lineno":1926}
{"timestamp":"2026-06-12T23:06:42.800505Z","level":"info","event":"DAG bundles loaded: dags-folder, example_dags","run_id":"manual__2026-06-12T23:06:39.865158+00:00","try_number":1,"task_id":"aplicar_reglas","ti_id":"019ebe16-6789-77f4-9055-ae1f4b3337b2","map_index":-1,"dag_id":"devoluciones_dag","logger":"airflow.dag_processing.bundles.manager.DagBundlesManager","filename":"manager.py","lineno":209}
{"timestamp":"2026-06-12T23:06:42.801822Z","level":"info","event":"Filling up the DagBag from /opt/airflow/dags/devoluciones_dag.py","run_id":"manual__2026-06-12T23:06:39.865158+00:00","try_number":1,"task_id":"aplicar_reglas","ti_id":"019ebe16-6789-77f4-9055-ae1f4b3337b2","map_index":-1,"dag_id":"devoluciones_dag","logger":"airflow.dag_processing.dagbag.BundleDagBag","filename":"dagbag.py","lineno":469}
{"timestamp":"2026-06-12T23:06:42.832458Z","level":"warning","event":"The `airflow.operators.python.PythonOperator` attribute is deprecated. Please use `'airflow.providers.standard.operators.python.PythonOperator'`.","category":"UserWarning","filename":"/opt/airflow/dags/devoluciones_dag.py","lineno":2,"run_id":"manual__2026-06-12T23:06:39.865158+00:00","try_number":1,"task_id":"aplicar_reglas","ti_id":"019ebe16-6789-77f4-9055-ae1f4b3337b2","map_index":-1,"dag_id":"devoluciones_dag","logger":"py.warnings"}
{"timestamp":"2026-06-12T23:06:42.850897Z","level":"info","event":"Task instance is in running state","logger":"task.stdout"}
{"timestamp":"2026-06-12T23:06:42.851198Z","level":"info","event":" Previous state of the Task instance: TaskInstanceState.QUEUED","logger":"task.stdout"}
{"timestamp":"2026-06-12T23:06:42.851419Z","level":"info","event":"Current task name:aplicar_reglas","logger":"task.stdout"}
{"timestamp":"2026-06-12T23:06:42.851613Z","level":"info","event":"Dag name:devoluciones_dag","logger":"task.stdout"}
{"timestamp":"2026-06-12T23:06:42.851247Z","level":"info","event":"::endgroup::","run_id":"manual__2026-06-12T23:06:39.865158+00:00","try_number":1,"task_id":"aplicar_reglas","ti_id":"019ebe16-6789-77f4-9055-ae1f4b3337b2","map_index":-1,"dag_id":"devoluciones_dag","logger":"task","filename":"task_runner.py","lineno":1727}
{"timestamp":"2026-06-12T23:06:42.859202Z","level":"info","event":"RESULTADO DE LAS REGLAS","logger":"task.stdout"}
{"timestamp":"2026-06-12T23:06:42.865980Z","level":"info","event":"   transaction_id    monto     estado                   regla_aplicada","logger":"task.stdout"}
{"timestamp":"2026-06-12T23:06:42.866302Z","level":"info","event":"0          TXN001    150.0   APROBADA            Aprobación automática","logger":"task.stdout"}
{"timestamp":"2026-06-12T23:06:42.866614Z","level":"info","event":"1          TXN002   2500.0  PENDIENTE  Requiere aprobación del gerente","logger":"task.stdout"}
{"timestamp":"2026-06-12T23:06:42.866831Z","level":"info","event":"2          TXN003     75.5   APROBADA            Aprobación automática","logger":"task.stdout"}
{"timestamp":"2026-06-12T23:06:42.867028Z","level":"info","event":"3          TXN004   8000.0   REVISION                Revisión especial","logger":"task.stdout"}
{"timestamp":"2026-06-12T23:06:42.867260Z","level":"info","event":"4          TXN005    320.0   APROBADA            Aprobación automática","logger":"task.stdout"}
{"timestamp":"2026-06-12T23:06:42.867478Z","level":"info","event":"5          TXN006   1500.0  PENDIENTE  Requiere aprobación del gerente","logger":"task.stdout"}
{"timestamp":"2026-06-12T23:06:42.867703Z","level":"info","event":"6          TXN007     50.0   APROBADA            Aprobación automática","logger":"task.stdout"}
{"timestamp":"2026-06-12T23:06:42.867900Z","level":"info","event":"7          TXN008   6500.0   REVISION                Revisión especial","logger":"task.stdout"}
{"timestamp":"2026-06-12T23:06:42.868084Z","level":"info","event":"8          TXN009    900.0   APROBADA            Aprobación automática","logger":"task.stdout"}
{"timestamp":"2026-06-12T23:06:42.868263Z","level":"info","event":"9          TXN010   3200.0  PENDIENTE  Requiere aprobación del gerente","logger":"task.stdout"}
{"timestamp":"2026-06-12T23:06:42.868566Z","level":"info","event":"10         TXN011    200.0   APROBADA            Aprobación automática","logger":"task.stdout"}
{"timestamp":"2026-06-12T23:06:42.868796Z","level":"info","event":"11         TXN012  12000.0   REVISION                Revisión especial","logger":"task.stdout"}
{"timestamp":"2026-06-12T23:06:42.869013Z","level":"info","event":"12         TXN013    450.0   APROBADA            Aprobación automática","logger":"task.stdout"}
{"timestamp":"2026-06-12T23:06:42.869220Z","level":"info","event":"13         TXN014   1200.0  PENDIENTE  Requiere aprobación del gerente","logger":"task.stdout"}
{"timestamp":"2026-06-12T23:06:42.869401Z","level":"info","event":"14         TXN015   5500.0   REVISION                Revisión especial","logger":"task.stdout"}
{"timestamp":"2026-06-12T23:06:42.869410Z","level":"info","event":"Done. Returned value was: None","run_id":"manual__2026-06-12T23:06:39.865158+00:00","try_number":1,"task_id":"aplicar_reglas","ti_id":"019ebe16-6789-77f4-9055-ae1f4b3337b2","map_index":-1,"dag_id":"devoluciones_dag","logger":"airflow.task.operators.airflow.providers.standard.operators.python.PythonOperator","filename":"python.py","lineno":233}
{"timestamp":"2026-06-12T23:06:42.869561Z","level":"info","event":"::group::Post Execute","run_id":"manual__2026-06-12T23:06:39.865158+00:00","try_number":1,"task_id":"aplicar_reglas","ti_id":"019ebe16-6789-77f4-9055-ae1f4b3337b2","map_index":-1,"dag_id":"devoluciones_dag","logger":"task","filename":"task_runner.py","lineno":1288}
{"timestamp":"2026-06-12T23:06:42.887244Z","level":"info","event":"Task instance in success state","logger":"task.stdout"}
{"timestamp":"2026-06-12T23:06:42.887571Z","level":"info","event":" Previous state of the Task instance: TaskInstanceState.RUNNING","logger":"task.stdout"}
{"timestamp":"2026-06-12T23:06:42.887912Z","level":"info","event":"Task operator:<Task(PythonOperator): aplicar_reglas>","logger":"task.stdout"}
{"timestamp":"2026-06-12T23:06:42.887558Z","level":"info","event":"::endgroup::","run_id":"manual__2026-06-12T23:06:39.865158+00:00","try_number":1,"task_id":"aplicar_reglas","ti_id":"019ebe16-6789-77f4-9055-ae1f4b3337b2","map_index":-1,"dag_id":"devoluciones_dag","logger":"task","filename":"task_runner.py","lineno":1896}
