{"timestamp":"2026-06-12T22:32:06.553592Z","level":"info","event":"::group::Pre Execute","logger":"task","filename":"task_runner.py","lineno":1926}
{"timestamp":"2026-06-12T22:32:06.853615Z","level":"info","event":"DAG bundles loaded: dags-folder, example_dags","task_id":"leer_csv","run_id":"manual__2026-06-12T22:32:05.667293+00:00","dag_id":"devoluciones_dag","map_index":-1,"try_number":1,"ti_id":"019ebdf6-c133-74b6-b756-8dda8cc207a9","logger":"airflow.dag_processing.bundles.manager.DagBundlesManager","filename":"manager.py","lineno":209}
{"timestamp":"2026-06-12T22:32:06.855209Z","level":"info","event":"Filling up the DagBag from /opt/airflow/dags/devoluciones_dag.py","task_id":"leer_csv","run_id":"manual__2026-06-12T22:32:05.667293+00:00","dag_id":"devoluciones_dag","map_index":-1,"try_number":1,"ti_id":"019ebdf6-c133-74b6-b756-8dda8cc207a9","logger":"airflow.dag_processing.dagbag.BundleDagBag","filename":"dagbag.py","lineno":469}
{"timestamp":"2026-06-12T22:32:06.888119Z","level":"warning","event":"The `airflow.operators.python.PythonOperator` attribute is deprecated. Please use `'airflow.providers.standard.operators.python.PythonOperator'`.","category":"UserWarning","filename":"/opt/airflow/dags/devoluciones_dag.py","lineno":2,"task_id":"leer_csv","run_id":"manual__2026-06-12T22:32:05.667293+00:00","dag_id":"devoluciones_dag","map_index":-1,"try_number":1,"ti_id":"019ebdf6-c133-74b6-b756-8dda8cc207a9","logger":"py.warnings"}
{"timestamp":"2026-06-12T22:32:06.911626Z","level":"info","event":"Task instance is in running state","logger":"task.stdout"}
{"timestamp":"2026-06-12T22:32:06.912034Z","level":"info","event":" Previous state of the Task instance: TaskInstanceState.QUEUED","logger":"task.stdout"}
{"timestamp":"2026-06-12T22:32:06.912429Z","level":"info","event":"Current task name:leer_csv","logger":"task.stdout"}
{"timestamp":"2026-06-12T22:32:06.912760Z","level":"info","event":"Dag name:devoluciones_dag","logger":"task.stdout"}
{"timestamp":"2026-06-12T22:32:06.911972Z","level":"info","event":"::endgroup::","task_id":"leer_csv","run_id":"manual__2026-06-12T22:32:05.667293+00:00","dag_id":"devoluciones_dag","map_index":-1,"try_number":1,"ti_id":"019ebdf6-c133-74b6-b756-8dda8cc207a9","logger":"task","filename":"task_runner.py","lineno":1727}
{"timestamp":"2026-06-12T22:32:06.918332Z","level":"info","event":"Archivo leído correctamente","logger":"task.stdout"}
{"timestamp":"2026-06-12T22:32:06.927493Z","level":"info","event":"  transaction_id       fecha  ...                     descripcion     estado","logger":"task.stdout"}
{"timestamp":"2026-06-12T22:32:06.927945Z","level":"info","event":"0         TXN001  2026-06-01  ...  Devolucion compra supermercado  pendiente","logger":"task.stdout"}
{"timestamp":"2026-06-12T22:32:06.928307Z","level":"info","event":"1         TXN002  2026-06-01  ...     Devolucion electrodomestico  pendiente","logger":"task.stdout"}
{"timestamp":"2026-06-12T22:32:06.928561Z","level":"info","event":"2         TXN003  2026-06-02  ...        Devolucion ropa en linea  pendiente","logger":"task.stdout"}
{"timestamp":"2026-06-12T22:32:06.928822Z","level":"info","event":"3         TXN004  2026-06-02  ...    Devolucion equipo de computo  pendiente","logger":"task.stdout"}
{"timestamp":"2026-06-12T22:32:06.929050Z","level":"info","event":"4         TXN005  2026-06-03  ...          Devolucion restaurante  pendiente","logger":"task.stdout"}
{"timestamp":"2026-06-12T22:32:06.929340Z","level":"info","event":"","logger":"task.stdout"}
{"timestamp":"2026-06-12T22:32:06.929578Z","level":"info","event":"[5 rows x 9 columns]","logger":"task.stdout"}
{"timestamp":"2026-06-12T22:32:06.931371Z","level":"info","event":"Done. Returned value was: None","task_id":"leer_csv","run_id":"manual__2026-06-12T22:32:05.667293+00:00","dag_id":"devoluciones_dag","map_index":-1,"try_number":1,"ti_id":"019ebdf6-c133-74b6-b756-8dda8cc207a9","logger":"airflow.task.operators.airflow.providers.standard.operators.python.PythonOperator","filename":"python.py","lineno":233}
{"timestamp":"2026-06-12T22:32:06.931491Z","level":"info","event":"::group::Post Execute","task_id":"leer_csv","run_id":"manual__2026-06-12T22:32:05.667293+00:00","dag_id":"devoluciones_dag","map_index":-1,"try_number":1,"ti_id":"019ebdf6-c133-74b6-b756-8dda8cc207a9","logger":"task","filename":"task_runner.py","lineno":1288}
{"timestamp":"2026-06-12T22:32:06.949644Z","level":"info","event":"Task instance in success state","logger":"task.stdout"}
{"timestamp":"2026-06-12T22:32:06.949916Z","level":"info","event":" Previous state of the Task instance: TaskInstanceState.RUNNING","logger":"task.stdout"}
{"timestamp":"2026-06-12T22:32:06.950159Z","level":"info","event":"Task operator:<Task(PythonOperator): leer_csv>","logger":"task.stdout"}
{"timestamp":"2026-06-12T22:32:06.949914Z","level":"info","event":"::endgroup::","task_id":"leer_csv","run_id":"manual__2026-06-12T22:32:05.667293+00:00","dag_id":"devoluciones_dag","map_index":-1,"try_number":1,"ti_id":"019ebdf6-c133-74b6-b756-8dda8cc207a9","logger":"task","filename":"task_runner.py","lineno":1896}
