{"timestamp":"2026-06-12T23:28:05.485628Z","level":"info","event":"::group::Pre Execute","logger":"task","filename":"task_runner.py","lineno":1926}
{"timestamp":"2026-06-12T23:28:05.784433Z","level":"info","event":"DAG bundles loaded: dags-folder, example_dags","map_index":-1,"ti_id":"019ebe2a-00e8-7fcc-9f5a-86b9098a5eaa","run_id":"manual__2026-06-12T23:28:04.314171+00:00","try_number":1,"dag_id":"devoluciones_dag","task_id":"leer_csv","logger":"airflow.dag_processing.bundles.manager.DagBundlesManager","filename":"manager.py","lineno":209}
{"timestamp":"2026-06-12T23:28:05.785806Z","level":"info","event":"Filling up the DagBag from /opt/airflow/dags/devoluciones_dag.py","map_index":-1,"ti_id":"019ebe2a-00e8-7fcc-9f5a-86b9098a5eaa","run_id":"manual__2026-06-12T23:28:04.314171+00:00","try_number":1,"dag_id":"devoluciones_dag","task_id":"leer_csv","logger":"airflow.dag_processing.dagbag.BundleDagBag","filename":"dagbag.py","lineno":469}
{"timestamp":"2026-06-12T23:28:05.821746Z","level":"warning","event":"The `airflow.operators.python.PythonOperator` attribute is deprecated. Please use `'airflow.providers.standard.operators.python.PythonOperator'`.","category":"UserWarning","filename":"/opt/airflow/dags/devoluciones_dag.py","lineno":2,"map_index":-1,"ti_id":"019ebe2a-00e8-7fcc-9f5a-86b9098a5eaa","run_id":"manual__2026-06-12T23:28:04.314171+00:00","try_number":1,"dag_id":"devoluciones_dag","task_id":"leer_csv","logger":"py.warnings"}
{"timestamp":"2026-06-12T23:28:05.842431Z","level":"info","event":"Task instance is in running state","logger":"task.stdout"}
{"timestamp":"2026-06-12T23:28:05.842815Z","level":"info","event":" Previous state of the Task instance: TaskInstanceState.QUEUED","logger":"task.stdout"}
{"timestamp":"2026-06-12T23:28:05.843047Z","level":"info","event":"Current task name:leer_csv","logger":"task.stdout"}
{"timestamp":"2026-06-12T23:28:05.843256Z","level":"info","event":"Dag name:devoluciones_dag","logger":"task.stdout"}
{"timestamp":"2026-06-12T23:28:05.842830Z","level":"info","event":"::endgroup::","map_index":-1,"ti_id":"019ebe2a-00e8-7fcc-9f5a-86b9098a5eaa","run_id":"manual__2026-06-12T23:28:04.314171+00:00","try_number":1,"dag_id":"devoluciones_dag","task_id":"leer_csv","logger":"task","filename":"task_runner.py","lineno":1727}
{"timestamp":"2026-06-12T23:28:05.850144Z","level":"info","event":"Archivo leído correctamente","logger":"task.stdout"}
{"timestamp":"2026-06-12T23:28:05.860216Z","level":"info","event":"  transaction_id       fecha  ...                     descripcion     estado","logger":"task.stdout"}
{"timestamp":"2026-06-12T23:28:05.860670Z","level":"info","event":"0         TXN001  2026-06-01  ...  Devolucion compra supermercado  pendiente","logger":"task.stdout"}
{"timestamp":"2026-06-12T23:28:05.860977Z","level":"info","event":"1         TXN002  2026-06-01  ...     Devolucion electrodomestico  pendiente","logger":"task.stdout"}
{"timestamp":"2026-06-12T23:28:05.861207Z","level":"info","event":"2         TXN003  2026-06-02  ...        Devolucion ropa en linea  pendiente","logger":"task.stdout"}
{"timestamp":"2026-06-12T23:28:05.861446Z","level":"info","event":"3         TXN004  2026-06-02  ...    Devolucion equipo de computo  pendiente","logger":"task.stdout"}
{"timestamp":"2026-06-12T23:28:05.861649Z","level":"info","event":"4         TXN005  2026-06-03  ...          Devolucion restaurante  pendiente","logger":"task.stdout"}
{"timestamp":"2026-06-12T23:28:05.861863Z","level":"info","event":"","logger":"task.stdout"}
{"timestamp":"2026-06-12T23:28:05.862102Z","level":"info","event":"[5 rows x 9 columns]","logger":"task.stdout"}
{"timestamp":"2026-06-12T23:28:05.864318Z","level":"info","event":"Done. Returned value was: None","map_index":-1,"ti_id":"019ebe2a-00e8-7fcc-9f5a-86b9098a5eaa","run_id":"manual__2026-06-12T23:28:04.314171+00:00","try_number":1,"dag_id":"devoluciones_dag","task_id":"leer_csv","logger":"airflow.task.operators.airflow.providers.standard.operators.python.PythonOperator","filename":"python.py","lineno":233}
{"timestamp":"2026-06-12T23:28:05.864478Z","level":"info","event":"::group::Post Execute","map_index":-1,"ti_id":"019ebe2a-00e8-7fcc-9f5a-86b9098a5eaa","run_id":"manual__2026-06-12T23:28:04.314171+00:00","try_number":1,"dag_id":"devoluciones_dag","task_id":"leer_csv","logger":"task","filename":"task_runner.py","lineno":1288}
{"timestamp":"2026-06-12T23:28:05.881534Z","level":"info","event":"Task instance in success state","logger":"task.stdout"}
{"timestamp":"2026-06-12T23:28:05.881881Z","level":"info","event":" Previous state of the Task instance: TaskInstanceState.RUNNING","logger":"task.stdout"}
{"timestamp":"2026-06-12T23:28:05.882198Z","level":"info","event":"Task operator:<Task(PythonOperator): leer_csv>","logger":"task.stdout"}
{"timestamp":"2026-06-12T23:28:05.881785Z","level":"info","event":"::endgroup::","map_index":-1,"ti_id":"019ebe2a-00e8-7fcc-9f5a-86b9098a5eaa","run_id":"manual__2026-06-12T23:28:04.314171+00:00","try_number":1,"dag_id":"devoluciones_dag","task_id":"leer_csv","logger":"task","filename":"task_runner.py","lineno":1896}
