{"timestamp":"2026-06-12T03:45:25.710575Z","level":"info","event":"::group::Pre Execute","logger":"task","filename":"task_runner.py","lineno":1926}
{"timestamp":"2026-06-12T03:45:26.279103Z","level":"info","event":"DAG bundles loaded: dags-folder, example_dags","run_id":"manual__2026-06-12T03:45:25.283302+00:00","task_id":"leer_csv","try_number":1,"dag_id":"devoluciones_dag","map_index":-1,"ti_id":"019eb9ef-4131-7439-991d-39917dfaf575","logger":"airflow.dag_processing.bundles.manager.DagBundlesManager","filename":"manager.py","lineno":209}
{"timestamp":"2026-06-12T03:45:26.280893Z","level":"info","event":"Filling up the DagBag from /opt/airflow/dags/devoluciones_dag.py","run_id":"manual__2026-06-12T03:45:25.283302+00:00","task_id":"leer_csv","try_number":1,"dag_id":"devoluciones_dag","map_index":-1,"ti_id":"019eb9ef-4131-7439-991d-39917dfaf575","logger":"airflow.dag_processing.dagbag.BundleDagBag","filename":"dagbag.py","lineno":469}
{"timestamp":"2026-06-12T03:45:26.306553Z","level":"warning","event":"The `airflow.operators.python.PythonOperator` attribute is deprecated. Please use `'airflow.providers.standard.operators.python.PythonOperator'`.","category":"UserWarning","filename":"/opt/airflow/dags/devoluciones_dag.py","lineno":2,"run_id":"manual__2026-06-12T03:45:25.283302+00:00","task_id":"leer_csv","try_number":1,"dag_id":"devoluciones_dag","map_index":-1,"ti_id":"019eb9ef-4131-7439-991d-39917dfaf575","logger":"py.warnings"}
{"timestamp":"2026-06-12T03:45:26.332065Z","level":"info","event":"Task instance is in running state","logger":"task.stdout"}
{"timestamp":"2026-06-12T03:45:26.332518Z","level":"info","event":" Previous state of the Task instance: TaskInstanceState.QUEUED","logger":"task.stdout"}
{"timestamp":"2026-06-12T03:45:26.332785Z","level":"info","event":"Current task name:leer_csv","logger":"task.stdout"}
{"timestamp":"2026-06-12T03:45:26.333043Z","level":"info","event":"Dag name:devoluciones_dag","logger":"task.stdout"}
{"timestamp":"2026-06-12T03:45:26.332531Z","level":"info","event":"::endgroup::","run_id":"manual__2026-06-12T03:45:25.283302+00:00","task_id":"leer_csv","try_number":1,"dag_id":"devoluciones_dag","map_index":-1,"ti_id":"019eb9ef-4131-7439-991d-39917dfaf575","logger":"task","filename":"task_runner.py","lineno":1727}
{"timestamp":"2026-06-12T03:45:26.341560Z","level":"info","event":"Archivo leído correctamente","logger":"task.stdout"}
{"timestamp":"2026-06-12T03:45:26.353746Z","level":"info","event":"  transaction_id       fecha  ...                     descripcion     estado","logger":"task.stdout"}
{"timestamp":"2026-06-12T03:45:26.354131Z","level":"info","event":"0         TXN001  2026-06-01  ...  Devolucion compra supermercado  pendiente","logger":"task.stdout"}
{"timestamp":"2026-06-12T03:45:26.354409Z","level":"info","event":"1         TXN002  2026-06-01  ...     Devolucion electrodomestico  pendiente","logger":"task.stdout"}
{"timestamp":"2026-06-12T03:45:26.354693Z","level":"info","event":"2         TXN003  2026-06-02  ...        Devolucion ropa en linea  pendiente","logger":"task.stdout"}
{"timestamp":"2026-06-12T03:45:26.354925Z","level":"info","event":"3         TXN004  2026-06-02  ...    Devolucion equipo de computo  pendiente","logger":"task.stdout"}
{"timestamp":"2026-06-12T03:45:26.355177Z","level":"info","event":"4         TXN005  2026-06-03  ...          Devolucion restaurante  pendiente","logger":"task.stdout"}
{"timestamp":"2026-06-12T03:45:26.355428Z","level":"info","event":"","logger":"task.stdout"}
{"timestamp":"2026-06-12T03:45:26.355711Z","level":"info","event":"[5 rows x 9 columns]","logger":"task.stdout"}
{"timestamp":"2026-06-12T03:45:26.357460Z","level":"info","event":"Done. Returned value was: None","run_id":"manual__2026-06-12T03:45:25.283302+00:00","task_id":"leer_csv","try_number":1,"dag_id":"devoluciones_dag","map_index":-1,"ti_id":"019eb9ef-4131-7439-991d-39917dfaf575","logger":"airflow.task.operators.airflow.providers.standard.operators.python.PythonOperator","filename":"python.py","lineno":233}
{"timestamp":"2026-06-12T03:45:26.357704Z","level":"info","event":"::group::Post Execute","run_id":"manual__2026-06-12T03:45:25.283302+00:00","task_id":"leer_csv","try_number":1,"dag_id":"devoluciones_dag","map_index":-1,"ti_id":"019eb9ef-4131-7439-991d-39917dfaf575","logger":"task","filename":"task_runner.py","lineno":1288}
{"timestamp":"2026-06-12T03:45:26.379331Z","level":"info","event":"Task instance in success state","logger":"task.stdout"}
{"timestamp":"2026-06-12T03:45:26.379717Z","level":"info","event":" Previous state of the Task instance: TaskInstanceState.RUNNING","logger":"task.stdout"}
{"timestamp":"2026-06-12T03:45:26.380039Z","level":"info","event":"Task operator:<Task(PythonOperator): leer_csv>","logger":"task.stdout"}
{"timestamp":"2026-06-12T03:45:26.379739Z","level":"info","event":"::endgroup::","run_id":"manual__2026-06-12T03:45:25.283302+00:00","task_id":"leer_csv","try_number":1,"dag_id":"devoluciones_dag","map_index":-1,"ti_id":"019eb9ef-4131-7439-991d-39917dfaf575","logger":"task","filename":"task_runner.py","lineno":1896}
