{"timestamp":"2026-06-13T00:31:50.570715Z","level":"info","event":"::group::Pre Execute","logger":"task","filename":"task_runner.py","lineno":1926}
{"timestamp":"2026-06-13T00:31:50.981757Z","level":"info","event":"DAG bundles loaded: dags-folder, example_dags","try_number":1,"dag_id":"devoluciones_dag","task_id":"leer_csv","run_id":"manual__2026-06-13T00:31:50.142701+00:00","map_index":-1,"ti_id":"019ebe64-6192-7601-ac64-b873443d4f02","logger":"airflow.dag_processing.bundles.manager.DagBundlesManager","filename":"manager.py","lineno":209}
{"timestamp":"2026-06-13T00:31:50.983369Z","level":"info","event":"Filling up the DagBag from /opt/airflow/dags/devoluciones_dag.py","try_number":1,"dag_id":"devoluciones_dag","task_id":"leer_csv","run_id":"manual__2026-06-13T00:31:50.142701+00:00","map_index":-1,"ti_id":"019ebe64-6192-7601-ac64-b873443d4f02","logger":"airflow.dag_processing.dagbag.BundleDagBag","filename":"dagbag.py","lineno":469}
{"timestamp":"2026-06-13T00:31:51.021464Z","level":"warning","event":"The `airflow.operators.python.PythonOperator` attribute is deprecated. Please use `'airflow.providers.standard.operators.python.PythonOperator'`.","category":"UserWarning","filename":"/opt/airflow/dags/devoluciones_dag.py","lineno":2,"try_number":1,"dag_id":"devoluciones_dag","task_id":"leer_csv","run_id":"manual__2026-06-13T00:31:50.142701+00:00","map_index":-1,"ti_id":"019ebe64-6192-7601-ac64-b873443d4f02","logger":"py.warnings"}
{"timestamp":"2026-06-13T00:31:51.046877Z","level":"info","event":"Task instance is in running state","logger":"task.stdout"}
{"timestamp":"2026-06-13T00:31:51.047217Z","level":"info","event":" Previous state of the Task instance: TaskInstanceState.QUEUED","logger":"task.stdout"}
{"timestamp":"2026-06-13T00:31:51.047458Z","level":"info","event":"Current task name:leer_csv","logger":"task.stdout"}
{"timestamp":"2026-06-13T00:31:51.047699Z","level":"info","event":"Dag name:devoluciones_dag","logger":"task.stdout"}
{"timestamp":"2026-06-13T00:31:51.047292Z","level":"info","event":"::endgroup::","try_number":1,"dag_id":"devoluciones_dag","task_id":"leer_csv","run_id":"manual__2026-06-13T00:31:50.142701+00:00","map_index":-1,"ti_id":"019ebe64-6192-7601-ac64-b873443d4f02","logger":"task","filename":"task_runner.py","lineno":1727}
{"timestamp":"2026-06-13T00:31:51.078830Z","level":"info","event":"Archivo leído correctamente","logger":"task.stdout"}
{"timestamp":"2026-06-13T00:31:51.089938Z","level":"info","event":"  transaction_id       fecha  ...                         descripcion     estado","logger":"task.stdout"}
{"timestamp":"2026-06-13T00:31:51.090507Z","level":"info","event":"0       TXN00001  2026-06-24  ...            Devolucion equipo medico  pendiente","logger":"task.stdout"}
{"timestamp":"2026-06-13T00:31:51.090884Z","level":"info","event":"1       TXN00002  2026-06-07  ...  Devolucion materiales construccion  pendiente","logger":"task.stdout"}
{"timestamp":"2026-06-13T00:31:51.091170Z","level":"info","event":"2       TXN00003  2026-06-25  ...            Devolucion ropa en linea  pendiente","logger":"task.stdout"}
{"timestamp":"2026-06-13T00:31:51.091447Z","level":"info","event":"3       TXN00004  2026-06-28  ...            Devolucion ropa en linea  pendiente","logger":"task.stdout"}
{"timestamp":"2026-06-13T00:31:51.091726Z","level":"info","event":"4       TXN00005  2026-06-20  ...            Devolucion ropa en linea  pendiente","logger":"task.stdout"}
{"timestamp":"2026-06-13T00:31:51.092039Z","level":"info","event":"","logger":"task.stdout"}
{"timestamp":"2026-06-13T00:31:51.092313Z","level":"info","event":"[5 rows x 8 columns]","logger":"task.stdout"}
{"timestamp":"2026-06-13T00:31:51.131243Z","level":"info","event":"Done. Returned value was: None","try_number":1,"dag_id":"devoluciones_dag","task_id":"leer_csv","run_id":"manual__2026-06-13T00:31:50.142701+00:00","map_index":-1,"ti_id":"019ebe64-6192-7601-ac64-b873443d4f02","logger":"airflow.task.operators.airflow.providers.standard.operators.python.PythonOperator","filename":"python.py","lineno":233}
{"timestamp":"2026-06-13T00:31:51.131476Z","level":"info","event":"::group::Post Execute","try_number":1,"dag_id":"devoluciones_dag","task_id":"leer_csv","run_id":"manual__2026-06-13T00:31:50.142701+00:00","map_index":-1,"ti_id":"019ebe64-6192-7601-ac64-b873443d4f02","logger":"task","filename":"task_runner.py","lineno":1288}
{"timestamp":"2026-06-13T00:31:51.156855Z","level":"info","event":"Task instance in success state","logger":"task.stdout"}
{"timestamp":"2026-06-13T00:31:51.157210Z","level":"info","event":" Previous state of the Task instance: TaskInstanceState.RUNNING","logger":"task.stdout"}
{"timestamp":"2026-06-13T00:31:51.157554Z","level":"info","event":"Task operator:<Task(PythonOperator): leer_csv>","logger":"task.stdout"}
{"timestamp":"2026-06-13T00:31:51.157214Z","level":"info","event":"::endgroup::","try_number":1,"dag_id":"devoluciones_dag","task_id":"leer_csv","run_id":"manual__2026-06-13T00:31:50.142701+00:00","map_index":-1,"ti_id":"019ebe64-6192-7601-ac64-b873443d4f02","logger":"task","filename":"task_runner.py","lineno":1896}
