{"timestamp":"2026-06-13T00:41:25.990098Z","level":"info","event":"::group::Pre Execute","logger":"task","filename":"task_runner.py","lineno":1926}
{"timestamp":"2026-06-13T00:41:26.317966Z","level":"info","event":"DAG bundles loaded: dags-folder, example_dags","dag_id":"devoluciones_dag","try_number":1,"ti_id":"019ebe6d-1e82-75cc-ac4b-63500956eb8c","run_id":"manual__2026-06-13T00:41:22.798075+00:00","map_index":-1,"task_id":"aplicar_reglas","logger":"airflow.dag_processing.bundles.manager.DagBundlesManager","filename":"manager.py","lineno":209}
{"timestamp":"2026-06-13T00:41:26.319298Z","level":"info","event":"Filling up the DagBag from /opt/airflow/dags/devoluciones_dag.py","dag_id":"devoluciones_dag","try_number":1,"ti_id":"019ebe6d-1e82-75cc-ac4b-63500956eb8c","run_id":"manual__2026-06-13T00:41:22.798075+00:00","map_index":-1,"task_id":"aplicar_reglas","logger":"airflow.dag_processing.dagbag.BundleDagBag","filename":"dagbag.py","lineno":469}
{"timestamp":"2026-06-13T00:41:26.346283Z","level":"warning","event":"The `airflow.operators.python.PythonOperator` attribute is deprecated. Please use `'airflow.providers.standard.operators.python.PythonOperator'`.","category":"UserWarning","filename":"/opt/airflow/dags/devoluciones_dag.py","lineno":2,"dag_id":"devoluciones_dag","try_number":1,"ti_id":"019ebe6d-1e82-75cc-ac4b-63500956eb8c","run_id":"manual__2026-06-13T00:41:22.798075+00:00","map_index":-1,"task_id":"aplicar_reglas","logger":"py.warnings"}
{"timestamp":"2026-06-13T00:41:26.363890Z","level":"info","event":"Task instance is in running state","logger":"task.stdout"}
{"timestamp":"2026-06-13T00:41:26.364209Z","level":"info","event":" Previous state of the Task instance: TaskInstanceState.QUEUED","logger":"task.stdout"}
{"timestamp":"2026-06-13T00:41:26.364623Z","level":"info","event":"Current task name:aplicar_reglas","logger":"task.stdout"}
{"timestamp":"2026-06-13T00:41:26.364911Z","level":"info","event":"Dag name:devoluciones_dag","logger":"task.stdout"}
{"timestamp":"2026-06-13T00:41:26.364201Z","level":"info","event":"::endgroup::","dag_id":"devoluciones_dag","try_number":1,"ti_id":"019ebe6d-1e82-75cc-ac4b-63500956eb8c","run_id":"manual__2026-06-13T00:41:22.798075+00:00","map_index":-1,"task_id":"aplicar_reglas","logger":"task","filename":"task_runner.py","lineno":1727}
{"timestamp":"2026-06-13T00:41:26.380959Z","level":"info","event":"RESULTADO DE LAS REGLAS","logger":"task.stdout"}
{"timestamp":"2026-06-13T00:41:26.387748Z","level":"info","event":"   transaction_id  ...                                     regla_aplicada","logger":"task.stdout"}
{"timestamp":"2026-06-13T00:41:26.388163Z","level":"info","event":"0          TXN001  ...  Marcado como posible fraude por multiples devo...","logger":"task.stdout"}
{"timestamp":"2026-06-13T00:41:26.388529Z","level":"info","event":"1          TXN002  ...  Marcado como posible fraude por multiples devo...","logger":"task.stdout"}
{"timestamp":"2026-06-13T00:41:26.388859Z","level":"info","event":"2          TXN003  ...  Marcado como posible fraude por multiples devo...","logger":"task.stdout"}
{"timestamp":"2026-06-13T00:41:26.389219Z","level":"info","event":"3          TXN004  ...  Marcado como posible fraude por multiples devo...","logger":"task.stdout"}
{"timestamp":"2026-06-13T00:41:26.389529Z","level":"info","event":"4          TXN005  ...                              Aprobación automatica","logger":"task.stdout"}
{"timestamp":"2026-06-13T00:41:26.389800Z","level":"info","event":"5          TXN006  ...  Marcado como posible fraude por multiples devo...","logger":"task.stdout"}
{"timestamp":"2026-06-13T00:41:26.390097Z","level":"info","event":"6          TXN007  ...  Marcado como posible fraude por multiples devo...","logger":"task.stdout"}
{"timestamp":"2026-06-13T00:41:26.390356Z","level":"info","event":"7          TXN008  ...  Marcado como posible fraude por multiples devo...","logger":"task.stdout"}
{"timestamp":"2026-06-13T00:41:26.390637Z","level":"info","event":"8          TXN009  ...  Marcado como posible fraude por multiples devo...","logger":"task.stdout"}
{"timestamp":"2026-06-13T00:41:26.390868Z","level":"info","event":"9          TXN010  ...                    Requiere aprobacion del gerente","logger":"task.stdout"}
{"timestamp":"2026-06-13T00:41:26.391086Z","level":"info","event":"10         TXN011  ...  Marcado como posible fraude por multiples devo...","logger":"task.stdout"}
{"timestamp":"2026-06-13T00:41:26.391247Z","level":"info","event":"11         TXN012  ...  Marcado como posible fraude por multiples devo...","logger":"task.stdout"}
{"timestamp":"2026-06-13T00:41:26.391409Z","level":"info","event":"12         TXN013  ...  Marcado como posible fraude por multiples devo...","logger":"task.stdout"}
{"timestamp":"2026-06-13T00:41:26.391564Z","level":"info","event":"13         TXN014  ...  Marcado como posible fraude por multiples devo...","logger":"task.stdout"}
{"timestamp":"2026-06-13T00:41:26.391712Z","level":"info","event":"14         TXN015  ...                                  Revisión especial","logger":"task.stdout"}
{"timestamp":"2026-06-13T00:41:26.391865Z","level":"info","event":"","logger":"task.stdout"}
{"timestamp":"2026-06-13T00:41:26.392050Z","level":"info","event":"[15 rows x 4 columns]","logger":"task.stdout"}
{"timestamp":"2026-06-13T00:41:26.391449Z","level":"info","event":"Done. Returned value was: None","dag_id":"devoluciones_dag","try_number":1,"ti_id":"019ebe6d-1e82-75cc-ac4b-63500956eb8c","run_id":"manual__2026-06-13T00:41:22.798075+00:00","map_index":-1,"task_id":"aplicar_reglas","logger":"airflow.task.operators.airflow.providers.standard.operators.python.PythonOperator","filename":"python.py","lineno":233}
{"timestamp":"2026-06-13T00:41:26.391565Z","level":"info","event":"::group::Post Execute","dag_id":"devoluciones_dag","try_number":1,"ti_id":"019ebe6d-1e82-75cc-ac4b-63500956eb8c","run_id":"manual__2026-06-13T00:41:22.798075+00:00","map_index":-1,"task_id":"aplicar_reglas","logger":"task","filename":"task_runner.py","lineno":1288}
{"timestamp":"2026-06-13T00:41:26.408547Z","level":"info","event":"Task instance in success state","logger":"task.stdout"}
{"timestamp":"2026-06-13T00:41:26.408955Z","level":"info","event":" Previous state of the Task instance: TaskInstanceState.RUNNING","logger":"task.stdout"}
{"timestamp":"2026-06-13T00:41:26.409237Z","level":"info","event":"Task operator:<Task(PythonOperator): aplicar_reglas>","logger":"task.stdout"}
{"timestamp":"2026-06-13T00:41:26.408805Z","level":"info","event":"::endgroup::","dag_id":"devoluciones_dag","try_number":1,"ti_id":"019ebe6d-1e82-75cc-ac4b-63500956eb8c","run_id":"manual__2026-06-13T00:41:22.798075+00:00","map_index":-1,"task_id":"aplicar_reglas","logger":"task","filename":"task_runner.py","lineno":1896}
