{"timestamp":"2026-06-16T18:09:19.093155Z","level":"info","event":"::group::Pre Execute","logger":"task","filename":"task_runner.py","lineno":1926}
{"timestamp":"2026-06-16T18:09:19.414039Z","level":"info","event":"DAG bundles loaded: dags-folder, example_dags","ti_id":"019ed19f-6890-7946-9b22-fb0b8f7ddd11","dag_id":"devoluciones_dag","task_id":"generar_reportes","try_number":1,"run_id":"manual__2026-06-16T18:09:05.653623+00:00","map_index":-1,"logger":"airflow.dag_processing.bundles.manager.DagBundlesManager","filename":"manager.py","lineno":209}
{"timestamp":"2026-06-16T18:09:19.415780Z","level":"info","event":"Filling up the DagBag from /opt/airflow/dags/devoluciones_dag.py","ti_id":"019ed19f-6890-7946-9b22-fb0b8f7ddd11","dag_id":"devoluciones_dag","task_id":"generar_reportes","try_number":1,"run_id":"manual__2026-06-16T18:09:05.653623+00:00","map_index":-1,"logger":"airflow.dag_processing.dagbag.BundleDagBag","filename":"dagbag.py","lineno":469}
{"timestamp":"2026-06-16T18:09:19.452316Z","level":"warning","event":"The `airflow.operators.python.PythonOperator` attribute is deprecated. Please use `'airflow.providers.standard.operators.python.PythonOperator'`.","category":"UserWarning","filename":"/opt/airflow/dags/devoluciones_dag.py","lineno":2,"ti_id":"019ed19f-6890-7946-9b22-fb0b8f7ddd11","dag_id":"devoluciones_dag","task_id":"generar_reportes","try_number":1,"run_id":"manual__2026-06-16T18:09:05.653623+00:00","map_index":-1,"logger":"py.warnings"}
{"timestamp":"2026-06-16T18:09:19.473139Z","level":"info","event":"Task instance is in running state","logger":"task.stdout"}
{"timestamp":"2026-06-16T18:09:19.473528Z","level":"info","event":" Previous state of the Task instance: TaskInstanceState.QUEUED","logger":"task.stdout"}
{"timestamp":"2026-06-16T18:09:19.473744Z","level":"info","event":"Current task name:generar_reportes","logger":"task.stdout"}
{"timestamp":"2026-06-16T18:09:19.473939Z","level":"info","event":"Dag name:devoluciones_dag","logger":"task.stdout"}
{"timestamp":"2026-06-16T18:09:19.473557Z","level":"info","event":"::endgroup::","ti_id":"019ed19f-6890-7946-9b22-fb0b8f7ddd11","dag_id":"devoluciones_dag","task_id":"generar_reportes","try_number":1,"run_id":"manual__2026-06-16T18:09:05.653623+00:00","map_index":-1,"logger":"task","filename":"task_runner.py","lineno":1727}
{"timestamp":"2026-06-16T18:09:19.893120Z","level":"info","event":"","logger":"task.stdout"}
{"timestamp":"2026-06-16T18:09:19.893425Z","level":"info","event":"REPORTE DIARIO","logger":"task.stdout"}
{"timestamp":"2026-06-16T18:09:19.903090Z","level":"info","event":"          fecha  total_devoluciones  ...  fraude  pendientes","logger":"task.stdout"}
{"timestamp":"2026-06-16T18:09:19.903421Z","level":"info","event":"0    01-01-2026                  31  ...       0           0","logger":"task.stdout"}
{"timestamp":"2026-06-16T18:09:19.903681Z","level":"info","event":"1    02-01-2026                  30  ...       0           0","logger":"task.stdout"}
{"timestamp":"2026-06-16T18:09:19.903921Z","level":"info","event":"2    03-01-2026                  25  ...       2           0","logger":"task.stdout"}
{"timestamp":"2026-06-16T18:09:19.904177Z","level":"info","event":"3    04-01-2026                  37  ...       1           0","logger":"task.stdout"}
{"timestamp":"2026-06-16T18:09:19.904513Z","level":"info","event":"4    05-01-2026                  33  ...       2           0","logger":"task.stdout"}
{"timestamp":"2026-06-16T18:09:19.904878Z","level":"info","event":"..          ...                 ...  ...     ...         ...","logger":"task.stdout"}
{"timestamp":"2026-06-16T18:09:19.905238Z","level":"info","event":"158  08-06-2026                  25  ...       1           0","logger":"task.stdout"}
{"timestamp":"2026-06-16T18:09:19.905555Z","level":"info","event":"159  09-06-2026                  36  ...       2           0","logger":"task.stdout"}
{"timestamp":"2026-06-16T18:09:19.905886Z","level":"info","event":"160  10-06-2026                  39  ...       0           0","logger":"task.stdout"}
{"timestamp":"2026-06-16T18:09:19.906230Z","level":"info","event":"161  11-06-2026                  25  ...       0           0","logger":"task.stdout"}
{"timestamp":"2026-06-16T18:09:19.906544Z","level":"info","event":"162  12-06-2026                  19  ...       0           0","logger":"task.stdout"}
{"timestamp":"2026-06-16T18:09:19.906827Z","level":"info","event":"","logger":"task.stdout"}
{"timestamp":"2026-06-16T18:09:19.907066Z","level":"info","event":"[163 rows x 9 columns]","logger":"task.stdout"}
{"timestamp":"2026-06-16T18:09:19.978061Z","level":"error","event":"Task failed with exception","ti_id":"019ed19f-6890-7946-9b22-fb0b8f7ddd11","dag_id":"devoluciones_dag","task_id":"generar_reportes","try_number":1,"run_id":"manual__2026-06-16T18:09:05.653623+00:00","map_index":-1,"logger":"task","filename":"task_runner.py","lineno":1381,"error_detail":[{"exc_type":"PermissionError","exc_value":"[Errno 13] Permission denied: '/opt/airflow/reports/reporte_semanal.csv'","exc_notes":[],"syntax_error":null,"is_cause":false,"frames":[{"filename":"/home/airflow/.local/lib/python3.13/site-packages/airflow/sdk/execution_time/task_runner.py","lineno":1287,"name":"run"},{"filename":"/home/airflow/.local/lib/python3.13/site-packages/airflow/sdk/execution_time/task_runner.py","lineno":1745,"name":"_execute_task"},{"filename":"/home/airflow/.local/lib/python3.13/site-packages/airflow/sdk/bases/operator.py","lineno":443,"name":"wrapper"},{"filename":"/home/airflow/.local/lib/python3.13/site-packages/airflow/providers/standard/operators/python.py","lineno":231,"name":"execute"},{"filename":"/home/airflow/.local/lib/python3.13/site-packages/airflow/providers/standard/operators/python.py","lineno":254,"name":"execute_callable"},{"filename":"/home/airflow/.local/lib/python3.13/site-packages/airflow/sdk/execution_time/callback_runner.py","lineno":97,"name":"run"},{"filename":"/opt/airflow/scripts/reportes.py","lineno":79,"name":"generar_reportes"},{"filename":"/home/airflow/.local/lib/python3.13/site-packages/pandas/util/_decorators.py","lineno":333,"name":"wrapper"},{"filename":"/home/airflow/.local/lib/python3.13/site-packages/pandas/core/generic.py","lineno":3989,"name":"to_csv"},{"filename":"/home/airflow/.local/lib/python3.13/site-packages/pandas/io/formats/format.py","lineno":1014,"name":"to_csv"},{"filename":"/home/airflow/.local/lib/python3.13/site-packages/pandas/io/formats/csvs.py","lineno":251,"name":"save"},{"filename":"/home/airflow/.local/lib/python3.13/site-packages/pandas/io/common.py","lineno":873,"name":"get_handle"}],"is_group":false,"exceptions":[]}]}
{"timestamp":"2026-06-16T18:09:19.978427Z","level":"info","event":"::group::Post Execute","ti_id":"019ed19f-6890-7946-9b22-fb0b8f7ddd11","dag_id":"devoluciones_dag","task_id":"generar_reportes","try_number":1,"run_id":"manual__2026-06-16T18:09:05.653623+00:00","map_index":-1,"logger":"task","filename":"task_runner.py","lineno":1382}
{"timestamp":"2026-06-16T18:09:19.979973Z","level":"info","event":"Task instance in failure state","logger":"task.stdout"}
{"timestamp":"2026-06-16T18:09:19.980385Z","level":"info","event":"Task start","logger":"task.stdout"}
{"timestamp":"2026-06-16T18:09:19.980612Z","level":"info","event":"Task:<Task(PythonOperator): generar_reportes>","logger":"task.stdout"}
{"timestamp":"2026-06-16T18:09:19.980852Z","level":"info","event":"Failure caused by [Errno 13] Permission denied: '/opt/airflow/reports/reporte_semanal.csv'","logger":"task.stdout"}
{"timestamp":"2026-06-16T18:09:19.980221Z","level":"info","event":"::endgroup::","ti_id":"019ed19f-6890-7946-9b22-fb0b8f7ddd11","dag_id":"devoluciones_dag","task_id":"generar_reportes","try_number":1,"run_id":"manual__2026-06-16T18:09:05.653623+00:00","map_index":-1,"logger":"task","filename":"task_runner.py","lineno":1896}
