{"timestamp":"2026-06-13T00:03:22.714056Z","level":"info","event":"::group::Pre Execute","logger":"task","filename":"task_runner.py","lineno":1926}
{"timestamp":"2026-06-13T00:03:23.212982Z","level":"info","event":"DAG bundles loaded: dags-folder, example_dags","task_id":"reporte_diario","try_number":1,"dag_id":"devoluciones_dag","run_id":"manual__2026-06-13T00:03:16.167271+00:00","map_index":-1,"ti_id":"019ebe4a-3a5a-74bc-8047-080c3c4118c1","logger":"airflow.dag_processing.bundles.manager.DagBundlesManager","filename":"manager.py","lineno":209}
{"timestamp":"2026-06-13T00:03:23.214647Z","level":"info","event":"Filling up the DagBag from /opt/airflow/dags/devoluciones_dag.py","task_id":"reporte_diario","try_number":1,"dag_id":"devoluciones_dag","run_id":"manual__2026-06-13T00:03:16.167271+00:00","map_index":-1,"ti_id":"019ebe4a-3a5a-74bc-8047-080c3c4118c1","logger":"airflow.dag_processing.dagbag.BundleDagBag","filename":"dagbag.py","lineno":469}
{"timestamp":"2026-06-13T00:03:23.250077Z","level":"warning","event":"The `airflow.operators.python.PythonOperator` attribute is deprecated. Please use `'airflow.providers.standard.operators.python.PythonOperator'`.","category":"UserWarning","filename":"/opt/airflow/dags/devoluciones_dag.py","lineno":2,"task_id":"reporte_diario","try_number":1,"dag_id":"devoluciones_dag","run_id":"manual__2026-06-13T00:03:16.167271+00:00","map_index":-1,"ti_id":"019ebe4a-3a5a-74bc-8047-080c3c4118c1","logger":"py.warnings"}
{"timestamp":"2026-06-13T00:03:23.268206Z","level":"info","event":"Task instance is in running state","logger":"task.stdout"}
{"timestamp":"2026-06-13T00:03:23.268665Z","level":"info","event":" Previous state of the Task instance: TaskInstanceState.QUEUED","logger":"task.stdout"}
{"timestamp":"2026-06-13T00:03:23.269136Z","level":"info","event":"Current task name:reporte_diario","logger":"task.stdout"}
{"timestamp":"2026-06-13T00:03:23.269462Z","level":"info","event":"Dag name:devoluciones_dag","logger":"task.stdout"}
{"timestamp":"2026-06-13T00:03:23.268502Z","level":"info","event":"::endgroup::","task_id":"reporte_diario","try_number":1,"dag_id":"devoluciones_dag","run_id":"manual__2026-06-13T00:03:16.167271+00:00","map_index":-1,"ti_id":"019ebe4a-3a5a-74bc-8047-080c3c4118c1","logger":"task","filename":"task_runner.py","lineno":1727}
{"timestamp":"2026-06-13T00:03:23.292537Z","level":"info","event":"","logger":"task.stdout"}
{"timestamp":"2026-06-13T00:03:23.292872Z","level":"info","event":"REPORTE DIARIO","logger":"task.stdout"}
{"timestamp":"2026-06-13T00:03:23.301803Z","level":"info","event":"        fecha  total_devoluciones  monto_total  aprobadas  pendientes  revision","logger":"task.stdout"}
{"timestamp":"2026-06-13T00:03:23.302298Z","level":"info","event":"0  2026-06-01                   2       2650.0          0           0         0","logger":"task.stdout"}
{"timestamp":"2026-06-13T00:03:23.302685Z","level":"info","event":"1  2026-06-02                   2       8075.5          0           0         0","logger":"task.stdout"}
{"timestamp":"2026-06-13T00:03:23.303126Z","level":"info","event":"2  2026-06-03                   2       1820.0          1           0         0","logger":"task.stdout"}
{"timestamp":"2026-06-13T00:03:23.303561Z","level":"info","event":"3  2026-06-04                   2       6550.0          0           0         0","logger":"task.stdout"}
{"timestamp":"2026-06-13T00:03:23.303951Z","level":"info","event":"4  2026-06-05                   2       4100.0          0           1         0","logger":"task.stdout"}
{"timestamp":"2026-06-13T00:03:23.304392Z","level":"info","event":"5  2026-06-06                   2      12200.0          0           0         0","logger":"task.stdout"}
{"timestamp":"2026-06-13T00:03:23.304755Z","level":"info","event":"6  2026-06-07                   2       1650.0          0           0         0","logger":"task.stdout"}
{"timestamp":"2026-06-13T00:03:23.305077Z","level":"info","event":"7  2026-06-08                   1       5500.0          0           0         1","logger":"task.stdout"}
{"timestamp":"2026-06-13T00:03:23.303523Z","level":"info","event":"Done. Returned value was: None","task_id":"reporte_diario","try_number":1,"dag_id":"devoluciones_dag","run_id":"manual__2026-06-13T00:03:16.167271+00:00","map_index":-1,"ti_id":"019ebe4a-3a5a-74bc-8047-080c3c4118c1","logger":"airflow.task.operators.airflow.providers.standard.operators.python.PythonOperator","filename":"python.py","lineno":233}
{"timestamp":"2026-06-13T00:03:23.303753Z","level":"info","event":"::group::Post Execute","task_id":"reporte_diario","try_number":1,"dag_id":"devoluciones_dag","run_id":"manual__2026-06-13T00:03:16.167271+00:00","map_index":-1,"ti_id":"019ebe4a-3a5a-74bc-8047-080c3c4118c1","logger":"task","filename":"task_runner.py","lineno":1288}
{"timestamp":"2026-06-13T00:03:23.322343Z","level":"info","event":"Task instance in success state","logger":"task.stdout"}
{"timestamp":"2026-06-13T00:03:23.322805Z","level":"info","event":" Previous state of the Task instance: TaskInstanceState.RUNNING","logger":"task.stdout"}
{"timestamp":"2026-06-13T00:03:23.323266Z","level":"info","event":"Task operator:<Task(PythonOperator): reporte_diario>","logger":"task.stdout"}
{"timestamp":"2026-06-13T00:03:23.322606Z","level":"info","event":"::endgroup::","task_id":"reporte_diario","try_number":1,"dag_id":"devoluciones_dag","run_id":"manual__2026-06-13T00:03:16.167271+00:00","map_index":-1,"ti_id":"019ebe4a-3a5a-74bc-8047-080c3c4118c1","logger":"task","filename":"task_runner.py","lineno":1896}
