{"timestamp":"2026-06-12T22:35:31.189941Z","level":"info","event":"::group::Pre Execute","logger":"task","filename":"task_runner.py","lineno":1926}
{"timestamp":"2026-06-12T22:35:34.461034Z","level":"info","event":"DAG bundles loaded: dags-folder, example_dags","run_id":"manual__2026-06-12T22:35:30.476040+00:00","task_id":"leer_csv","dag_id":"devoluciones_dag","try_number":1,"ti_id":"019ebdf9-e143-7094-9dad-4c7cf1490f2e","map_index":-1,"logger":"airflow.dag_processing.bundles.manager.DagBundlesManager","filename":"manager.py","lineno":209}
{"timestamp":"2026-06-12T22:35:34.462609Z","level":"info","event":"Filling up the DagBag from /opt/airflow/dags/devoluciones_dag.py","run_id":"manual__2026-06-12T22:35:30.476040+00:00","task_id":"leer_csv","dag_id":"devoluciones_dag","try_number":1,"ti_id":"019ebdf9-e143-7094-9dad-4c7cf1490f2e","map_index":-1,"logger":"airflow.dag_processing.dagbag.BundleDagBag","filename":"dagbag.py","lineno":469}
{"timestamp":"2026-06-12T22:35:34.491812Z","level":"warning","event":"The `airflow.operators.python.PythonOperator` attribute is deprecated. Please use `'airflow.providers.standard.operators.python.PythonOperator'`.","category":"UserWarning","filename":"/opt/airflow/dags/devoluciones_dag.py","lineno":2,"run_id":"manual__2026-06-12T22:35:30.476040+00:00","task_id":"leer_csv","dag_id":"devoluciones_dag","try_number":1,"ti_id":"019ebdf9-e143-7094-9dad-4c7cf1490f2e","map_index":-1,"logger":"py.warnings"}
{"timestamp":"2026-06-12T22:35:34.530787Z","level":"info","event":"Task instance is in running state","logger":"task.stdout"}
{"timestamp":"2026-06-12T22:35:34.531126Z","level":"info","event":" Previous state of the Task instance: TaskInstanceState.QUEUED","logger":"task.stdout"}
{"timestamp":"2026-06-12T22:35:34.531387Z","level":"info","event":"Current task name:leer_csv","logger":"task.stdout"}
{"timestamp":"2026-06-12T22:35:34.531621Z","level":"info","event":"Dag name:devoluciones_dag","logger":"task.stdout"}
{"timestamp":"2026-06-12T22:35:34.531154Z","level":"info","event":"::endgroup::","run_id":"manual__2026-06-12T22:35:30.476040+00:00","task_id":"leer_csv","dag_id":"devoluciones_dag","try_number":1,"ti_id":"019ebdf9-e143-7094-9dad-4c7cf1490f2e","map_index":-1,"logger":"task","filename":"task_runner.py","lineno":1727}
{"timestamp":"2026-06-12T22:35:34.537300Z","level":"info","event":"Archivo leído correctamente","logger":"task.stdout"}
{"timestamp":"2026-06-12T22:35:34.546794Z","level":"info","event":"  transaction_id       fecha  ...                     descripcion     estado","logger":"task.stdout"}
{"timestamp":"2026-06-12T22:35:34.547032Z","level":"info","event":"0         TXN001  2026-06-01  ...  Devolucion compra supermercado  pendiente","logger":"task.stdout"}
{"timestamp":"2026-06-12T22:35:34.547248Z","level":"info","event":"1         TXN002  2026-06-01  ...     Devolucion electrodomestico  pendiente","logger":"task.stdout"}
{"timestamp":"2026-06-12T22:35:34.547555Z","level":"info","event":"2         TXN003  2026-06-02  ...        Devolucion ropa en linea  pendiente","logger":"task.stdout"}
{"timestamp":"2026-06-12T22:35:34.547784Z","level":"info","event":"3         TXN004  2026-06-02  ...    Devolucion equipo de computo  pendiente","logger":"task.stdout"}
{"timestamp":"2026-06-12T22:35:34.547977Z","level":"info","event":"4         TXN005  2026-06-03  ...          Devolucion restaurante  pendiente","logger":"task.stdout"}
{"timestamp":"2026-06-12T22:35:34.548162Z","level":"info","event":"","logger":"task.stdout"}
{"timestamp":"2026-06-12T22:35:34.548326Z","level":"info","event":"[5 rows x 9 columns]","logger":"task.stdout"}
{"timestamp":"2026-06-12T22:35:34.549509Z","level":"info","event":"Done. Returned value was: None","run_id":"manual__2026-06-12T22:35:30.476040+00:00","task_id":"leer_csv","dag_id":"devoluciones_dag","try_number":1,"ti_id":"019ebdf9-e143-7094-9dad-4c7cf1490f2e","map_index":-1,"logger":"airflow.task.operators.airflow.providers.standard.operators.python.PythonOperator","filename":"python.py","lineno":233}
{"timestamp":"2026-06-12T22:35:34.549636Z","level":"info","event":"::group::Post Execute","run_id":"manual__2026-06-12T22:35:30.476040+00:00","task_id":"leer_csv","dag_id":"devoluciones_dag","try_number":1,"ti_id":"019ebdf9-e143-7094-9dad-4c7cf1490f2e","map_index":-1,"logger":"task","filename":"task_runner.py","lineno":1288}
{"timestamp":"2026-06-12T22:35:34.576629Z","level":"info","event":"Task instance in success state","logger":"task.stdout"}
{"timestamp":"2026-06-12T22:35:34.576892Z","level":"info","event":" Previous state of the Task instance: TaskInstanceState.RUNNING","logger":"task.stdout"}
{"timestamp":"2026-06-12T22:35:34.577115Z","level":"info","event":"Task operator:<Task(PythonOperator): leer_csv>","logger":"task.stdout"}
{"timestamp":"2026-06-12T22:35:34.577051Z","level":"info","event":"::endgroup::","run_id":"manual__2026-06-12T22:35:30.476040+00:00","task_id":"leer_csv","dag_id":"devoluciones_dag","try_number":1,"ti_id":"019ebdf9-e143-7094-9dad-4c7cf1490f2e","map_index":-1,"logger":"task","filename":"task_runner.py","lineno":1896}
