{"timestamp":"2026-06-13T00:15:25.834282Z","level":"info","event":"::group::Pre Execute","logger":"task","filename":"task_runner.py","lineno":1926}
{"timestamp":"2026-06-13T00:15:26.117004Z","level":"info","event":"DAG bundles loaded: dags-folder, example_dags","ti_id":"019ebe55-4eff-7b90-b818-31a4adb64c93","map_index":-1,"run_id":"manual__2026-06-13T00:15:22.311968+00:00","task_id":"aplicar_reglas","try_number":1,"dag_id":"devoluciones_dag","logger":"airflow.dag_processing.bundles.manager.DagBundlesManager","filename":"manager.py","lineno":209}
{"timestamp":"2026-06-13T00:15:26.118614Z","level":"info","event":"Filling up the DagBag from /opt/airflow/dags/devoluciones_dag.py","ti_id":"019ebe55-4eff-7b90-b818-31a4adb64c93","map_index":-1,"run_id":"manual__2026-06-13T00:15:22.311968+00:00","task_id":"aplicar_reglas","try_number":1,"dag_id":"devoluciones_dag","logger":"airflow.dag_processing.dagbag.BundleDagBag","filename":"dagbag.py","lineno":469}
{"timestamp":"2026-06-13T00:15:26.155216Z","level":"warning","event":"The `airflow.operators.python.PythonOperator` attribute is deprecated. Please use `'airflow.providers.standard.operators.python.PythonOperator'`.","category":"UserWarning","filename":"/opt/airflow/dags/devoluciones_dag.py","lineno":2,"ti_id":"019ebe55-4eff-7b90-b818-31a4adb64c93","map_index":-1,"run_id":"manual__2026-06-13T00:15:22.311968+00:00","task_id":"aplicar_reglas","try_number":1,"dag_id":"devoluciones_dag","logger":"py.warnings"}
{"timestamp":"2026-06-13T00:15:26.176775Z","level":"info","event":"Task instance is in running state","logger":"task.stdout"}
{"timestamp":"2026-06-13T00:15:26.177262Z","level":"info","event":" Previous state of the Task instance: TaskInstanceState.QUEUED","logger":"task.stdout"}
{"timestamp":"2026-06-13T00:15:26.177684Z","level":"info","event":"Current task name:aplicar_reglas","logger":"task.stdout"}
{"timestamp":"2026-06-13T00:15:26.178082Z","level":"info","event":"Dag name:devoluciones_dag","logger":"task.stdout"}
{"timestamp":"2026-06-13T00:15:26.177082Z","level":"info","event":"::endgroup::","ti_id":"019ebe55-4eff-7b90-b818-31a4adb64c93","map_index":-1,"run_id":"manual__2026-06-13T00:15:22.311968+00:00","task_id":"aplicar_reglas","try_number":1,"dag_id":"devoluciones_dag","logger":"task","filename":"task_runner.py","lineno":1727}
{"timestamp":"2026-06-13T00:15:26.196053Z","level":"info","event":"RESULTADO DE LAS REGLAS","logger":"task.stdout"}
{"timestamp":"2026-06-13T00:15:26.202676Z","level":"info","event":"   transaction_id  ...                                     regla_aplicada","logger":"task.stdout"}
{"timestamp":"2026-06-13T00:15:26.203114Z","level":"info","event":"0          TXN001  ...  Marcado como posible fraude por multiples devo...","logger":"task.stdout"}
{"timestamp":"2026-06-13T00:15:26.203537Z","level":"info","event":"1          TXN002  ...  Marcado como posible fraude por multiples devo...","logger":"task.stdout"}
{"timestamp":"2026-06-13T00:15:26.203906Z","level":"info","event":"2          TXN003  ...  Marcado como posible fraude por multiples devo...","logger":"task.stdout"}
{"timestamp":"2026-06-13T00:15:26.204392Z","level":"info","event":"3          TXN004  ...  Marcado como posible fraude por multiples devo...","logger":"task.stdout"}
{"timestamp":"2026-06-13T00:15:26.204782Z","level":"info","event":"4          TXN005  ...                              Aprobación automatica","logger":"task.stdout"}
{"timestamp":"2026-06-13T00:15:26.205179Z","level":"info","event":"5          TXN006  ...  Marcado como posible fraude por multiples devo...","logger":"task.stdout"}
{"timestamp":"2026-06-13T00:15:26.205573Z","level":"info","event":"6          TXN007  ...  Marcado como posible fraude por multiples devo...","logger":"task.stdout"}
{"timestamp":"2026-06-13T00:15:26.205919Z","level":"info","event":"7          TXN008  ...  Marcado como posible fraude por multiples devo...","logger":"task.stdout"}
{"timestamp":"2026-06-13T00:15:26.206267Z","level":"info","event":"8          TXN009  ...  Marcado como posible fraude por multiples devo...","logger":"task.stdout"}
{"timestamp":"2026-06-13T00:15:26.206620Z","level":"info","event":"9          TXN010  ...                    Requiere aprobacion del gerente","logger":"task.stdout"}
{"timestamp":"2026-06-13T00:15:26.206940Z","level":"info","event":"10         TXN011  ...  Marcado como posible fraude por multiples devo...","logger":"task.stdout"}
{"timestamp":"2026-06-13T00:15:26.207244Z","level":"info","event":"11         TXN012  ...  Marcado como posible fraude por multiples devo...","logger":"task.stdout"}
{"timestamp":"2026-06-13T00:15:26.207558Z","level":"info","event":"12         TXN013  ...  Marcado como posible fraude por multiples devo...","logger":"task.stdout"}
{"timestamp":"2026-06-13T00:15:26.207852Z","level":"info","event":"13         TXN014  ...  Marcado como posible fraude por multiples devo...","logger":"task.stdout"}
{"timestamp":"2026-06-13T00:15:26.208176Z","level":"info","event":"14         TXN015  ...                                  Revisión especial","logger":"task.stdout"}
{"timestamp":"2026-06-13T00:15:26.208460Z","level":"info","event":"","logger":"task.stdout"}
{"timestamp":"2026-06-13T00:15:26.208754Z","level":"info","event":"[15 rows x 4 columns]","logger":"task.stdout"}
{"timestamp":"2026-06-13T00:15:26.207116Z","level":"info","event":"Done. Returned value was: None","ti_id":"019ebe55-4eff-7b90-b818-31a4adb64c93","map_index":-1,"run_id":"manual__2026-06-13T00:15:22.311968+00:00","task_id":"aplicar_reglas","try_number":1,"dag_id":"devoluciones_dag","logger":"airflow.task.operators.airflow.providers.standard.operators.python.PythonOperator","filename":"python.py","lineno":233}
{"timestamp":"2026-06-13T00:15:26.207229Z","level":"info","event":"::group::Post Execute","ti_id":"019ebe55-4eff-7b90-b818-31a4adb64c93","map_index":-1,"run_id":"manual__2026-06-13T00:15:22.311968+00:00","task_id":"aplicar_reglas","try_number":1,"dag_id":"devoluciones_dag","logger":"task","filename":"task_runner.py","lineno":1288}
{"timestamp":"2026-06-13T00:15:26.226143Z","level":"info","event":"Task instance in success state","logger":"task.stdout"}
{"timestamp":"2026-06-13T00:15:26.226579Z","level":"info","event":" Previous state of the Task instance: TaskInstanceState.RUNNING","logger":"task.stdout"}
{"timestamp":"2026-06-13T00:15:26.227014Z","level":"info","event":"Task operator:<Task(PythonOperator): aplicar_reglas>","logger":"task.stdout"}
{"timestamp":"2026-06-13T00:15:26.226400Z","level":"info","event":"::endgroup::","ti_id":"019ebe55-4eff-7b90-b818-31a4adb64c93","map_index":-1,"run_id":"manual__2026-06-13T00:15:22.311968+00:00","task_id":"aplicar_reglas","try_number":1,"dag_id":"devoluciones_dag","logger":"task","filename":"task_runner.py","lineno":1896}
