{"timestamp":"2026-06-13T01:21:03.062775Z","level":"info","event":"::group::Pre Execute","logger":"task","filename":"task_runner.py","lineno":1926}
{"timestamp":"2026-06-13T01:21:03.443700Z","level":"info","event":"DAG bundles loaded: dags-folder, example_dags","dag_id":"devoluciones_dag","try_number":1,"ti_id":"019ebe91-4a48-7e8a-b000-aa8cdd262205","run_id":"manual__2026-06-13T01:20:53.296538+00:00","map_index":-1,"task_id":"reporte_semanal","logger":"airflow.dag_processing.bundles.manager.DagBundlesManager","filename":"manager.py","lineno":209}
{"timestamp":"2026-06-13T01:21:03.445216Z","level":"info","event":"Filling up the DagBag from /opt/airflow/dags/devoluciones_dag.py","dag_id":"devoluciones_dag","try_number":1,"ti_id":"019ebe91-4a48-7e8a-b000-aa8cdd262205","run_id":"manual__2026-06-13T01:20:53.296538+00:00","map_index":-1,"task_id":"reporte_semanal","logger":"airflow.dag_processing.dagbag.BundleDagBag","filename":"dagbag.py","lineno":469}
{"timestamp":"2026-06-13T01:21:03.486518Z","level":"warning","event":"The `airflow.operators.python.PythonOperator` attribute is deprecated. Please use `'airflow.providers.standard.operators.python.PythonOperator'`.","category":"UserWarning","filename":"/opt/airflow/dags/devoluciones_dag.py","lineno":2,"dag_id":"devoluciones_dag","try_number":1,"ti_id":"019ebe91-4a48-7e8a-b000-aa8cdd262205","run_id":"manual__2026-06-13T01:20:53.296538+00:00","map_index":-1,"task_id":"reporte_semanal","logger":"py.warnings"}
{"timestamp":"2026-06-13T01:21:03.508815Z","level":"info","event":"Task instance is in running state","logger":"task.stdout"}
{"timestamp":"2026-06-13T01:21:03.509214Z","level":"info","event":" Previous state of the Task instance: TaskInstanceState.QUEUED","logger":"task.stdout"}
{"timestamp":"2026-06-13T01:21:03.509627Z","level":"info","event":"Current task name:reporte_semanal","logger":"task.stdout"}
{"timestamp":"2026-06-13T01:21:03.509975Z","level":"info","event":"Dag name:devoluciones_dag","logger":"task.stdout"}
{"timestamp":"2026-06-13T01:21:03.509177Z","level":"info","event":"::endgroup::","dag_id":"devoluciones_dag","try_number":1,"ti_id":"019ebe91-4a48-7e8a-b000-aa8cdd262205","run_id":"manual__2026-06-13T01:20:53.296538+00:00","map_index":-1,"task_id":"reporte_semanal","logger":"task","filename":"task_runner.py","lineno":1727}
{"timestamp":"2026-06-13T01:21:03.602411Z","level":"info","event":"","logger":"task.stdout"}
{"timestamp":"2026-06-13T01:21:03.602768Z","level":"info","event":"REPORTE SEMANAL","logger":"task.stdout"}
{"timestamp":"2026-06-13T01:21:03.613208Z","level":"info","event":"   fecha_inicio  fecha_fin  ...  fraude  validaciones_fallidas","logger":"task.stdout"}
{"timestamp":"2026-06-13T01:21:03.613671Z","level":"info","event":"0    2025-12-29 2026-01-04  ...       3                      1","logger":"task.stdout"}
{"timestamp":"2026-06-13T01:21:03.614089Z","level":"info","event":"1    2026-01-05 2026-01-11  ...      17                      1","logger":"task.stdout"}
{"timestamp":"2026-06-13T01:21:03.614468Z","level":"info","event":"2    2026-01-12 2026-01-18  ...      32                      3","logger":"task.stdout"}
{"timestamp":"2026-06-13T01:21:03.614864Z","level":"info","event":"3    2026-01-19 2026-01-25  ...      36                      2","logger":"task.stdout"}
{"timestamp":"2026-06-13T01:21:03.615264Z","level":"info","event":"4    2026-01-26 2026-02-01  ...      44                      1","logger":"task.stdout"}
{"timestamp":"2026-06-13T01:21:03.615561Z","level":"info","event":"5    2026-02-02 2026-02-08  ...      29                      0","logger":"task.stdout"}
{"timestamp":"2026-06-13T01:21:03.615880Z","level":"info","event":"6    2026-02-09 2026-02-15  ...      36                      3","logger":"task.stdout"}
{"timestamp":"2026-06-13T01:21:03.616137Z","level":"info","event":"7    2026-02-16 2026-02-22  ...      32                      2","logger":"task.stdout"}
{"timestamp":"2026-06-13T01:21:03.616333Z","level":"info","event":"8    2026-02-23 2026-03-01  ...      35                      2","logger":"task.stdout"}
{"timestamp":"2026-06-13T01:21:03.616541Z","level":"info","event":"9    2026-03-02 2026-03-08  ...      12                      0","logger":"task.stdout"}
{"timestamp":"2026-06-13T01:21:03.616842Z","level":"info","event":"10   2026-03-09 2026-03-15  ...      32                      2","logger":"task.stdout"}
{"timestamp":"2026-06-13T01:21:03.617054Z","level":"info","event":"11   2026-03-16 2026-03-22  ...      37                      0","logger":"task.stdout"}
{"timestamp":"2026-06-13T01:21:03.617256Z","level":"info","event":"12   2026-03-23 2026-03-29  ...      27                      2","logger":"task.stdout"}
{"timestamp":"2026-06-13T01:21:03.617461Z","level":"info","event":"13   2026-03-30 2026-04-05  ...      19                      2","logger":"task.stdout"}
{"timestamp":"2026-06-13T01:21:03.617665Z","level":"info","event":"14   2026-04-06 2026-04-12  ...      14                      1","logger":"task.stdout"}
{"timestamp":"2026-06-13T01:21:03.617917Z","level":"info","event":"15   2026-04-13 2026-04-19  ...       8                      1","logger":"task.stdout"}
{"timestamp":"2026-06-13T01:21:03.618169Z","level":"info","event":"16   2026-04-20 2026-04-26  ...      10                      4","logger":"task.stdout"}
{"timestamp":"2026-06-13T01:21:03.618539Z","level":"info","event":"17   2026-04-27 2026-05-03  ...       6                      1","logger":"task.stdout"}
{"timestamp":"2026-06-13T01:21:03.618932Z","level":"info","event":"18   2026-05-04 2026-05-10  ...       9                      0","logger":"task.stdout"}
{"timestamp":"2026-06-13T01:21:03.619271Z","level":"info","event":"19   2026-05-11 2026-05-17  ...      52                      3","logger":"task.stdout"}
{"timestamp":"2026-06-13T01:21:03.619510Z","level":"info","event":"20   2026-05-18 2026-05-24  ...      44                      1","logger":"task.stdout"}
{"timestamp":"2026-06-13T01:21:03.619754Z","level":"info","event":"21   2026-05-25 2026-05-31  ...      33                      0","logger":"task.stdout"}
{"timestamp":"2026-06-13T01:21:03.620018Z","level":"info","event":"22   2026-06-01 2026-06-07  ...      44                      0","logger":"task.stdout"}
{"timestamp":"2026-06-13T01:21:03.620274Z","level":"info","event":"23   2026-06-08 2026-06-14  ...       3                      1","logger":"task.stdout"}
{"timestamp":"2026-06-13T01:21:03.620472Z","level":"info","event":"","logger":"task.stdout"}
{"timestamp":"2026-06-13T01:21:03.620655Z","level":"info","event":"[24 rows x 9 columns]","logger":"task.stdout"}
{"timestamp":"2026-06-13T01:21:03.616027Z","level":"info","event":"Done. Returned value was: None","dag_id":"devoluciones_dag","try_number":1,"ti_id":"019ebe91-4a48-7e8a-b000-aa8cdd262205","run_id":"manual__2026-06-13T01:20:53.296538+00:00","map_index":-1,"task_id":"reporte_semanal","logger":"airflow.task.operators.airflow.providers.standard.operators.python.PythonOperator","filename":"python.py","lineno":233}
{"timestamp":"2026-06-13T01:21:03.616187Z","level":"info","event":"::group::Post Execute","dag_id":"devoluciones_dag","try_number":1,"ti_id":"019ebe91-4a48-7e8a-b000-aa8cdd262205","run_id":"manual__2026-06-13T01:20:53.296538+00:00","map_index":-1,"task_id":"reporte_semanal","logger":"task","filename":"task_runner.py","lineno":1288}
{"timestamp":"2026-06-13T01:21:03.641287Z","level":"info","event":"Task instance in success state","logger":"task.stdout"}
{"timestamp":"2026-06-13T01:21:03.641699Z","level":"info","event":" Previous state of the Task instance: TaskInstanceState.RUNNING","logger":"task.stdout"}
{"timestamp":"2026-06-13T01:21:03.642175Z","level":"info","event":"Task operator:<Task(PythonOperator): reporte_semanal>","logger":"task.stdout"}
{"timestamp":"2026-06-13T01:21:03.641729Z","level":"info","event":"::endgroup::","dag_id":"devoluciones_dag","try_number":1,"ti_id":"019ebe91-4a48-7e8a-b000-aa8cdd262205","run_id":"manual__2026-06-13T01:20:53.296538+00:00","map_index":-1,"task_id":"reporte_semanal","logger":"task","filename":"task_runner.py","lineno":1896}
