{"timestamp":"2026-06-13T01:20:53.995826Z","level":"info","event":"::group::Pre Execute","logger":"task","filename":"task_runner.py","lineno":1926}
{"timestamp":"2026-06-13T01:20:54.442292Z","level":"info","event":"DAG bundles loaded: dags-folder, example_dags","task_id":"leer_csv","run_id":"manual__2026-06-13T01:20:53.296538+00:00","map_index":-1,"dag_id":"devoluciones_dag","try_number":1,"ti_id":"019ebe91-4a43-7130-962a-e958105aa784","logger":"airflow.dag_processing.bundles.manager.DagBundlesManager","filename":"manager.py","lineno":209}
{"timestamp":"2026-06-13T01:20:54.444112Z","level":"info","event":"Filling up the DagBag from /opt/airflow/dags/devoluciones_dag.py","task_id":"leer_csv","run_id":"manual__2026-06-13T01:20:53.296538+00:00","map_index":-1,"dag_id":"devoluciones_dag","try_number":1,"ti_id":"019ebe91-4a43-7130-962a-e958105aa784","logger":"airflow.dag_processing.dagbag.BundleDagBag","filename":"dagbag.py","lineno":469}
{"timestamp":"2026-06-13T01:20:54.477562Z","level":"warning","event":"The `airflow.operators.python.PythonOperator` attribute is deprecated. Please use `'airflow.providers.standard.operators.python.PythonOperator'`.","category":"UserWarning","filename":"/opt/airflow/dags/devoluciones_dag.py","lineno":2,"task_id":"leer_csv","run_id":"manual__2026-06-13T01:20:53.296538+00:00","map_index":-1,"dag_id":"devoluciones_dag","try_number":1,"ti_id":"019ebe91-4a43-7130-962a-e958105aa784","logger":"py.warnings"}
{"timestamp":"2026-06-13T01:20:54.504422Z","level":"info","event":"Task instance is in running state","logger":"task.stdout"}
{"timestamp":"2026-06-13T01:20:54.505104Z","level":"info","event":" Previous state of the Task instance: TaskInstanceState.QUEUED","logger":"task.stdout"}
{"timestamp":"2026-06-13T01:20:54.505539Z","level":"info","event":"Current task name:leer_csv","logger":"task.stdout"}
{"timestamp":"2026-06-13T01:20:54.505820Z","level":"info","event":"Dag name:devoluciones_dag","logger":"task.stdout"}
{"timestamp":"2026-06-13T01:20:54.505210Z","level":"info","event":"::endgroup::","task_id":"leer_csv","run_id":"manual__2026-06-13T01:20:53.296538+00:00","map_index":-1,"dag_id":"devoluciones_dag","try_number":1,"ti_id":"019ebe91-4a43-7130-962a-e958105aa784","logger":"task","filename":"task_runner.py","lineno":1727}
{"timestamp":"2026-06-13T01:20:54.524649Z","level":"info","event":"Archivo leído correctamente","logger":"task.stdout"}
{"timestamp":"2026-06-13T01:20:54.535370Z","level":"info","event":"  transaction_id       fecha  ...               descripcion     estado","logger":"task.stdout"}
{"timestamp":"2026-06-13T01:20:54.535799Z","level":"info","event":"0      TXN000001  2026-03-18  ...        Devolucion muebles  pendiente","logger":"task.stdout"}
{"timestamp":"2026-06-13T01:20:54.536133Z","level":"info","event":"1      TXN000002  2026-03-18  ...          Devolucion hotel  pendiente","logger":"task.stdout"}
{"timestamp":"2026-06-13T01:20:54.536433Z","level":"info","event":"2      TXN000003  2026-03-22  ...           Devolucion ropa  pendiente","logger":"task.stdout"}
{"timestamp":"2026-06-13T01:20:54.536678Z","level":"info","event":"3      TXN000004  2026-03-19  ...       Devolucion gasolina  pendiente","logger":"task.stdout"}
{"timestamp":"2026-06-13T01:20:54.536941Z","level":"info","event":"4      TXN000005  2026-03-22  ...  Devolucion equipo medico  pendiente","logger":"task.stdout"}
{"timestamp":"2026-06-13T01:20:54.537253Z","level":"info","event":"","logger":"task.stdout"}
{"timestamp":"2026-06-13T01:20:54.537526Z","level":"info","event":"[5 rows x 8 columns]","logger":"task.stdout"}
{"timestamp":"2026-06-13T01:20:54.572999Z","level":"info","event":"Done. Returned value was: None","task_id":"leer_csv","run_id":"manual__2026-06-13T01:20:53.296538+00:00","map_index":-1,"dag_id":"devoluciones_dag","try_number":1,"ti_id":"019ebe91-4a43-7130-962a-e958105aa784","logger":"airflow.task.operators.airflow.providers.standard.operators.python.PythonOperator","filename":"python.py","lineno":233}
{"timestamp":"2026-06-13T01:20:54.573327Z","level":"info","event":"::group::Post Execute","task_id":"leer_csv","run_id":"manual__2026-06-13T01:20:53.296538+00:00","map_index":-1,"dag_id":"devoluciones_dag","try_number":1,"ti_id":"019ebe91-4a43-7130-962a-e958105aa784","logger":"task","filename":"task_runner.py","lineno":1288}
{"timestamp":"2026-06-13T01:20:54.602508Z","level":"info","event":"Task instance in success state","logger":"task.stdout"}
{"timestamp":"2026-06-13T01:20:54.603133Z","level":"info","event":" Previous state of the Task instance: TaskInstanceState.RUNNING","logger":"task.stdout"}
{"timestamp":"2026-06-13T01:20:54.603637Z","level":"info","event":"Task operator:<Task(PythonOperator): leer_csv>","logger":"task.stdout"}
{"timestamp":"2026-06-13T01:20:54.602882Z","level":"info","event":"::endgroup::","task_id":"leer_csv","run_id":"manual__2026-06-13T01:20:53.296538+00:00","map_index":-1,"dag_id":"devoluciones_dag","try_number":1,"ti_id":"019ebe91-4a43-7130-962a-e958105aa784","logger":"task","filename":"task_runner.py","lineno":1896}
