{"timestamp":"2026-06-13T17:57:00.896382Z","level":"info","event":"::group::Pre Execute","logger":"task","filename":"task_runner.py","lineno":1926}
{"timestamp":"2026-06-13T17:57:01.222008Z","level":"info","event":"DAG bundles loaded: dags-folder, example_dags","dag_id":"devoluciones_dag","try_number":1,"ti_id":"019ec221-2ba4-7d4f-8105-afdb222b2a76","run_id":"manual__2026-06-13T17:56:54.290810+00:00","map_index":-1,"task_id":"aplicar_reglas","logger":"airflow.dag_processing.bundles.manager.DagBundlesManager","filename":"manager.py","lineno":209}
{"timestamp":"2026-06-13T17:57:01.223713Z","level":"info","event":"Filling up the DagBag from /opt/airflow/dags/devoluciones_dag.py","dag_id":"devoluciones_dag","try_number":1,"ti_id":"019ec221-2ba4-7d4f-8105-afdb222b2a76","run_id":"manual__2026-06-13T17:56:54.290810+00:00","map_index":-1,"task_id":"aplicar_reglas","logger":"airflow.dag_processing.dagbag.BundleDagBag","filename":"dagbag.py","lineno":469}
{"timestamp":"2026-06-13T17:57:01.257327Z","level":"warning","event":"The `airflow.operators.python.PythonOperator` attribute is deprecated. Please use `'airflow.providers.standard.operators.python.PythonOperator'`.","category":"UserWarning","filename":"/opt/airflow/dags/devoluciones_dag.py","lineno":2,"dag_id":"devoluciones_dag","try_number":1,"ti_id":"019ec221-2ba4-7d4f-8105-afdb222b2a76","run_id":"manual__2026-06-13T17:56:54.290810+00:00","map_index":-1,"task_id":"aplicar_reglas","logger":"py.warnings"}
{"timestamp":"2026-06-13T17:57:01.279573Z","level":"info","event":"Task instance is in running state","logger":"task.stdout"}
{"timestamp":"2026-06-13T17:57:01.280065Z","level":"info","event":" Previous state of the Task instance: TaskInstanceState.QUEUED","logger":"task.stdout"}
{"timestamp":"2026-06-13T17:57:01.280446Z","level":"info","event":"Current task name:aplicar_reglas","logger":"task.stdout"}
{"timestamp":"2026-06-13T17:57:01.280856Z","level":"info","event":"Dag name:devoluciones_dag","logger":"task.stdout"}
{"timestamp":"2026-06-13T17:57:01.279988Z","level":"info","event":"::endgroup::","dag_id":"devoluciones_dag","try_number":1,"ti_id":"019ec221-2ba4-7d4f-8105-afdb222b2a76","run_id":"manual__2026-06-13T17:56:54.290810+00:00","map_index":-1,"task_id":"aplicar_reglas","logger":"task","filename":"task_runner.py","lineno":1727}
{"timestamp":"2026-06-13T17:57:01.332058Z","level":"warning","event":"Passing literal json to 'read_json' is deprecated and will be removed in a future version. To read from a literal string, wrap it in a 'StringIO' object.","category":"FutureWarning","filename":"/opt/airflow/dags/../scripts/reglas.py","lineno":8,"dag_id":"devoluciones_dag","try_number":1,"ti_id":"019ec221-2ba4-7d4f-8105-afdb222b2a76","run_id":"manual__2026-06-13T17:56:54.290810+00:00","map_index":-1,"task_id":"aplicar_reglas","logger":"py.warnings"}
{"timestamp":"2026-06-13T17:57:01.752040Z","level":"info","event":"RESULTADO DE LAS REGLAS","logger":"task.stdout"}
{"timestamp":"2026-06-13T17:57:01.761594Z","level":"info","event":"     transaction_id  ...                                     regla_aplicada","logger":"task.stdout"}
{"timestamp":"2026-06-13T17:57:01.762056Z","level":"info","event":"0         TXN000001  ...  Marcado como posible fraude por multiples devo...","logger":"task.stdout"}
{"timestamp":"2026-06-13T17:57:01.762401Z","level":"info","event":"1         TXN000002  ...  Marcado como posible fraude por multiples devo...","logger":"task.stdout"}
{"timestamp":"2026-06-13T17:57:01.762871Z","level":"info","event":"2         TXN000003  ...  Marcado como posible fraude por multiples devo...","logger":"task.stdout"}
{"timestamp":"2026-06-13T17:57:01.763247Z","level":"info","event":"3         TXN000004  ...  Marcado como posible fraude por multiples devo...","logger":"task.stdout"}
{"timestamp":"2026-06-13T17:57:01.763584Z","level":"info","event":"4         TXN000005  ...  Marcado como posible fraude por multiples devo...","logger":"task.stdout"}
{"timestamp":"2026-06-13T17:57:01.763936Z","level":"info","event":"...             ...  ...                                                ...","logger":"task.stdout"}
{"timestamp":"2026-06-13T17:57:01.764207Z","level":"info","event":"4995      TXN004996  ...                              Aprobación automatica","logger":"task.stdout"}
{"timestamp":"2026-06-13T17:57:01.764480Z","level":"info","event":"4996      TXN004997  ...                                  Revisión especial","logger":"task.stdout"}
{"timestamp":"2026-06-13T17:57:01.764767Z","level":"info","event":"4997      TXN004998  ...                                  Revisión especial","logger":"task.stdout"}
{"timestamp":"2026-06-13T17:57:01.765097Z","level":"info","event":"4998      TXN004999  ...                              Aprobación automatica","logger":"task.stdout"}
{"timestamp":"2026-06-13T17:57:01.765409Z","level":"info","event":"4999      TXN005000  ...                              Aprobación automatica","logger":"task.stdout"}
{"timestamp":"2026-06-13T17:57:01.765794Z","level":"info","event":"","logger":"task.stdout"}
{"timestamp":"2026-06-13T17:57:01.766095Z","level":"info","event":"[5000 rows x 4 columns]","logger":"task.stdout"}
{"timestamp":"2026-06-13T17:57:01.821540Z","level":"info","event":"Done. Returned value was: None","dag_id":"devoluciones_dag","try_number":1,"ti_id":"019ec221-2ba4-7d4f-8105-afdb222b2a76","run_id":"manual__2026-06-13T17:56:54.290810+00:00","map_index":-1,"task_id":"aplicar_reglas","logger":"airflow.task.operators.airflow.providers.standard.operators.python.PythonOperator","filename":"python.py","lineno":233}
{"timestamp":"2026-06-13T17:57:01.821766Z","level":"info","event":"::group::Post Execute","dag_id":"devoluciones_dag","try_number":1,"ti_id":"019ec221-2ba4-7d4f-8105-afdb222b2a76","run_id":"manual__2026-06-13T17:56:54.290810+00:00","map_index":-1,"task_id":"aplicar_reglas","logger":"task","filename":"task_runner.py","lineno":1288}
{"timestamp":"2026-06-13T17:57:01.846397Z","level":"info","event":"Task instance in success state","logger":"task.stdout"}
{"timestamp":"2026-06-13T17:57:01.846823Z","level":"info","event":" Previous state of the Task instance: TaskInstanceState.RUNNING","logger":"task.stdout"}
{"timestamp":"2026-06-13T17:57:01.847209Z","level":"info","event":"Task operator:<Task(PythonOperator): aplicar_reglas>","logger":"task.stdout"}
{"timestamp":"2026-06-13T17:57:01.846688Z","level":"info","event":"::endgroup::","dag_id":"devoluciones_dag","try_number":1,"ti_id":"019ec221-2ba4-7d4f-8105-afdb222b2a76","run_id":"manual__2026-06-13T17:56:54.290810+00:00","map_index":-1,"task_id":"aplicar_reglas","logger":"task","filename":"task_runner.py","lineno":1896}
