{"timestamp":"2026-06-12T23:32:42.157516Z","level":"info","event":"::group::Pre Execute","logger":"task","filename":"task_runner.py","lineno":1926}
{"timestamp":"2026-06-12T23:32:42.499925Z","level":"info","event":"DAG bundles loaded: dags-folder, example_dags","dag_id":"devoluciones_dag","try_number":1,"ti_id":"019ebe2e-25b4-7fbe-9162-d7bd09ab7299","run_id":"manual__2026-06-12T23:32:35.872277+00:00","map_index":-1,"task_id":"reporte_semanal","logger":"airflow.dag_processing.bundles.manager.DagBundlesManager","filename":"manager.py","lineno":209}
{"timestamp":"2026-06-12T23:32:42.501288Z","level":"info","event":"Filling up the DagBag from /opt/airflow/dags/devoluciones_dag.py","dag_id":"devoluciones_dag","try_number":1,"ti_id":"019ebe2e-25b4-7fbe-9162-d7bd09ab7299","run_id":"manual__2026-06-12T23:32:35.872277+00:00","map_index":-1,"task_id":"reporte_semanal","logger":"airflow.dag_processing.dagbag.BundleDagBag","filename":"dagbag.py","lineno":469}
{"timestamp":"2026-06-12T23:32:42.529709Z","level":"warning","event":"The `airflow.operators.python.PythonOperator` attribute is deprecated. Please use `'airflow.providers.standard.operators.python.PythonOperator'`.","category":"UserWarning","filename":"/opt/airflow/dags/devoluciones_dag.py","lineno":2,"dag_id":"devoluciones_dag","try_number":1,"ti_id":"019ebe2e-25b4-7fbe-9162-d7bd09ab7299","run_id":"manual__2026-06-12T23:32:35.872277+00:00","map_index":-1,"task_id":"reporte_semanal","logger":"py.warnings"}
{"timestamp":"2026-06-12T23:32:42.550523Z","level":"info","event":"Task instance is in running state","logger":"task.stdout"}
{"timestamp":"2026-06-12T23:32:42.550922Z","level":"info","event":" Previous state of the Task instance: TaskInstanceState.QUEUED","logger":"task.stdout"}
{"timestamp":"2026-06-12T23:32:42.551351Z","level":"info","event":"Current task name:reporte_semanal","logger":"task.stdout"}
{"timestamp":"2026-06-12T23:32:42.551693Z","level":"info","event":"Dag name:devoluciones_dag","logger":"task.stdout"}
{"timestamp":"2026-06-12T23:32:42.550883Z","level":"info","event":"::endgroup::","dag_id":"devoluciones_dag","try_number":1,"ti_id":"019ebe2e-25b4-7fbe-9162-d7bd09ab7299","run_id":"manual__2026-06-12T23:32:35.872277+00:00","map_index":-1,"task_id":"reporte_semanal","logger":"task","filename":"task_runner.py","lineno":1727}
{"timestamp":"2026-06-12T23:32:42.576478Z","level":"info","event":"","logger":"task.stdout"}
{"timestamp":"2026-06-12T23:32:42.576701Z","level":"info","event":"REPORTE SEMANAL","logger":"task.stdout"}
{"timestamp":"2026-06-12T23:32:42.583861Z","level":"info","event":"  fecha_inicio  fecha_fin  total_devoluciones  ...  aprobadas  pendientes  revision","logger":"task.stdout"}
{"timestamp":"2026-06-12T23:32:42.584150Z","level":"info","event":"0   2026-06-01 2026-06-07                  14  ...          7           4         3","logger":"task.stdout"}
{"timestamp":"2026-06-12T23:32:42.584395Z","level":"info","event":"1   2026-06-08 2026-06-14                   1  ...          0           0         1","logger":"task.stdout"}
{"timestamp":"2026-06-12T23:32:42.584595Z","level":"info","event":"","logger":"task.stdout"}
{"timestamp":"2026-06-12T23:32:42.584769Z","level":"info","event":"[2 rows x 7 columns]","logger":"task.stdout"}
{"timestamp":"2026-06-12T23:32:42.584586Z","level":"info","event":"Done. Returned value was: None","dag_id":"devoluciones_dag","try_number":1,"ti_id":"019ebe2e-25b4-7fbe-9162-d7bd09ab7299","run_id":"manual__2026-06-12T23:32:35.872277+00:00","map_index":-1,"task_id":"reporte_semanal","logger":"airflow.task.operators.airflow.providers.standard.operators.python.PythonOperator","filename":"python.py","lineno":233}
{"timestamp":"2026-06-12T23:32:42.584704Z","level":"info","event":"::group::Post Execute","dag_id":"devoluciones_dag","try_number":1,"ti_id":"019ebe2e-25b4-7fbe-9162-d7bd09ab7299","run_id":"manual__2026-06-12T23:32:35.872277+00:00","map_index":-1,"task_id":"reporte_semanal","logger":"task","filename":"task_runner.py","lineno":1288}
{"timestamp":"2026-06-12T23:32:42.601904Z","level":"info","event":"Task instance in success state","logger":"task.stdout"}
{"timestamp":"2026-06-12T23:32:42.602327Z","level":"info","event":" Previous state of the Task instance: TaskInstanceState.RUNNING","logger":"task.stdout"}
{"timestamp":"2026-06-12T23:32:42.602609Z","level":"info","event":"Task operator:<Task(PythonOperator): reporte_semanal>","logger":"task.stdout"}
{"timestamp":"2026-06-12T23:32:42.602276Z","level":"info","event":"::endgroup::","dag_id":"devoluciones_dag","try_number":1,"ti_id":"019ebe2e-25b4-7fbe-9162-d7bd09ab7299","run_id":"manual__2026-06-12T23:32:35.872277+00:00","map_index":-1,"task_id":"reporte_semanal","logger":"task","filename":"task_runner.py","lineno":1896}
