{"timestamp":"2026-06-12T03:20:09.815980Z","level":"info","event":"::group::Pre Execute","logger":"task","filename":"task_runner.py","lineno":1926}
{"timestamp":"2026-06-12T03:20:10.135683Z","level":"info","event":"DAG bundles loaded: dags-folder, example_dags","run_id":"manual__2026-06-12T03:20:09.062286+00:00","map_index":-1,"dag_id":"devoluciones_dag","task_id":"leer_csv","ti_id":"019eb9d8-1e6f-79d2-b3d9-6d13f5b8156f","try_number":1,"logger":"airflow.dag_processing.bundles.manager.DagBundlesManager","filename":"manager.py","lineno":209}
{"timestamp":"2026-06-12T03:20:10.137151Z","level":"info","event":"Filling up the DagBag from /opt/airflow/dags/devoluciones_dag.py","run_id":"manual__2026-06-12T03:20:09.062286+00:00","map_index":-1,"dag_id":"devoluciones_dag","task_id":"leer_csv","ti_id":"019eb9d8-1e6f-79d2-b3d9-6d13f5b8156f","try_number":1,"logger":"airflow.dag_processing.dagbag.BundleDagBag","filename":"dagbag.py","lineno":469}
{"timestamp":"2026-06-12T03:20:10.150537Z","level":"warning","event":"The `airflow.operators.python.PythonOperator` attribute is deprecated. Please use `'airflow.providers.standard.operators.python.PythonOperator'`.","category":"UserWarning","filename":"/opt/airflow/dags/devoluciones_dag.py","lineno":2,"run_id":"manual__2026-06-12T03:20:09.062286+00:00","map_index":-1,"dag_id":"devoluciones_dag","task_id":"leer_csv","ti_id":"019eb9d8-1e6f-79d2-b3d9-6d13f5b8156f","try_number":1,"logger":"py.warnings"}
{"timestamp":"2026-06-12T03:20:10.173995Z","level":"info","event":"Task instance is in running state","logger":"task.stdout"}
{"timestamp":"2026-06-12T03:20:10.174403Z","level":"info","event":" Previous state of the Task instance: TaskInstanceState.QUEUED","logger":"task.stdout"}
{"timestamp":"2026-06-12T03:20:10.174673Z","level":"info","event":"Current task name:leer_csv","logger":"task.stdout"}
{"timestamp":"2026-06-12T03:20:10.174930Z","level":"info","event":"Dag name:devoluciones_dag","logger":"task.stdout"}
{"timestamp":"2026-06-12T03:20:10.174372Z","level":"info","event":"::endgroup::","run_id":"manual__2026-06-12T03:20:09.062286+00:00","map_index":-1,"dag_id":"devoluciones_dag","task_id":"leer_csv","ti_id":"019eb9d8-1e6f-79d2-b3d9-6d13f5b8156f","try_number":1,"logger":"task","filename":"task_runner.py","lineno":1727}
{"timestamp":"2026-06-12T03:20:10.187547Z","level":"info","event":"CSV leído correctamente","logger":"task.stdout"}
{"timestamp":"2026-06-12T03:20:10.207131Z","level":"info","event":"   transaction_id       fecha  ...     estado      validacion","logger":"task.stdout"}
{"timestamp":"2026-06-12T03:20:10.207609Z","level":"info","event":"0          TXN001  2026-06-01  ...  pendiente  monto inválido","logger":"task.stdout"}
{"timestamp":"2026-06-12T03:20:10.207988Z","level":"info","event":"1          TXN002  2026-06-01  ...  pendiente              OK","logger":"task.stdout"}
{"timestamp":"2026-06-12T03:20:10.208346Z","level":"info","event":"2          TXN003  2026-06-02  ...  pendiente              OK","logger":"task.stdout"}
{"timestamp":"2026-06-12T03:20:10.208713Z","level":"info","event":"3          TXN004  2026-06-02  ...  pendiente              OK","logger":"task.stdout"}
{"timestamp":"2026-06-12T03:20:10.209007Z","level":"info","event":"4          TXN005  2026-06-03  ...  pendiente              OK","logger":"task.stdout"}
{"timestamp":"2026-06-12T03:20:10.209292Z","level":"info","event":"5          TXN006  2026-06-03  ...  pendiente              OK","logger":"task.stdout"}
{"timestamp":"2026-06-12T03:20:10.209582Z","level":"info","event":"6          TXN007  2026-06-04  ...  pendiente              OK","logger":"task.stdout"}
{"timestamp":"2026-06-12T03:20:10.209860Z","level":"info","event":"7          TXN008  2026-06-04  ...  pendiente              OK","logger":"task.stdout"}
{"timestamp":"2026-06-12T03:20:10.210136Z","level":"info","event":"8          TXN009  2026-06-05  ...  pendiente              OK","logger":"task.stdout"}
{"timestamp":"2026-06-12T03:20:10.210410Z","level":"info","event":"9          TXN010  2026-06-05  ...  pendiente              OK","logger":"task.stdout"}
{"timestamp":"2026-06-12T03:20:10.210783Z","level":"info","event":"10         TXN011  2026-06-06  ...  pendiente              OK","logger":"task.stdout"}
{"timestamp":"2026-06-12T03:20:10.211056Z","level":"info","event":"11         TXN012  2026-06-06  ...  pendiente              OK","logger":"task.stdout"}
{"timestamp":"2026-06-12T03:20:10.211273Z","level":"info","event":"12         TXN013  2026-06-07  ...  pendiente              OK","logger":"task.stdout"}
{"timestamp":"2026-06-12T03:20:10.211569Z","level":"info","event":"13         TXN014  2026-06-07  ...  pendiente              OK","logger":"task.stdout"}
{"timestamp":"2026-06-12T03:20:10.211790Z","level":"info","event":"14         TXN015  2026-06-08  ...  pendiente              OK","logger":"task.stdout"}
{"timestamp":"2026-06-12T03:20:10.212009Z","level":"info","event":"","logger":"task.stdout"}
{"timestamp":"2026-06-12T03:20:10.212249Z","level":"info","event":"[15 rows x 10 columns]","logger":"task.stdout"}
{"timestamp":"2026-06-12T03:20:10.212433Z","level":"info","event":"","logger":"task.stdout"}
{"timestamp":"2026-06-12T03:20:10.212587Z","level":"info","event":"Resumen de validaciones:","logger":"task.stdout"}
{"timestamp":"2026-06-12T03:20:10.212853Z","level":"info","event":"validacion","logger":"task.stdout"}
{"timestamp":"2026-06-12T03:20:10.213020Z","level":"info","event":"OK                14","logger":"task.stdout"}
{"timestamp":"2026-06-12T03:20:10.213176Z","level":"info","event":"monto inválido     1","logger":"task.stdout"}
{"timestamp":"2026-06-12T03:20:10.213315Z","level":"info","event":"Name: count, dtype: int64","logger":"task.stdout"}
{"timestamp":"2026-06-12T03:20:10.207838Z","level":"info","event":"Done. Returned value was: None","run_id":"manual__2026-06-12T03:20:09.062286+00:00","map_index":-1,"dag_id":"devoluciones_dag","task_id":"leer_csv","ti_id":"019eb9d8-1e6f-79d2-b3d9-6d13f5b8156f","try_number":1,"logger":"airflow.task.operators.airflow.providers.standard.operators.python.PythonOperator","filename":"python.py","lineno":233}
{"timestamp":"2026-06-12T03:20:10.207965Z","level":"info","event":"::group::Post Execute","run_id":"manual__2026-06-12T03:20:09.062286+00:00","map_index":-1,"dag_id":"devoluciones_dag","task_id":"leer_csv","ti_id":"019eb9d8-1e6f-79d2-b3d9-6d13f5b8156f","try_number":1,"logger":"task","filename":"task_runner.py","lineno":1288}
{"timestamp":"2026-06-12T03:20:10.230946Z","level":"info","event":"Task instance in success state","logger":"task.stdout"}
{"timestamp":"2026-06-12T03:20:10.231361Z","level":"info","event":" Previous state of the Task instance: TaskInstanceState.RUNNING","logger":"task.stdout"}
{"timestamp":"2026-06-12T03:20:10.231700Z","level":"info","event":"Task operator:<Task(PythonOperator): leer_csv>","logger":"task.stdout"}
{"timestamp":"2026-06-12T03:20:10.231203Z","level":"info","event":"::endgroup::","run_id":"manual__2026-06-12T03:20:09.062286+00:00","map_index":-1,"dag_id":"devoluciones_dag","task_id":"leer_csv","ti_id":"019eb9d8-1e6f-79d2-b3d9-6d13f5b8156f","try_number":1,"logger":"task","filename":"task_runner.py","lineno":1896}
