{"timestamp":"2026-06-14T00:57:25.163636Z","level":"info","event":"::group::Pre Execute","logger":"task","filename":"task_runner.py","lineno":1926}
{"timestamp":"2026-06-14T00:57:25.466480Z","level":"info","event":"DAG bundles loaded: dags-folder, example_dags","map_index":-1,"ti_id":"019ec3a2-059c-7e6f-af9f-43e950edff22","run_id":"manual__2026-06-14T00:57:15.913228+00:00","try_number":1,"dag_id":"devoluciones_dag","task_id":"reporte_semanal","logger":"airflow.dag_processing.bundles.manager.DagBundlesManager","filename":"manager.py","lineno":209}
{"timestamp":"2026-06-14T00:57:25.467939Z","level":"info","event":"Filling up the DagBag from /opt/airflow/dags/devoluciones_dag.py","map_index":-1,"ti_id":"019ec3a2-059c-7e6f-af9f-43e950edff22","run_id":"manual__2026-06-14T00:57:15.913228+00:00","try_number":1,"dag_id":"devoluciones_dag","task_id":"reporte_semanal","logger":"airflow.dag_processing.dagbag.BundleDagBag","filename":"dagbag.py","lineno":469}
{"timestamp":"2026-06-14T00:57:25.495458Z","level":"warning","event":"The `airflow.operators.python.PythonOperator` attribute is deprecated. Please use `'airflow.providers.standard.operators.python.PythonOperator'`.","category":"UserWarning","filename":"/opt/airflow/dags/devoluciones_dag.py","lineno":2,"map_index":-1,"ti_id":"019ec3a2-059c-7e6f-af9f-43e950edff22","run_id":"manual__2026-06-14T00:57:15.913228+00:00","try_number":1,"dag_id":"devoluciones_dag","task_id":"reporte_semanal","logger":"py.warnings"}
{"timestamp":"2026-06-14T00:57:25.514362Z","level":"info","event":"Task instance is in running state","logger":"task.stdout"}
{"timestamp":"2026-06-14T00:57:25.514858Z","level":"info","event":" Previous state of the Task instance: TaskInstanceState.QUEUED","logger":"task.stdout"}
{"timestamp":"2026-06-14T00:57:25.515266Z","level":"info","event":"Current task name:reporte_semanal","logger":"task.stdout"}
{"timestamp":"2026-06-14T00:57:25.515618Z","level":"info","event":"Dag name:devoluciones_dag","logger":"task.stdout"}
{"timestamp":"2026-06-14T00:57:25.514772Z","level":"info","event":"::endgroup::","map_index":-1,"ti_id":"019ec3a2-059c-7e6f-af9f-43e950edff22","run_id":"manual__2026-06-14T00:57:15.913228+00:00","try_number":1,"dag_id":"devoluciones_dag","task_id":"reporte_semanal","logger":"task","filename":"task_runner.py","lineno":1727}
{"timestamp":"2026-06-14T00:57:25.575273Z","level":"info","event":"","logger":"task.stdout"}
{"timestamp":"2026-06-14T00:57:25.575542Z","level":"info","event":"REPORTE SEMANAL","logger":"task.stdout"}
{"timestamp":"2026-06-14T00:57:25.583908Z","level":"info","event":"  fecha_inicio  fecha_fin  ...  fraude  validaciones_fallidas","logger":"task.stdout"}
{"timestamp":"2026-06-14T00:57:25.584155Z","level":"info","event":"0   1969-12-29 1970-01-04  ...     614                     33","logger":"task.stdout"}
{"timestamp":"2026-06-14T00:57:25.584377Z","level":"info","event":"","logger":"task.stdout"}
{"timestamp":"2026-06-14T00:57:25.584558Z","level":"info","event":"[1 rows x 9 columns]","logger":"task.stdout"}
{"timestamp":"2026-06-14T00:57:25.585370Z","level":"info","event":"Done. Returned value was: None","map_index":-1,"ti_id":"019ec3a2-059c-7e6f-af9f-43e950edff22","run_id":"manual__2026-06-14T00:57:15.913228+00:00","try_number":1,"dag_id":"devoluciones_dag","task_id":"reporte_semanal","logger":"airflow.task.operators.airflow.providers.standard.operators.python.PythonOperator","filename":"python.py","lineno":233}
{"timestamp":"2026-06-14T00:57:25.585523Z","level":"info","event":"::group::Post Execute","map_index":-1,"ti_id":"019ec3a2-059c-7e6f-af9f-43e950edff22","run_id":"manual__2026-06-14T00:57:15.913228+00:00","try_number":1,"dag_id":"devoluciones_dag","task_id":"reporte_semanal","logger":"task","filename":"task_runner.py","lineno":1288}
{"timestamp":"2026-06-14T00:57:25.608811Z","level":"info","event":"Task instance in success state","logger":"task.stdout"}
{"timestamp":"2026-06-14T00:57:25.609165Z","level":"info","event":" Previous state of the Task instance: TaskInstanceState.RUNNING","logger":"task.stdout"}
{"timestamp":"2026-06-14T00:57:25.609474Z","level":"info","event":"Task operator:<Task(PythonOperator): reporte_semanal>","logger":"task.stdout"}
{"timestamp":"2026-06-14T00:57:25.609148Z","level":"info","event":"::endgroup::","map_index":-1,"ti_id":"019ec3a2-059c-7e6f-af9f-43e950edff22","run_id":"manual__2026-06-14T00:57:15.913228+00:00","try_number":1,"dag_id":"devoluciones_dag","task_id":"reporte_semanal","logger":"task","filename":"task_runner.py","lineno":1896}
