{"timestamp":"2026-06-12T22:28:48.529605Z","level":"info","event":"::group::Pre Execute","logger":"task","filename":"task_runner.py","lineno":1926}
{"timestamp":"2026-06-12T22:28:52.319984Z","level":"info","event":"DAG bundles loaded: dags-folder, example_dags","ti_id":"019ebdf3-bcc9-7084-ae33-c0e185434296","dag_id":"devoluciones_dag","run_id":"manual__2026-06-12T22:28:47.918135+00:00","try_number":1,"map_index":-1,"task_id":"leer_csv","logger":"airflow.dag_processing.bundles.manager.DagBundlesManager","filename":"manager.py","lineno":209}
{"timestamp":"2026-06-12T22:28:52.321761Z","level":"info","event":"Filling up the DagBag from /opt/airflow/dags/devoluciones_dag.py","ti_id":"019ebdf3-bcc9-7084-ae33-c0e185434296","dag_id":"devoluciones_dag","run_id":"manual__2026-06-12T22:28:47.918135+00:00","try_number":1,"map_index":-1,"task_id":"leer_csv","logger":"airflow.dag_processing.dagbag.BundleDagBag","filename":"dagbag.py","lineno":469}
{"timestamp":"2026-06-12T22:28:52.346388Z","level":"warning","event":"The `airflow.operators.python.PythonOperator` attribute is deprecated. Please use `'airflow.providers.standard.operators.python.PythonOperator'`.","category":"UserWarning","filename":"/opt/airflow/dags/devoluciones_dag.py","lineno":2,"ti_id":"019ebdf3-bcc9-7084-ae33-c0e185434296","dag_id":"devoluciones_dag","run_id":"manual__2026-06-12T22:28:47.918135+00:00","try_number":1,"map_index":-1,"task_id":"leer_csv","logger":"py.warnings"}
{"timestamp":"2026-06-12T22:28:52.382344Z","level":"info","event":"Task instance is in running state","logger":"task.stdout"}
{"timestamp":"2026-06-12T22:28:52.382841Z","level":"info","event":" Previous state of the Task instance: TaskInstanceState.QUEUED","logger":"task.stdout"}
{"timestamp":"2026-06-12T22:28:52.383260Z","level":"info","event":"Current task name:leer_csv","logger":"task.stdout"}
{"timestamp":"2026-06-12T22:28:52.383621Z","level":"info","event":"Dag name:devoluciones_dag","logger":"task.stdout"}
{"timestamp":"2026-06-12T22:28:52.382652Z","level":"info","event":"::endgroup::","ti_id":"019ebdf3-bcc9-7084-ae33-c0e185434296","dag_id":"devoluciones_dag","run_id":"manual__2026-06-12T22:28:47.918135+00:00","try_number":1,"map_index":-1,"task_id":"leer_csv","logger":"task","filename":"task_runner.py","lineno":1727}
{"timestamp":"2026-06-12T22:28:52.389921Z","level":"info","event":"Archivo leído correctamente","logger":"task.stdout"}
{"timestamp":"2026-06-12T22:28:52.399265Z","level":"info","event":"  transaction_id       fecha  ...                     descripcion     estado","logger":"task.stdout"}
{"timestamp":"2026-06-12T22:28:52.399626Z","level":"info","event":"0         TXN001  2026-06-01  ...  Devolucion compra supermercado  pendiente","logger":"task.stdout"}
{"timestamp":"2026-06-12T22:28:52.399988Z","level":"info","event":"1         TXN002  2026-06-01  ...     Devolucion electrodomestico  pendiente","logger":"task.stdout"}
{"timestamp":"2026-06-12T22:28:52.400381Z","level":"info","event":"2         TXN003  2026-06-02  ...        Devolucion ropa en linea  pendiente","logger":"task.stdout"}
{"timestamp":"2026-06-12T22:28:52.400683Z","level":"info","event":"3         TXN004  2026-06-02  ...    Devolucion equipo de computo  pendiente","logger":"task.stdout"}
{"timestamp":"2026-06-12T22:28:52.400906Z","level":"info","event":"4         TXN005  2026-06-03  ...          Devolucion restaurante  pendiente","logger":"task.stdout"}
{"timestamp":"2026-06-12T22:28:52.401168Z","level":"info","event":"","logger":"task.stdout"}
{"timestamp":"2026-06-12T22:28:52.401404Z","level":"info","event":"[5 rows x 9 columns]","logger":"task.stdout"}
{"timestamp":"2026-06-12T22:28:52.402337Z","level":"info","event":"Done. Returned value was: None","ti_id":"019ebdf3-bcc9-7084-ae33-c0e185434296","dag_id":"devoluciones_dag","run_id":"manual__2026-06-12T22:28:47.918135+00:00","try_number":1,"map_index":-1,"task_id":"leer_csv","logger":"airflow.task.operators.airflow.providers.standard.operators.python.PythonOperator","filename":"python.py","lineno":233}
{"timestamp":"2026-06-12T22:28:52.402461Z","level":"info","event":"::group::Post Execute","ti_id":"019ebdf3-bcc9-7084-ae33-c0e185434296","dag_id":"devoluciones_dag","run_id":"manual__2026-06-12T22:28:47.918135+00:00","try_number":1,"map_index":-1,"task_id":"leer_csv","logger":"task","filename":"task_runner.py","lineno":1288}
{"timestamp":"2026-06-12T22:28:52.429230Z","level":"info","event":"Task instance in success state","logger":"task.stdout"}
{"timestamp":"2026-06-12T22:28:52.429642Z","level":"info","event":" Previous state of the Task instance: TaskInstanceState.RUNNING","logger":"task.stdout"}
{"timestamp":"2026-06-12T22:28:52.430019Z","level":"info","event":"Task operator:<Task(PythonOperator): leer_csv>","logger":"task.stdout"}
{"timestamp":"2026-06-12T22:28:52.429500Z","level":"info","event":"::endgroup::","ti_id":"019ebdf3-bcc9-7084-ae33-c0e185434296","dag_id":"devoluciones_dag","run_id":"manual__2026-06-12T22:28:47.918135+00:00","try_number":1,"map_index":-1,"task_id":"leer_csv","logger":"task","filename":"task_runner.py","lineno":1896}
