{"timestamp":"2026-06-12T03:11:10.037916Z","level":"info","event":"::group::Pre Execute","logger":"task","filename":"task_runner.py","lineno":1926}
{"timestamp":"2026-06-12T03:11:10.445248Z","level":"info","event":"DAG bundles loaded: dags-folder, example_dags","run_id":"manual__2026-06-12T03:11:09.546671+00:00","map_index":-1,"dag_id":"devoluciones_dag","task_id":"leer_csv","ti_id":"019eb9cf-e2fe-7065-a787-d08d1839b331","try_number":1,"logger":"airflow.dag_processing.bundles.manager.DagBundlesManager","filename":"manager.py","lineno":209}
{"timestamp":"2026-06-12T03:11:10.447069Z","level":"info","event":"Filling up the DagBag from /opt/airflow/dags/devoluciones_dag.py","run_id":"manual__2026-06-12T03:11:09.546671+00:00","map_index":-1,"dag_id":"devoluciones_dag","task_id":"leer_csv","ti_id":"019eb9cf-e2fe-7065-a787-d08d1839b331","try_number":1,"logger":"airflow.dag_processing.dagbag.BundleDagBag","filename":"dagbag.py","lineno":469}
{"timestamp":"2026-06-12T03:11:10.459960Z","level":"warning","event":"The `airflow.operators.python.PythonOperator` attribute is deprecated. Please use `'airflow.providers.standard.operators.python.PythonOperator'`.","category":"UserWarning","filename":"/opt/airflow/dags/devoluciones_dag.py","lineno":2,"run_id":"manual__2026-06-12T03:11:09.546671+00:00","map_index":-1,"dag_id":"devoluciones_dag","task_id":"leer_csv","ti_id":"019eb9cf-e2fe-7065-a787-d08d1839b331","try_number":1,"logger":"py.warnings"}
{"timestamp":"2026-06-12T03:11:10.484352Z","level":"info","event":"Task instance is in running state","logger":"task.stdout"}
{"timestamp":"2026-06-12T03:11:10.484757Z","level":"info","event":" Previous state of the Task instance: TaskInstanceState.QUEUED","logger":"task.stdout"}
{"timestamp":"2026-06-12T03:11:10.485309Z","level":"info","event":"Current task name:leer_csv","logger":"task.stdout"}
{"timestamp":"2026-06-12T03:11:10.485657Z","level":"info","event":"Dag name:devoluciones_dag","logger":"task.stdout"}
{"timestamp":"2026-06-12T03:11:10.484942Z","level":"info","event":"::endgroup::","run_id":"manual__2026-06-12T03:11:09.546671+00:00","map_index":-1,"dag_id":"devoluciones_dag","task_id":"leer_csv","ti_id":"019eb9cf-e2fe-7065-a787-d08d1839b331","try_number":1,"logger":"task","filename":"task_runner.py","lineno":1727}
{"timestamp":"2026-06-12T03:11:10.495238Z","level":"info","event":"============================================================","logger":"task.stdout"}
{"timestamp":"2026-06-12T03:11:10.495501Z","level":"info","event":"ARCHIVO LEÍDO CORRECTAMENTE","logger":"task.stdout"}
{"timestamp":"2026-06-12T03:11:10.495677Z","level":"info","event":"============================================================","logger":"task.stdout"}
{"timestamp":"2026-06-12T03:11:10.495863Z","level":"info","event":"","logger":"task.stdout"}
{"timestamp":"2026-06-12T03:11:10.496051Z","level":"info","event":"Primeros registros:","logger":"task.stdout"}
{"timestamp":"2026-06-12T03:11:10.505001Z","level":"info","event":"  transaction_id       fecha  ...                     descripcion     estado","logger":"task.stdout"}
{"timestamp":"2026-06-12T03:11:10.505342Z","level":"info","event":"0         TXN001  2026-06-01  ...  Devolucion compra supermercado  pendiente","logger":"task.stdout"}
{"timestamp":"2026-06-12T03:11:10.505599Z","level":"info","event":"1         TXN002  2026-06-01  ...     Devolucion electrodomestico  pendiente","logger":"task.stdout"}
{"timestamp":"2026-06-12T03:11:10.505792Z","level":"info","event":"2         TXN003  2026-06-02  ...        Devolucion ropa en linea  pendiente","logger":"task.stdout"}
{"timestamp":"2026-06-12T03:11:10.505974Z","level":"info","event":"3         TXN004  2026-06-02  ...    Devolucion equipo de computo  pendiente","logger":"task.stdout"}
{"timestamp":"2026-06-12T03:11:10.506170Z","level":"info","event":"4         TXN005  2026-06-03  ...          Devolucion restaurante  pendiente","logger":"task.stdout"}
{"timestamp":"2026-06-12T03:11:10.506343Z","level":"info","event":"","logger":"task.stdout"}
{"timestamp":"2026-06-12T03:11:10.506511Z","level":"info","event":"[5 rows x 9 columns]","logger":"task.stdout"}
{"timestamp":"2026-06-12T03:11:10.506823Z","level":"info","event":"","logger":"task.stdout"}
{"timestamp":"2026-06-12T03:11:10.507001Z","level":"info","event":"Información del DataFrame:","logger":"task.stdout"}
{"timestamp":"2026-06-12T03:11:10.510493Z","level":"info","event":"<class 'pandas.core.frame.DataFrame'>","logger":"task.stdout"}
{"timestamp":"2026-06-12T03:11:10.510713Z","level":"info","event":"RangeIndex: 15 entries, 0 to 14","logger":"task.stdout"}
{"timestamp":"2026-06-12T03:11:10.510948Z","level":"info","event":"Data columns (total 9 columns):","logger":"task.stdout"}
{"timestamp":"2026-06-12T03:11:10.511166Z","level":"info","event":" #   Column          Non-Null Count  Dtype","logger":"task.stdout"}
{"timestamp":"2026-06-12T03:11:10.511388Z","level":"info","event":"---  ------          --------------  -----","logger":"task.stdout"}
{"timestamp":"2026-06-12T03:11:10.511614Z","level":"info","event":" 0   transaction_id  15 non-null     object","logger":"task.stdout"}
{"timestamp":"2026-06-12T03:11:10.511811Z","level":"info","event":" 1   fecha           15 non-null     object","logger":"task.stdout"}
{"timestamp":"2026-06-12T03:11:10.512032Z","level":"info","event":" 2   cuenta_origen   15 non-null     int64","logger":"task.stdout"}
{"timestamp":"2026-06-12T03:11:10.512327Z","level":"info","event":" 3   cuenta_destino  15 non-null     int64","logger":"task.stdout"}
{"timestamp":"2026-06-12T03:11:10.512555Z","level":"info","event":" 4   monto           15 non-null     float64","logger":"task.stdout"}
{"timestamp":"2026-06-12T03:11:10.512758Z","level":"info","event":" 5   moneda          15 non-null     object","logger":"task.stdout"}
{"timestamp":"2026-06-12T03:11:10.512943Z","level":"info","event":" 6   tipo            15 non-null     object","logger":"task.stdout"}
{"timestamp":"2026-06-12T03:11:10.513100Z","level":"info","event":" 7   descripcion     15 non-null     object","logger":"task.stdout"}
{"timestamp":"2026-06-12T03:11:10.513275Z","level":"info","event":" 8   estado          15 non-null     object","logger":"task.stdout"}
{"timestamp":"2026-06-12T03:11:10.513456Z","level":"info","event":"dtypes: float64(1), int64(2), object(6)","logger":"task.stdout"}
{"timestamp":"2026-06-12T03:11:10.513656Z","level":"info","event":"memory usage: 1.2+ KB","logger":"task.stdout"}
{"timestamp":"2026-06-12T03:11:10.513901Z","level":"info","event":"None","logger":"task.stdout"}
{"timestamp":"2026-06-12T03:11:10.514054Z","level":"info","event":"","logger":"task.stdout"}
{"timestamp":"2026-06-12T03:11:10.514204Z","level":"info","event":"Número de registros: 15","logger":"task.stdout"}
{"timestamp":"2026-06-12T03:11:10.514351Z","level":"info","event":"Número de columnas: 9","logger":"task.stdout"}
{"timestamp":"2026-06-12T03:11:10.514497Z","level":"info","event":"","logger":"task.stdout"}
{"timestamp":"2026-06-12T03:11:10.514644Z","level":"info","event":"Columnas:","logger":"task.stdout"}
{"timestamp":"2026-06-12T03:11:10.514789Z","level":"info","event":"['transaction_id', 'fecha', 'cuenta_origen', 'cuenta_destino', 'monto', 'moneda', 'tipo', 'descripcion', 'estado']","logger":"task.stdout"}
{"timestamp":"2026-06-12T03:11:10.514931Z","level":"info","event":"============================================================","logger":"task.stdout"}
{"timestamp":"2026-06-12T03:11:10.510595Z","level":"info","event":"Done. Returned value was: None","run_id":"manual__2026-06-12T03:11:09.546671+00:00","map_index":-1,"dag_id":"devoluciones_dag","task_id":"leer_csv","ti_id":"019eb9cf-e2fe-7065-a787-d08d1839b331","try_number":1,"logger":"airflow.task.operators.airflow.providers.standard.operators.python.PythonOperator","filename":"python.py","lineno":233}
{"timestamp":"2026-06-12T03:11:10.510718Z","level":"info","event":"::group::Post Execute","run_id":"manual__2026-06-12T03:11:09.546671+00:00","map_index":-1,"dag_id":"devoluciones_dag","task_id":"leer_csv","ti_id":"019eb9cf-e2fe-7065-a787-d08d1839b331","try_number":1,"logger":"task","filename":"task_runner.py","lineno":1288}
{"timestamp":"2026-06-12T03:11:10.532790Z","level":"info","event":"Task instance in success state","logger":"task.stdout"}
{"timestamp":"2026-06-12T03:11:10.533269Z","level":"info","event":" Previous state of the Task instance: TaskInstanceState.RUNNING","logger":"task.stdout"}
{"timestamp":"2026-06-12T03:11:10.533681Z","level":"info","event":"Task operator:<Task(PythonOperator): leer_csv>","logger":"task.stdout"}
{"timestamp":"2026-06-12T03:11:10.533103Z","level":"info","event":"::endgroup::","run_id":"manual__2026-06-12T03:11:09.546671+00:00","map_index":-1,"dag_id":"devoluciones_dag","task_id":"leer_csv","ti_id":"019eb9cf-e2fe-7065-a787-d08d1839b331","try_number":1,"logger":"task","filename":"task_runner.py","lineno":1896}
