{"timestamp":"2026-06-13T17:59:01.062128Z","level":"info","event":"::group::Pre Execute","logger":"task","filename":"task_runner.py","lineno":1926}
{"timestamp":"2026-06-13T17:59:01.921032Z","level":"info","event":"DAG bundles loaded: dags-folder, example_dags","task_id":"reporte_semanal","ti_id":"019ec222-ee92-794e-b3da-96a339c68499","run_id":"manual__2026-06-13T17:58:49.726273+00:00","map_index":-1,"dag_id":"devoluciones_dag","try_number":1,"logger":"airflow.dag_processing.bundles.manager.DagBundlesManager","filename":"manager.py","lineno":209}
{"timestamp":"2026-06-13T17:59:01.924381Z","level":"info","event":"Filling up the DagBag from /opt/airflow/dags/devoluciones_dag.py","task_id":"reporte_semanal","ti_id":"019ec222-ee92-794e-b3da-96a339c68499","run_id":"manual__2026-06-13T17:58:49.726273+00:00","map_index":-1,"dag_id":"devoluciones_dag","try_number":1,"logger":"airflow.dag_processing.dagbag.BundleDagBag","filename":"dagbag.py","lineno":469}
{"timestamp":"2026-06-13T17:59:02.017990Z","level":"warning","event":"The `airflow.operators.python.PythonOperator` attribute is deprecated. Please use `'airflow.providers.standard.operators.python.PythonOperator'`.","category":"UserWarning","filename":"/opt/airflow/dags/devoluciones_dag.py","lineno":2,"task_id":"reporte_semanal","ti_id":"019ec222-ee92-794e-b3da-96a339c68499","run_id":"manual__2026-06-13T17:58:49.726273+00:00","map_index":-1,"dag_id":"devoluciones_dag","try_number":1,"logger":"py.warnings"}
{"timestamp":"2026-06-13T17:59:02.076431Z","level":"info","event":"Task instance is in running state","logger":"task.stdout"}
{"timestamp":"2026-06-13T17:59:02.077127Z","level":"info","event":" Previous state of the Task instance: TaskInstanceState.QUEUED","logger":"task.stdout"}
{"timestamp":"2026-06-13T17:59:02.077628Z","level":"info","event":"Current task name:reporte_semanal","logger":"task.stdout"}
{"timestamp":"2026-06-13T17:59:02.078096Z","level":"info","event":"Dag name:devoluciones_dag","logger":"task.stdout"}
{"timestamp":"2026-06-13T17:59:02.077226Z","level":"info","event":"::endgroup::","task_id":"reporte_semanal","ti_id":"019ec222-ee92-794e-b3da-96a339c68499","run_id":"manual__2026-06-13T17:58:49.726273+00:00","map_index":-1,"dag_id":"devoluciones_dag","try_number":1,"logger":"task","filename":"task_runner.py","lineno":1727}
{"timestamp":"2026-06-13T17:59:02.222371Z","level":"info","event":"","logger":"task.stdout"}
{"timestamp":"2026-06-13T17:59:02.223101Z","level":"info","event":"REPORTE SEMANAL","logger":"task.stdout"}
{"timestamp":"2026-06-13T17:59:02.242438Z","level":"info","event":"  fecha_inicio  fecha_fin  ...  fraude  validaciones_fallidas","logger":"task.stdout"}
{"timestamp":"2026-06-13T17:59:02.242994Z","level":"info","event":"0   1969-12-29 1970-01-04  ...     614                     33","logger":"task.stdout"}
{"timestamp":"2026-06-13T17:59:02.243433Z","level":"info","event":"","logger":"task.stdout"}
{"timestamp":"2026-06-13T17:59:02.243921Z","level":"info","event":"[1 rows x 9 columns]","logger":"task.stdout"}
{"timestamp":"2026-06-13T17:59:02.245693Z","level":"info","event":"Done. Returned value was: None","task_id":"reporte_semanal","ti_id":"019ec222-ee92-794e-b3da-96a339c68499","run_id":"manual__2026-06-13T17:58:49.726273+00:00","map_index":-1,"dag_id":"devoluciones_dag","try_number":1,"logger":"airflow.task.operators.airflow.providers.standard.operators.python.PythonOperator","filename":"python.py","lineno":233}
{"timestamp":"2026-06-13T17:59:02.246122Z","level":"info","event":"::group::Post Execute","task_id":"reporte_semanal","ti_id":"019ec222-ee92-794e-b3da-96a339c68499","run_id":"manual__2026-06-13T17:58:49.726273+00:00","map_index":-1,"dag_id":"devoluciones_dag","try_number":1,"logger":"task","filename":"task_runner.py","lineno":1288}
{"timestamp":"2026-06-13T17:59:02.280141Z","level":"info","event":"Task instance in success state","logger":"task.stdout"}
{"timestamp":"2026-06-13T17:59:02.280920Z","level":"info","event":" Previous state of the Task instance: TaskInstanceState.RUNNING","logger":"task.stdout"}
{"timestamp":"2026-06-13T17:59:02.281758Z","level":"info","event":"Task operator:<Task(PythonOperator): reporte_semanal>","logger":"task.stdout"}
{"timestamp":"2026-06-13T17:59:02.280743Z","level":"info","event":"::endgroup::","task_id":"reporte_semanal","ti_id":"019ec222-ee92-794e-b3da-96a339c68499","run_id":"manual__2026-06-13T17:58:49.726273+00:00","map_index":-1,"dag_id":"devoluciones_dag","try_number":1,"logger":"task","filename":"task_runner.py","lineno":1896}
