{"timestamp":"2026-06-12T03:20:59.927323Z","level":"info","event":"::group::Pre Execute","logger":"task","filename":"task_runner.py","lineno":1926}
{"timestamp":"2026-06-12T03:21:00.300793Z","level":"info","event":"DAG bundles loaded: dags-folder, example_dags","run_id":"manual__2026-06-12T03:20:58.888024+00:00","task_id":"leer_csv","try_number":1,"dag_id":"devoluciones_dag","map_index":-1,"ti_id":"019eb9d8-e113-718d-9d69-0a976b4bcd6d","logger":"airflow.dag_processing.bundles.manager.DagBundlesManager","filename":"manager.py","lineno":209}
{"timestamp":"2026-06-12T03:21:00.302277Z","level":"info","event":"Filling up the DagBag from /opt/airflow/dags/devoluciones_dag.py","run_id":"manual__2026-06-12T03:20:58.888024+00:00","task_id":"leer_csv","try_number":1,"dag_id":"devoluciones_dag","map_index":-1,"ti_id":"019eb9d8-e113-718d-9d69-0a976b4bcd6d","logger":"airflow.dag_processing.dagbag.BundleDagBag","filename":"dagbag.py","lineno":469}
{"timestamp":"2026-06-12T03:21:00.318540Z","level":"warning","event":"The `airflow.operators.python.PythonOperator` attribute is deprecated. Please use `'airflow.providers.standard.operators.python.PythonOperator'`.","category":"UserWarning","filename":"/opt/airflow/dags/devoluciones_dag.py","lineno":2,"run_id":"manual__2026-06-12T03:20:58.888024+00:00","task_id":"leer_csv","try_number":1,"dag_id":"devoluciones_dag","map_index":-1,"ti_id":"019eb9d8-e113-718d-9d69-0a976b4bcd6d","logger":"py.warnings"}
{"timestamp":"2026-06-12T03:21:00.340007Z","level":"info","event":"Task instance is in running state","logger":"task.stdout"}
{"timestamp":"2026-06-12T03:21:00.340497Z","level":"info","event":" Previous state of the Task instance: TaskInstanceState.QUEUED","logger":"task.stdout"}
{"timestamp":"2026-06-12T03:21:00.340869Z","level":"info","event":"Current task name:leer_csv","logger":"task.stdout"}
{"timestamp":"2026-06-12T03:21:00.341101Z","level":"info","event":"Dag name:devoluciones_dag","logger":"task.stdout"}
{"timestamp":"2026-06-12T03:21:00.340409Z","level":"info","event":"::endgroup::","run_id":"manual__2026-06-12T03:20:58.888024+00:00","task_id":"leer_csv","try_number":1,"dag_id":"devoluciones_dag","map_index":-1,"ti_id":"019eb9d8-e113-718d-9d69-0a976b4bcd6d","logger":"task","filename":"task_runner.py","lineno":1727}
{"timestamp":"2026-06-12T03:21:00.349350Z","level":"info","event":"CSV leído correctamente","logger":"task.stdout"}
{"timestamp":"2026-06-12T03:21:00.373427Z","level":"info","event":"   transaction_id  ...                              validacion","logger":"task.stdout"}
{"timestamp":"2026-06-12T03:21:00.373829Z","level":"info","event":"0             NaN  ...  Transacción ID es nulo, monto inválido","logger":"task.stdout"}
{"timestamp":"2026-06-12T03:21:00.374133Z","level":"info","event":"1          TXN002  ...                                      OK","logger":"task.stdout"}
{"timestamp":"2026-06-12T03:21:00.374445Z","level":"info","event":"2          TXN003  ...                                      OK","logger":"task.stdout"}
{"timestamp":"2026-06-12T03:21:00.374738Z","level":"info","event":"3          TXN004  ...                                      OK","logger":"task.stdout"}
{"timestamp":"2026-06-12T03:21:00.375081Z","level":"info","event":"4          TXN005  ...                                      OK","logger":"task.stdout"}
{"timestamp":"2026-06-12T03:21:00.375443Z","level":"info","event":"5          TXN006  ...                                      OK","logger":"task.stdout"}
{"timestamp":"2026-06-12T03:21:00.375816Z","level":"info","event":"6          TXN007  ...                                      OK","logger":"task.stdout"}
{"timestamp":"2026-06-12T03:21:00.376197Z","level":"info","event":"7          TXN008  ...                                      OK","logger":"task.stdout"}
{"timestamp":"2026-06-12T03:21:00.376581Z","level":"info","event":"8          TXN009  ...                                      OK","logger":"task.stdout"}
{"timestamp":"2026-06-12T03:21:00.376920Z","level":"info","event":"9          TXN010  ...                                      OK","logger":"task.stdout"}
{"timestamp":"2026-06-12T03:21:00.377257Z","level":"info","event":"10         TXN011  ...                                      OK","logger":"task.stdout"}
{"timestamp":"2026-06-12T03:21:00.377547Z","level":"info","event":"11         TXN012  ...                                      OK","logger":"task.stdout"}
{"timestamp":"2026-06-12T03:21:00.377848Z","level":"info","event":"12         TXN013  ...                                      OK","logger":"task.stdout"}
{"timestamp":"2026-06-12T03:21:00.378100Z","level":"info","event":"13         TXN014  ...                                      OK","logger":"task.stdout"}
{"timestamp":"2026-06-12T03:21:00.378304Z","level":"info","event":"14         TXN015  ...                                      OK","logger":"task.stdout"}
{"timestamp":"2026-06-12T03:21:00.378539Z","level":"info","event":"","logger":"task.stdout"}
{"timestamp":"2026-06-12T03:21:00.378706Z","level":"info","event":"[15 rows x 10 columns]","logger":"task.stdout"}
{"timestamp":"2026-06-12T03:21:00.378910Z","level":"info","event":"","logger":"task.stdout"}
{"timestamp":"2026-06-12T03:21:00.379128Z","level":"info","event":"Resumen de validaciones:","logger":"task.stdout"}
{"timestamp":"2026-06-12T03:21:00.379363Z","level":"info","event":"validacion","logger":"task.stdout"}
{"timestamp":"2026-06-12T03:21:00.379530Z","level":"info","event":"OK                                        14","logger":"task.stdout"}
{"timestamp":"2026-06-12T03:21:00.379689Z","level":"info","event":"Transacción ID es nulo, monto inválido     1","logger":"task.stdout"}
{"timestamp":"2026-06-12T03:21:00.379841Z","level":"info","event":"Name: count, dtype: int64","logger":"task.stdout"}
{"timestamp":"2026-06-12T03:21:00.374191Z","level":"info","event":"Done. Returned value was: None","run_id":"manual__2026-06-12T03:20:58.888024+00:00","task_id":"leer_csv","try_number":1,"dag_id":"devoluciones_dag","map_index":-1,"ti_id":"019eb9d8-e113-718d-9d69-0a976b4bcd6d","logger":"airflow.task.operators.airflow.providers.standard.operators.python.PythonOperator","filename":"python.py","lineno":233}
{"timestamp":"2026-06-12T03:21:00.374327Z","level":"info","event":"::group::Post Execute","run_id":"manual__2026-06-12T03:20:58.888024+00:00","task_id":"leer_csv","try_number":1,"dag_id":"devoluciones_dag","map_index":-1,"ti_id":"019eb9d8-e113-718d-9d69-0a976b4bcd6d","logger":"task","filename":"task_runner.py","lineno":1288}
{"timestamp":"2026-06-12T03:21:00.397891Z","level":"info","event":"Task instance in success state","logger":"task.stdout"}
{"timestamp":"2026-06-12T03:21:00.398208Z","level":"info","event":" Previous state of the Task instance: TaskInstanceState.RUNNING","logger":"task.stdout"}
{"timestamp":"2026-06-12T03:21:00.398485Z","level":"info","event":"Task operator:<Task(PythonOperator): leer_csv>","logger":"task.stdout"}
{"timestamp":"2026-06-12T03:21:00.398211Z","level":"info","event":"::endgroup::","run_id":"manual__2026-06-12T03:20:58.888024+00:00","task_id":"leer_csv","try_number":1,"dag_id":"devoluciones_dag","map_index":-1,"ti_id":"019eb9d8-e113-718d-9d69-0a976b4bcd6d","logger":"task","filename":"task_runner.py","lineno":1896}
