{"timestamp":"2026-06-13T00:05:01.203799Z","level":"info","event":"::group::Pre Execute","logger":"task","filename":"task_runner.py","lineno":1926}
{"timestamp":"2026-06-13T00:05:01.550706Z","level":"info","event":"DAG bundles loaded: dags-folder, example_dags","ti_id":"019ebe4b-b5f4-79d8-9796-0946443437ca","map_index":-1,"run_id":"manual__2026-06-13T00:04:53.342845+00:00","task_id":"reporte_semanal","try_number":1,"dag_id":"devoluciones_dag","logger":"airflow.dag_processing.bundles.manager.DagBundlesManager","filename":"manager.py","lineno":209}
{"timestamp":"2026-06-13T00:05:01.552452Z","level":"info","event":"Filling up the DagBag from /opt/airflow/dags/devoluciones_dag.py","ti_id":"019ebe4b-b5f4-79d8-9796-0946443437ca","map_index":-1,"run_id":"manual__2026-06-13T00:04:53.342845+00:00","task_id":"reporte_semanal","try_number":1,"dag_id":"devoluciones_dag","logger":"airflow.dag_processing.dagbag.BundleDagBag","filename":"dagbag.py","lineno":469}
{"timestamp":"2026-06-13T00:05:01.590980Z","level":"warning","event":"The `airflow.operators.python.PythonOperator` attribute is deprecated. Please use `'airflow.providers.standard.operators.python.PythonOperator'`.","category":"UserWarning","filename":"/opt/airflow/dags/devoluciones_dag.py","lineno":2,"ti_id":"019ebe4b-b5f4-79d8-9796-0946443437ca","map_index":-1,"run_id":"manual__2026-06-13T00:04:53.342845+00:00","task_id":"reporte_semanal","try_number":1,"dag_id":"devoluciones_dag","logger":"py.warnings"}
{"timestamp":"2026-06-13T00:05:01.614830Z","level":"info","event":"Task instance is in running state","logger":"task.stdout"}
{"timestamp":"2026-06-13T00:05:01.615335Z","level":"info","event":" Previous state of the Task instance: TaskInstanceState.QUEUED","logger":"task.stdout"}
{"timestamp":"2026-06-13T00:05:01.615773Z","level":"info","event":"Current task name:reporte_semanal","logger":"task.stdout"}
{"timestamp":"2026-06-13T00:05:01.616050Z","level":"info","event":"Dag name:devoluciones_dag","logger":"task.stdout"}
{"timestamp":"2026-06-13T00:05:01.615211Z","level":"info","event":"::endgroup::","ti_id":"019ebe4b-b5f4-79d8-9796-0946443437ca","map_index":-1,"run_id":"manual__2026-06-13T00:04:53.342845+00:00","task_id":"reporte_semanal","try_number":1,"dag_id":"devoluciones_dag","logger":"task","filename":"task_runner.py","lineno":1727}
{"timestamp":"2026-06-13T00:05:01.651334Z","level":"info","event":"","logger":"task.stdout"}
{"timestamp":"2026-06-13T00:05:01.651725Z","level":"info","event":"REPORTE SEMANAL","logger":"task.stdout"}
{"timestamp":"2026-06-13T00:05:01.661499Z","level":"info","event":"  fecha_inicio  fecha_fin  total_devoluciones  ...  aprobadas  pendientes  revision","logger":"task.stdout"}
{"timestamp":"2026-06-13T00:05:01.661893Z","level":"info","event":"0   2026-06-01 2026-06-07                  14  ...          1           1         0","logger":"task.stdout"}
{"timestamp":"2026-06-13T00:05:01.662184Z","level":"info","event":"1   2026-06-08 2026-06-14                   1  ...          0           0         1","logger":"task.stdout"}
{"timestamp":"2026-06-13T00:05:01.662476Z","level":"info","event":"","logger":"task.stdout"}
{"timestamp":"2026-06-13T00:05:01.662771Z","level":"info","event":"[2 rows x 7 columns]","logger":"task.stdout"}
{"timestamp":"2026-06-13T00:05:01.663103Z","level":"info","event":"Done. Returned value was: None","ti_id":"019ebe4b-b5f4-79d8-9796-0946443437ca","map_index":-1,"run_id":"manual__2026-06-13T00:04:53.342845+00:00","task_id":"reporte_semanal","try_number":1,"dag_id":"devoluciones_dag","logger":"airflow.task.operators.airflow.providers.standard.operators.python.PythonOperator","filename":"python.py","lineno":233}
{"timestamp":"2026-06-13T00:05:01.663245Z","level":"info","event":"::group::Post Execute","ti_id":"019ebe4b-b5f4-79d8-9796-0946443437ca","map_index":-1,"run_id":"manual__2026-06-13T00:04:53.342845+00:00","task_id":"reporte_semanal","try_number":1,"dag_id":"devoluciones_dag","logger":"task","filename":"task_runner.py","lineno":1288}
{"timestamp":"2026-06-13T00:05:01.681871Z","level":"info","event":"Task instance in success state","logger":"task.stdout"}
{"timestamp":"2026-06-13T00:05:01.682330Z","level":"info","event":" Previous state of the Task instance: TaskInstanceState.RUNNING","logger":"task.stdout"}
{"timestamp":"2026-06-13T00:05:01.682688Z","level":"info","event":"Task operator:<Task(PythonOperator): reporte_semanal>","logger":"task.stdout"}
{"timestamp":"2026-06-13T00:05:01.682116Z","level":"info","event":"::endgroup::","ti_id":"019ebe4b-b5f4-79d8-9796-0946443437ca","map_index":-1,"run_id":"manual__2026-06-13T00:04:53.342845+00:00","task_id":"reporte_semanal","try_number":1,"dag_id":"devoluciones_dag","logger":"task","filename":"task_runner.py","lineno":1896}
