{"timestamp":"2026-06-13T01:20:58.808369Z","level":"info","event":"::group::Pre Execute","logger":"task","filename":"task_runner.py","lineno":1926}
{"timestamp":"2026-06-13T01:20:59.190151Z","level":"info","event":"DAG bundles loaded: dags-folder, example_dags","map_index":-1,"ti_id":"019ebe91-4a45-72b3-8795-182e4db8683a","run_id":"manual__2026-06-13T01:20:53.296538+00:00","try_number":1,"dag_id":"devoluciones_dag","task_id":"aplicar_reglas","logger":"airflow.dag_processing.bundles.manager.DagBundlesManager","filename":"manager.py","lineno":209}
{"timestamp":"2026-06-13T01:20:59.191802Z","level":"info","event":"Filling up the DagBag from /opt/airflow/dags/devoluciones_dag.py","map_index":-1,"ti_id":"019ebe91-4a45-72b3-8795-182e4db8683a","run_id":"manual__2026-06-13T01:20:53.296538+00:00","try_number":1,"dag_id":"devoluciones_dag","task_id":"aplicar_reglas","logger":"airflow.dag_processing.dagbag.BundleDagBag","filename":"dagbag.py","lineno":469}
{"timestamp":"2026-06-13T01:20:59.225996Z","level":"warning","event":"The `airflow.operators.python.PythonOperator` attribute is deprecated. Please use `'airflow.providers.standard.operators.python.PythonOperator'`.","category":"UserWarning","filename":"/opt/airflow/dags/devoluciones_dag.py","lineno":2,"map_index":-1,"ti_id":"019ebe91-4a45-72b3-8795-182e4db8683a","run_id":"manual__2026-06-13T01:20:53.296538+00:00","try_number":1,"dag_id":"devoluciones_dag","task_id":"aplicar_reglas","logger":"py.warnings"}
{"timestamp":"2026-06-13T01:20:59.250398Z","level":"info","event":"Task instance is in running state","logger":"task.stdout"}
{"timestamp":"2026-06-13T01:20:59.267172Z","level":"info","event":" Previous state of the Task instance: TaskInstanceState.QUEUED","logger":"task.stdout"}
{"timestamp":"2026-06-13T01:20:59.270332Z","level":"info","event":"Current task name:aplicar_reglas","logger":"task.stdout"}
{"timestamp":"2026-06-13T01:20:59.271107Z","level":"info","event":"Dag name:devoluciones_dag","logger":"task.stdout"}
{"timestamp":"2026-06-13T01:20:59.250922Z","level":"info","event":"::endgroup::","map_index":-1,"ti_id":"019ebe91-4a45-72b3-8795-182e4db8683a","run_id":"manual__2026-06-13T01:20:53.296538+00:00","try_number":1,"dag_id":"devoluciones_dag","task_id":"aplicar_reglas","logger":"task","filename":"task_runner.py","lineno":1727}
{"timestamp":"2026-06-13T01:20:59.745767Z","level":"info","event":"RESULTADO DE LAS REGLAS","logger":"task.stdout"}
{"timestamp":"2026-06-13T01:20:59.754891Z","level":"info","event":"     transaction_id  ...                                     regla_aplicada","logger":"task.stdout"}
{"timestamp":"2026-06-13T01:20:59.755292Z","level":"info","event":"0         TXN000001  ...  Marcado como posible fraude por multiples devo...","logger":"task.stdout"}
{"timestamp":"2026-06-13T01:20:59.755528Z","level":"info","event":"1         TXN000002  ...  Marcado como posible fraude por multiples devo...","logger":"task.stdout"}
{"timestamp":"2026-06-13T01:20:59.755822Z","level":"info","event":"2         TXN000003  ...  Marcado como posible fraude por multiples devo...","logger":"task.stdout"}
{"timestamp":"2026-06-13T01:20:59.756043Z","level":"info","event":"3         TXN000004  ...  Marcado como posible fraude por multiples devo...","logger":"task.stdout"}
{"timestamp":"2026-06-13T01:20:59.756236Z","level":"info","event":"4         TXN000005  ...  Marcado como posible fraude por multiples devo...","logger":"task.stdout"}
{"timestamp":"2026-06-13T01:20:59.756413Z","level":"info","event":"...             ...  ...                                                ...","logger":"task.stdout"}
{"timestamp":"2026-06-13T01:20:59.756591Z","level":"info","event":"4995      TXN004996  ...                              Aprobación automatica","logger":"task.stdout"}
{"timestamp":"2026-06-13T01:20:59.756820Z","level":"info","event":"4996      TXN004997  ...                                  Revisión especial","logger":"task.stdout"}
{"timestamp":"2026-06-13T01:20:59.757031Z","level":"info","event":"4997      TXN004998  ...                                  Revisión especial","logger":"task.stdout"}
{"timestamp":"2026-06-13T01:20:59.757266Z","level":"info","event":"4998      TXN004999  ...                              Aprobación automatica","logger":"task.stdout"}
{"timestamp":"2026-06-13T01:20:59.757465Z","level":"info","event":"4999      TXN005000  ...                              Aprobación automatica","logger":"task.stdout"}
{"timestamp":"2026-06-13T01:20:59.757661Z","level":"info","event":"","logger":"task.stdout"}
{"timestamp":"2026-06-13T01:20:59.757840Z","level":"info","event":"[5000 rows x 4 columns]","logger":"task.stdout"}
{"timestamp":"2026-06-13T01:20:59.800561Z","level":"info","event":"Done. Returned value was: None","map_index":-1,"ti_id":"019ebe91-4a45-72b3-8795-182e4db8683a","run_id":"manual__2026-06-13T01:20:53.296538+00:00","try_number":1,"dag_id":"devoluciones_dag","task_id":"aplicar_reglas","logger":"airflow.task.operators.airflow.providers.standard.operators.python.PythonOperator","filename":"python.py","lineno":233}
{"timestamp":"2026-06-13T01:20:59.800815Z","level":"info","event":"::group::Post Execute","map_index":-1,"ti_id":"019ebe91-4a45-72b3-8795-182e4db8683a","run_id":"manual__2026-06-13T01:20:53.296538+00:00","try_number":1,"dag_id":"devoluciones_dag","task_id":"aplicar_reglas","logger":"task","filename":"task_runner.py","lineno":1288}
{"timestamp":"2026-06-13T01:20:59.858628Z","level":"info","event":"Task instance in success state","logger":"task.stdout"}
{"timestamp":"2026-06-13T01:20:59.859028Z","level":"info","event":" Previous state of the Task instance: TaskInstanceState.RUNNING","logger":"task.stdout"}
{"timestamp":"2026-06-13T01:20:59.859433Z","level":"info","event":"Task operator:<Task(PythonOperator): aplicar_reglas>","logger":"task.stdout"}
{"timestamp":"2026-06-13T01:20:59.859034Z","level":"info","event":"::endgroup::","map_index":-1,"ti_id":"019ebe91-4a45-72b3-8795-182e4db8683a","run_id":"manual__2026-06-13T01:20:53.296538+00:00","try_number":1,"dag_id":"devoluciones_dag","task_id":"aplicar_reglas","logger":"task","filename":"task_runner.py","lineno":1896}
