{"timestamp":"2026-06-13T00:25:14.350342Z","level":"info","event":"::group::Pre Execute","logger":"task","filename":"task_runner.py","lineno":1926}
{"timestamp":"2026-06-13T00:25:14.713876Z","level":"info","event":"DAG bundles loaded: dags-folder, example_dags","ti_id":"019ebe5e-5636-7be0-a82f-2cd2b84477c2","map_index":-1,"run_id":"manual__2026-06-13T00:25:14.023795+00:00","task_id":"leer_csv","try_number":1,"dag_id":"devoluciones_dag","logger":"airflow.dag_processing.bundles.manager.DagBundlesManager","filename":"manager.py","lineno":209}
{"timestamp":"2026-06-13T00:25:14.715299Z","level":"info","event":"Filling up the DagBag from /opt/airflow/dags/devoluciones_dag.py","ti_id":"019ebe5e-5636-7be0-a82f-2cd2b84477c2","map_index":-1,"run_id":"manual__2026-06-13T00:25:14.023795+00:00","task_id":"leer_csv","try_number":1,"dag_id":"devoluciones_dag","logger":"airflow.dag_processing.dagbag.BundleDagBag","filename":"dagbag.py","lineno":469}
{"timestamp":"2026-06-13T00:25:14.747656Z","level":"warning","event":"The `airflow.operators.python.PythonOperator` attribute is deprecated. Please use `'airflow.providers.standard.operators.python.PythonOperator'`.","category":"UserWarning","filename":"/opt/airflow/dags/devoluciones_dag.py","lineno":2,"ti_id":"019ebe5e-5636-7be0-a82f-2cd2b84477c2","map_index":-1,"run_id":"manual__2026-06-13T00:25:14.023795+00:00","task_id":"leer_csv","try_number":1,"dag_id":"devoluciones_dag","logger":"py.warnings"}
{"timestamp":"2026-06-13T00:25:14.767177Z","level":"info","event":"Task instance is in running state","logger":"task.stdout"}
{"timestamp":"2026-06-13T00:25:14.767491Z","level":"info","event":" Previous state of the Task instance: TaskInstanceState.QUEUED","logger":"task.stdout"}
{"timestamp":"2026-06-13T00:25:14.767777Z","level":"info","event":"Current task name:leer_csv","logger":"task.stdout"}
{"timestamp":"2026-06-13T00:25:14.767973Z","level":"info","event":"Dag name:devoluciones_dag","logger":"task.stdout"}
{"timestamp":"2026-06-13T00:25:14.767508Z","level":"info","event":"::endgroup::","ti_id":"019ebe5e-5636-7be0-a82f-2cd2b84477c2","map_index":-1,"run_id":"manual__2026-06-13T00:25:14.023795+00:00","task_id":"leer_csv","try_number":1,"dag_id":"devoluciones_dag","logger":"task","filename":"task_runner.py","lineno":1727}
{"timestamp":"2026-06-13T00:25:14.782922Z","level":"info","event":"Archivo leído correctamente","logger":"task.stdout"}
{"timestamp":"2026-06-13T00:25:14.791941Z","level":"info","event":"  transaction_id       fecha  ...                         descripcion     estado","logger":"task.stdout"}
{"timestamp":"2026-06-13T00:25:14.792331Z","level":"info","event":"0       TXN00001  2026-06-24  ...            Devolucion equipo medico  pendiente","logger":"task.stdout"}
{"timestamp":"2026-06-13T00:25:14.792588Z","level":"info","event":"1       TXN00002  2026-06-07  ...  Devolucion materiales construccion  pendiente","logger":"task.stdout"}
{"timestamp":"2026-06-13T00:25:14.792828Z","level":"info","event":"2       TXN00003  2026-06-25  ...            Devolucion ropa en linea  pendiente","logger":"task.stdout"}
{"timestamp":"2026-06-13T00:25:14.793056Z","level":"info","event":"3       TXN00004  2026-06-28  ...            Devolucion ropa en linea  pendiente","logger":"task.stdout"}
{"timestamp":"2026-06-13T00:25:14.793281Z","level":"info","event":"4       TXN00005  2026-06-20  ...            Devolucion ropa en linea  pendiente","logger":"task.stdout"}
{"timestamp":"2026-06-13T00:25:14.793567Z","level":"info","event":"","logger":"task.stdout"}
{"timestamp":"2026-06-13T00:25:14.793789Z","level":"info","event":"[5 rows x 8 columns]","logger":"task.stdout"}
{"timestamp":"2026-06-13T00:25:14.831684Z","level":"info","event":"Done. Returned value was: None","ti_id":"019ebe5e-5636-7be0-a82f-2cd2b84477c2","map_index":-1,"run_id":"manual__2026-06-13T00:25:14.023795+00:00","task_id":"leer_csv","try_number":1,"dag_id":"devoluciones_dag","logger":"airflow.task.operators.airflow.providers.standard.operators.python.PythonOperator","filename":"python.py","lineno":233}
{"timestamp":"2026-06-13T00:25:14.831873Z","level":"info","event":"::group::Post Execute","ti_id":"019ebe5e-5636-7be0-a82f-2cd2b84477c2","map_index":-1,"run_id":"manual__2026-06-13T00:25:14.023795+00:00","task_id":"leer_csv","try_number":1,"dag_id":"devoluciones_dag","logger":"task","filename":"task_runner.py","lineno":1288}
{"timestamp":"2026-06-13T00:25:14.850477Z","level":"info","event":"Task instance in success state","logger":"task.stdout"}
{"timestamp":"2026-06-13T00:25:14.850961Z","level":"info","event":" Previous state of the Task instance: TaskInstanceState.RUNNING","logger":"task.stdout"}
{"timestamp":"2026-06-13T00:25:14.851357Z","level":"info","event":"Task operator:<Task(PythonOperator): leer_csv>","logger":"task.stdout"}
{"timestamp":"2026-06-13T00:25:14.850732Z","level":"info","event":"::endgroup::","ti_id":"019ebe5e-5636-7be0-a82f-2cd2b84477c2","map_index":-1,"run_id":"manual__2026-06-13T00:25:14.023795+00:00","task_id":"leer_csv","try_number":1,"dag_id":"devoluciones_dag","logger":"task","filename":"task_runner.py","lineno":1896}
