{"timestamp":"2026-06-12T03:18:29.588787Z","level":"info","event":"::group::Pre Execute","logger":"task","filename":"task_runner.py","lineno":1926}
{"timestamp":"2026-06-12T03:18:29.910228Z","level":"info","event":"DAG bundles loaded: dags-folder, example_dags","run_id":"manual__2026-06-12T03:18:28.835324+00:00","task_id":"leer_csv","try_number":1,"dag_id":"devoluciones_dag","map_index":-1,"ti_id":"019eb9d6-96ee-7075-badb-215eb17c60a7","logger":"airflow.dag_processing.bundles.manager.DagBundlesManager","filename":"manager.py","lineno":209}
{"timestamp":"2026-06-12T03:18:29.911887Z","level":"info","event":"Filling up the DagBag from /opt/airflow/dags/devoluciones_dag.py","run_id":"manual__2026-06-12T03:18:28.835324+00:00","task_id":"leer_csv","try_number":1,"dag_id":"devoluciones_dag","map_index":-1,"ti_id":"019eb9d6-96ee-7075-badb-215eb17c60a7","logger":"airflow.dag_processing.dagbag.BundleDagBag","filename":"dagbag.py","lineno":469}
{"timestamp":"2026-06-12T03:18:29.927077Z","level":"warning","event":"The `airflow.operators.python.PythonOperator` attribute is deprecated. Please use `'airflow.providers.standard.operators.python.PythonOperator'`.","category":"UserWarning","filename":"/opt/airflow/dags/devoluciones_dag.py","lineno":2,"run_id":"manual__2026-06-12T03:18:28.835324+00:00","task_id":"leer_csv","try_number":1,"dag_id":"devoluciones_dag","map_index":-1,"ti_id":"019eb9d6-96ee-7075-badb-215eb17c60a7","logger":"py.warnings"}
{"timestamp":"2026-06-12T03:18:29.951413Z","level":"info","event":"Task instance is in running state","logger":"task.stdout"}
{"timestamp":"2026-06-12T03:18:29.951896Z","level":"info","event":" Previous state of the Task instance: TaskInstanceState.QUEUED","logger":"task.stdout"}
{"timestamp":"2026-06-12T03:18:29.952241Z","level":"info","event":"Current task name:leer_csv","logger":"task.stdout"}
{"timestamp":"2026-06-12T03:18:29.952567Z","level":"info","event":"Dag name:devoluciones_dag","logger":"task.stdout"}
{"timestamp":"2026-06-12T03:18:29.951794Z","level":"info","event":"::endgroup::","run_id":"manual__2026-06-12T03:18:28.835324+00:00","task_id":"leer_csv","try_number":1,"dag_id":"devoluciones_dag","map_index":-1,"ti_id":"019eb9d6-96ee-7075-badb-215eb17c60a7","logger":"task","filename":"task_runner.py","lineno":1727}
{"timestamp":"2026-06-12T03:18:29.959032Z","level":"info","event":"CSV leído correctamente","logger":"task.stdout"}
{"timestamp":"2026-06-12T03:18:29.980811Z","level":"info","event":"   transaction_id       fecha  ...     estado  validacion","logger":"task.stdout"}
{"timestamp":"2026-06-12T03:18:29.981133Z","level":"info","event":"0          TXN001  2026-06-01  ...  pendiente          OK","logger":"task.stdout"}
{"timestamp":"2026-06-12T03:18:29.981346Z","level":"info","event":"1          TXN002  2026-06-01  ...  pendiente          OK","logger":"task.stdout"}
{"timestamp":"2026-06-12T03:18:29.981522Z","level":"info","event":"2          TXN003  2026-06-02  ...  pendiente          OK","logger":"task.stdout"}
{"timestamp":"2026-06-12T03:18:29.981687Z","level":"info","event":"3          TXN004  2026-06-02  ...  pendiente          OK","logger":"task.stdout"}
{"timestamp":"2026-06-12T03:18:29.981870Z","level":"info","event":"4          TXN005  2026-06-03  ...  pendiente          OK","logger":"task.stdout"}
{"timestamp":"2026-06-12T03:18:29.982037Z","level":"info","event":"5          TXN006  2026-06-03  ...  pendiente          OK","logger":"task.stdout"}
{"timestamp":"2026-06-12T03:18:29.982249Z","level":"info","event":"6          TXN007  2026-06-04  ...  pendiente          OK","logger":"task.stdout"}
{"timestamp":"2026-06-12T03:18:29.982434Z","level":"info","event":"7          TXN008  2026-06-04  ...  pendiente          OK","logger":"task.stdout"}
{"timestamp":"2026-06-12T03:18:29.982597Z","level":"info","event":"8          TXN009  2026-06-05  ...  pendiente          OK","logger":"task.stdout"}
{"timestamp":"2026-06-12T03:18:29.982756Z","level":"info","event":"9          TXN010  2026-06-05  ...  pendiente          OK","logger":"task.stdout"}
{"timestamp":"2026-06-12T03:18:29.982987Z","level":"info","event":"10         TXN011  2026-06-06  ...  pendiente          OK","logger":"task.stdout"}
{"timestamp":"2026-06-12T03:18:29.983213Z","level":"info","event":"11         TXN012  2026-06-06  ...  pendiente          OK","logger":"task.stdout"}
{"timestamp":"2026-06-12T03:18:29.983397Z","level":"info","event":"12         TXN013  2026-06-07  ...  pendiente          OK","logger":"task.stdout"}
{"timestamp":"2026-06-12T03:18:29.983607Z","level":"info","event":"13         TXN014  2026-06-07  ...  pendiente          OK","logger":"task.stdout"}
{"timestamp":"2026-06-12T03:18:29.983779Z","level":"info","event":"14         TXN015  2026-06-08  ...  pendiente          OK","logger":"task.stdout"}
{"timestamp":"2026-06-12T03:18:29.983988Z","level":"info","event":"","logger":"task.stdout"}
{"timestamp":"2026-06-12T03:18:29.984184Z","level":"info","event":"[15 rows x 10 columns]","logger":"task.stdout"}
{"timestamp":"2026-06-12T03:18:29.984425Z","level":"info","event":"","logger":"task.stdout"}
{"timestamp":"2026-06-12T03:18:29.984616Z","level":"info","event":"Resumen de validaciones:","logger":"task.stdout"}
{"timestamp":"2026-06-12T03:18:29.984873Z","level":"info","event":"validacion","logger":"task.stdout"}
{"timestamp":"2026-06-12T03:18:29.985101Z","level":"info","event":"OK    15","logger":"task.stdout"}
{"timestamp":"2026-06-12T03:18:29.985315Z","level":"info","event":"Name: count, dtype: int64","logger":"task.stdout"}
{"timestamp":"2026-06-12T03:18:29.981518Z","level":"info","event":"Done. Returned value was: None","run_id":"manual__2026-06-12T03:18:28.835324+00:00","task_id":"leer_csv","try_number":1,"dag_id":"devoluciones_dag","map_index":-1,"ti_id":"019eb9d6-96ee-7075-badb-215eb17c60a7","logger":"airflow.task.operators.airflow.providers.standard.operators.python.PythonOperator","filename":"python.py","lineno":233}
{"timestamp":"2026-06-12T03:18:29.981646Z","level":"info","event":"::group::Post Execute","run_id":"manual__2026-06-12T03:18:28.835324+00:00","task_id":"leer_csv","try_number":1,"dag_id":"devoluciones_dag","map_index":-1,"ti_id":"019eb9d6-96ee-7075-badb-215eb17c60a7","logger":"task","filename":"task_runner.py","lineno":1288}
{"timestamp":"2026-06-12T03:18:30.005304Z","level":"info","event":"Task instance in success state","logger":"task.stdout"}
{"timestamp":"2026-06-12T03:18:30.005581Z","level":"info","event":" Previous state of the Task instance: TaskInstanceState.RUNNING","logger":"task.stdout"}
{"timestamp":"2026-06-12T03:18:30.005841Z","level":"info","event":"Task operator:<Task(PythonOperator): leer_csv>","logger":"task.stdout"}
{"timestamp":"2026-06-12T03:18:30.005620Z","level":"info","event":"::endgroup::","run_id":"manual__2026-06-12T03:18:28.835324+00:00","task_id":"leer_csv","try_number":1,"dag_id":"devoluciones_dag","map_index":-1,"ti_id":"019eb9d6-96ee-7075-badb-215eb17c60a7","logger":"task","filename":"task_runner.py","lineno":1896}
