{"timestamp":"2026-06-13T01:06:14.756451Z","level":"info","event":"::group::Pre Execute","logger":"task","filename":"task_runner.py","lineno":1926}
{"timestamp":"2026-06-13T01:06:15.116314Z","level":"info","event":"DAG bundles loaded: dags-folder, example_dags","try_number":1,"map_index":-1,"dag_id":"devoluciones_dag","task_id":"leer_csv","run_id":"manual__2026-06-13T01:06:14.171045+00:00","ti_id":"019ebe83-e02a-77bc-bac4-9c55d5adbae8","logger":"airflow.dag_processing.bundles.manager.DagBundlesManager","filename":"manager.py","lineno":209}
{"timestamp":"2026-06-13T01:06:15.117898Z","level":"info","event":"Filling up the DagBag from /opt/airflow/dags/devoluciones_dag.py","try_number":1,"map_index":-1,"dag_id":"devoluciones_dag","task_id":"leer_csv","run_id":"manual__2026-06-13T01:06:14.171045+00:00","ti_id":"019ebe83-e02a-77bc-bac4-9c55d5adbae8","logger":"airflow.dag_processing.dagbag.BundleDagBag","filename":"dagbag.py","lineno":469}
{"timestamp":"2026-06-13T01:06:15.146778Z","level":"warning","event":"The `airflow.operators.python.PythonOperator` attribute is deprecated. Please use `'airflow.providers.standard.operators.python.PythonOperator'`.","category":"UserWarning","filename":"/opt/airflow/dags/devoluciones_dag.py","lineno":2,"try_number":1,"map_index":-1,"dag_id":"devoluciones_dag","task_id":"leer_csv","run_id":"manual__2026-06-13T01:06:14.171045+00:00","ti_id":"019ebe83-e02a-77bc-bac4-9c55d5adbae8","logger":"py.warnings"}
{"timestamp":"2026-06-13T01:06:15.166314Z","level":"info","event":"Task instance is in running state","logger":"task.stdout"}
{"timestamp":"2026-06-13T01:06:15.166709Z","level":"info","event":" Previous state of the Task instance: TaskInstanceState.QUEUED","logger":"task.stdout"}
{"timestamp":"2026-06-13T01:06:15.167106Z","level":"info","event":"Current task name:leer_csv","logger":"task.stdout"}
{"timestamp":"2026-06-13T01:06:15.167414Z","level":"info","event":"Dag name:devoluciones_dag","logger":"task.stdout"}
{"timestamp":"2026-06-13T01:06:15.166619Z","level":"info","event":"::endgroup::","try_number":1,"map_index":-1,"dag_id":"devoluciones_dag","task_id":"leer_csv","run_id":"manual__2026-06-13T01:06:14.171045+00:00","ti_id":"019ebe83-e02a-77bc-bac4-9c55d5adbae8","logger":"task","filename":"task_runner.py","lineno":1727}
{"timestamp":"2026-06-13T01:06:15.182287Z","level":"info","event":"Archivo leído correctamente","logger":"task.stdout"}
{"timestamp":"2026-06-13T01:06:15.190935Z","level":"info","event":"  transaction_id       fecha  ...               descripcion     estado","logger":"task.stdout"}
{"timestamp":"2026-06-13T01:06:15.191393Z","level":"info","event":"0      TXN000001  2026-03-18  ...        Devolucion muebles  pendiente","logger":"task.stdout"}
{"timestamp":"2026-06-13T01:06:15.191750Z","level":"info","event":"1      TXN000002  2026-03-18  ...          Devolucion hotel  pendiente","logger":"task.stdout"}
{"timestamp":"2026-06-13T01:06:15.192006Z","level":"info","event":"2      TXN000003  2026-03-22  ...           Devolucion ropa  pendiente","logger":"task.stdout"}
{"timestamp":"2026-06-13T01:06:15.192220Z","level":"info","event":"3      TXN000004  2026-03-19  ...       Devolucion gasolina  pendiente","logger":"task.stdout"}
{"timestamp":"2026-06-13T01:06:15.192404Z","level":"info","event":"4      TXN000005  2026-03-22  ...  Devolucion equipo medico  pendiente","logger":"task.stdout"}
{"timestamp":"2026-06-13T01:06:15.192657Z","level":"info","event":"","logger":"task.stdout"}
{"timestamp":"2026-06-13T01:06:15.192959Z","level":"info","event":"[5 rows x 8 columns]","logger":"task.stdout"}
{"timestamp":"2026-06-13T01:06:15.220826Z","level":"info","event":"Done. Returned value was: None","try_number":1,"map_index":-1,"dag_id":"devoluciones_dag","task_id":"leer_csv","run_id":"manual__2026-06-13T01:06:14.171045+00:00","ti_id":"019ebe83-e02a-77bc-bac4-9c55d5adbae8","logger":"airflow.task.operators.airflow.providers.standard.operators.python.PythonOperator","filename":"python.py","lineno":233}
{"timestamp":"2026-06-13T01:06:15.221023Z","level":"info","event":"::group::Post Execute","try_number":1,"map_index":-1,"dag_id":"devoluciones_dag","task_id":"leer_csv","run_id":"manual__2026-06-13T01:06:14.171045+00:00","ti_id":"019ebe83-e02a-77bc-bac4-9c55d5adbae8","logger":"task","filename":"task_runner.py","lineno":1288}
{"timestamp":"2026-06-13T01:06:15.239730Z","level":"info","event":"Task instance in success state","logger":"task.stdout"}
{"timestamp":"2026-06-13T01:06:15.240128Z","level":"info","event":" Previous state of the Task instance: TaskInstanceState.RUNNING","logger":"task.stdout"}
{"timestamp":"2026-06-13T01:06:15.240476Z","level":"info","event":"Task operator:<Task(PythonOperator): leer_csv>","logger":"task.stdout"}
{"timestamp":"2026-06-13T01:06:15.240005Z","level":"info","event":"::endgroup::","try_number":1,"map_index":-1,"dag_id":"devoluciones_dag","task_id":"leer_csv","run_id":"manual__2026-06-13T01:06:14.171045+00:00","ti_id":"019ebe83-e02a-77bc-bac4-9c55d5adbae8","logger":"task","filename":"task_runner.py","lineno":1896}
