{"timestamp":"2026-06-12T23:32:36.119265Z","level":"info","event":"::group::Pre Execute","logger":"task","filename":"task_runner.py","lineno":1926}
{"timestamp":"2026-06-12T23:32:36.547554Z","level":"info","event":"DAG bundles loaded: dags-folder, example_dags","dag_id":"devoluciones_dag","try_number":1,"ti_id":"019ebe2e-25af-7c59-8605-80ff034d793f","run_id":"manual__2026-06-12T23:32:35.872277+00:00","map_index":-1,"task_id":"leer_csv","logger":"airflow.dag_processing.bundles.manager.DagBundlesManager","filename":"manager.py","lineno":209}
{"timestamp":"2026-06-12T23:32:36.548985Z","level":"info","event":"Filling up the DagBag from /opt/airflow/dags/devoluciones_dag.py","dag_id":"devoluciones_dag","try_number":1,"ti_id":"019ebe2e-25af-7c59-8605-80ff034d793f","run_id":"manual__2026-06-12T23:32:35.872277+00:00","map_index":-1,"task_id":"leer_csv","logger":"airflow.dag_processing.dagbag.BundleDagBag","filename":"dagbag.py","lineno":469}
{"timestamp":"2026-06-12T23:32:36.583567Z","level":"warning","event":"The `airflow.operators.python.PythonOperator` attribute is deprecated. Please use `'airflow.providers.standard.operators.python.PythonOperator'`.","category":"UserWarning","filename":"/opt/airflow/dags/devoluciones_dag.py","lineno":2,"dag_id":"devoluciones_dag","try_number":1,"ti_id":"019ebe2e-25af-7c59-8605-80ff034d793f","run_id":"manual__2026-06-12T23:32:35.872277+00:00","map_index":-1,"task_id":"leer_csv","logger":"py.warnings"}
{"timestamp":"2026-06-12T23:32:36.605187Z","level":"info","event":"Task instance is in running state","logger":"task.stdout"}
{"timestamp":"2026-06-12T23:32:36.605601Z","level":"info","event":" Previous state of the Task instance: TaskInstanceState.QUEUED","logger":"task.stdout"}
{"timestamp":"2026-06-12T23:32:36.605845Z","level":"info","event":"Current task name:leer_csv","logger":"task.stdout"}
{"timestamp":"2026-06-12T23:32:36.606084Z","level":"info","event":"Dag name:devoluciones_dag","logger":"task.stdout"}
{"timestamp":"2026-06-12T23:32:36.605601Z","level":"info","event":"::endgroup::","dag_id":"devoluciones_dag","try_number":1,"ti_id":"019ebe2e-25af-7c59-8605-80ff034d793f","run_id":"manual__2026-06-12T23:32:35.872277+00:00","map_index":-1,"task_id":"leer_csv","logger":"task","filename":"task_runner.py","lineno":1727}
{"timestamp":"2026-06-12T23:32:36.614359Z","level":"info","event":"Archivo leído correctamente","logger":"task.stdout"}
{"timestamp":"2026-06-12T23:32:36.626237Z","level":"info","event":"  transaction_id       fecha  ...                     descripcion     estado","logger":"task.stdout"}
{"timestamp":"2026-06-12T23:32:36.626605Z","level":"info","event":"0         TXN001  2026-06-01  ...  Devolucion compra supermercado  pendiente","logger":"task.stdout"}
{"timestamp":"2026-06-12T23:32:36.626847Z","level":"info","event":"1         TXN002  2026-06-01  ...     Devolucion electrodomestico  pendiente","logger":"task.stdout"}
{"timestamp":"2026-06-12T23:32:36.627051Z","level":"info","event":"2         TXN003  2026-06-02  ...        Devolucion ropa en linea  pendiente","logger":"task.stdout"}
{"timestamp":"2026-06-12T23:32:36.627240Z","level":"info","event":"3         TXN004  2026-06-02  ...    Devolucion equipo de computo  pendiente","logger":"task.stdout"}
{"timestamp":"2026-06-12T23:32:36.627432Z","level":"info","event":"4         TXN005  2026-06-03  ...          Devolucion restaurante  pendiente","logger":"task.stdout"}
{"timestamp":"2026-06-12T23:32:36.627649Z","level":"info","event":"","logger":"task.stdout"}
{"timestamp":"2026-06-12T23:32:36.627824Z","level":"info","event":"[5 rows x 9 columns]","logger":"task.stdout"}
{"timestamp":"2026-06-12T23:32:36.629539Z","level":"info","event":"Done. Returned value was: None","dag_id":"devoluciones_dag","try_number":1,"ti_id":"019ebe2e-25af-7c59-8605-80ff034d793f","run_id":"manual__2026-06-12T23:32:35.872277+00:00","map_index":-1,"task_id":"leer_csv","logger":"airflow.task.operators.airflow.providers.standard.operators.python.PythonOperator","filename":"python.py","lineno":233}
{"timestamp":"2026-06-12T23:32:36.629824Z","level":"info","event":"::group::Post Execute","dag_id":"devoluciones_dag","try_number":1,"ti_id":"019ebe2e-25af-7c59-8605-80ff034d793f","run_id":"manual__2026-06-12T23:32:35.872277+00:00","map_index":-1,"task_id":"leer_csv","logger":"task","filename":"task_runner.py","lineno":1288}
{"timestamp":"2026-06-12T23:32:36.648710Z","level":"info","event":"Task instance in success state","logger":"task.stdout"}
{"timestamp":"2026-06-12T23:32:36.649053Z","level":"info","event":" Previous state of the Task instance: TaskInstanceState.RUNNING","logger":"task.stdout"}
{"timestamp":"2026-06-12T23:32:36.649319Z","level":"info","event":"Task operator:<Task(PythonOperator): leer_csv>","logger":"task.stdout"}
{"timestamp":"2026-06-12T23:32:36.649024Z","level":"info","event":"::endgroup::","dag_id":"devoluciones_dag","try_number":1,"ti_id":"019ebe2e-25af-7c59-8605-80ff034d793f","run_id":"manual__2026-06-12T23:32:35.872277+00:00","map_index":-1,"task_id":"leer_csv","logger":"task","filename":"task_runner.py","lineno":1896}
