{"timestamp":"2026-06-12T23:28:09.872655Z","level":"info","event":"::group::Pre Execute","logger":"task","filename":"task_runner.py","lineno":1926}
{"timestamp":"2026-06-12T23:28:10.168229Z","level":"info","event":"DAG bundles loaded: dags-folder, example_dags","dag_id":"devoluciones_dag","ti_id":"019ebe2a-00ec-7089-ace6-9eb2198100b7","map_index":-1,"try_number":1,"task_id":"reporte_diario","run_id":"manual__2026-06-12T23:28:04.314171+00:00","logger":"airflow.dag_processing.bundles.manager.DagBundlesManager","filename":"manager.py","lineno":209}
{"timestamp":"2026-06-12T23:28:10.169518Z","level":"info","event":"Filling up the DagBag from /opt/airflow/dags/devoluciones_dag.py","dag_id":"devoluciones_dag","ti_id":"019ebe2a-00ec-7089-ace6-9eb2198100b7","map_index":-1,"try_number":1,"task_id":"reporte_diario","run_id":"manual__2026-06-12T23:28:04.314171+00:00","logger":"airflow.dag_processing.dagbag.BundleDagBag","filename":"dagbag.py","lineno":469}
{"timestamp":"2026-06-12T23:28:10.195742Z","level":"warning","event":"The `airflow.operators.python.PythonOperator` attribute is deprecated. Please use `'airflow.providers.standard.operators.python.PythonOperator'`.","category":"UserWarning","filename":"/opt/airflow/dags/devoluciones_dag.py","lineno":2,"dag_id":"devoluciones_dag","ti_id":"019ebe2a-00ec-7089-ace6-9eb2198100b7","map_index":-1,"try_number":1,"task_id":"reporte_diario","run_id":"manual__2026-06-12T23:28:04.314171+00:00","logger":"py.warnings"}
{"timestamp":"2026-06-12T23:28:10.214852Z","level":"info","event":"Task instance is in running state","logger":"task.stdout"}
{"timestamp":"2026-06-12T23:28:10.215258Z","level":"info","event":" Previous state of the Task instance: TaskInstanceState.QUEUED","logger":"task.stdout"}
{"timestamp":"2026-06-12T23:28:10.215631Z","level":"info","event":"Current task name:reporte_diario","logger":"task.stdout"}
{"timestamp":"2026-06-12T23:28:10.215958Z","level":"info","event":"Dag name:devoluciones_dag","logger":"task.stdout"}
{"timestamp":"2026-06-12T23:28:10.215157Z","level":"info","event":"::endgroup::","dag_id":"devoluciones_dag","ti_id":"019ebe2a-00ec-7089-ace6-9eb2198100b7","map_index":-1,"try_number":1,"task_id":"reporte_diario","run_id":"manual__2026-06-12T23:28:04.314171+00:00","logger":"task","filename":"task_runner.py","lineno":1727}
{"timestamp":"2026-06-12T23:28:10.236233Z","level":"info","event":"","logger":"task.stdout"}
{"timestamp":"2026-06-12T23:28:10.236481Z","level":"info","event":"REPORTE DIARIO","logger":"task.stdout"}
{"timestamp":"2026-06-12T23:28:10.245690Z","level":"info","event":"        fecha  total_devoluciones  monto_total  aprobadas  pendientes  revision","logger":"task.stdout"}
{"timestamp":"2026-06-12T23:28:10.245974Z","level":"info","event":"0  2026-06-01                   2       2650.0          1           1         0","logger":"task.stdout"}
{"timestamp":"2026-06-12T23:28:10.246205Z","level":"info","event":"1  2026-06-02                   2       8075.5          1           0         1","logger":"task.stdout"}
{"timestamp":"2026-06-12T23:28:10.246475Z","level":"info","event":"2  2026-06-03                   2       1820.0          1           1         0","logger":"task.stdout"}
{"timestamp":"2026-06-12T23:28:10.246705Z","level":"info","event":"3  2026-06-04                   2       6550.0          1           0         1","logger":"task.stdout"}
{"timestamp":"2026-06-12T23:28:10.246904Z","level":"info","event":"4  2026-06-05                   2       4100.0          1           1         0","logger":"task.stdout"}
{"timestamp":"2026-06-12T23:28:10.247098Z","level":"info","event":"5  2026-06-06                   2      12200.0          1           0         1","logger":"task.stdout"}
{"timestamp":"2026-06-12T23:28:10.247264Z","level":"info","event":"6  2026-06-07                   2       1650.0          1           1         0","logger":"task.stdout"}
{"timestamp":"2026-06-12T23:28:10.247445Z","level":"info","event":"7  2026-06-08                   1       5500.0          0           0         1","logger":"task.stdout"}
{"timestamp":"2026-06-12T23:28:10.246706Z","level":"info","event":"Done. Returned value was: None","dag_id":"devoluciones_dag","ti_id":"019ebe2a-00ec-7089-ace6-9eb2198100b7","map_index":-1,"try_number":1,"task_id":"reporte_diario","run_id":"manual__2026-06-12T23:28:04.314171+00:00","logger":"airflow.task.operators.airflow.providers.standard.operators.python.PythonOperator","filename":"python.py","lineno":233}
{"timestamp":"2026-06-12T23:28:10.246832Z","level":"info","event":"::group::Post Execute","dag_id":"devoluciones_dag","ti_id":"019ebe2a-00ec-7089-ace6-9eb2198100b7","map_index":-1,"try_number":1,"task_id":"reporte_diario","run_id":"manual__2026-06-12T23:28:04.314171+00:00","logger":"task","filename":"task_runner.py","lineno":1288}
{"timestamp":"2026-06-12T23:28:10.265907Z","level":"info","event":"Task instance in success state","logger":"task.stdout"}
{"timestamp":"2026-06-12T23:28:10.266218Z","level":"info","event":" Previous state of the Task instance: TaskInstanceState.RUNNING","logger":"task.stdout"}
{"timestamp":"2026-06-12T23:28:10.266465Z","level":"info","event":"Task operator:<Task(PythonOperator): reporte_diario>","logger":"task.stdout"}
{"timestamp":"2026-06-12T23:28:10.266287Z","level":"info","event":"::endgroup::","dag_id":"devoluciones_dag","ti_id":"019ebe2a-00ec-7089-ace6-9eb2198100b7","map_index":-1,"try_number":1,"task_id":"reporte_diario","run_id":"manual__2026-06-12T23:28:04.314171+00:00","logger":"task","filename":"task_runner.py","lineno":1896}
