{"timestamp":"2026-06-16T18:00:23.669634Z","level":"info","event":"::group::Pre Execute","logger":"task","filename":"task_runner.py","lineno":1926}
{"timestamp":"2026-06-16T18:00:24.008324Z","level":"info","event":"DAG bundles loaded: dags-folder, example_dags","dag_id":"devoluciones_dag","ti_id":"019ed197-5350-7eb8-89e4-178700c4c1ae","try_number":1,"run_id":"manual__2026-06-16T18:00:15.933350+00:00","task_id":"aprobacion_gerente","map_index":-1,"logger":"airflow.dag_processing.bundles.manager.DagBundlesManager","filename":"manager.py","lineno":209}
{"timestamp":"2026-06-16T18:00:24.009737Z","level":"info","event":"Filling up the DagBag from /opt/airflow/dags/devoluciones_dag.py","dag_id":"devoluciones_dag","ti_id":"019ed197-5350-7eb8-89e4-178700c4c1ae","try_number":1,"run_id":"manual__2026-06-16T18:00:15.933350+00:00","task_id":"aprobacion_gerente","map_index":-1,"logger":"airflow.dag_processing.dagbag.BundleDagBag","filename":"dagbag.py","lineno":469}
{"timestamp":"2026-06-16T18:00:24.067410Z","level":"warning","event":"The `airflow.operators.python.PythonOperator` attribute is deprecated. Please use `'airflow.providers.standard.operators.python.PythonOperator'`.","category":"UserWarning","filename":"/opt/airflow/dags/devoluciones_dag.py","lineno":2,"dag_id":"devoluciones_dag","ti_id":"019ed197-5350-7eb8-89e4-178700c4c1ae","try_number":1,"run_id":"manual__2026-06-16T18:00:15.933350+00:00","task_id":"aprobacion_gerente","map_index":-1,"logger":"py.warnings"}
{"timestamp":"2026-06-16T18:00:24.098044Z","level":"info","event":"Task instance is in running state","logger":"task.stdout"}
{"timestamp":"2026-06-16T18:00:24.098472Z","level":"info","event":" Previous state of the Task instance: TaskInstanceState.QUEUED","logger":"task.stdout"}
{"timestamp":"2026-06-16T18:00:24.098886Z","level":"info","event":"Current task name:aprobacion_gerente","logger":"task.stdout"}
{"timestamp":"2026-06-16T18:00:24.099196Z","level":"info","event":"Dag name:devoluciones_dag","logger":"task.stdout"}
{"timestamp":"2026-06-16T18:00:24.098508Z","level":"info","event":"::endgroup::","dag_id":"devoluciones_dag","ti_id":"019ed197-5350-7eb8-89e4-178700c4c1ae","try_number":1,"run_id":"manual__2026-06-16T18:00:15.933350+00:00","task_id":"aprobacion_gerente","map_index":-1,"logger":"task","filename":"task_runner.py","lineno":1727}
{"timestamp":"2026-06-16T18:00:24.161913Z","level":"warning","event":"Passing literal json to 'read_json' is deprecated and will be removed in a future version. To read from a literal string, wrap it in a 'StringIO' object.","category":"FutureWarning","filename":"/opt/airflow/dags/../scripts/aprobacion_gerente.py","lineno":10,"dag_id":"devoluciones_dag","ti_id":"019ed197-5350-7eb8-89e4-178700c4c1ae","try_number":1,"run_id":"manual__2026-06-16T18:00:15.933350+00:00","task_id":"aprobacion_gerente","map_index":-1,"logger":"py.warnings"}
{"timestamp":"2026-06-16T18:00:24.417978Z","level":"info","event":"APROBACIÓN GERENTE","logger":"task.stdout"}
{"timestamp":"2026-06-16T18:00:24.427965Z","level":"info","event":"    transaction_id       fecha  ...                  descripcion     estado","logger":"task.stdout"}
{"timestamp":"2026-06-16T18:00:24.428292Z","level":"info","event":"45       TXN000046  25-05-2026  ...          Devolucion gasolina   APROBADA","logger":"task.stdout"}
{"timestamp":"2026-06-16T18:00:24.428489Z","level":"info","event":"104      TXN000105  01-06-2026  ...     Devolucion equipo medico  PENDIENTE","logger":"task.stdout"}
{"timestamp":"2026-06-16T18:00:24.428804Z","level":"info","event":"150      TXN000151  17-05-2026  ...      Devolucion herramientas   APROBADA","logger":"task.stdout"}
{"timestamp":"2026-06-16T18:00:24.429061Z","level":"info","event":"189      TXN000190  08-06-2026  ...      Devolucion herramientas  PENDIENTE","logger":"task.stdout"}
{"timestamp":"2026-06-16T18:00:24.429319Z","level":"info","event":"194      TXN000195  11-06-2026  ...  Devolucion electrodomestico  PENDIENTE","logger":"task.stdout"}
{"timestamp":"2026-06-16T18:00:24.429566Z","level":"info","event":"","logger":"task.stdout"}
{"timestamp":"2026-06-16T18:00:24.429813Z","level":"info","event":"[5 rows x 8 columns]","logger":"task.stdout"}
{"timestamp":"2026-06-16T18:00:24.428084Z","level":"error","event":"Task failed with exception","dag_id":"devoluciones_dag","ti_id":"019ed197-5350-7eb8-89e4-178700c4c1ae","try_number":1,"run_id":"manual__2026-06-16T18:00:15.933350+00:00","task_id":"aprobacion_gerente","map_index":-1,"logger":"task","filename":"task_runner.py","lineno":1381,"error_detail":[{"exc_type":"AttributeError","exc_value":"Can only use .dt accessor with datetimelike values","exc_notes":[],"syntax_error":null,"is_cause":false,"frames":[{"filename":"/home/airflow/.local/lib/python3.13/site-packages/airflow/sdk/execution_time/task_runner.py","lineno":1287,"name":"run"},{"filename":"/home/airflow/.local/lib/python3.13/site-packages/airflow/sdk/execution_time/task_runner.py","lineno":1745,"name":"_execute_task"},{"filename":"/home/airflow/.local/lib/python3.13/site-packages/airflow/sdk/bases/operator.py","lineno":443,"name":"wrapper"},{"filename":"/home/airflow/.local/lib/python3.13/site-packages/airflow/providers/standard/operators/python.py","lineno":231,"name":"execute"},{"filename":"/home/airflow/.local/lib/python3.13/site-packages/airflow/providers/standard/operators/python.py","lineno":254,"name":"execute_callable"},{"filename":"/home/airflow/.local/lib/python3.13/site-packages/airflow/sdk/execution_time/callback_runner.py","lineno":97,"name":"run"},{"filename":"/opt/airflow/scripts/aprobacion_gerente.py","lineno":31,"name":"aprobacion_gerente"},{"filename":"/home/airflow/.local/lib/python3.13/site-packages/pandas/core/generic.py","lineno":6321,"name":"__getattr__"},{"filename":"/home/airflow/.local/lib/python3.13/site-packages/pandas/core/accessor.py","lineno":224,"name":"__get__"},{"filename":"/home/airflow/.local/lib/python3.13/site-packages/pandas/core/indexes/accessors.py","lineno":643,"name":"__new__"}],"is_group":false,"exceptions":[]}]}
{"timestamp":"2026-06-16T18:00:24.428437Z","level":"info","event":"::group::Post Execute","dag_id":"devoluciones_dag","ti_id":"019ed197-5350-7eb8-89e4-178700c4c1ae","try_number":1,"run_id":"manual__2026-06-16T18:00:15.933350+00:00","task_id":"aprobacion_gerente","map_index":-1,"logger":"task","filename":"task_runner.py","lineno":1382}
{"timestamp":"2026-06-16T18:00:24.431281Z","level":"info","event":"Task instance in failure state","logger":"task.stdout"}
{"timestamp":"2026-06-16T18:00:24.431543Z","level":"info","event":"Task start","logger":"task.stdout"}
{"timestamp":"2026-06-16T18:00:24.431802Z","level":"info","event":"Task:<Task(PythonOperator): aprobacion_gerente>","logger":"task.stdout"}
{"timestamp":"2026-06-16T18:00:24.432043Z","level":"info","event":"Failure caused by Can only use .dt accessor with datetimelike values","logger":"task.stdout"}
{"timestamp":"2026-06-16T18:00:24.431575Z","level":"info","event":"::endgroup::","dag_id":"devoluciones_dag","ti_id":"019ed197-5350-7eb8-89e4-178700c4c1ae","try_number":1,"run_id":"manual__2026-06-16T18:00:15.933350+00:00","task_id":"aprobacion_gerente","map_index":-1,"logger":"task","filename":"task_runner.py","lineno":1896}
