{"timestamp":"2026-06-16T18:18:38.873754Z","level":"info","event":"::group::Pre Execute","logger":"task","filename":"task_runner.py","lineno":1926}
{"timestamp":"2026-06-16T18:18:39.181740Z","level":"info","event":"DAG bundles loaded: dags-folder, example_dags","dag_id":"devoluciones_dag","map_index":-1,"run_id":"manual__2026-06-16T18:18:26.512207+00:00","try_number":1,"ti_id":"019ed1a7-f768-7c15-8027-53e9970c0aa9","task_id":"generar_reportes","logger":"airflow.dag_processing.bundles.manager.DagBundlesManager","filename":"manager.py","lineno":209}
{"timestamp":"2026-06-16T18:18:39.183033Z","level":"info","event":"Filling up the DagBag from /opt/airflow/dags/devoluciones_dag.py","dag_id":"devoluciones_dag","map_index":-1,"run_id":"manual__2026-06-16T18:18:26.512207+00:00","try_number":1,"ti_id":"019ed1a7-f768-7c15-8027-53e9970c0aa9","task_id":"generar_reportes","logger":"airflow.dag_processing.dagbag.BundleDagBag","filename":"dagbag.py","lineno":469}
{"timestamp":"2026-06-16T18:18:39.217435Z","level":"warning","event":"The `airflow.operators.python.PythonOperator` attribute is deprecated. Please use `'airflow.providers.standard.operators.python.PythonOperator'`.","category":"UserWarning","filename":"/opt/airflow/dags/devoluciones_dag.py","lineno":2,"dag_id":"devoluciones_dag","map_index":-1,"run_id":"manual__2026-06-16T18:18:26.512207+00:00","try_number":1,"ti_id":"019ed1a7-f768-7c15-8027-53e9970c0aa9","task_id":"generar_reportes","logger":"py.warnings"}
{"timestamp":"2026-06-16T18:18:39.240607Z","level":"info","event":"Task instance is in running state","logger":"task.stdout"}
{"timestamp":"2026-06-16T18:18:39.241032Z","level":"info","event":" Previous state of the Task instance: TaskInstanceState.QUEUED","logger":"task.stdout"}
{"timestamp":"2026-06-16T18:18:39.241397Z","level":"info","event":"Current task name:generar_reportes","logger":"task.stdout"}
{"timestamp":"2026-06-16T18:18:39.241609Z","level":"info","event":"Dag name:devoluciones_dag","logger":"task.stdout"}
{"timestamp":"2026-06-16T18:18:39.241079Z","level":"info","event":"::endgroup::","dag_id":"devoluciones_dag","map_index":-1,"run_id":"manual__2026-06-16T18:18:26.512207+00:00","try_number":1,"ti_id":"019ed1a7-f768-7c15-8027-53e9970c0aa9","task_id":"generar_reportes","logger":"task","filename":"task_runner.py","lineno":1727}
{"timestamp":"2026-06-16T18:18:39.658054Z","level":"info","event":"","logger":"task.stdout"}
{"timestamp":"2026-06-16T18:18:39.658463Z","level":"info","event":"REPORTE DIARIO","logger":"task.stdout"}
{"timestamp":"2026-06-16T18:18:39.668348Z","level":"info","event":"          fecha  total_devoluciones  ...  fraude  pendientes","logger":"task.stdout"}
{"timestamp":"2026-06-16T18:18:39.668811Z","level":"info","event":"0    01-01-2026                  31  ...       0           0","logger":"task.stdout"}
{"timestamp":"2026-06-16T18:18:39.669187Z","level":"info","event":"1    02-01-2026                  30  ...       0           0","logger":"task.stdout"}
{"timestamp":"2026-06-16T18:18:39.669563Z","level":"info","event":"2    03-01-2026                  25  ...       2           0","logger":"task.stdout"}
{"timestamp":"2026-06-16T18:18:39.669911Z","level":"info","event":"3    04-01-2026                  37  ...       1           0","logger":"task.stdout"}
{"timestamp":"2026-06-16T18:18:39.670232Z","level":"info","event":"4    05-01-2026                  33  ...       2           0","logger":"task.stdout"}
{"timestamp":"2026-06-16T18:18:39.670557Z","level":"info","event":"..          ...                 ...  ...     ...         ...","logger":"task.stdout"}
{"timestamp":"2026-06-16T18:18:39.670773Z","level":"info","event":"159  09-06-2026                  36  ...       2           0","logger":"task.stdout"}
{"timestamp":"2026-06-16T18:18:39.671034Z","level":"info","event":"160  10-06-2026                  38  ...       0           0","logger":"task.stdout"}
{"timestamp":"2026-06-16T18:18:39.671288Z","level":"info","event":"161  11-06-2026                  25  ...       0           0","logger":"task.stdout"}
{"timestamp":"2026-06-16T18:18:39.671479Z","level":"info","event":"162  12-06-2026                  19  ...       0           0","logger":"task.stdout"}
{"timestamp":"2026-06-16T18:18:39.671678Z","level":"info","event":"163  16-06-2026                   1  ...       0           1","logger":"task.stdout"}
{"timestamp":"2026-06-16T18:18:39.671839Z","level":"info","event":"","logger":"task.stdout"}
{"timestamp":"2026-06-16T18:18:39.671992Z","level":"info","event":"[164 rows x 9 columns]","logger":"task.stdout"}
{"timestamp":"2026-06-16T18:18:39.749128Z","level":"info","event":"","logger":"task.stdout"}
{"timestamp":"2026-06-16T18:18:39.749500Z","level":"info","event":"REPORTE SEMANAL","logger":"task.stdout"}
{"timestamp":"2026-06-16T18:18:39.760138Z","level":"info","event":"   fecha_inicio   fecha_fin  ...  fraude  pendientes","logger":"task.stdout"}
{"timestamp":"2026-06-16T18:18:39.760547Z","level":"info","event":"0    29-12-2025  04-01-2026  ...       3           0","logger":"task.stdout"}
{"timestamp":"2026-06-16T18:18:39.760914Z","level":"info","event":"1    05-01-2026  11-01-2026  ...      17           0","logger":"task.stdout"}
{"timestamp":"2026-06-16T18:18:39.761214Z","level":"info","event":"2    12-01-2026  18-01-2026  ...      32           0","logger":"task.stdout"}
{"timestamp":"2026-06-16T18:18:39.761571Z","level":"info","event":"3    19-01-2026  25-01-2026  ...      36           0","logger":"task.stdout"}
{"timestamp":"2026-06-16T18:18:39.761907Z","level":"info","event":"4    26-01-2026  01-02-2026  ...      44           0","logger":"task.stdout"}
{"timestamp":"2026-06-16T18:18:39.762187Z","level":"info","event":"5    02-02-2026  08-02-2026  ...      29           0","logger":"task.stdout"}
{"timestamp":"2026-06-16T18:18:39.762499Z","level":"info","event":"6    09-02-2026  15-02-2026  ...      36           0","logger":"task.stdout"}
{"timestamp":"2026-06-16T18:18:39.762768Z","level":"info","event":"7    16-02-2026  22-02-2026  ...      32           0","logger":"task.stdout"}
{"timestamp":"2026-06-16T18:18:39.763049Z","level":"info","event":"8    23-02-2026  01-03-2026  ...      35           0","logger":"task.stdout"}
{"timestamp":"2026-06-16T18:18:39.763378Z","level":"info","event":"9    02-03-2026  08-03-2026  ...      12           0","logger":"task.stdout"}
{"timestamp":"2026-06-16T18:18:39.763595Z","level":"info","event":"10   09-03-2026  15-03-2026  ...      32           0","logger":"task.stdout"}
{"timestamp":"2026-06-16T18:18:39.763845Z","level":"info","event":"11   16-03-2026  22-03-2026  ...      37           0","logger":"task.stdout"}
{"timestamp":"2026-06-16T18:18:39.764056Z","level":"info","event":"12   23-03-2026  29-03-2026  ...      27           0","logger":"task.stdout"}
{"timestamp":"2026-06-16T18:18:39.764267Z","level":"info","event":"13   30-03-2026  05-04-2026  ...      19           0","logger":"task.stdout"}
{"timestamp":"2026-06-16T18:18:39.764435Z","level":"info","event":"14   06-04-2026  12-04-2026  ...      14           0","logger":"task.stdout"}
{"timestamp":"2026-06-16T18:18:39.764592Z","level":"info","event":"15   13-04-2026  19-04-2026  ...       8           0","logger":"task.stdout"}
{"timestamp":"2026-06-16T18:18:39.764739Z","level":"info","event":"16   20-04-2026  26-04-2026  ...      10           0","logger":"task.stdout"}
{"timestamp":"2026-06-16T18:18:39.764890Z","level":"info","event":"17   27-04-2026  03-05-2026  ...       6           0","logger":"task.stdout"}
{"timestamp":"2026-06-16T18:18:39.765034Z","level":"info","event":"18   04-05-2026  10-05-2026  ...       9           0","logger":"task.stdout"}
{"timestamp":"2026-06-16T18:18:39.765184Z","level":"info","event":"19   11-05-2026  17-05-2026  ...      52           0","logger":"task.stdout"}
{"timestamp":"2026-06-16T18:18:39.765330Z","level":"info","event":"20   18-05-2026  24-05-2026  ...      44           0","logger":"task.stdout"}
{"timestamp":"2026-06-16T18:18:39.765490Z","level":"info","event":"21   25-05-2026  31-05-2026  ...      33           0","logger":"task.stdout"}
{"timestamp":"2026-06-16T18:18:39.765634Z","level":"info","event":"22   01-06-2026  07-06-2026  ...      44           0","logger":"task.stdout"}
{"timestamp":"2026-06-16T18:18:39.765811Z","level":"info","event":"23   08-06-2026  14-06-2026  ...       3           0","logger":"task.stdout"}
{"timestamp":"2026-06-16T18:18:39.765956Z","level":"info","event":"24   15-06-2026  21-06-2026  ...       0           1","logger":"task.stdout"}
{"timestamp":"2026-06-16T18:18:39.766105Z","level":"info","event":"","logger":"task.stdout"}
{"timestamp":"2026-06-16T18:18:39.766247Z","level":"info","event":"[25 rows x 10 columns]","logger":"task.stdout"}
{"timestamp":"2026-06-16T18:18:39.762267Z","level":"info","event":"Done. Returned value was: None","dag_id":"devoluciones_dag","map_index":-1,"run_id":"manual__2026-06-16T18:18:26.512207+00:00","try_number":1,"ti_id":"019ed1a7-f768-7c15-8027-53e9970c0aa9","task_id":"generar_reportes","logger":"airflow.task.operators.airflow.providers.standard.operators.python.PythonOperator","filename":"python.py","lineno":233}
{"timestamp":"2026-06-16T18:18:39.762452Z","level":"info","event":"::group::Post Execute","dag_id":"devoluciones_dag","map_index":-1,"run_id":"manual__2026-06-16T18:18:26.512207+00:00","try_number":1,"ti_id":"019ed1a7-f768-7c15-8027-53e9970c0aa9","task_id":"generar_reportes","logger":"task","filename":"task_runner.py","lineno":1288}
{"timestamp":"2026-06-16T18:18:39.785566Z","level":"info","event":"Task instance in success state","logger":"task.stdout"}
{"timestamp":"2026-06-16T18:18:39.785850Z","level":"info","event":" Previous state of the Task instance: TaskInstanceState.RUNNING","logger":"task.stdout"}
{"timestamp":"2026-06-16T18:18:39.786136Z","level":"info","event":"Task operator:<Task(PythonOperator): generar_reportes>","logger":"task.stdout"}
{"timestamp":"2026-06-16T18:18:39.785858Z","level":"info","event":"::endgroup::","dag_id":"devoluciones_dag","map_index":-1,"run_id":"manual__2026-06-16T18:18:26.512207+00:00","try_number":1,"ti_id":"019ed1a7-f768-7c15-8027-53e9970c0aa9","task_id":"generar_reportes","logger":"task","filename":"task_runner.py","lineno":1896}
