{"timestamp":"2026-06-12T03:21:15.944769Z","level":"info","event":"::group::Pre Execute","logger":"task","filename":"task_runner.py","lineno":1926}
{"timestamp":"2026-06-12T03:21:16.271334Z","level":"info","event":"DAG bundles loaded: dags-folder, example_dags","run_id":"manual__2026-06-12T03:21:14.934039+00:00","map_index":-1,"dag_id":"devoluciones_dag","task_id":"leer_csv","ti_id":"019eb9d9-1fc0-7fe0-b47c-c9d52f34ee43","try_number":1,"logger":"airflow.dag_processing.bundles.manager.DagBundlesManager","filename":"manager.py","lineno":209}
{"timestamp":"2026-06-12T03:21:16.272932Z","level":"info","event":"Filling up the DagBag from /opt/airflow/dags/devoluciones_dag.py","run_id":"manual__2026-06-12T03:21:14.934039+00:00","map_index":-1,"dag_id":"devoluciones_dag","task_id":"leer_csv","ti_id":"019eb9d9-1fc0-7fe0-b47c-c9d52f34ee43","try_number":1,"logger":"airflow.dag_processing.dagbag.BundleDagBag","filename":"dagbag.py","lineno":469}
{"timestamp":"2026-06-12T03:21:16.287444Z","level":"warning","event":"The `airflow.operators.python.PythonOperator` attribute is deprecated. Please use `'airflow.providers.standard.operators.python.PythonOperator'`.","category":"UserWarning","filename":"/opt/airflow/dags/devoluciones_dag.py","lineno":2,"run_id":"manual__2026-06-12T03:21:14.934039+00:00","map_index":-1,"dag_id":"devoluciones_dag","task_id":"leer_csv","ti_id":"019eb9d9-1fc0-7fe0-b47c-c9d52f34ee43","try_number":1,"logger":"py.warnings"}
{"timestamp":"2026-06-12T03:21:16.307105Z","level":"info","event":"Task instance is in running state","logger":"task.stdout"}
{"timestamp":"2026-06-12T03:21:16.307500Z","level":"info","event":" Previous state of the Task instance: TaskInstanceState.QUEUED","logger":"task.stdout"}
{"timestamp":"2026-06-12T03:21:16.307776Z","level":"info","event":"Current task name:leer_csv","logger":"task.stdout"}
{"timestamp":"2026-06-12T03:21:16.308033Z","level":"info","event":"Dag name:devoluciones_dag","logger":"task.stdout"}
{"timestamp":"2026-06-12T03:21:16.307494Z","level":"info","event":"::endgroup::","run_id":"manual__2026-06-12T03:21:14.934039+00:00","map_index":-1,"dag_id":"devoluciones_dag","task_id":"leer_csv","ti_id":"019eb9d9-1fc0-7fe0-b47c-c9d52f34ee43","try_number":1,"logger":"task","filename":"task_runner.py","lineno":1727}
{"timestamp":"2026-06-12T03:21:16.315262Z","level":"info","event":"CSV leído correctamente","logger":"task.stdout"}
{"timestamp":"2026-06-12T03:21:16.334611Z","level":"info","event":"   transaction_id       fecha  ...     estado  validacion","logger":"task.stdout"}
{"timestamp":"2026-06-12T03:21:16.335049Z","level":"info","event":"0          TXN001  2026-06-01  ...  pendiente          OK","logger":"task.stdout"}
{"timestamp":"2026-06-12T03:21:16.335370Z","level":"info","event":"1          TXN002  2026-06-01  ...  pendiente          OK","logger":"task.stdout"}
{"timestamp":"2026-06-12T03:21:16.335609Z","level":"info","event":"2          TXN003  2026-06-02  ...  pendiente          OK","logger":"task.stdout"}
{"timestamp":"2026-06-12T03:21:16.335824Z","level":"info","event":"3          TXN004  2026-06-02  ...  pendiente          OK","logger":"task.stdout"}
{"timestamp":"2026-06-12T03:21:16.336106Z","level":"info","event":"4          TXN005  2026-06-03  ...  pendiente          OK","logger":"task.stdout"}
{"timestamp":"2026-06-12T03:21:16.336415Z","level":"info","event":"5          TXN006  2026-06-03  ...  pendiente          OK","logger":"task.stdout"}
{"timestamp":"2026-06-12T03:21:16.336595Z","level":"info","event":"6          TXN007  2026-06-04  ...  pendiente          OK","logger":"task.stdout"}
{"timestamp":"2026-06-12T03:21:16.336751Z","level":"info","event":"7          TXN008  2026-06-04  ...  pendiente          OK","logger":"task.stdout"}
{"timestamp":"2026-06-12T03:21:16.336928Z","level":"info","event":"8          TXN009  2026-06-05  ...  pendiente          OK","logger":"task.stdout"}
{"timestamp":"2026-06-12T03:21:16.337078Z","level":"info","event":"9          TXN010  2026-06-05  ...  pendiente          OK","logger":"task.stdout"}
{"timestamp":"2026-06-12T03:21:16.337226Z","level":"info","event":"10         TXN011  2026-06-06  ...  pendiente          OK","logger":"task.stdout"}
{"timestamp":"2026-06-12T03:21:16.337396Z","level":"info","event":"11         TXN012  2026-06-06  ...  pendiente          OK","logger":"task.stdout"}
{"timestamp":"2026-06-12T03:21:16.337545Z","level":"info","event":"12         TXN013  2026-06-07  ...  pendiente          OK","logger":"task.stdout"}
{"timestamp":"2026-06-12T03:21:16.337688Z","level":"info","event":"13         TXN014  2026-06-07  ...  pendiente          OK","logger":"task.stdout"}
{"timestamp":"2026-06-12T03:21:16.337845Z","level":"info","event":"14         TXN015  2026-06-08  ...  pendiente          OK","logger":"task.stdout"}
{"timestamp":"2026-06-12T03:21:16.337992Z","level":"info","event":"","logger":"task.stdout"}
{"timestamp":"2026-06-12T03:21:16.338134Z","level":"info","event":"[15 rows x 10 columns]","logger":"task.stdout"}
{"timestamp":"2026-06-12T03:21:16.338282Z","level":"info","event":"","logger":"task.stdout"}
{"timestamp":"2026-06-12T03:21:16.338427Z","level":"info","event":"Resumen de validaciones:","logger":"task.stdout"}
{"timestamp":"2026-06-12T03:21:16.338643Z","level":"info","event":"validacion","logger":"task.stdout"}
{"timestamp":"2026-06-12T03:21:16.338796Z","level":"info","event":"OK    15","logger":"task.stdout"}
{"timestamp":"2026-06-12T03:21:16.338956Z","level":"info","event":"Name: count, dtype: int64","logger":"task.stdout"}
{"timestamp":"2026-06-12T03:21:16.335305Z","level":"info","event":"Done. Returned value was: None","run_id":"manual__2026-06-12T03:21:14.934039+00:00","map_index":-1,"dag_id":"devoluciones_dag","task_id":"leer_csv","ti_id":"019eb9d9-1fc0-7fe0-b47c-c9d52f34ee43","try_number":1,"logger":"airflow.task.operators.airflow.providers.standard.operators.python.PythonOperator","filename":"python.py","lineno":233}
{"timestamp":"2026-06-12T03:21:16.335425Z","level":"info","event":"::group::Post Execute","run_id":"manual__2026-06-12T03:21:14.934039+00:00","map_index":-1,"dag_id":"devoluciones_dag","task_id":"leer_csv","ti_id":"019eb9d9-1fc0-7fe0-b47c-c9d52f34ee43","try_number":1,"logger":"task","filename":"task_runner.py","lineno":1288}
{"timestamp":"2026-06-12T03:21:16.360087Z","level":"info","event":"Task instance in success state","logger":"task.stdout"}
{"timestamp":"2026-06-12T03:21:16.360470Z","level":"info","event":" Previous state of the Task instance: TaskInstanceState.RUNNING","logger":"task.stdout"}
{"timestamp":"2026-06-12T03:21:16.360821Z","level":"info","event":"Task operator:<Task(PythonOperator): leer_csv>","logger":"task.stdout"}
{"timestamp":"2026-06-12T03:21:16.360380Z","level":"info","event":"::endgroup::","run_id":"manual__2026-06-12T03:21:14.934039+00:00","map_index":-1,"dag_id":"devoluciones_dag","task_id":"leer_csv","ti_id":"019eb9d9-1fc0-7fe0-b47c-c9d52f34ee43","try_number":1,"logger":"task","filename":"task_runner.py","lineno":1896}
