{"timestamp":"2026-06-12T22:35:36.148378Z","level":"info","event":"::group::Pre Execute","logger":"task","filename":"task_runner.py","lineno":1926}
{"timestamp":"2026-06-12T22:35:36.456184Z","level":"info","event":"DAG bundles loaded: dags-folder, example_dags","try_number":1,"dag_id":"devoluciones_dag","ti_id":"019ebdf9-e145-76db-bc19-83cc511911ac","task_id":"aplicar_reglas","map_index":-1,"run_id":"manual__2026-06-12T22:35:30.476040+00:00","logger":"airflow.dag_processing.bundles.manager.DagBundlesManager","filename":"manager.py","lineno":209}
{"timestamp":"2026-06-12T22:35:36.457819Z","level":"info","event":"Filling up the DagBag from /opt/airflow/dags/devoluciones_dag.py","try_number":1,"dag_id":"devoluciones_dag","ti_id":"019ebdf9-e145-76db-bc19-83cc511911ac","task_id":"aplicar_reglas","map_index":-1,"run_id":"manual__2026-06-12T22:35:30.476040+00:00","logger":"airflow.dag_processing.dagbag.BundleDagBag","filename":"dagbag.py","lineno":469}
{"timestamp":"2026-06-12T22:35:36.488712Z","level":"warning","event":"The `airflow.operators.python.PythonOperator` attribute is deprecated. Please use `'airflow.providers.standard.operators.python.PythonOperator'`.","category":"UserWarning","filename":"/opt/airflow/dags/devoluciones_dag.py","lineno":2,"try_number":1,"dag_id":"devoluciones_dag","ti_id":"019ebdf9-e145-76db-bc19-83cc511911ac","task_id":"aplicar_reglas","map_index":-1,"run_id":"manual__2026-06-12T22:35:30.476040+00:00","logger":"py.warnings"}
{"timestamp":"2026-06-12T22:35:36.509679Z","level":"info","event":"Task instance is in running state","logger":"task.stdout"}
{"timestamp":"2026-06-12T22:35:36.510075Z","level":"info","event":" Previous state of the Task instance: TaskInstanceState.QUEUED","logger":"task.stdout"}
{"timestamp":"2026-06-12T22:35:36.510322Z","level":"info","event":"Current task name:aplicar_reglas","logger":"task.stdout"}
{"timestamp":"2026-06-12T22:35:36.510539Z","level":"info","event":"Dag name:devoluciones_dag","logger":"task.stdout"}
{"timestamp":"2026-06-12T22:35:36.510105Z","level":"info","event":"::endgroup::","try_number":1,"dag_id":"devoluciones_dag","ti_id":"019ebdf9-e145-76db-bc19-83cc511911ac","task_id":"aplicar_reglas","map_index":-1,"run_id":"manual__2026-06-12T22:35:30.476040+00:00","logger":"task","filename":"task_runner.py","lineno":1727}
{"timestamp":"2026-06-12T22:35:36.519068Z","level":"info","event":"RESULTADO DE LAS REGLAS","logger":"task.stdout"}
{"timestamp":"2026-06-12T22:35:36.526157Z","level":"info","event":"   transaction_id    monto     estado                   regla_aplicada","logger":"task.stdout"}
{"timestamp":"2026-06-12T22:35:36.526425Z","level":"info","event":"0          TXN001    150.0   APROBADA            Aprobación automática","logger":"task.stdout"}
{"timestamp":"2026-06-12T22:35:36.526615Z","level":"info","event":"1          TXN002   2500.0  PENDIENTE  Requiere aprobación del gerente","logger":"task.stdout"}
{"timestamp":"2026-06-12T22:35:36.526782Z","level":"info","event":"2          TXN003     75.5   APROBADA            Aprobación automática","logger":"task.stdout"}
{"timestamp":"2026-06-12T22:35:36.527043Z","level":"info","event":"3          TXN004   8000.0   REVISION                Revisión especial","logger":"task.stdout"}
{"timestamp":"2026-06-12T22:35:36.527309Z","level":"info","event":"4          TXN005    320.0   APROBADA            Aprobación automática","logger":"task.stdout"}
{"timestamp":"2026-06-12T22:35:36.527558Z","level":"info","event":"5          TXN006   1500.0  PENDIENTE  Requiere aprobación del gerente","logger":"task.stdout"}
{"timestamp":"2026-06-12T22:35:36.527764Z","level":"info","event":"6          TXN007     50.0   APROBADA            Aprobación automática","logger":"task.stdout"}
{"timestamp":"2026-06-12T22:35:36.527970Z","level":"info","event":"7          TXN008   6500.0   REVISION                Revisión especial","logger":"task.stdout"}
{"timestamp":"2026-06-12T22:35:36.528181Z","level":"info","event":"8          TXN009    900.0   APROBADA            Aprobación automática","logger":"task.stdout"}
{"timestamp":"2026-06-12T22:35:36.528383Z","level":"info","event":"9          TXN010   3200.0  PENDIENTE  Requiere aprobación del gerente","logger":"task.stdout"}
{"timestamp":"2026-06-12T22:35:36.528652Z","level":"info","event":"10         TXN011    200.0   APROBADA            Aprobación automática","logger":"task.stdout"}
{"timestamp":"2026-06-12T22:35:36.528986Z","level":"info","event":"11         TXN012  12000.0   REVISION                Revisión especial","logger":"task.stdout"}
{"timestamp":"2026-06-12T22:35:36.529236Z","level":"info","event":"12         TXN013    450.0   APROBADA            Aprobación automática","logger":"task.stdout"}
{"timestamp":"2026-06-12T22:35:36.529471Z","level":"info","event":"13         TXN014   1200.0  PENDIENTE  Requiere aprobación del gerente","logger":"task.stdout"}
{"timestamp":"2026-06-12T22:35:36.529797Z","level":"info","event":"14         TXN015   5500.0   REVISION                Revisión especial","logger":"task.stdout"}
{"timestamp":"2026-06-12T22:35:36.529510Z","level":"info","event":"Done. Returned value was: None","try_number":1,"dag_id":"devoluciones_dag","ti_id":"019ebdf9-e145-76db-bc19-83cc511911ac","task_id":"aplicar_reglas","map_index":-1,"run_id":"manual__2026-06-12T22:35:30.476040+00:00","logger":"airflow.task.operators.airflow.providers.standard.operators.python.PythonOperator","filename":"python.py","lineno":233}
{"timestamp":"2026-06-12T22:35:36.529641Z","level":"info","event":"::group::Post Execute","try_number":1,"dag_id":"devoluciones_dag","ti_id":"019ebdf9-e145-76db-bc19-83cc511911ac","task_id":"aplicar_reglas","map_index":-1,"run_id":"manual__2026-06-12T22:35:30.476040+00:00","logger":"task","filename":"task_runner.py","lineno":1288}
{"timestamp":"2026-06-12T22:35:36.547102Z","level":"info","event":"Task instance in success state","logger":"task.stdout"}
{"timestamp":"2026-06-12T22:35:36.547508Z","level":"info","event":" Previous state of the Task instance: TaskInstanceState.RUNNING","logger":"task.stdout"}
{"timestamp":"2026-06-12T22:35:36.547866Z","level":"info","event":"Task operator:<Task(PythonOperator): aplicar_reglas>","logger":"task.stdout"}
{"timestamp":"2026-06-12T22:35:36.547499Z","level":"info","event":"::endgroup::","try_number":1,"dag_id":"devoluciones_dag","ti_id":"019ebdf9-e145-76db-bc19-83cc511911ac","task_id":"aplicar_reglas","map_index":-1,"run_id":"manual__2026-06-12T22:35:30.476040+00:00","logger":"task","filename":"task_runner.py","lineno":1896}
