{"timestamp":"2026-06-13T00:41:23.636977Z","level":"info","event":"::group::Pre Execute","logger":"task","filename":"task_runner.py","lineno":1926}
{"timestamp":"2026-06-13T00:41:23.946925Z","level":"info","event":"DAG bundles loaded: dags-folder, example_dags","try_number":1,"dag_id":"devoluciones_dag","task_id":"leer_csv","run_id":"manual__2026-06-13T00:41:22.798075+00:00","map_index":-1,"ti_id":"019ebe6d-1e80-79a1-830f-89dc418aba5c","logger":"airflow.dag_processing.bundles.manager.DagBundlesManager","filename":"manager.py","lineno":209}
{"timestamp":"2026-06-13T00:41:23.948647Z","level":"info","event":"Filling up the DagBag from /opt/airflow/dags/devoluciones_dag.py","try_number":1,"dag_id":"devoluciones_dag","task_id":"leer_csv","run_id":"manual__2026-06-13T00:41:22.798075+00:00","map_index":-1,"ti_id":"019ebe6d-1e80-79a1-830f-89dc418aba5c","logger":"airflow.dag_processing.dagbag.BundleDagBag","filename":"dagbag.py","lineno":469}
{"timestamp":"2026-06-13T00:41:23.982264Z","level":"warning","event":"The `airflow.operators.python.PythonOperator` attribute is deprecated. Please use `'airflow.providers.standard.operators.python.PythonOperator'`.","category":"UserWarning","filename":"/opt/airflow/dags/devoluciones_dag.py","lineno":2,"try_number":1,"dag_id":"devoluciones_dag","task_id":"leer_csv","run_id":"manual__2026-06-13T00:41:22.798075+00:00","map_index":-1,"ti_id":"019ebe6d-1e80-79a1-830f-89dc418aba5c","logger":"py.warnings"}
{"timestamp":"2026-06-13T00:41:24.001274Z","level":"info","event":"Task instance is in running state","logger":"task.stdout"}
{"timestamp":"2026-06-13T00:41:24.001596Z","level":"info","event":" Previous state of the Task instance: TaskInstanceState.QUEUED","logger":"task.stdout"}
{"timestamp":"2026-06-13T00:41:24.001869Z","level":"info","event":"Current task name:leer_csv","logger":"task.stdout"}
{"timestamp":"2026-06-13T00:41:24.002083Z","level":"info","event":"Dag name:devoluciones_dag","logger":"task.stdout"}
{"timestamp":"2026-06-13T00:41:24.001567Z","level":"info","event":"::endgroup::","try_number":1,"dag_id":"devoluciones_dag","task_id":"leer_csv","run_id":"manual__2026-06-13T00:41:22.798075+00:00","map_index":-1,"ti_id":"019ebe6d-1e80-79a1-830f-89dc418aba5c","logger":"task","filename":"task_runner.py","lineno":1727}
{"timestamp":"2026-06-13T00:41:24.007572Z","level":"info","event":"Archivo leído correctamente","logger":"task.stdout"}
{"timestamp":"2026-06-13T00:41:24.015904Z","level":"info","event":"  transaction_id       fecha  ...                     descripcion     estado","logger":"task.stdout"}
{"timestamp":"2026-06-13T00:41:24.016305Z","level":"info","event":"0         TXN001  2026-06-01  ...  Devolucion compra supermercado  pendiente","logger":"task.stdout"}
{"timestamp":"2026-06-13T00:41:24.016620Z","level":"info","event":"1         TXN002  2026-06-01  ...     Devolucion electrodomestico  pendiente","logger":"task.stdout"}
{"timestamp":"2026-06-13T00:41:24.016961Z","level":"info","event":"2         TXN003  2026-06-02  ...        Devolucion ropa en linea  pendiente","logger":"task.stdout"}
{"timestamp":"2026-06-13T00:41:24.017292Z","level":"info","event":"3         TXN004  2026-06-02  ...    Devolucion equipo de computo  pendiente","logger":"task.stdout"}
{"timestamp":"2026-06-13T00:41:24.017540Z","level":"info","event":"4         TXN005  2026-06-03  ...          Devolucion restaurante  pendiente","logger":"task.stdout"}
{"timestamp":"2026-06-13T00:41:24.017847Z","level":"info","event":"","logger":"task.stdout"}
{"timestamp":"2026-06-13T00:41:24.018133Z","level":"info","event":"[5 rows x 8 columns]","logger":"task.stdout"}
{"timestamp":"2026-06-13T00:41:24.019161Z","level":"info","event":"Done. Returned value was: None","try_number":1,"dag_id":"devoluciones_dag","task_id":"leer_csv","run_id":"manual__2026-06-13T00:41:22.798075+00:00","map_index":-1,"ti_id":"019ebe6d-1e80-79a1-830f-89dc418aba5c","logger":"airflow.task.operators.airflow.providers.standard.operators.python.PythonOperator","filename":"python.py","lineno":233}
{"timestamp":"2026-06-13T00:41:24.019345Z","level":"info","event":"::group::Post Execute","try_number":1,"dag_id":"devoluciones_dag","task_id":"leer_csv","run_id":"manual__2026-06-13T00:41:22.798075+00:00","map_index":-1,"ti_id":"019ebe6d-1e80-79a1-830f-89dc418aba5c","logger":"task","filename":"task_runner.py","lineno":1288}
{"timestamp":"2026-06-13T00:41:24.036880Z","level":"info","event":"Task instance in success state","logger":"task.stdout"}
{"timestamp":"2026-06-13T00:41:24.037187Z","level":"info","event":" Previous state of the Task instance: TaskInstanceState.RUNNING","logger":"task.stdout"}
{"timestamp":"2026-06-13T00:41:24.037543Z","level":"info","event":"Task operator:<Task(PythonOperator): leer_csv>","logger":"task.stdout"}
{"timestamp":"2026-06-13T00:41:24.037120Z","level":"info","event":"::endgroup::","try_number":1,"dag_id":"devoluciones_dag","task_id":"leer_csv","run_id":"manual__2026-06-13T00:41:22.798075+00:00","map_index":-1,"ti_id":"019ebe6d-1e80-79a1-830f-89dc418aba5c","logger":"task","filename":"task_runner.py","lineno":1896}
