{"timestamp":"2026-06-12T03:48:02.288054Z","level":"info","event":"::group::Pre Execute","logger":"task","filename":"task_runner.py","lineno":1926}
{"timestamp":"2026-06-12T03:48:02.670284Z","level":"info","event":"DAG bundles loaded: dags-folder, example_dags","run_id":"manual__2026-06-12T03:47:59.577555+00:00","task_id":"aplicar_reglas","try_number":1,"map_index":-1,"dag_id":"devoluciones_dag","ti_id":"019eb9f1-9be6-7e29-b794-680ec2999a91","logger":"airflow.dag_processing.bundles.manager.DagBundlesManager","filename":"manager.py","lineno":209}
{"timestamp":"2026-06-12T03:48:02.672982Z","level":"info","event":"Filling up the DagBag from /opt/airflow/dags/devoluciones_dag.py","run_id":"manual__2026-06-12T03:47:59.577555+00:00","task_id":"aplicar_reglas","try_number":1,"map_index":-1,"dag_id":"devoluciones_dag","ti_id":"019eb9f1-9be6-7e29-b794-680ec2999a91","logger":"airflow.dag_processing.dagbag.BundleDagBag","filename":"dagbag.py","lineno":469}
{"timestamp":"2026-06-12T03:48:02.701581Z","level":"warning","event":"The `airflow.operators.python.PythonOperator` attribute is deprecated. Please use `'airflow.providers.standard.operators.python.PythonOperator'`.","category":"UserWarning","filename":"/opt/airflow/dags/devoluciones_dag.py","lineno":2,"run_id":"manual__2026-06-12T03:47:59.577555+00:00","task_id":"aplicar_reglas","try_number":1,"map_index":-1,"dag_id":"devoluciones_dag","ti_id":"019eb9f1-9be6-7e29-b794-680ec2999a91","logger":"py.warnings"}
{"timestamp":"2026-06-12T03:48:02.727248Z","level":"info","event":"Task instance is in running state","logger":"task.stdout"}
{"timestamp":"2026-06-12T03:48:02.727578Z","level":"info","event":" Previous state of the Task instance: TaskInstanceState.QUEUED","logger":"task.stdout"}
{"timestamp":"2026-06-12T03:48:02.727783Z","level":"info","event":"Current task name:aplicar_reglas","logger":"task.stdout"}
{"timestamp":"2026-06-12T03:48:02.727959Z","level":"info","event":"Dag name:devoluciones_dag","logger":"task.stdout"}
{"timestamp":"2026-06-12T03:48:02.727722Z","level":"info","event":"::endgroup::","run_id":"manual__2026-06-12T03:47:59.577555+00:00","task_id":"aplicar_reglas","try_number":1,"map_index":-1,"dag_id":"devoluciones_dag","ti_id":"019eb9f1-9be6-7e29-b794-680ec2999a91","logger":"task","filename":"task_runner.py","lineno":1727}
{"timestamp":"2026-06-12T03:48:02.738044Z","level":"info","event":"RESULTADO DE LAS REGLAS","logger":"task.stdout"}
{"timestamp":"2026-06-12T03:48:02.746922Z","level":"info","event":"   transaction_id    monto     estado                   regla_aplicada","logger":"task.stdout"}
{"timestamp":"2026-06-12T03:48:02.747268Z","level":"info","event":"0          TXN001    150.0   APROBADA            Aprobación automática","logger":"task.stdout"}
{"timestamp":"2026-06-12T03:48:02.747510Z","level":"info","event":"1          TXN002   2500.0  PENDIENTE  Requiere aprobación del gerente","logger":"task.stdout"}
{"timestamp":"2026-06-12T03:48:02.747793Z","level":"info","event":"2          TXN003     75.5   APROBADA            Aprobación automática","logger":"task.stdout"}
{"timestamp":"2026-06-12T03:48:02.748033Z","level":"info","event":"3          TXN004   8000.0   REVISION                Revisión especial","logger":"task.stdout"}
{"timestamp":"2026-06-12T03:48:02.748253Z","level":"info","event":"4          TXN005    320.0   APROBADA            Aprobación automática","logger":"task.stdout"}
{"timestamp":"2026-06-12T03:48:02.748434Z","level":"info","event":"5          TXN006   1500.0  PENDIENTE  Requiere aprobación del gerente","logger":"task.stdout"}
{"timestamp":"2026-06-12T03:48:02.748635Z","level":"info","event":"6          TXN007     50.0   APROBADA            Aprobación automática","logger":"task.stdout"}
{"timestamp":"2026-06-12T03:48:02.748824Z","level":"info","event":"7          TXN008   6500.0   REVISION                Revisión especial","logger":"task.stdout"}
{"timestamp":"2026-06-12T03:48:02.749026Z","level":"info","event":"8          TXN009    900.0   APROBADA            Aprobación automática","logger":"task.stdout"}
{"timestamp":"2026-06-12T03:48:02.749220Z","level":"info","event":"9          TXN010   3200.0  PENDIENTE  Requiere aprobación del gerente","logger":"task.stdout"}
{"timestamp":"2026-06-12T03:48:02.749443Z","level":"info","event":"10         TXN011    200.0   APROBADA            Aprobación automática","logger":"task.stdout"}
{"timestamp":"2026-06-12T03:48:02.749678Z","level":"info","event":"11         TXN012  12000.0   REVISION                Revisión especial","logger":"task.stdout"}
{"timestamp":"2026-06-12T03:48:02.749863Z","level":"info","event":"12         TXN013    450.0   APROBADA            Aprobación automática","logger":"task.stdout"}
{"timestamp":"2026-06-12T03:48:02.750073Z","level":"info","event":"13         TXN014   1200.0  PENDIENTE  Requiere aprobación del gerente","logger":"task.stdout"}
{"timestamp":"2026-06-12T03:48:02.750542Z","level":"info","event":"14         TXN015   5500.0   REVISION                Revisión especial","logger":"task.stdout"}
{"timestamp":"2026-06-12T03:48:02.751146Z","level":"info","event":"Done. Returned value was: None","run_id":"manual__2026-06-12T03:47:59.577555+00:00","task_id":"aplicar_reglas","try_number":1,"map_index":-1,"dag_id":"devoluciones_dag","ti_id":"019eb9f1-9be6-7e29-b794-680ec2999a91","logger":"airflow.task.operators.airflow.providers.standard.operators.python.PythonOperator","filename":"python.py","lineno":233}
{"timestamp":"2026-06-12T03:48:02.751394Z","level":"info","event":"::group::Post Execute","run_id":"manual__2026-06-12T03:47:59.577555+00:00","task_id":"aplicar_reglas","try_number":1,"map_index":-1,"dag_id":"devoluciones_dag","ti_id":"019eb9f1-9be6-7e29-b794-680ec2999a91","logger":"task","filename":"task_runner.py","lineno":1288}
{"timestamp":"2026-06-12T03:48:02.777870Z","level":"info","event":"Task instance in success state","logger":"task.stdout"}
{"timestamp":"2026-06-12T03:48:02.778342Z","level":"info","event":" Previous state of the Task instance: TaskInstanceState.RUNNING","logger":"task.stdout"}
{"timestamp":"2026-06-12T03:48:02.784835Z","level":"info","event":"Task operator:<Task(PythonOperator): aplicar_reglas>","logger":"task.stdout"}
{"timestamp":"2026-06-12T03:48:02.778247Z","level":"info","event":"::endgroup::","run_id":"manual__2026-06-12T03:47:59.577555+00:00","task_id":"aplicar_reglas","try_number":1,"map_index":-1,"dag_id":"devoluciones_dag","ti_id":"019eb9f1-9be6-7e29-b794-680ec2999a91","logger":"task","filename":"task_runner.py","lineno":1896}
