{"timestamp":"2026-06-12T23:31:29.188626Z","level":"info","event":"::group::Pre Execute","logger":"task","filename":"task_runner.py","lineno":1926}
{"timestamp":"2026-06-12T23:31:29.478790Z","level":"info","event":"DAG bundles loaded: dags-folder, example_dags","dag_id":"devoluciones_dag","try_number":1,"ti_id":"019ebe2d-1d8f-7302-9b2a-b410c17ac685","run_id":"manual__2026-06-12T23:31:28.256756+00:00","map_index":-1,"task_id":"leer_csv","logger":"airflow.dag_processing.bundles.manager.DagBundlesManager","filename":"manager.py","lineno":209}
{"timestamp":"2026-06-12T23:31:29.480363Z","level":"info","event":"Filling up the DagBag from /opt/airflow/dags/devoluciones_dag.py","dag_id":"devoluciones_dag","try_number":1,"ti_id":"019ebe2d-1d8f-7302-9b2a-b410c17ac685","run_id":"manual__2026-06-12T23:31:28.256756+00:00","map_index":-1,"task_id":"leer_csv","logger":"airflow.dag_processing.dagbag.BundleDagBag","filename":"dagbag.py","lineno":469}
{"timestamp":"2026-06-12T23:31:29.508818Z","level":"warning","event":"The `airflow.operators.python.PythonOperator` attribute is deprecated. Please use `'airflow.providers.standard.operators.python.PythonOperator'`.","category":"UserWarning","filename":"/opt/airflow/dags/devoluciones_dag.py","lineno":2,"dag_id":"devoluciones_dag","try_number":1,"ti_id":"019ebe2d-1d8f-7302-9b2a-b410c17ac685","run_id":"manual__2026-06-12T23:31:28.256756+00:00","map_index":-1,"task_id":"leer_csv","logger":"py.warnings"}
{"timestamp":"2026-06-12T23:31:29.528820Z","level":"info","event":"Task instance is in running state","logger":"task.stdout"}
{"timestamp":"2026-06-12T23:31:29.529301Z","level":"info","event":" Previous state of the Task instance: TaskInstanceState.QUEUED","logger":"task.stdout"}
{"timestamp":"2026-06-12T23:31:29.529687Z","level":"info","event":"Current task name:leer_csv","logger":"task.stdout"}
{"timestamp":"2026-06-12T23:31:29.529923Z","level":"info","event":"Dag name:devoluciones_dag","logger":"task.stdout"}
{"timestamp":"2026-06-12T23:31:29.529171Z","level":"info","event":"::endgroup::","dag_id":"devoluciones_dag","try_number":1,"ti_id":"019ebe2d-1d8f-7302-9b2a-b410c17ac685","run_id":"manual__2026-06-12T23:31:28.256756+00:00","map_index":-1,"task_id":"leer_csv","logger":"task","filename":"task_runner.py","lineno":1727}
{"timestamp":"2026-06-12T23:31:29.535675Z","level":"info","event":"Archivo leído correctamente","logger":"task.stdout"}
{"timestamp":"2026-06-12T23:31:29.545304Z","level":"info","event":"  transaction_id       fecha  ...                     descripcion     estado","logger":"task.stdout"}
{"timestamp":"2026-06-12T23:31:29.545759Z","level":"info","event":"0         TXN001  2026-06-01  ...  Devolucion compra supermercado  pendiente","logger":"task.stdout"}
{"timestamp":"2026-06-12T23:31:29.546187Z","level":"info","event":"1         TXN002  2026-06-01  ...     Devolucion electrodomestico  pendiente","logger":"task.stdout"}
{"timestamp":"2026-06-12T23:31:29.546519Z","level":"info","event":"2         TXN003  2026-06-02  ...        Devolucion ropa en linea  pendiente","logger":"task.stdout"}
{"timestamp":"2026-06-12T23:31:29.546818Z","level":"info","event":"3         TXN004  2026-06-02  ...    Devolucion equipo de computo  pendiente","logger":"task.stdout"}
{"timestamp":"2026-06-12T23:31:29.547085Z","level":"info","event":"4         TXN005  2026-06-03  ...          Devolucion restaurante  pendiente","logger":"task.stdout"}
{"timestamp":"2026-06-12T23:31:29.547398Z","level":"info","event":"","logger":"task.stdout"}
{"timestamp":"2026-06-12T23:31:29.547664Z","level":"info","event":"[5 rows x 9 columns]","logger":"task.stdout"}
{"timestamp":"2026-06-12T23:31:29.549066Z","level":"info","event":"Done. Returned value was: None","dag_id":"devoluciones_dag","try_number":1,"ti_id":"019ebe2d-1d8f-7302-9b2a-b410c17ac685","run_id":"manual__2026-06-12T23:31:28.256756+00:00","map_index":-1,"task_id":"leer_csv","logger":"airflow.task.operators.airflow.providers.standard.operators.python.PythonOperator","filename":"python.py","lineno":233}
{"timestamp":"2026-06-12T23:31:29.549254Z","level":"info","event":"::group::Post Execute","dag_id":"devoluciones_dag","try_number":1,"ti_id":"019ebe2d-1d8f-7302-9b2a-b410c17ac685","run_id":"manual__2026-06-12T23:31:28.256756+00:00","map_index":-1,"task_id":"leer_csv","logger":"task","filename":"task_runner.py","lineno":1288}
{"timestamp":"2026-06-12T23:31:29.567516Z","level":"info","event":"Task instance in success state","logger":"task.stdout"}
{"timestamp":"2026-06-12T23:31:29.567928Z","level":"info","event":" Previous state of the Task instance: TaskInstanceState.RUNNING","logger":"task.stdout"}
{"timestamp":"2026-06-12T23:31:29.568260Z","level":"info","event":"Task operator:<Task(PythonOperator): leer_csv>","logger":"task.stdout"}
{"timestamp":"2026-06-12T23:31:29.567782Z","level":"info","event":"::endgroup::","dag_id":"devoluciones_dag","try_number":1,"ti_id":"019ebe2d-1d8f-7302-9b2a-b410c17ac685","run_id":"manual__2026-06-12T23:31:28.256756+00:00","map_index":-1,"task_id":"leer_csv","logger":"task","filename":"task_runner.py","lineno":1896}
