{"timestamp":"2026-06-13T01:09:02.532368Z","level":"info","event":"::group::Pre Execute","logger":"task","filename":"task_runner.py","lineno":1926}
{"timestamp":"2026-06-13T01:09:02.973153Z","level":"info","event":"DAG bundles loaded: dags-folder, example_dags","task_id":"reporte_diario","try_number":1,"dag_id":"devoluciones_dag","run_id":"manual__2026-06-13T01:08:55.145492+00:00","map_index":-1,"ti_id":"019ebe86-54fb-72e4-a428-b1cccc3d2dc1","logger":"airflow.dag_processing.bundles.manager.DagBundlesManager","filename":"manager.py","lineno":209}
{"timestamp":"2026-06-13T01:09:02.974949Z","level":"info","event":"Filling up the DagBag from /opt/airflow/dags/devoluciones_dag.py","task_id":"reporte_diario","try_number":1,"dag_id":"devoluciones_dag","run_id":"manual__2026-06-13T01:08:55.145492+00:00","map_index":-1,"ti_id":"019ebe86-54fb-72e4-a428-b1cccc3d2dc1","logger":"airflow.dag_processing.dagbag.BundleDagBag","filename":"dagbag.py","lineno":469}
{"timestamp":"2026-06-13T01:09:03.020715Z","level":"warning","event":"The `airflow.operators.python.PythonOperator` attribute is deprecated. Please use `'airflow.providers.standard.operators.python.PythonOperator'`.","category":"UserWarning","filename":"/opt/airflow/dags/devoluciones_dag.py","lineno":2,"task_id":"reporte_diario","try_number":1,"dag_id":"devoluciones_dag","run_id":"manual__2026-06-13T01:08:55.145492+00:00","map_index":-1,"ti_id":"019ebe86-54fb-72e4-a428-b1cccc3d2dc1","logger":"py.warnings"}
{"timestamp":"2026-06-13T01:09:03.057061Z","level":"info","event":"Task instance is in running state","logger":"task.stdout"}
{"timestamp":"2026-06-13T01:09:03.057575Z","level":"info","event":" Previous state of the Task instance: TaskInstanceState.QUEUED","logger":"task.stdout"}
{"timestamp":"2026-06-13T01:09:03.057891Z","level":"info","event":"Current task name:reporte_diario","logger":"task.stdout"}
{"timestamp":"2026-06-13T01:09:03.058292Z","level":"info","event":"Dag name:devoluciones_dag","logger":"task.stdout"}
{"timestamp":"2026-06-13T01:09:03.057497Z","level":"info","event":"::endgroup::","task_id":"reporte_diario","try_number":1,"dag_id":"devoluciones_dag","run_id":"manual__2026-06-13T01:08:55.145492+00:00","map_index":-1,"ti_id":"019ebe86-54fb-72e4-a428-b1cccc3d2dc1","logger":"task","filename":"task_runner.py","lineno":1727}
{"timestamp":"2026-06-13T01:09:03.243002Z","level":"info","event":"","logger":"task.stdout"}
{"timestamp":"2026-06-13T01:09:03.243282Z","level":"info","event":"REPORTE DIARIO","logger":"task.stdout"}
{"timestamp":"2026-06-13T01:09:03.260904Z","level":"info","event":"          fecha  total_devoluciones  monto_total  ...  pendientes  revision  fraude","logger":"task.stdout"}
{"timestamp":"2026-06-13T01:09:03.261430Z","level":"info","event":"0    2026-01-01                  31    193047.04  ...           5        12       0","logger":"task.stdout"}
{"timestamp":"2026-06-13T01:09:03.261696Z","level":"info","event":"1    2026-01-02                  30    108642.79  ...           8         4       0","logger":"task.stdout"}
{"timestamp":"2026-06-13T01:09:03.262008Z","level":"info","event":"2    2026-01-03                  25     82465.31  ...           9         4       2","logger":"task.stdout"}
{"timestamp":"2026-06-13T01:09:03.262310Z","level":"info","event":"3    2026-01-04                  37    154371.91  ...          11         6       1","logger":"task.stdout"}
{"timestamp":"2026-06-13T01:09:03.262513Z","level":"info","event":"4    2026-01-05                  33    157287.12  ...           7         9       2","logger":"task.stdout"}
{"timestamp":"2026-06-13T01:09:03.262697Z","level":"info","event":"..          ...                 ...          ...  ...         ...       ...     ...","logger":"task.stdout"}
{"timestamp":"2026-06-13T01:09:03.262877Z","level":"info","event":"158  2026-06-08                  25     93582.24  ...           5         5       1","logger":"task.stdout"}
{"timestamp":"2026-06-13T01:09:03.263057Z","level":"info","event":"159  2026-06-09                  36    139801.71  ...           8         6       2","logger":"task.stdout"}
{"timestamp":"2026-06-13T01:09:03.263517Z","level":"info","event":"160  2026-06-10                  39    193921.87  ...          13        10       0","logger":"task.stdout"}
{"timestamp":"2026-06-13T01:09:03.263691Z","level":"info","event":"161  2026-06-11                  25    134026.44  ...           7         9       0","logger":"task.stdout"}
{"timestamp":"2026-06-13T01:09:03.263860Z","level":"info","event":"162  2026-06-12                  19     80638.11  ...           9         3       0","logger":"task.stdout"}
{"timestamp":"2026-06-13T01:09:03.264275Z","level":"info","event":"","logger":"task.stdout"}
{"timestamp":"2026-06-13T01:09:03.264492Z","level":"info","event":"[163 rows x 7 columns]","logger":"task.stdout"}
{"timestamp":"2026-06-13T01:09:03.263844Z","level":"info","event":"Done. Returned value was: None","task_id":"reporte_diario","try_number":1,"dag_id":"devoluciones_dag","run_id":"manual__2026-06-13T01:08:55.145492+00:00","map_index":-1,"ti_id":"019ebe86-54fb-72e4-a428-b1cccc3d2dc1","logger":"airflow.task.operators.airflow.providers.standard.operators.python.PythonOperator","filename":"python.py","lineno":233}
{"timestamp":"2026-06-13T01:09:03.264004Z","level":"info","event":"::group::Post Execute","task_id":"reporte_diario","try_number":1,"dag_id":"devoluciones_dag","run_id":"manual__2026-06-13T01:08:55.145492+00:00","map_index":-1,"ti_id":"019ebe86-54fb-72e4-a428-b1cccc3d2dc1","logger":"task","filename":"task_runner.py","lineno":1288}
{"timestamp":"2026-06-13T01:09:03.290343Z","level":"info","event":"Task instance in success state","logger":"task.stdout"}
{"timestamp":"2026-06-13T01:09:03.290696Z","level":"info","event":" Previous state of the Task instance: TaskInstanceState.RUNNING","logger":"task.stdout"}
{"timestamp":"2026-06-13T01:09:03.291298Z","level":"info","event":"Task operator:<Task(PythonOperator): reporte_diario>","logger":"task.stdout"}
{"timestamp":"2026-06-13T01:09:03.290638Z","level":"info","event":"::endgroup::","task_id":"reporte_diario","try_number":1,"dag_id":"devoluciones_dag","run_id":"manual__2026-06-13T01:08:55.145492+00:00","map_index":-1,"ti_id":"019ebe86-54fb-72e4-a428-b1cccc3d2dc1","logger":"task","filename":"task_runner.py","lineno":1896}
