{"timestamp":"2026-06-16T17:29:32.031260Z","level":"info","event":"::group::Pre Execute","logger":"task","filename":"task_runner.py","lineno":1926}
{"timestamp":"2026-06-16T17:29:32.356114Z","level":"info","event":"DAG bundles loaded: dags-folder, example_dags","task_id":"generar_reportes","map_index":-1,"try_number":1,"run_id":"manual__2026-06-16T17:29:19.116518+00:00","dag_id":"devoluciones_dag","ti_id":"019ed17a-fe24-79b1-91d0-6ee8c8955144","logger":"airflow.dag_processing.bundles.manager.DagBundlesManager","filename":"manager.py","lineno":209}
{"timestamp":"2026-06-16T17:29:32.357912Z","level":"info","event":"Filling up the DagBag from /opt/airflow/dags/devoluciones_dag.py","task_id":"generar_reportes","map_index":-1,"try_number":1,"run_id":"manual__2026-06-16T17:29:19.116518+00:00","dag_id":"devoluciones_dag","ti_id":"019ed17a-fe24-79b1-91d0-6ee8c8955144","logger":"airflow.dag_processing.dagbag.BundleDagBag","filename":"dagbag.py","lineno":469}
{"timestamp":"2026-06-16T17:29:32.392250Z","level":"warning","event":"The `airflow.operators.python.PythonOperator` attribute is deprecated. Please use `'airflow.providers.standard.operators.python.PythonOperator'`.","category":"UserWarning","filename":"/opt/airflow/dags/devoluciones_dag.py","lineno":2,"task_id":"generar_reportes","map_index":-1,"try_number":1,"run_id":"manual__2026-06-16T17:29:19.116518+00:00","dag_id":"devoluciones_dag","ti_id":"019ed17a-fe24-79b1-91d0-6ee8c8955144","logger":"py.warnings"}
{"timestamp":"2026-06-16T17:29:32.410808Z","level":"info","event":"Task instance is in running state","logger":"task.stdout"}
{"timestamp":"2026-06-16T17:29:32.411155Z","level":"info","event":" Previous state of the Task instance: TaskInstanceState.QUEUED","logger":"task.stdout"}
{"timestamp":"2026-06-16T17:29:32.411457Z","level":"info","event":"Current task name:generar_reportes","logger":"task.stdout"}
{"timestamp":"2026-06-16T17:29:32.411692Z","level":"info","event":"Dag name:devoluciones_dag","logger":"task.stdout"}
{"timestamp":"2026-06-16T17:29:32.411163Z","level":"info","event":"::endgroup::","task_id":"generar_reportes","map_index":-1,"try_number":1,"run_id":"manual__2026-06-16T17:29:19.116518+00:00","dag_id":"devoluciones_dag","ti_id":"019ed17a-fe24-79b1-91d0-6ee8c8955144","logger":"task","filename":"task_runner.py","lineno":1727}
{"timestamp":"2026-06-16T17:29:32.615668Z","level":"info","event":"","logger":"task.stdout"}
{"timestamp":"2026-06-16T17:29:32.616057Z","level":"info","event":"REPORTE DIARIO","logger":"task.stdout"}
{"timestamp":"2026-06-16T17:29:32.624493Z","level":"info","event":"             fecha  total_devoluciones  ...  fraude  pendientes","logger":"task.stdout"}
{"timestamp":"2026-06-16T17:29:32.624905Z","level":"info","event":"0          1767225                   8  ...       0           0","logger":"task.stdout"}
{"timestamp":"2026-06-16T17:29:32.625255Z","level":"info","event":"1    1767225600000                  23  ...       0           0","logger":"task.stdout"}
{"timestamp":"2026-06-16T17:29:32.625616Z","level":"info","event":"2          1767312                   4  ...       0           0","logger":"task.stdout"}
{"timestamp":"2026-06-16T17:29:32.625910Z","level":"info","event":"3    1767312000000                  26  ...       0           0","logger":"task.stdout"}
{"timestamp":"2026-06-16T17:29:32.626259Z","level":"info","event":"4          1767398                   3  ...       0           0","logger":"task.stdout"}
{"timestamp":"2026-06-16T17:29:32.626562Z","level":"info","event":"..             ...                 ...  ...     ...         ...","logger":"task.stdout"}
{"timestamp":"2026-06-16T17:29:32.626916Z","level":"info","event":"352     2026-05-13                   1  ...       0           0","logger":"task.stdout"}
{"timestamp":"2026-06-16T17:29:32.627293Z","level":"info","event":"353     2026-05-14                   1  ...       0           0","logger":"task.stdout"}
{"timestamp":"2026-06-16T17:29:32.627635Z","level":"info","event":"354     2026-05-15                   1  ...       0           0","logger":"task.stdout"}
{"timestamp":"2026-06-16T17:29:32.627929Z","level":"info","event":"355     2026-05-23                   1  ...       0           0","logger":"task.stdout"}
{"timestamp":"2026-06-16T17:29:32.628312Z","level":"info","event":"356     2026-06-08                   1  ...       0           0","logger":"task.stdout"}
{"timestamp":"2026-06-16T17:29:32.628559Z","level":"info","event":"","logger":"task.stdout"}
{"timestamp":"2026-06-16T17:29:32.628794Z","level":"info","event":"[357 rows x 7 columns]","logger":"task.stdout"}
{"timestamp":"2026-06-16T17:29:32.625695Z","level":"warning","event":"Could not infer format, so each element will be parsed individually, falling back to `dateutil`. To ensure parsing is consistent and as-expected, please specify a format.","category":"UserWarning","filename":"/opt/airflow/dags/../scripts/reportes.py","lineno":35,"task_id":"generar_reportes","map_index":-1,"try_number":1,"run_id":"manual__2026-06-16T17:29:19.116518+00:00","dag_id":"devoluciones_dag","ti_id":"019ed17a-fe24-79b1-91d0-6ee8c8955144","logger":"py.warnings"}
{"timestamp":"2026-06-16T17:29:32.626610Z","level":"error","event":"Task failed with exception","task_id":"generar_reportes","map_index":-1,"try_number":1,"run_id":"manual__2026-06-16T17:29:19.116518+00:00","dag_id":"devoluciones_dag","ti_id":"019ed17a-fe24-79b1-91d0-6ee8c8955144","logger":"task","filename":"task_runner.py","lineno":1381,"error_detail":[{"exc_type":"OutOfBoundsDatetime","exc_value":"Parsing \"1773792000000\" to datetime overflows, at position 0","exc_notes":[],"syntax_error":null,"is_cause":false,"frames":[{"filename":"/home/airflow/.local/lib/python3.13/site-packages/airflow/sdk/execution_time/task_runner.py","lineno":1287,"name":"run"},{"filename":"/home/airflow/.local/lib/python3.13/site-packages/airflow/sdk/execution_time/task_runner.py","lineno":1745,"name":"_execute_task"},{"filename":"/home/airflow/.local/lib/python3.13/site-packages/airflow/sdk/bases/operator.py","lineno":443,"name":"wrapper"},{"filename":"/home/airflow/.local/lib/python3.13/site-packages/airflow/providers/standard/operators/python.py","lineno":231,"name":"execute"},{"filename":"/home/airflow/.local/lib/python3.13/site-packages/airflow/providers/standard/operators/python.py","lineno":254,"name":"execute_callable"},{"filename":"/home/airflow/.local/lib/python3.13/site-packages/airflow/sdk/execution_time/callback_runner.py","lineno":97,"name":"run"},{"filename":"/opt/airflow/scripts/reportes.py","lineno":35,"name":"generar_reportes"},{"filename":"/home/airflow/.local/lib/python3.13/site-packages/pandas/core/tools/datetimes.py","lineno":1068,"name":"to_datetime"},{"filename":"/home/airflow/.local/lib/python3.13/site-packages/pandas/core/tools/datetimes.py","lineno":249,"name":"_maybe_cache"},{"filename":"/home/airflow/.local/lib/python3.13/site-packages/pandas/core/tools/datetimes.py","lineno":437,"name":"_convert_listlike_datetimes"},{"filename":"/home/airflow/.local/lib/python3.13/site-packages/pandas/core/arrays/datetimes.py","lineno":2415,"name":"objects_to_datetime64"},{"filename":"/opt/airflow/pandas/_libs/tslib.pyx","lineno":412,"name":"pandas._libs.tslib.array_to_datetime"},{"filename":"/opt/airflow/pandas/_libs/tslib.pyx","lineno":596,"name":"pandas._libs.tslib.array_to_datetime"},{"filename":"/opt/airflow/pandas/_libs/tslib.pyx","lineno":553,"name":"pandas._libs.tslib.array_to_datetime"},{"filename":"/opt/airflow/pandas/_libs/tslibs/conversion.pyx","lineno":641,"name":"pandas._libs.tslibs.conversion.convert_str_to_tsobject"},{"filename":"/opt/airflow/pandas/_libs/tslibs/parsing.pyx","lineno":336,"name":"pandas._libs.tslibs.parsing.parse_datetime_string"},{"filename":"/opt/airflow/pandas/_libs/tslibs/parsing.pyx","lineno":692,"name":"pandas._libs.tslibs.parsing.dateutil_parse"}],"is_group":false,"exceptions":[]},{"exc_type":"OverflowError","exc_value":"Python int too large to convert to C int","exc_notes":[],"syntax_error":null,"is_cause":true,"frames":[{"filename":"/opt/airflow/pandas/_libs/tslibs/parsing.pyx","lineno":684,"name":"pandas._libs.tslibs.parsing.dateutil_parse"}],"is_group":false,"exceptions":[]}]}
{"timestamp":"2026-06-16T17:29:32.626972Z","level":"info","event":"::group::Post Execute","task_id":"generar_reportes","map_index":-1,"try_number":1,"run_id":"manual__2026-06-16T17:29:19.116518+00:00","dag_id":"devoluciones_dag","ti_id":"019ed17a-fe24-79b1-91d0-6ee8c8955144","logger":"task","filename":"task_runner.py","lineno":1382}
{"timestamp":"2026-06-16T17:29:32.630434Z","level":"info","event":"Task instance in failure state","logger":"task.stdout"}
{"timestamp":"2026-06-16T17:29:32.630720Z","level":"info","event":"Task start","logger":"task.stdout"}
{"timestamp":"2026-06-16T17:29:32.630910Z","level":"info","event":"Task:<Task(PythonOperator): generar_reportes>","logger":"task.stdout"}
{"timestamp":"2026-06-16T17:29:32.637689Z","level":"info","event":"Failure caused by Parsing \"1773792000000\" to datetime overflows, at position 0","logger":"task.stdout"}
{"timestamp":"2026-06-16T17:29:32.630729Z","level":"info","event":"::endgroup::","task_id":"generar_reportes","map_index":-1,"try_number":1,"run_id":"manual__2026-06-16T17:29:19.116518+00:00","dag_id":"devoluciones_dag","ti_id":"019ed17a-fe24-79b1-91d0-6ee8c8955144","logger":"task","filename":"task_runner.py","lineno":1896}
