{"timestamp":"2026-06-13T00:03:17.204433Z","level":"info","event":"::group::Pre Execute","logger":"task","filename":"task_runner.py","lineno":1926}
{"timestamp":"2026-06-13T00:03:17.698476Z","level":"info","event":"DAG bundles loaded: dags-folder, example_dags","dag_id":"devoluciones_dag","try_number":1,"ti_id":"019ebe4a-3a56-7293-ad64-1ccac3d33bc2","run_id":"manual__2026-06-13T00:03:16.167271+00:00","map_index":-1,"task_id":"leer_csv","logger":"airflow.dag_processing.bundles.manager.DagBundlesManager","filename":"manager.py","lineno":209}
{"timestamp":"2026-06-13T00:03:17.700831Z","level":"info","event":"Filling up the DagBag from /opt/airflow/dags/devoluciones_dag.py","dag_id":"devoluciones_dag","try_number":1,"ti_id":"019ebe4a-3a56-7293-ad64-1ccac3d33bc2","run_id":"manual__2026-06-13T00:03:16.167271+00:00","map_index":-1,"task_id":"leer_csv","logger":"airflow.dag_processing.dagbag.BundleDagBag","filename":"dagbag.py","lineno":469}
{"timestamp":"2026-06-13T00:03:17.745667Z","level":"warning","event":"The `airflow.operators.python.PythonOperator` attribute is deprecated. Please use `'airflow.providers.standard.operators.python.PythonOperator'`.","category":"UserWarning","filename":"/opt/airflow/dags/devoluciones_dag.py","lineno":2,"dag_id":"devoluciones_dag","try_number":1,"ti_id":"019ebe4a-3a56-7293-ad64-1ccac3d33bc2","run_id":"manual__2026-06-13T00:03:16.167271+00:00","map_index":-1,"task_id":"leer_csv","logger":"py.warnings"}
{"timestamp":"2026-06-13T00:03:17.769427Z","level":"info","event":"Task instance is in running state","logger":"task.stdout"}
{"timestamp":"2026-06-13T00:03:17.769865Z","level":"info","event":" Previous state of the Task instance: TaskInstanceState.QUEUED","logger":"task.stdout"}
{"timestamp":"2026-06-13T00:03:17.770135Z","level":"info","event":"Current task name:leer_csv","logger":"task.stdout"}
{"timestamp":"2026-06-13T00:03:17.770354Z","level":"info","event":"Dag name:devoluciones_dag","logger":"task.stdout"}
{"timestamp":"2026-06-13T00:03:17.769911Z","level":"info","event":"::endgroup::","dag_id":"devoluciones_dag","try_number":1,"ti_id":"019ebe4a-3a56-7293-ad64-1ccac3d33bc2","run_id":"manual__2026-06-13T00:03:16.167271+00:00","map_index":-1,"task_id":"leer_csv","logger":"task","filename":"task_runner.py","lineno":1727}
{"timestamp":"2026-06-13T00:03:17.778615Z","level":"info","event":"Archivo leído correctamente","logger":"task.stdout"}
{"timestamp":"2026-06-13T00:03:17.790369Z","level":"info","event":"  transaction_id       fecha  ...                     descripcion     estado","logger":"task.stdout"}
{"timestamp":"2026-06-13T00:03:17.790735Z","level":"info","event":"0         TXN001  2026-06-01  ...  Devolucion compra supermercado  pendiente","logger":"task.stdout"}
{"timestamp":"2026-06-13T00:03:17.790975Z","level":"info","event":"1         TXN002  2026-06-01  ...     Devolucion electrodomestico  pendiente","logger":"task.stdout"}
{"timestamp":"2026-06-13T00:03:17.791204Z","level":"info","event":"2         TXN003  2026-06-02  ...        Devolucion ropa en linea  pendiente","logger":"task.stdout"}
{"timestamp":"2026-06-13T00:03:17.791447Z","level":"info","event":"3         TXN004  2026-06-02  ...    Devolucion equipo de computo  pendiente","logger":"task.stdout"}
{"timestamp":"2026-06-13T00:03:17.791737Z","level":"info","event":"4         TXN005  2026-06-03  ...          Devolucion restaurante  pendiente","logger":"task.stdout"}
{"timestamp":"2026-06-13T00:03:17.792003Z","level":"info","event":"","logger":"task.stdout"}
{"timestamp":"2026-06-13T00:03:17.792246Z","level":"info","event":"[5 rows x 8 columns]","logger":"task.stdout"}
{"timestamp":"2026-06-13T00:03:17.794139Z","level":"info","event":"Done. Returned value was: None","dag_id":"devoluciones_dag","try_number":1,"ti_id":"019ebe4a-3a56-7293-ad64-1ccac3d33bc2","run_id":"manual__2026-06-13T00:03:16.167271+00:00","map_index":-1,"task_id":"leer_csv","logger":"airflow.task.operators.airflow.providers.standard.operators.python.PythonOperator","filename":"python.py","lineno":233}
{"timestamp":"2026-06-13T00:03:17.794324Z","level":"info","event":"::group::Post Execute","dag_id":"devoluciones_dag","try_number":1,"ti_id":"019ebe4a-3a56-7293-ad64-1ccac3d33bc2","run_id":"manual__2026-06-13T00:03:16.167271+00:00","map_index":-1,"task_id":"leer_csv","logger":"task","filename":"task_runner.py","lineno":1288}
{"timestamp":"2026-06-13T00:03:17.814657Z","level":"info","event":"Task instance in success state","logger":"task.stdout"}
{"timestamp":"2026-06-13T00:03:17.815120Z","level":"info","event":" Previous state of the Task instance: TaskInstanceState.RUNNING","logger":"task.stdout"}
{"timestamp":"2026-06-13T00:03:17.815557Z","level":"info","event":"Task operator:<Task(PythonOperator): leer_csv>","logger":"task.stdout"}
{"timestamp":"2026-06-13T00:03:17.814989Z","level":"info","event":"::endgroup::","dag_id":"devoluciones_dag","try_number":1,"ti_id":"019ebe4a-3a56-7293-ad64-1ccac3d33bc2","run_id":"manual__2026-06-13T00:03:16.167271+00:00","map_index":-1,"task_id":"leer_csv","logger":"task","filename":"task_runner.py","lineno":1896}
