{"timestamp":"2026-06-12T22:28:54.191060Z","level":"info","event":"::group::Pre Execute","logger":"task","filename":"task_runner.py","lineno":1926}
{"timestamp":"2026-06-12T22:28:54.475879Z","level":"info","event":"DAG bundles loaded: dags-folder, example_dags","task_id":"aplicar_reglas","run_id":"manual__2026-06-12T22:28:47.918135+00:00","dag_id":"devoluciones_dag","map_index":-1,"try_number":1,"ti_id":"019ebdf3-bccb-77c6-8f33-e43eff246619","logger":"airflow.dag_processing.bundles.manager.DagBundlesManager","filename":"manager.py","lineno":209}
{"timestamp":"2026-06-12T22:28:54.477347Z","level":"info","event":"Filling up the DagBag from /opt/airflow/dags/devoluciones_dag.py","task_id":"aplicar_reglas","run_id":"manual__2026-06-12T22:28:47.918135+00:00","dag_id":"devoluciones_dag","map_index":-1,"try_number":1,"ti_id":"019ebdf3-bccb-77c6-8f33-e43eff246619","logger":"airflow.dag_processing.dagbag.BundleDagBag","filename":"dagbag.py","lineno":469}
{"timestamp":"2026-06-12T22:28:54.518554Z","level":"warning","event":"The `airflow.operators.python.PythonOperator` attribute is deprecated. Please use `'airflow.providers.standard.operators.python.PythonOperator'`.","category":"UserWarning","filename":"/opt/airflow/dags/devoluciones_dag.py","lineno":2,"task_id":"aplicar_reglas","run_id":"manual__2026-06-12T22:28:47.918135+00:00","dag_id":"devoluciones_dag","map_index":-1,"try_number":1,"ti_id":"019ebdf3-bccb-77c6-8f33-e43eff246619","logger":"py.warnings"}
{"timestamp":"2026-06-12T22:28:54.540830Z","level":"info","event":"Task instance is in running state","logger":"task.stdout"}
{"timestamp":"2026-06-12T22:28:54.541189Z","level":"info","event":" Previous state of the Task instance: TaskInstanceState.QUEUED","logger":"task.stdout"}
{"timestamp":"2026-06-12T22:28:54.541398Z","level":"info","event":"Current task name:aplicar_reglas","logger":"task.stdout"}
{"timestamp":"2026-06-12T22:28:54.541614Z","level":"info","event":"Dag name:devoluciones_dag","logger":"task.stdout"}
{"timestamp":"2026-06-12T22:28:54.541184Z","level":"info","event":"::endgroup::","task_id":"aplicar_reglas","run_id":"manual__2026-06-12T22:28:47.918135+00:00","dag_id":"devoluciones_dag","map_index":-1,"try_number":1,"ti_id":"019ebdf3-bccb-77c6-8f33-e43eff246619","logger":"task","filename":"task_runner.py","lineno":1727}
{"timestamp":"2026-06-12T22:28:54.549291Z","level":"info","event":"RESULTADO DE LAS REGLAS","logger":"task.stdout"}
{"timestamp":"2026-06-12T22:28:54.556081Z","level":"info","event":"   transaction_id    monto     estado                   regla_aplicada","logger":"task.stdout"}
{"timestamp":"2026-06-12T22:28:54.556499Z","level":"info","event":"0          TXN001    150.0   APROBADA            Aprobación automática","logger":"task.stdout"}
{"timestamp":"2026-06-12T22:28:54.556752Z","level":"info","event":"1          TXN002   2500.0  PENDIENTE  Requiere aprobación del gerente","logger":"task.stdout"}
{"timestamp":"2026-06-12T22:28:54.557065Z","level":"info","event":"2          TXN003     75.5   APROBADA            Aprobación automática","logger":"task.stdout"}
{"timestamp":"2026-06-12T22:28:54.557302Z","level":"info","event":"3          TXN004   8000.0   REVISION                Revisión especial","logger":"task.stdout"}
{"timestamp":"2026-06-12T22:28:54.557556Z","level":"info","event":"4          TXN005    320.0   APROBADA            Aprobación automática","logger":"task.stdout"}
{"timestamp":"2026-06-12T22:28:54.557788Z","level":"info","event":"5          TXN006   1500.0  PENDIENTE  Requiere aprobación del gerente","logger":"task.stdout"}
{"timestamp":"2026-06-12T22:28:54.558010Z","level":"info","event":"6          TXN007     50.0   APROBADA            Aprobación automática","logger":"task.stdout"}
{"timestamp":"2026-06-12T22:28:54.558195Z","level":"info","event":"7          TXN008   6500.0   REVISION                Revisión especial","logger":"task.stdout"}
{"timestamp":"2026-06-12T22:28:54.558385Z","level":"info","event":"8          TXN009    900.0   APROBADA            Aprobación automática","logger":"task.stdout"}
{"timestamp":"2026-06-12T22:28:54.558584Z","level":"info","event":"9          TXN010   3200.0  PENDIENTE  Requiere aprobación del gerente","logger":"task.stdout"}
{"timestamp":"2026-06-12T22:28:54.558813Z","level":"info","event":"10         TXN011    200.0   APROBADA            Aprobación automática","logger":"task.stdout"}
{"timestamp":"2026-06-12T22:28:54.559012Z","level":"info","event":"11         TXN012  12000.0   REVISION                Revisión especial","logger":"task.stdout"}
{"timestamp":"2026-06-12T22:28:54.559221Z","level":"info","event":"12         TXN013    450.0   APROBADA            Aprobación automática","logger":"task.stdout"}
{"timestamp":"2026-06-12T22:28:54.559423Z","level":"info","event":"13         TXN014   1200.0  PENDIENTE  Requiere aprobación del gerente","logger":"task.stdout"}
{"timestamp":"2026-06-12T22:28:54.559604Z","level":"info","event":"14         TXN015   5500.0   REVISION                Revisión especial","logger":"task.stdout"}
{"timestamp":"2026-06-12T22:28:54.559468Z","level":"info","event":"Done. Returned value was: None","task_id":"aplicar_reglas","run_id":"manual__2026-06-12T22:28:47.918135+00:00","dag_id":"devoluciones_dag","map_index":-1,"try_number":1,"ti_id":"019ebdf3-bccb-77c6-8f33-e43eff246619","logger":"airflow.task.operators.airflow.providers.standard.operators.python.PythonOperator","filename":"python.py","lineno":233}
{"timestamp":"2026-06-12T22:28:54.559575Z","level":"info","event":"::group::Post Execute","task_id":"aplicar_reglas","run_id":"manual__2026-06-12T22:28:47.918135+00:00","dag_id":"devoluciones_dag","map_index":-1,"try_number":1,"ti_id":"019ebdf3-bccb-77c6-8f33-e43eff246619","logger":"task","filename":"task_runner.py","lineno":1288}
{"timestamp":"2026-06-12T22:28:54.579789Z","level":"info","event":"Task instance in success state","logger":"task.stdout"}
{"timestamp":"2026-06-12T22:28:54.580019Z","level":"info","event":" Previous state of the Task instance: TaskInstanceState.RUNNING","logger":"task.stdout"}
{"timestamp":"2026-06-12T22:28:54.580243Z","level":"info","event":"Task operator:<Task(PythonOperator): aplicar_reglas>","logger":"task.stdout"}
{"timestamp":"2026-06-12T22:28:54.580045Z","level":"info","event":"::endgroup::","task_id":"aplicar_reglas","run_id":"manual__2026-06-12T22:28:47.918135+00:00","dag_id":"devoluciones_dag","map_index":-1,"try_number":1,"ti_id":"019ebdf3-bccb-77c6-8f33-e43eff246619","logger":"task","filename":"task_runner.py","lineno":1896}
