{"timestamp":"2026-06-16T17:45:59.382989Z","level":"info","event":"::group::Pre Execute","logger":"task","filename":"task_runner.py","lineno":1926}
{"timestamp":"2026-06-16T17:45:59.683112Z","level":"info","event":"DAG bundles loaded: dags-folder, example_dags","task_id":"generar_reportes","map_index":-1,"try_number":1,"dag_id":"devoluciones_dag","ti_id":"019ed18a-12c9-7ce7-a173-a840e79722c9","run_id":"manual__2026-06-16T17:45:47.442741+00:00","logger":"airflow.dag_processing.bundles.manager.DagBundlesManager","filename":"manager.py","lineno":209}
{"timestamp":"2026-06-16T17:45:59.684758Z","level":"info","event":"Filling up the DagBag from /opt/airflow/dags/devoluciones_dag.py","task_id":"generar_reportes","map_index":-1,"try_number":1,"dag_id":"devoluciones_dag","ti_id":"019ed18a-12c9-7ce7-a173-a840e79722c9","run_id":"manual__2026-06-16T17:45:47.442741+00:00","logger":"airflow.dag_processing.dagbag.BundleDagBag","filename":"dagbag.py","lineno":469}
{"timestamp":"2026-06-16T17:45:59.719067Z","level":"warning","event":"The `airflow.operators.python.PythonOperator` attribute is deprecated. Please use `'airflow.providers.standard.operators.python.PythonOperator'`.","category":"UserWarning","filename":"/opt/airflow/dags/devoluciones_dag.py","lineno":2,"task_id":"generar_reportes","map_index":-1,"try_number":1,"dag_id":"devoluciones_dag","ti_id":"019ed18a-12c9-7ce7-a173-a840e79722c9","run_id":"manual__2026-06-16T17:45:47.442741+00:00","logger":"py.warnings"}
{"timestamp":"2026-06-16T17:45:59.738862Z","level":"info","event":"Task instance is in running state","logger":"task.stdout"}
{"timestamp":"2026-06-16T17:45:59.739198Z","level":"info","event":" Previous state of the Task instance: TaskInstanceState.QUEUED","logger":"task.stdout"}
{"timestamp":"2026-06-16T17:45:59.739505Z","level":"info","event":"Current task name:generar_reportes","logger":"task.stdout"}
{"timestamp":"2026-06-16T17:45:59.739719Z","level":"info","event":"Dag name:devoluciones_dag","logger":"task.stdout"}
{"timestamp":"2026-06-16T17:45:59.739192Z","level":"info","event":"::endgroup::","task_id":"generar_reportes","map_index":-1,"try_number":1,"dag_id":"devoluciones_dag","ti_id":"019ed18a-12c9-7ce7-a173-a840e79722c9","run_id":"manual__2026-06-16T17:45:47.442741+00:00","logger":"task","filename":"task_runner.py","lineno":1727}
{"timestamp":"2026-06-16T17:45:59.772249Z","level":"warning","event":"Could not infer format, so each element will be parsed individually, falling back to `dateutil`. To ensure parsing is consistent and as-expected, please specify a format.","category":"UserWarning","filename":"/opt/airflow/dags/../scripts/reportes.py","lineno":13,"task_id":"generar_reportes","map_index":-1,"try_number":1,"dag_id":"devoluciones_dag","ti_id":"019ed18a-12c9-7ce7-a173-a840e79722c9","run_id":"manual__2026-06-16T17:45:47.442741+00:00","logger":"py.warnings"}
{"timestamp":"2026-06-16T17:45:59.816707Z","level":"info","event":"","logger":"task.stdout"}
{"timestamp":"2026-06-16T17:45:59.816994Z","level":"info","event":"REPORTE DIARIO","logger":"task.stdout"}
{"timestamp":"2026-06-16T17:45:59.825178Z","level":"info","event":"         fecha  total_devoluciones  ...  fraude  pendientes","logger":"task.stdout"}
{"timestamp":"2026-06-16T17:45:59.825569Z","level":"info","event":"0   02-04-2026                   1  ...       0           0","logger":"task.stdout"}
{"timestamp":"2026-06-16T17:45:59.825889Z","level":"info","event":"1   03-01-2026                   1  ...       0           0","logger":"task.stdout"}
{"timestamp":"2026-06-16T17:45:59.826203Z","level":"info","event":"2   05-01-2026                   1  ...       0           0","logger":"task.stdout"}
{"timestamp":"2026-06-16T17:45:59.826506Z","level":"info","event":"3   07-04-2026                   1  ...       0           0","logger":"task.stdout"}
{"timestamp":"2026-06-16T17:45:59.826806Z","level":"info","event":"4   08-06-2026                   1  ...       0           0","logger":"task.stdout"}
{"timestamp":"2026-06-16T17:45:59.827072Z","level":"info","event":"5   09-02-2026                   1  ...       0           0","logger":"task.stdout"}
{"timestamp":"2026-06-16T17:45:59.827358Z","level":"info","event":"6   09-03-2026                   1  ...       0           0","logger":"task.stdout"}
{"timestamp":"2026-06-16T17:45:59.827580Z","level":"info","event":"7   11-02-2026                   1  ...       0           0","logger":"task.stdout"}
{"timestamp":"2026-06-16T17:45:59.827804Z","level":"info","event":"8   11-03-2026                   1  ...       0           0","logger":"task.stdout"}
{"timestamp":"2026-06-16T17:45:59.828020Z","level":"info","event":"9   13-02-2026                   1  ...       0           0","logger":"task.stdout"}
{"timestamp":"2026-06-16T17:45:59.828239Z","level":"info","event":"10  13-05-2026                   1  ...       0           0","logger":"task.stdout"}
{"timestamp":"2026-06-16T17:45:59.828461Z","level":"info","event":"11  14-01-2026                   1  ...       0           0","logger":"task.stdout"}
{"timestamp":"2026-06-16T17:45:59.828683Z","level":"info","event":"12  14-05-2026                   1  ...       0           0","logger":"task.stdout"}
{"timestamp":"2026-06-16T17:45:59.829007Z","level":"info","event":"13  15-05-2026                   1  ...       0           0","logger":"task.stdout"}
{"timestamp":"2026-06-16T17:45:59.829257Z","level":"info","event":"14  16-02-2026                   1  ...       0           0","logger":"task.stdout"}
{"timestamp":"2026-06-16T17:45:59.829486Z","level":"info","event":"15  17-01-2026                   1  ...       0           0","logger":"task.stdout"}
{"timestamp":"2026-06-16T17:45:59.829711Z","level":"info","event":"16  18-01-2026                   1  ...       0           0","logger":"task.stdout"}
{"timestamp":"2026-06-16T17:45:59.829941Z","level":"info","event":"17  19-04-2026                   1  ...       0           0","logger":"task.stdout"}
{"timestamp":"2026-06-16T17:45:59.830166Z","level":"info","event":"18  21-01-2026                   1  ...       0           0","logger":"task.stdout"}
{"timestamp":"2026-06-16T17:45:59.830387Z","level":"info","event":"19  21-04-2026                   1  ...       0           0","logger":"task.stdout"}
{"timestamp":"2026-06-16T17:45:59.830648Z","level":"info","event":"20  22-01-2026                   1  ...       0           0","logger":"task.stdout"}
{"timestamp":"2026-06-16T17:45:59.830917Z","level":"info","event":"21  22-02-2026                   1  ...       0           0","logger":"task.stdout"}
{"timestamp":"2026-06-16T17:45:59.831120Z","level":"info","event":"22  23-03-2026                   1  ...       0           0","logger":"task.stdout"}
{"timestamp":"2026-06-16T17:45:59.831273Z","level":"info","event":"23  23-05-2026                   1  ...       0           0","logger":"task.stdout"}
{"timestamp":"2026-06-16T17:45:59.831424Z","level":"info","event":"24  24-02-2026                   1  ...       0           0","logger":"task.stdout"}
{"timestamp":"2026-06-16T17:45:59.831589Z","level":"info","event":"25  25-02-2026                   1  ...       0           0","logger":"task.stdout"}
{"timestamp":"2026-06-16T17:45:59.831788Z","level":"info","event":"26  25-03-2026                   1  ...       0           0","logger":"task.stdout"}
{"timestamp":"2026-06-16T17:45:59.831973Z","level":"info","event":"27  25-04-2026                   2  ...       0           0","logger":"task.stdout"}
{"timestamp":"2026-06-16T17:45:59.832129Z","level":"info","event":"28  26-04-2026                   1  ...       0           0","logger":"task.stdout"}
{"timestamp":"2026-06-16T17:45:59.832283Z","level":"info","event":"29  27-04-2026                   1  ...       0           0","logger":"task.stdout"}
{"timestamp":"2026-06-16T17:45:59.832430Z","level":"info","event":"30  28-01-2026                   1  ...       0           0","logger":"task.stdout"}
{"timestamp":"2026-06-16T17:45:59.832579Z","level":"info","event":"31  30-03-2026                   1  ...       0           0","logger":"task.stdout"}
{"timestamp":"2026-06-16T17:45:59.832731Z","level":"info","event":"","logger":"task.stdout"}
{"timestamp":"2026-06-16T17:45:59.832881Z","level":"info","event":"[32 rows x 7 columns]","logger":"task.stdout"}
{"timestamp":"2026-06-16T17:45:59.828299Z","level":"error","event":"Task failed with exception","task_id":"generar_reportes","map_index":-1,"try_number":1,"dag_id":"devoluciones_dag","ti_id":"019ed18a-12c9-7ce7-a173-a840e79722c9","run_id":"manual__2026-06-16T17:45:47.442741+00:00","logger":"task","filename":"task_runner.py","lineno":1381,"error_detail":[{"exc_type":"TypeError","exc_value":"Only valid with DatetimeIndex, TimedeltaIndex or PeriodIndex, but got an instance of 'Index'","exc_notes":[],"syntax_error":null,"is_cause":false,"frames":[{"filename":"/home/airflow/.local/lib/python3.13/site-packages/airflow/sdk/execution_time/task_runner.py","lineno":1287,"name":"run"},{"filename":"/home/airflow/.local/lib/python3.13/site-packages/airflow/sdk/execution_time/task_runner.py","lineno":1745,"name":"_execute_task"},{"filename":"/home/airflow/.local/lib/python3.13/site-packages/airflow/sdk/bases/operator.py","lineno":443,"name":"wrapper"},{"filename":"/home/airflow/.local/lib/python3.13/site-packages/airflow/providers/standard/operators/python.py","lineno":231,"name":"execute"},{"filename":"/home/airflow/.local/lib/python3.13/site-packages/airflow/providers/standard/operators/python.py","lineno":254,"name":"execute_callable"},{"filename":"/home/airflow/.local/lib/python3.13/site-packages/airflow/sdk/execution_time/callback_runner.py","lineno":97,"name":"run"},{"filename":"/opt/airflow/scripts/reportes.py","lineno":40,"name":"generar_reportes"},{"filename":"/home/airflow/.local/lib/python3.13/site-packages/pandas/core/frame.py","lineno":9210,"name":"groupby"},{"filename":"/home/airflow/.local/lib/python3.13/site-packages/pandas/core/groupby/groupby.py","lineno":1331,"name":"__init__"},{"filename":"/home/airflow/.local/lib/python3.13/site-packages/pandas/core/groupby/grouper.py","lineno":929,"name":"get_grouper"},{"filename":"/home/airflow/.local/lib/python3.13/site-packages/pandas/core/resample.py","lineno":2268,"name":"_get_grouper"},{"filename":"/home/airflow/.local/lib/python3.13/site-packages/pandas/core/resample.py","lineno":2258,"name":"_get_resampler"}],"is_group":false,"exceptions":[]}]}
{"timestamp":"2026-06-16T17:45:59.828653Z","level":"info","event":"::group::Post Execute","task_id":"generar_reportes","map_index":-1,"try_number":1,"dag_id":"devoluciones_dag","ti_id":"019ed18a-12c9-7ce7-a173-a840e79722c9","run_id":"manual__2026-06-16T17:45:47.442741+00:00","logger":"task","filename":"task_runner.py","lineno":1382}
{"timestamp":"2026-06-16T17:45:59.833961Z","level":"info","event":"Task instance in failure state","logger":"task.stdout"}
{"timestamp":"2026-06-16T17:45:59.834451Z","level":"info","event":"Task start","logger":"task.stdout"}
{"timestamp":"2026-06-16T17:45:59.834659Z","level":"info","event":"Task:<Task(PythonOperator): generar_reportes>","logger":"task.stdout"}
{"timestamp":"2026-06-16T17:45:59.839159Z","level":"info","event":"Failure caused by Only valid with DatetimeIndex, TimedeltaIndex or PeriodIndex, but got an instance of 'Index'","logger":"task.stdout"}
{"timestamp":"2026-06-16T17:45:59.834499Z","level":"info","event":"::endgroup::","task_id":"generar_reportes","map_index":-1,"try_number":1,"dag_id":"devoluciones_dag","ti_id":"019ed18a-12c9-7ce7-a173-a840e79722c9","run_id":"manual__2026-06-16T17:45:47.442741+00:00","logger":"task","filename":"task_runner.py","lineno":1896}
