{"timestamp":"2026-06-13T00:08:24.822976Z","level":"info","event":"::group::Pre Execute","logger":"task","filename":"task_runner.py","lineno":1926}
{"timestamp":"2026-06-13T00:08:25.242565Z","level":"info","event":"DAG bundles loaded: dags-folder, example_dags","ti_id":"019ebe4e-e2de-7d38-946f-e4d3eb632c42","map_index":-1,"run_id":"manual__2026-06-13T00:08:21.416761+00:00","task_id":"aplicar_reglas","try_number":1,"dag_id":"devoluciones_dag","logger":"airflow.dag_processing.bundles.manager.DagBundlesManager","filename":"manager.py","lineno":209}
{"timestamp":"2026-06-13T00:08:25.244305Z","level":"info","event":"Filling up the DagBag from /opt/airflow/dags/devoluciones_dag.py","ti_id":"019ebe4e-e2de-7d38-946f-e4d3eb632c42","map_index":-1,"run_id":"manual__2026-06-13T00:08:21.416761+00:00","task_id":"aplicar_reglas","try_number":1,"dag_id":"devoluciones_dag","logger":"airflow.dag_processing.dagbag.BundleDagBag","filename":"dagbag.py","lineno":469}
{"timestamp":"2026-06-13T00:08:25.276402Z","level":"warning","event":"The `airflow.operators.python.PythonOperator` attribute is deprecated. Please use `'airflow.providers.standard.operators.python.PythonOperator'`.","category":"UserWarning","filename":"/opt/airflow/dags/devoluciones_dag.py","lineno":2,"ti_id":"019ebe4e-e2de-7d38-946f-e4d3eb632c42","map_index":-1,"run_id":"manual__2026-06-13T00:08:21.416761+00:00","task_id":"aplicar_reglas","try_number":1,"dag_id":"devoluciones_dag","logger":"py.warnings"}
{"timestamp":"2026-06-13T00:08:25.315698Z","level":"info","event":"Task instance is in running state","logger":"task.stdout"}
{"timestamp":"2026-06-13T00:08:25.316094Z","level":"info","event":" Previous state of the Task instance: TaskInstanceState.QUEUED","logger":"task.stdout"}
{"timestamp":"2026-06-13T00:08:25.316397Z","level":"info","event":"Current task name:aplicar_reglas","logger":"task.stdout"}
{"timestamp":"2026-06-13T00:08:25.316727Z","level":"info","event":"Dag name:devoluciones_dag","logger":"task.stdout"}
{"timestamp":"2026-06-13T00:08:25.316157Z","level":"info","event":"::endgroup::","ti_id":"019ebe4e-e2de-7d38-946f-e4d3eb632c42","map_index":-1,"run_id":"manual__2026-06-13T00:08:21.416761+00:00","task_id":"aplicar_reglas","try_number":1,"dag_id":"devoluciones_dag","logger":"task","filename":"task_runner.py","lineno":1727}
{"timestamp":"2026-06-13T00:08:25.349411Z","level":"info","event":"RESULTADO DE LAS REGLAS","logger":"task.stdout"}
{"timestamp":"2026-06-13T00:08:25.361354Z","level":"info","event":"   transaction_id  ...                                     regla_aplicada","logger":"task.stdout"}
{"timestamp":"2026-06-13T00:08:25.361826Z","level":"info","event":"0          TXN001  ...  Marcado como posible fraude por multiples devo...","logger":"task.stdout"}
{"timestamp":"2026-06-13T00:08:25.362181Z","level":"info","event":"1          TXN002  ...  Marcado como posible fraude por multiples devo...","logger":"task.stdout"}
{"timestamp":"2026-06-13T00:08:25.362730Z","level":"info","event":"2          TXN003  ...  Marcado como posible fraude por multiples devo...","logger":"task.stdout"}
{"timestamp":"2026-06-13T00:08:25.363259Z","level":"info","event":"3          TXN004  ...  Marcado como posible fraude por multiples devo...","logger":"task.stdout"}
{"timestamp":"2026-06-13T00:08:25.363701Z","level":"info","event":"4          TXN005  ...                              Aprobación automatica","logger":"task.stdout"}
{"timestamp":"2026-06-13T00:08:25.364099Z","level":"info","event":"5          TXN006  ...  Marcado como posible fraude por multiples devo...","logger":"task.stdout"}
{"timestamp":"2026-06-13T00:08:25.364459Z","level":"info","event":"6          TXN007  ...  Marcado como posible fraude por multiples devo...","logger":"task.stdout"}
{"timestamp":"2026-06-13T00:08:25.364788Z","level":"info","event":"7          TXN008  ...  Marcado como posible fraude por multiples devo...","logger":"task.stdout"}
{"timestamp":"2026-06-13T00:08:25.365166Z","level":"info","event":"8          TXN009  ...  Marcado como posible fraude por multiples devo...","logger":"task.stdout"}
{"timestamp":"2026-06-13T00:08:25.365588Z","level":"info","event":"9          TXN010  ...                    Requiere aprobacion del gerente","logger":"task.stdout"}
{"timestamp":"2026-06-13T00:08:25.366058Z","level":"info","event":"10         TXN011  ...  Marcado como posible fraude por multiples devo...","logger":"task.stdout"}
{"timestamp":"2026-06-13T00:08:25.366586Z","level":"info","event":"11         TXN012  ...  Marcado como posible fraude por multiples devo...","logger":"task.stdout"}
{"timestamp":"2026-06-13T00:08:25.366941Z","level":"info","event":"12         TXN013  ...  Marcado como posible fraude por multiples devo...","logger":"task.stdout"}
{"timestamp":"2026-06-13T00:08:25.367366Z","level":"info","event":"13         TXN014  ...  Marcado como posible fraude por multiples devo...","logger":"task.stdout"}
{"timestamp":"2026-06-13T00:08:25.367746Z","level":"info","event":"14         TXN015  ...                                  Revisión especial","logger":"task.stdout"}
{"timestamp":"2026-06-13T00:08:25.368172Z","level":"info","event":"","logger":"task.stdout"}
{"timestamp":"2026-06-13T00:08:25.368558Z","level":"info","event":"[15 rows x 4 columns]","logger":"task.stdout"}
{"timestamp":"2026-06-13T00:08:25.367345Z","level":"info","event":"Done. Returned value was: None","ti_id":"019ebe4e-e2de-7d38-946f-e4d3eb632c42","map_index":-1,"run_id":"manual__2026-06-13T00:08:21.416761+00:00","task_id":"aplicar_reglas","try_number":1,"dag_id":"devoluciones_dag","logger":"airflow.task.operators.airflow.providers.standard.operators.python.PythonOperator","filename":"python.py","lineno":233}
{"timestamp":"2026-06-13T00:08:25.367560Z","level":"info","event":"::group::Post Execute","ti_id":"019ebe4e-e2de-7d38-946f-e4d3eb632c42","map_index":-1,"run_id":"manual__2026-06-13T00:08:21.416761+00:00","task_id":"aplicar_reglas","try_number":1,"dag_id":"devoluciones_dag","logger":"task","filename":"task_runner.py","lineno":1288}
{"timestamp":"2026-06-13T00:08:25.414187Z","level":"info","event":"Task instance in success state","logger":"task.stdout"}
{"timestamp":"2026-06-13T00:08:25.414934Z","level":"info","event":" Previous state of the Task instance: TaskInstanceState.RUNNING","logger":"task.stdout"}
{"timestamp":"2026-06-13T00:08:25.417331Z","level":"info","event":"Task operator:<Task(PythonOperator): aplicar_reglas>","logger":"task.stdout"}
{"timestamp":"2026-06-13T00:08:25.414568Z","level":"info","event":"::endgroup::","ti_id":"019ebe4e-e2de-7d38-946f-e4d3eb632c42","map_index":-1,"run_id":"manual__2026-06-13T00:08:21.416761+00:00","task_id":"aplicar_reglas","try_number":1,"dag_id":"devoluciones_dag","logger":"task","filename":"task_runner.py","lineno":1896}
