{"timestamp":"2026-06-16T15:34:58.567713Z","level":"info","event":"::group::Pre Execute","logger":"task","filename":"task_runner.py","lineno":1926}
{"timestamp":"2026-06-16T15:34:59.073608Z","level":"info","event":"DAG bundles loaded: dags-folder, example_dags","ti_id":"019ed112-0b0f-78b0-8b4a-7e9f49a61950","task_id":"reporte_semanal","dag_id":"devoluciones_dag","map_index":-1,"try_number":1,"run_id":"manual__2026-06-16T15:34:41.126396+00:00","logger":"airflow.dag_processing.bundles.manager.DagBundlesManager","filename":"manager.py","lineno":209}
{"timestamp":"2026-06-16T15:34:59.075936Z","level":"info","event":"Filling up the DagBag from /opt/airflow/dags/devoluciones_dag.py","ti_id":"019ed112-0b0f-78b0-8b4a-7e9f49a61950","task_id":"reporte_semanal","dag_id":"devoluciones_dag","map_index":-1,"try_number":1,"run_id":"manual__2026-06-16T15:34:41.126396+00:00","logger":"airflow.dag_processing.dagbag.BundleDagBag","filename":"dagbag.py","lineno":469}
{"timestamp":"2026-06-16T15:34:59.124750Z","level":"warning","event":"The `airflow.operators.python.PythonOperator` attribute is deprecated. Please use `'airflow.providers.standard.operators.python.PythonOperator'`.","category":"UserWarning","filename":"/opt/airflow/dags/devoluciones_dag.py","lineno":2,"ti_id":"019ed112-0b0f-78b0-8b4a-7e9f49a61950","task_id":"reporte_semanal","dag_id":"devoluciones_dag","map_index":-1,"try_number":1,"run_id":"manual__2026-06-16T15:34:41.126396+00:00","logger":"py.warnings"}
{"timestamp":"2026-06-16T15:34:59.159590Z","level":"info","event":"Task instance is in running state","logger":"task.stdout"}
{"timestamp":"2026-06-16T15:34:59.160336Z","level":"info","event":" Previous state of the Task instance: TaskInstanceState.QUEUED","logger":"task.stdout"}
{"timestamp":"2026-06-16T15:34:59.160753Z","level":"info","event":"Current task name:reporte_semanal","logger":"task.stdout"}
{"timestamp":"2026-06-16T15:34:59.161157Z","level":"info","event":"Dag name:devoluciones_dag","logger":"task.stdout"}
{"timestamp":"2026-06-16T15:34:59.160409Z","level":"info","event":"::endgroup::","ti_id":"019ed112-0b0f-78b0-8b4a-7e9f49a61950","task_id":"reporte_semanal","dag_id":"devoluciones_dag","map_index":-1,"try_number":1,"run_id":"manual__2026-06-16T15:34:41.126396+00:00","logger":"task","filename":"task_runner.py","lineno":1727}
{"timestamp":"2026-06-16T15:34:59.327447Z","level":"info","event":"","logger":"task.stdout"}
{"timestamp":"2026-06-16T15:34:59.327865Z","level":"info","event":"REPORTE SEMANAL","logger":"task.stdout"}
{"timestamp":"2026-06-16T15:34:59.360737Z","level":"info","event":"  fecha_inicio  fecha_fin  ...  fraude  validaciones_fallidas","logger":"task.stdout"}
{"timestamp":"2026-06-16T15:34:59.361198Z","level":"info","event":"0   1969-12-29 1970-01-04  ...     614                     33","logger":"task.stdout"}
{"timestamp":"2026-06-16T15:34:59.361602Z","level":"info","event":"","logger":"task.stdout"}
{"timestamp":"2026-06-16T15:34:59.362044Z","level":"info","event":"[1 rows x 9 columns]","logger":"task.stdout"}
{"timestamp":"2026-06-16T15:34:59.363972Z","level":"info","event":"Done. Returned value was: None","ti_id":"019ed112-0b0f-78b0-8b4a-7e9f49a61950","task_id":"reporte_semanal","dag_id":"devoluciones_dag","map_index":-1,"try_number":1,"run_id":"manual__2026-06-16T15:34:41.126396+00:00","logger":"airflow.task.operators.airflow.providers.standard.operators.python.PythonOperator","filename":"python.py","lineno":233}
{"timestamp":"2026-06-16T15:34:59.364330Z","level":"info","event":"::group::Post Execute","ti_id":"019ed112-0b0f-78b0-8b4a-7e9f49a61950","task_id":"reporte_semanal","dag_id":"devoluciones_dag","map_index":-1,"try_number":1,"run_id":"manual__2026-06-16T15:34:41.126396+00:00","logger":"task","filename":"task_runner.py","lineno":1288}
{"timestamp":"2026-06-16T15:34:59.402540Z","level":"info","event":"Task instance in success state","logger":"task.stdout"}
{"timestamp":"2026-06-16T15:34:59.403080Z","level":"info","event":" Previous state of the Task instance: TaskInstanceState.RUNNING","logger":"task.stdout"}
{"timestamp":"2026-06-16T15:34:59.403635Z","level":"info","event":"Task operator:<Task(PythonOperator): reporte_semanal>","logger":"task.stdout"}
{"timestamp":"2026-06-16T15:34:59.403206Z","level":"info","event":"::endgroup::","ti_id":"019ed112-0b0f-78b0-8b4a-7e9f49a61950","task_id":"reporte_semanal","dag_id":"devoluciones_dag","map_index":-1,"try_number":1,"run_id":"manual__2026-06-16T15:34:41.126396+00:00","logger":"task","filename":"task_runner.py","lineno":1896}
