{"timestamp":"2026-06-12T23:13:49.088411Z","level":"info","event":"::group::Pre Execute","logger":"task","filename":"task_runner.py","lineno":1926}
{"timestamp":"2026-06-12T23:13:49.432002Z","level":"info","event":"DAG bundles loaded: dags-folder, example_dags","dag_id":"devoluciones_dag","try_number":1,"ti_id":"019ebe1c-e6c3-7776-8440-ccea1b14802e","run_id":"manual__2026-06-12T23:13:45.650282+00:00","map_index":-1,"task_id":"aplicar_reglas","logger":"airflow.dag_processing.bundles.manager.DagBundlesManager","filename":"manager.py","lineno":209}
{"timestamp":"2026-06-12T23:13:49.433379Z","level":"info","event":"Filling up the DagBag from /opt/airflow/dags/devoluciones_dag.py","dag_id":"devoluciones_dag","try_number":1,"ti_id":"019ebe1c-e6c3-7776-8440-ccea1b14802e","run_id":"manual__2026-06-12T23:13:45.650282+00:00","map_index":-1,"task_id":"aplicar_reglas","logger":"airflow.dag_processing.dagbag.BundleDagBag","filename":"dagbag.py","lineno":469}
{"timestamp":"2026-06-12T23:13:49.461048Z","level":"warning","event":"The `airflow.operators.python.PythonOperator` attribute is deprecated. Please use `'airflow.providers.standard.operators.python.PythonOperator'`.","category":"UserWarning","filename":"/opt/airflow/dags/devoluciones_dag.py","lineno":2,"dag_id":"devoluciones_dag","try_number":1,"ti_id":"019ebe1c-e6c3-7776-8440-ccea1b14802e","run_id":"manual__2026-06-12T23:13:45.650282+00:00","map_index":-1,"task_id":"aplicar_reglas","logger":"py.warnings"}
{"timestamp":"2026-06-12T23:13:49.480104Z","level":"info","event":"Task instance is in running state","logger":"task.stdout"}
{"timestamp":"2026-06-12T23:13:49.480491Z","level":"info","event":" Previous state of the Task instance: TaskInstanceState.QUEUED","logger":"task.stdout"}
{"timestamp":"2026-06-12T23:13:49.480873Z","level":"info","event":"Current task name:aplicar_reglas","logger":"task.stdout"}
{"timestamp":"2026-06-12T23:13:49.481173Z","level":"info","event":"Dag name:devoluciones_dag","logger":"task.stdout"}
{"timestamp":"2026-06-12T23:13:49.480442Z","level":"info","event":"::endgroup::","dag_id":"devoluciones_dag","try_number":1,"ti_id":"019ebe1c-e6c3-7776-8440-ccea1b14802e","run_id":"manual__2026-06-12T23:13:45.650282+00:00","map_index":-1,"task_id":"aplicar_reglas","logger":"task","filename":"task_runner.py","lineno":1727}
{"timestamp":"2026-06-12T23:13:49.488805Z","level":"info","event":"RESULTADO DE LAS REGLAS","logger":"task.stdout"}
{"timestamp":"2026-06-12T23:13:49.495521Z","level":"info","event":"   transaction_id    monto     estado                   regla_aplicada","logger":"task.stdout"}
{"timestamp":"2026-06-12T23:13:49.495805Z","level":"info","event":"0          TXN001    150.0   APROBADA            Aprobación automática","logger":"task.stdout"}
{"timestamp":"2026-06-12T23:13:49.495979Z","level":"info","event":"1          TXN002   2500.0  PENDIENTE  Requiere aprobación del gerente","logger":"task.stdout"}
{"timestamp":"2026-06-12T23:13:49.496146Z","level":"info","event":"2          TXN003     75.5   APROBADA            Aprobación automática","logger":"task.stdout"}
{"timestamp":"2026-06-12T23:13:49.496339Z","level":"info","event":"3          TXN004   8000.0   REVISION                Revisión especial","logger":"task.stdout"}
{"timestamp":"2026-06-12T23:13:49.496546Z","level":"info","event":"4          TXN005    320.0   APROBADA            Aprobación automática","logger":"task.stdout"}
{"timestamp":"2026-06-12T23:13:49.496737Z","level":"info","event":"5          TXN006   1500.0  PENDIENTE  Requiere aprobación del gerente","logger":"task.stdout"}
{"timestamp":"2026-06-12T23:13:49.496964Z","level":"info","event":"6          TXN007     50.0   APROBADA            Aprobación automática","logger":"task.stdout"}
{"timestamp":"2026-06-12T23:13:49.497166Z","level":"info","event":"7          TXN008   6500.0   REVISION                Revisión especial","logger":"task.stdout"}
{"timestamp":"2026-06-12T23:13:49.497324Z","level":"info","event":"8          TXN009    900.0   APROBADA            Aprobación automática","logger":"task.stdout"}
{"timestamp":"2026-06-12T23:13:49.497564Z","level":"info","event":"9          TXN010   3200.0  PENDIENTE  Requiere aprobación del gerente","logger":"task.stdout"}
{"timestamp":"2026-06-12T23:13:49.497820Z","level":"info","event":"10         TXN011    200.0   APROBADA            Aprobación automática","logger":"task.stdout"}
{"timestamp":"2026-06-12T23:13:49.497982Z","level":"info","event":"11         TXN012  12000.0   REVISION                Revisión especial","logger":"task.stdout"}
{"timestamp":"2026-06-12T23:13:49.498132Z","level":"info","event":"12         TXN013    450.0   APROBADA            Aprobación automática","logger":"task.stdout"}
{"timestamp":"2026-06-12T23:13:49.498331Z","level":"info","event":"13         TXN014   1200.0  PENDIENTE  Requiere aprobación del gerente","logger":"task.stdout"}
{"timestamp":"2026-06-12T23:13:49.498495Z","level":"info","event":"14         TXN015   5500.0   REVISION                Revisión especial","logger":"task.stdout"}
{"timestamp":"2026-06-12T23:13:49.498658Z","level":"info","event":"Done. Returned value was: None","dag_id":"devoluciones_dag","try_number":1,"ti_id":"019ebe1c-e6c3-7776-8440-ccea1b14802e","run_id":"manual__2026-06-12T23:13:45.650282+00:00","map_index":-1,"task_id":"aplicar_reglas","logger":"airflow.task.operators.airflow.providers.standard.operators.python.PythonOperator","filename":"python.py","lineno":233}
{"timestamp":"2026-06-12T23:13:49.498802Z","level":"info","event":"::group::Post Execute","dag_id":"devoluciones_dag","try_number":1,"ti_id":"019ebe1c-e6c3-7776-8440-ccea1b14802e","run_id":"manual__2026-06-12T23:13:45.650282+00:00","map_index":-1,"task_id":"aplicar_reglas","logger":"task","filename":"task_runner.py","lineno":1288}
{"timestamp":"2026-06-12T23:13:49.514715Z","level":"info","event":"Task instance in success state","logger":"task.stdout"}
{"timestamp":"2026-06-12T23:13:49.515038Z","level":"info","event":" Previous state of the Task instance: TaskInstanceState.RUNNING","logger":"task.stdout"}
{"timestamp":"2026-06-12T23:13:49.515437Z","level":"info","event":"Task operator:<Task(PythonOperator): aplicar_reglas>","logger":"task.stdout"}
{"timestamp":"2026-06-12T23:13:49.514999Z","level":"info","event":"::endgroup::","dag_id":"devoluciones_dag","try_number":1,"ti_id":"019ebe1c-e6c3-7776-8440-ccea1b14802e","run_id":"manual__2026-06-12T23:13:45.650282+00:00","map_index":-1,"task_id":"aplicar_reglas","logger":"task","filename":"task_runner.py","lineno":1896}
