{"timestamp":"2026-06-12T23:22:37.399957Z","level":"info","event":"::group::Pre Execute","logger":"task","filename":"task_runner.py","lineno":1926}
{"timestamp":"2026-06-12T23:22:37.696269Z","level":"info","event":"DAG bundles loaded: dags-folder, example_dags","task_id":"leer_csv","dag_id":"devoluciones_dag","ti_id":"019ebe24-ff87-7688-a5af-512c5b7f0c81","map_index":-1,"run_id":"manual__2026-06-12T23:22:36.280475+00:00","try_number":1,"logger":"airflow.dag_processing.bundles.manager.DagBundlesManager","filename":"manager.py","lineno":209}
{"timestamp":"2026-06-12T23:22:37.697771Z","level":"info","event":"Filling up the DagBag from /opt/airflow/dags/devoluciones_dag.py","task_id":"leer_csv","dag_id":"devoluciones_dag","ti_id":"019ebe24-ff87-7688-a5af-512c5b7f0c81","map_index":-1,"run_id":"manual__2026-06-12T23:22:36.280475+00:00","try_number":1,"logger":"airflow.dag_processing.dagbag.BundleDagBag","filename":"dagbag.py","lineno":469}
{"timestamp":"2026-06-12T23:22:37.726904Z","level":"warning","event":"The `airflow.operators.python.PythonOperator` attribute is deprecated. Please use `'airflow.providers.standard.operators.python.PythonOperator'`.","category":"UserWarning","filename":"/opt/airflow/dags/devoluciones_dag.py","lineno":2,"task_id":"leer_csv","dag_id":"devoluciones_dag","ti_id":"019ebe24-ff87-7688-a5af-512c5b7f0c81","map_index":-1,"run_id":"manual__2026-06-12T23:22:36.280475+00:00","try_number":1,"logger":"py.warnings"}
{"timestamp":"2026-06-12T23:22:37.745921Z","level":"info","event":"Task instance is in running state","logger":"task.stdout"}
{"timestamp":"2026-06-12T23:22:37.746362Z","level":"info","event":" Previous state of the Task instance: TaskInstanceState.QUEUED","logger":"task.stdout"}
{"timestamp":"2026-06-12T23:22:37.746730Z","level":"info","event":"Current task name:leer_csv","logger":"task.stdout"}
{"timestamp":"2026-06-12T23:22:37.747086Z","level":"info","event":"Dag name:devoluciones_dag","logger":"task.stdout"}
{"timestamp":"2026-06-12T23:22:37.746217Z","level":"info","event":"::endgroup::","task_id":"leer_csv","dag_id":"devoluciones_dag","ti_id":"019ebe24-ff87-7688-a5af-512c5b7f0c81","map_index":-1,"run_id":"manual__2026-06-12T23:22:36.280475+00:00","try_number":1,"logger":"task","filename":"task_runner.py","lineno":1727}
{"timestamp":"2026-06-12T23:22:37.753634Z","level":"info","event":"Archivo leído correctamente","logger":"task.stdout"}
{"timestamp":"2026-06-12T23:22:37.762512Z","level":"info","event":"  transaction_id       fecha  ...                     descripcion     estado","logger":"task.stdout"}
{"timestamp":"2026-06-12T23:22:37.762969Z","level":"info","event":"0         TXN001  2026-06-01  ...  Devolucion compra supermercado  pendiente","logger":"task.stdout"}
{"timestamp":"2026-06-12T23:22:37.763269Z","level":"info","event":"1         TXN002  2026-06-01  ...     Devolucion electrodomestico  pendiente","logger":"task.stdout"}
{"timestamp":"2026-06-12T23:22:37.763578Z","level":"info","event":"2         TXN003  2026-06-02  ...        Devolucion ropa en linea  pendiente","logger":"task.stdout"}
{"timestamp":"2026-06-12T23:22:37.763912Z","level":"info","event":"3         TXN004  2026-06-02  ...    Devolucion equipo de computo  pendiente","logger":"task.stdout"}
{"timestamp":"2026-06-12T23:22:37.764218Z","level":"info","event":"4         TXN005  2026-06-03  ...          Devolucion restaurante  pendiente","logger":"task.stdout"}
{"timestamp":"2026-06-12T23:22:37.764538Z","level":"info","event":"","logger":"task.stdout"}
{"timestamp":"2026-06-12T23:22:37.764827Z","level":"info","event":"[5 rows x 9 columns]","logger":"task.stdout"}
{"timestamp":"2026-06-12T23:22:37.766172Z","level":"info","event":"Done. Returned value was: None","task_id":"leer_csv","dag_id":"devoluciones_dag","ti_id":"019ebe24-ff87-7688-a5af-512c5b7f0c81","map_index":-1,"run_id":"manual__2026-06-12T23:22:36.280475+00:00","try_number":1,"logger":"airflow.task.operators.airflow.providers.standard.operators.python.PythonOperator","filename":"python.py","lineno":233}
{"timestamp":"2026-06-12T23:22:37.766329Z","level":"info","event":"::group::Post Execute","task_id":"leer_csv","dag_id":"devoluciones_dag","ti_id":"019ebe24-ff87-7688-a5af-512c5b7f0c81","map_index":-1,"run_id":"manual__2026-06-12T23:22:36.280475+00:00","try_number":1,"logger":"task","filename":"task_runner.py","lineno":1288}
{"timestamp":"2026-06-12T23:22:37.786704Z","level":"info","event":"Task instance in success state","logger":"task.stdout"}
{"timestamp":"2026-06-12T23:22:37.787069Z","level":"info","event":" Previous state of the Task instance: TaskInstanceState.RUNNING","logger":"task.stdout"}
{"timestamp":"2026-06-12T23:22:37.787553Z","level":"info","event":"Task operator:<Task(PythonOperator): leer_csv>","logger":"task.stdout"}
{"timestamp":"2026-06-12T23:22:37.786948Z","level":"info","event":"::endgroup::","task_id":"leer_csv","dag_id":"devoluciones_dag","ti_id":"019ebe24-ff87-7688-a5af-512c5b7f0c81","map_index":-1,"run_id":"manual__2026-06-12T23:22:36.280475+00:00","try_number":1,"logger":"task","filename":"task_runner.py","lineno":1896}
