{"timestamp":"2026-06-12T03:31:52.062036Z","level":"info","event":"::group::Pre Execute","logger":"task","filename":"task_runner.py","lineno":1926}
{"timestamp":"2026-06-12T03:31:52.466895Z","level":"info","event":"DAG bundles loaded: dags-folder, example_dags","run_id":"manual__2026-06-12T03:31:51.773928+00:00","map_index":-1,"dag_id":"devoluciones_dag","task_id":"leer_csv","ti_id":"019eb9e2-d767-732a-b211-2e0c7ec1a081","try_number":1,"logger":"airflow.dag_processing.bundles.manager.DagBundlesManager","filename":"manager.py","lineno":209}
{"timestamp":"2026-06-12T03:31:52.468575Z","level":"info","event":"Filling up the DagBag from /opt/airflow/dags/devoluciones_dag.py","run_id":"manual__2026-06-12T03:31:51.773928+00:00","map_index":-1,"dag_id":"devoluciones_dag","task_id":"leer_csv","ti_id":"019eb9e2-d767-732a-b211-2e0c7ec1a081","try_number":1,"logger":"airflow.dag_processing.dagbag.BundleDagBag","filename":"dagbag.py","lineno":469}
{"timestamp":"2026-06-12T03:31:52.486289Z","level":"warning","event":"The `airflow.operators.python.PythonOperator` attribute is deprecated. Please use `'airflow.providers.standard.operators.python.PythonOperator'`.","category":"UserWarning","filename":"/opt/airflow/dags/devoluciones_dag.py","lineno":2,"run_id":"manual__2026-06-12T03:31:51.773928+00:00","map_index":-1,"dag_id":"devoluciones_dag","task_id":"leer_csv","ti_id":"019eb9e2-d767-732a-b211-2e0c7ec1a081","try_number":1,"logger":"py.warnings"}
{"timestamp":"2026-06-12T03:31:52.505950Z","level":"info","event":"Task instance is in running state","logger":"task.stdout"}
{"timestamp":"2026-06-12T03:31:52.506426Z","level":"info","event":" Previous state of the Task instance: TaskInstanceState.QUEUED","logger":"task.stdout"}
{"timestamp":"2026-06-12T03:31:52.506866Z","level":"info","event":"Current task name:leer_csv","logger":"task.stdout"}
{"timestamp":"2026-06-12T03:31:52.507238Z","level":"info","event":"Dag name:devoluciones_dag","logger":"task.stdout"}
{"timestamp":"2026-06-12T03:31:52.506292Z","level":"info","event":"::endgroup::","run_id":"manual__2026-06-12T03:31:51.773928+00:00","map_index":-1,"dag_id":"devoluciones_dag","task_id":"leer_csv","ti_id":"019eb9e2-d767-732a-b211-2e0c7ec1a081","try_number":1,"logger":"task","filename":"task_runner.py","lineno":1727}
{"timestamp":"2026-06-12T03:31:52.513144Z","level":"info","event":"Archivo leído correctamente","logger":"task.stdout"}
{"timestamp":"2026-06-12T03:31:52.522426Z","level":"info","event":"  transaction_id       fecha  ...                     descripcion     estado","logger":"task.stdout"}
{"timestamp":"2026-06-12T03:31:52.522818Z","level":"info","event":"0         TXN001  2026-06-01  ...  Devolucion compra supermercado  pendiente","logger":"task.stdout"}
{"timestamp":"2026-06-12T03:31:52.523174Z","level":"info","event":"1         TXN002  2026-06-01  ...     Devolucion electrodomestico  pendiente","logger":"task.stdout"}
{"timestamp":"2026-06-12T03:31:52.523476Z","level":"info","event":"2         TXN003  2026-06-02  ...        Devolucion ropa en linea  pendiente","logger":"task.stdout"}
{"timestamp":"2026-06-12T03:31:52.523820Z","level":"info","event":"3         TXN004  2026-06-02  ...    Devolucion equipo de computo  pendiente","logger":"task.stdout"}
{"timestamp":"2026-06-12T03:31:52.524086Z","level":"info","event":"4         TXN005  2026-06-03  ...          Devolucion restaurante  pendiente","logger":"task.stdout"}
{"timestamp":"2026-06-12T03:31:52.524385Z","level":"info","event":"","logger":"task.stdout"}
{"timestamp":"2026-06-12T03:31:52.524668Z","level":"info","event":"[5 rows x 9 columns]","logger":"task.stdout"}
{"timestamp":"2026-06-12T03:31:52.528896Z","level":"info","event":"Done. Returned value was: None","run_id":"manual__2026-06-12T03:31:51.773928+00:00","map_index":-1,"dag_id":"devoluciones_dag","task_id":"leer_csv","ti_id":"019eb9e2-d767-732a-b211-2e0c7ec1a081","try_number":1,"logger":"airflow.task.operators.airflow.providers.standard.operators.python.PythonOperator","filename":"python.py","lineno":233}
{"timestamp":"2026-06-12T03:31:52.529049Z","level":"info","event":"::group::Post Execute","run_id":"manual__2026-06-12T03:31:51.773928+00:00","map_index":-1,"dag_id":"devoluciones_dag","task_id":"leer_csv","ti_id":"019eb9e2-d767-732a-b211-2e0c7ec1a081","try_number":1,"logger":"task","filename":"task_runner.py","lineno":1288}
{"timestamp":"2026-06-12T03:31:52.546167Z","level":"info","event":"Task instance in success state","logger":"task.stdout"}
{"timestamp":"2026-06-12T03:31:52.546540Z","level":"info","event":" Previous state of the Task instance: TaskInstanceState.RUNNING","logger":"task.stdout"}
{"timestamp":"2026-06-12T03:31:52.546894Z","level":"info","event":"Task operator:<Task(PythonOperator): leer_csv>","logger":"task.stdout"}
{"timestamp":"2026-06-12T03:31:52.546434Z","level":"info","event":"::endgroup::","run_id":"manual__2026-06-12T03:31:51.773928+00:00","map_index":-1,"dag_id":"devoluciones_dag","task_id":"leer_csv","ti_id":"019eb9e2-d767-732a-b211-2e0c7ec1a081","try_number":1,"logger":"task","filename":"task_runner.py","lineno":1896}
