{"timestamp":"2026-06-13T00:38:53.543291Z","level":"info","event":"::group::Pre Execute","logger":"task","filename":"task_runner.py","lineno":1926}
{"timestamp":"2026-06-13T00:38:53.911524Z","level":"info","event":"DAG bundles loaded: dags-folder, example_dags","ti_id":"019ebe6a-bfda-795c-903d-ed162ebdef5d","map_index":-1,"run_id":"manual__2026-06-13T00:38:47.496296+00:00","task_id":"reporte_diario","try_number":1,"dag_id":"devoluciones_dag","logger":"airflow.dag_processing.bundles.manager.DagBundlesManager","filename":"manager.py","lineno":209}
{"timestamp":"2026-06-13T00:38:53.912921Z","level":"info","event":"Filling up the DagBag from /opt/airflow/dags/devoluciones_dag.py","ti_id":"019ebe6a-bfda-795c-903d-ed162ebdef5d","map_index":-1,"run_id":"manual__2026-06-13T00:38:47.496296+00:00","task_id":"reporte_diario","try_number":1,"dag_id":"devoluciones_dag","logger":"airflow.dag_processing.dagbag.BundleDagBag","filename":"dagbag.py","lineno":469}
{"timestamp":"2026-06-13T00:38:53.944731Z","level":"warning","event":"The `airflow.operators.python.PythonOperator` attribute is deprecated. Please use `'airflow.providers.standard.operators.python.PythonOperator'`.","category":"UserWarning","filename":"/opt/airflow/dags/devoluciones_dag.py","lineno":2,"ti_id":"019ebe6a-bfda-795c-903d-ed162ebdef5d","map_index":-1,"run_id":"manual__2026-06-13T00:38:47.496296+00:00","task_id":"reporte_diario","try_number":1,"dag_id":"devoluciones_dag","logger":"py.warnings"}
{"timestamp":"2026-06-13T00:38:53.966918Z","level":"info","event":"Task instance is in running state","logger":"task.stdout"}
{"timestamp":"2026-06-13T00:38:53.967375Z","level":"info","event":" Previous state of the Task instance: TaskInstanceState.QUEUED","logger":"task.stdout"}
{"timestamp":"2026-06-13T00:38:53.967717Z","level":"info","event":"Current task name:reporte_diario","logger":"task.stdout"}
{"timestamp":"2026-06-13T00:38:53.968039Z","level":"info","event":"Dag name:devoluciones_dag","logger":"task.stdout"}
{"timestamp":"2026-06-13T00:38:53.967491Z","level":"info","event":"::endgroup::","ti_id":"019ebe6a-bfda-795c-903d-ed162ebdef5d","map_index":-1,"run_id":"manual__2026-06-13T00:38:47.496296+00:00","task_id":"reporte_diario","try_number":1,"dag_id":"devoluciones_dag","logger":"task","filename":"task_runner.py","lineno":1727}
{"timestamp":"2026-06-13T00:38:53.991968Z","level":"info","event":"","logger":"task.stdout"}
{"timestamp":"2026-06-13T00:38:53.992270Z","level":"info","event":"REPORTE DIARIO","logger":"task.stdout"}
{"timestamp":"2026-06-13T00:38:54.001845Z","level":"info","event":"        fecha  total_devoluciones  monto_total  ...  pendientes  revision  fraude","logger":"task.stdout"}
{"timestamp":"2026-06-13T00:38:54.002268Z","level":"info","event":"0  2026-06-01                   2       2650.0  ...           0         0       0","logger":"task.stdout"}
{"timestamp":"2026-06-13T00:38:54.002563Z","level":"info","event":"1  2026-06-02                   2       8075.5  ...           0         0       0","logger":"task.stdout"}
{"timestamp":"2026-06-13T00:38:54.002919Z","level":"info","event":"2  2026-06-03                   2       1820.0  ...           0         0       0","logger":"task.stdout"}
{"timestamp":"2026-06-13T00:38:54.003252Z","level":"info","event":"3  2026-06-04                   2       6550.0  ...           0         0       0","logger":"task.stdout"}
{"timestamp":"2026-06-13T00:38:54.003505Z","level":"info","event":"4  2026-06-05                   2       4100.0  ...           1         0       0","logger":"task.stdout"}
{"timestamp":"2026-06-13T00:38:54.003797Z","level":"info","event":"5  2026-06-06                   2      12200.0  ...           0         0       0","logger":"task.stdout"}
{"timestamp":"2026-06-13T00:38:54.004034Z","level":"info","event":"6  2026-06-07                   2       1650.0  ...           0         0       0","logger":"task.stdout"}
{"timestamp":"2026-06-13T00:38:54.004296Z","level":"info","event":"7  2026-06-08                   1       5500.0  ...           0         1       0","logger":"task.stdout"}
{"timestamp":"2026-06-13T00:38:54.004528Z","level":"info","event":"","logger":"task.stdout"}
{"timestamp":"2026-06-13T00:38:54.004817Z","level":"info","event":"[8 rows x 7 columns]","logger":"task.stdout"}
{"timestamp":"2026-06-13T00:38:54.003108Z","level":"info","event":"Done. Returned value was: None","ti_id":"019ebe6a-bfda-795c-903d-ed162ebdef5d","map_index":-1,"run_id":"manual__2026-06-13T00:38:47.496296+00:00","task_id":"reporte_diario","try_number":1,"dag_id":"devoluciones_dag","logger":"airflow.task.operators.airflow.providers.standard.operators.python.PythonOperator","filename":"python.py","lineno":233}
{"timestamp":"2026-06-13T00:38:54.003249Z","level":"info","event":"::group::Post Execute","ti_id":"019ebe6a-bfda-795c-903d-ed162ebdef5d","map_index":-1,"run_id":"manual__2026-06-13T00:38:47.496296+00:00","task_id":"reporte_diario","try_number":1,"dag_id":"devoluciones_dag","logger":"task","filename":"task_runner.py","lineno":1288}
{"timestamp":"2026-06-13T00:38:54.023073Z","level":"info","event":"Task instance in success state","logger":"task.stdout"}
{"timestamp":"2026-06-13T00:38:54.023453Z","level":"info","event":" Previous state of the Task instance: TaskInstanceState.RUNNING","logger":"task.stdout"}
{"timestamp":"2026-06-13T00:38:54.023867Z","level":"info","event":"Task operator:<Task(PythonOperator): reporte_diario>","logger":"task.stdout"}
{"timestamp":"2026-06-13T00:38:54.023407Z","level":"info","event":"::endgroup::","ti_id":"019ebe6a-bfda-795c-903d-ed162ebdef5d","map_index":-1,"run_id":"manual__2026-06-13T00:38:47.496296+00:00","task_id":"reporte_diario","try_number":1,"dag_id":"devoluciones_dag","logger":"task","filename":"task_runner.py","lineno":1896}
