{"timestamp":"2026-06-12T21:42:30.246736Z","level":"info","event":"::group::Pre Execute","logger":"task","filename":"task_runner.py","lineno":1926}
{"timestamp":"2026-06-12T21:42:30.532757Z","level":"info","event":"DAG bundles loaded: dags-folder, example_dags","run_id":"manual__2026-06-12T21:39:02.235083+00:00","ti_id":"019ebdc6-2df4-7157-8ee8-27607261ad75","task_id":"aplicar_reglas","try_number":1,"dag_id":"devoluciones_dag","map_index":-1,"logger":"airflow.dag_processing.bundles.manager.DagBundlesManager","filename":"manager.py","lineno":209}
{"timestamp":"2026-06-12T21:42:30.534514Z","level":"info","event":"Filling up the DagBag from /opt/airflow/dags/devoluciones_dag.py","run_id":"manual__2026-06-12T21:39:02.235083+00:00","ti_id":"019ebdc6-2df4-7157-8ee8-27607261ad75","task_id":"aplicar_reglas","try_number":1,"dag_id":"devoluciones_dag","map_index":-1,"logger":"airflow.dag_processing.dagbag.BundleDagBag","filename":"dagbag.py","lineno":469}
{"timestamp":"2026-06-12T21:42:30.560038Z","level":"warning","event":"The `airflow.operators.python.PythonOperator` attribute is deprecated. Please use `'airflow.providers.standard.operators.python.PythonOperator'`.","category":"UserWarning","filename":"/opt/airflow/dags/devoluciones_dag.py","lineno":2,"run_id":"manual__2026-06-12T21:39:02.235083+00:00","ti_id":"019ebdc6-2df4-7157-8ee8-27607261ad75","task_id":"aplicar_reglas","try_number":1,"dag_id":"devoluciones_dag","map_index":-1,"logger":"py.warnings"}
{"timestamp":"2026-06-12T21:42:30.584898Z","level":"info","event":"Task instance is in running state","logger":"task.stdout"}
{"timestamp":"2026-06-12T21:42:30.585333Z","level":"info","event":" Previous state of the Task instance: TaskInstanceState.QUEUED","logger":"task.stdout"}
{"timestamp":"2026-06-12T21:42:30.585744Z","level":"info","event":"Current task name:aplicar_reglas","logger":"task.stdout"}
{"timestamp":"2026-06-12T21:42:30.586114Z","level":"info","event":"Dag name:devoluciones_dag","logger":"task.stdout"}
{"timestamp":"2026-06-12T21:42:30.585189Z","level":"info","event":"::endgroup::","run_id":"manual__2026-06-12T21:39:02.235083+00:00","ti_id":"019ebdc6-2df4-7157-8ee8-27607261ad75","task_id":"aplicar_reglas","try_number":1,"dag_id":"devoluciones_dag","map_index":-1,"logger":"task","filename":"task_runner.py","lineno":1727}
{"timestamp":"2026-06-12T21:42:30.594028Z","level":"info","event":"RESULTADO DE LAS REGLAS","logger":"task.stdout"}
{"timestamp":"2026-06-12T21:42:30.600240Z","level":"info","event":"   transaction_id    monto     estado                   regla_aplicada","logger":"task.stdout"}
{"timestamp":"2026-06-12T21:42:30.600690Z","level":"info","event":"0          TXN001    150.0   APROBADA            Aprobación automática","logger":"task.stdout"}
{"timestamp":"2026-06-12T21:42:30.601118Z","level":"info","event":"1          TXN002   2500.0  PENDIENTE  Requiere aprobación del gerente","logger":"task.stdout"}
{"timestamp":"2026-06-12T21:42:30.601519Z","level":"info","event":"2          TXN003     75.5   APROBADA            Aprobación automática","logger":"task.stdout"}
{"timestamp":"2026-06-12T21:42:30.601978Z","level":"info","event":"3          TXN004   8000.0   REVISION                Revisión especial","logger":"task.stdout"}
{"timestamp":"2026-06-12T21:42:30.602336Z","level":"info","event":"4          TXN005    320.0   APROBADA            Aprobación automática","logger":"task.stdout"}
{"timestamp":"2026-06-12T21:42:30.602740Z","level":"info","event":"5          TXN006   1500.0  PENDIENTE  Requiere aprobación del gerente","logger":"task.stdout"}
{"timestamp":"2026-06-12T21:42:30.603017Z","level":"info","event":"6          TXN007     50.0   APROBADA            Aprobación automática","logger":"task.stdout"}
{"timestamp":"2026-06-12T21:42:30.603280Z","level":"info","event":"7          TXN008   6500.0   REVISION                Revisión especial","logger":"task.stdout"}
{"timestamp":"2026-06-12T21:42:30.603525Z","level":"info","event":"8          TXN009    900.0   APROBADA            Aprobación automática","logger":"task.stdout"}
{"timestamp":"2026-06-12T21:42:30.603766Z","level":"info","event":"9          TXN010   3200.0  PENDIENTE  Requiere aprobación del gerente","logger":"task.stdout"}
{"timestamp":"2026-06-12T21:42:30.604011Z","level":"info","event":"10         TXN011    200.0   APROBADA            Aprobación automática","logger":"task.stdout"}
{"timestamp":"2026-06-12T21:42:30.604249Z","level":"info","event":"11         TXN012  12000.0   REVISION                Revisión especial","logger":"task.stdout"}
{"timestamp":"2026-06-12T21:42:30.604450Z","level":"info","event":"12         TXN013    450.0   APROBADA            Aprobación automática","logger":"task.stdout"}
{"timestamp":"2026-06-12T21:42:30.604663Z","level":"info","event":"13         TXN014   1200.0  PENDIENTE  Requiere aprobación del gerente","logger":"task.stdout"}
{"timestamp":"2026-06-12T21:42:30.604845Z","level":"info","event":"14         TXN015   5500.0   REVISION                Revisión especial","logger":"task.stdout"}
{"timestamp":"2026-06-12T21:42:30.604496Z","level":"info","event":"Done. Returned value was: None","run_id":"manual__2026-06-12T21:39:02.235083+00:00","ti_id":"019ebdc6-2df4-7157-8ee8-27607261ad75","task_id":"aplicar_reglas","try_number":1,"dag_id":"devoluciones_dag","map_index":-1,"logger":"airflow.task.operators.airflow.providers.standard.operators.python.PythonOperator","filename":"python.py","lineno":233}
{"timestamp":"2026-06-12T21:42:30.604621Z","level":"info","event":"::group::Post Execute","run_id":"manual__2026-06-12T21:39:02.235083+00:00","ti_id":"019ebdc6-2df4-7157-8ee8-27607261ad75","task_id":"aplicar_reglas","try_number":1,"dag_id":"devoluciones_dag","map_index":-1,"logger":"task","filename":"task_runner.py","lineno":1288}
{"timestamp":"2026-06-12T21:42:30.625604Z","level":"info","event":"Task instance in success state","logger":"task.stdout"}
{"timestamp":"2026-06-12T21:42:30.626011Z","level":"info","event":" Previous state of the Task instance: TaskInstanceState.RUNNING","logger":"task.stdout"}
{"timestamp":"2026-06-12T21:42:30.626405Z","level":"info","event":"Task operator:<Task(PythonOperator): aplicar_reglas>","logger":"task.stdout"}
{"timestamp":"2026-06-12T21:42:30.625864Z","level":"info","event":"::endgroup::","run_id":"manual__2026-06-12T21:39:02.235083+00:00","ti_id":"019ebdc6-2df4-7157-8ee8-27607261ad75","task_id":"aplicar_reglas","try_number":1,"dag_id":"devoluciones_dag","map_index":-1,"logger":"task","filename":"task_runner.py","lineno":1896}
