{"timestamp":"2026-06-16T17:53:49.700131Z","level":"info","event":"::group::Pre Execute","logger":"task","filename":"task_runner.py","lineno":1926}
{"timestamp":"2026-06-16T17:53:50.050961Z","level":"info","event":"DAG bundles loaded: dags-folder, example_dags","task_id":"generar_reportes","try_number":1,"map_index":-1,"run_id":"manual__2026-06-16T17:53:36.969416+00:00","dag_id":"devoluciones_dag","ti_id":"019ed191-3ce2-75b3-b08a-bfd2268b4353","logger":"airflow.dag_processing.bundles.manager.DagBundlesManager","filename":"manager.py","lineno":209}
{"timestamp":"2026-06-16T17:53:50.052713Z","level":"info","event":"Filling up the DagBag from /opt/airflow/dags/devoluciones_dag.py","task_id":"generar_reportes","try_number":1,"map_index":-1,"run_id":"manual__2026-06-16T17:53:36.969416+00:00","dag_id":"devoluciones_dag","ti_id":"019ed191-3ce2-75b3-b08a-bfd2268b4353","logger":"airflow.dag_processing.dagbag.BundleDagBag","filename":"dagbag.py","lineno":469}
{"timestamp":"2026-06-16T17:53:50.092373Z","level":"warning","event":"The `airflow.operators.python.PythonOperator` attribute is deprecated. Please use `'airflow.providers.standard.operators.python.PythonOperator'`.","category":"UserWarning","filename":"/opt/airflow/dags/devoluciones_dag.py","lineno":2,"task_id":"generar_reportes","try_number":1,"map_index":-1,"run_id":"manual__2026-06-16T17:53:36.969416+00:00","dag_id":"devoluciones_dag","ti_id":"019ed191-3ce2-75b3-b08a-bfd2268b4353","logger":"py.warnings"}
{"timestamp":"2026-06-16T17:53:50.112558Z","level":"info","event":"Task instance is in running state","logger":"task.stdout"}
{"timestamp":"2026-06-16T17:53:50.112975Z","level":"info","event":" Previous state of the Task instance: TaskInstanceState.QUEUED","logger":"task.stdout"}
{"timestamp":"2026-06-16T17:53:50.113269Z","level":"info","event":"Current task name:generar_reportes","logger":"task.stdout"}
{"timestamp":"2026-06-16T17:53:50.113505Z","level":"info","event":"Dag name:devoluciones_dag","logger":"task.stdout"}
{"timestamp":"2026-06-16T17:53:50.113267Z","level":"info","event":"::endgroup::","task_id":"generar_reportes","try_number":1,"map_index":-1,"run_id":"manual__2026-06-16T17:53:36.969416+00:00","dag_id":"devoluciones_dag","ti_id":"019ed191-3ce2-75b3-b08a-bfd2268b4353","logger":"task","filename":"task_runner.py","lineno":1727}
{"timestamp":"2026-06-16T17:53:50.333795Z","level":"info","event":"","logger":"task.stdout"}
{"timestamp":"2026-06-16T17:53:50.334070Z","level":"info","event":"REPORTE DIARIO","logger":"task.stdout"}
{"timestamp":"2026-06-16T17:53:50.343034Z","level":"info","event":"             fecha  total_devoluciones  ...  fraude  pendientes","logger":"task.stdout"}
{"timestamp":"2026-06-16T17:53:50.343546Z","level":"info","event":"0          1767225                   8  ...       0           0","logger":"task.stdout"}
{"timestamp":"2026-06-16T17:53:50.343799Z","level":"info","event":"1    1767225600000                  23  ...       0           0","logger":"task.stdout"}
{"timestamp":"2026-06-16T17:53:50.344012Z","level":"info","event":"2          1767312                   4  ...       0           0","logger":"task.stdout"}
{"timestamp":"2026-06-16T17:53:50.344213Z","level":"info","event":"3    1767312000000                  26  ...       0           0","logger":"task.stdout"}
{"timestamp":"2026-06-16T17:53:50.344405Z","level":"info","event":"4          1767398                   3  ...       0           0","logger":"task.stdout"}
{"timestamp":"2026-06-16T17:53:50.344604Z","level":"info","event":"..             ...                 ...  ...     ...         ...","logger":"task.stdout"}
{"timestamp":"2026-06-16T17:53:50.344829Z","level":"info","event":"352     2026-05-13                   1  ...       0           0","logger":"task.stdout"}
{"timestamp":"2026-06-16T17:53:50.345055Z","level":"info","event":"353     2026-05-14                   1  ...       0           0","logger":"task.stdout"}
{"timestamp":"2026-06-16T17:53:50.345272Z","level":"info","event":"354     2026-05-15                   1  ...       0           0","logger":"task.stdout"}
{"timestamp":"2026-06-16T17:53:50.345457Z","level":"info","event":"355     2026-05-23                   1  ...       0           0","logger":"task.stdout"}
{"timestamp":"2026-06-16T17:53:50.345709Z","level":"info","event":"356     2026-06-08                   1  ...       0           0","logger":"task.stdout"}
{"timestamp":"2026-06-16T17:53:50.345914Z","level":"info","event":"","logger":"task.stdout"}
{"timestamp":"2026-06-16T17:53:50.346109Z","level":"info","event":"[357 rows x 7 columns]","logger":"task.stdout"}
{"timestamp":"2026-06-16T17:53:50.347868Z","level":"error","event":"Task failed with exception","task_id":"generar_reportes","try_number":1,"map_index":-1,"run_id":"manual__2026-06-16T17:53:36.969416+00:00","dag_id":"devoluciones_dag","ti_id":"019ed191-3ce2-75b3-b08a-bfd2268b4353","logger":"task","filename":"task_runner.py","lineno":1381,"error_detail":[{"exc_type":"TypeError","exc_value":"Only valid with DatetimeIndex, TimedeltaIndex or PeriodIndex, but got an instance of 'Index'","exc_notes":[],"syntax_error":null,"is_cause":false,"frames":[{"filename":"/home/airflow/.local/lib/python3.13/site-packages/airflow/sdk/execution_time/task_runner.py","lineno":1287,"name":"run"},{"filename":"/home/airflow/.local/lib/python3.13/site-packages/airflow/sdk/execution_time/task_runner.py","lineno":1745,"name":"_execute_task"},{"filename":"/home/airflow/.local/lib/python3.13/site-packages/airflow/sdk/bases/operator.py","lineno":443,"name":"wrapper"},{"filename":"/home/airflow/.local/lib/python3.13/site-packages/airflow/providers/standard/operators/python.py","lineno":231,"name":"execute"},{"filename":"/home/airflow/.local/lib/python3.13/site-packages/airflow/providers/standard/operators/python.py","lineno":254,"name":"execute_callable"},{"filename":"/home/airflow/.local/lib/python3.13/site-packages/airflow/sdk/execution_time/callback_runner.py","lineno":97,"name":"run"},{"filename":"/opt/airflow/scripts/reportes.py","lineno":35,"name":"generar_reportes"},{"filename":"/home/airflow/.local/lib/python3.13/site-packages/pandas/core/frame.py","lineno":9210,"name":"groupby"},{"filename":"/home/airflow/.local/lib/python3.13/site-packages/pandas/core/groupby/groupby.py","lineno":1331,"name":"__init__"},{"filename":"/home/airflow/.local/lib/python3.13/site-packages/pandas/core/groupby/grouper.py","lineno":929,"name":"get_grouper"},{"filename":"/home/airflow/.local/lib/python3.13/site-packages/pandas/core/resample.py","lineno":2268,"name":"_get_grouper"},{"filename":"/home/airflow/.local/lib/python3.13/site-packages/pandas/core/resample.py","lineno":2258,"name":"_get_resampler"}],"is_group":false,"exceptions":[]}]}
{"timestamp":"2026-06-16T17:53:50.348307Z","level":"info","event":"::group::Post Execute","task_id":"generar_reportes","try_number":1,"map_index":-1,"run_id":"manual__2026-06-16T17:53:36.969416+00:00","dag_id":"devoluciones_dag","ti_id":"019ed191-3ce2-75b3-b08a-bfd2268b4353","logger":"task","filename":"task_runner.py","lineno":1382}
{"timestamp":"2026-06-16T17:53:50.350211Z","level":"info","event":"Task instance in failure state","logger":"task.stdout"}
{"timestamp":"2026-06-16T17:53:50.350703Z","level":"info","event":"Task start","logger":"task.stdout"}
{"timestamp":"2026-06-16T17:53:50.350995Z","level":"info","event":"Task:<Task(PythonOperator): generar_reportes>","logger":"task.stdout"}
{"timestamp":"2026-06-16T17:53:50.351264Z","level":"info","event":"Failure caused by Only valid with DatetimeIndex, TimedeltaIndex or PeriodIndex, but got an instance of 'Index'","logger":"task.stdout"}
{"timestamp":"2026-06-16T17:53:50.350740Z","level":"info","event":"::endgroup::","task_id":"generar_reportes","try_number":1,"map_index":-1,"run_id":"manual__2026-06-16T17:53:36.969416+00:00","dag_id":"devoluciones_dag","ti_id":"019ed191-3ce2-75b3-b08a-bfd2268b4353","logger":"task","filename":"task_runner.py","lineno":1896}
