{"timestamp":"2026-06-13T00:15:27.047925Z","level":"info","event":"::group::Pre Execute","logger":"task","filename":"task_runner.py","lineno":1926}
{"timestamp":"2026-06-13T00:15:27.452719Z","level":"info","event":"DAG bundles loaded: dags-folder, example_dags","map_index":-1,"ti_id":"019ebe55-4f00-7e2a-855a-dc1734a7bffc","run_id":"manual__2026-06-13T00:15:22.311968+00:00","try_number":1,"dag_id":"devoluciones_dag","task_id":"guardar_bd","logger":"airflow.dag_processing.bundles.manager.DagBundlesManager","filename":"manager.py","lineno":209}
{"timestamp":"2026-06-13T00:15:27.454381Z","level":"info","event":"Filling up the DagBag from /opt/airflow/dags/devoluciones_dag.py","map_index":-1,"ti_id":"019ebe55-4f00-7e2a-855a-dc1734a7bffc","run_id":"manual__2026-06-13T00:15:22.311968+00:00","try_number":1,"dag_id":"devoluciones_dag","task_id":"guardar_bd","logger":"airflow.dag_processing.dagbag.BundleDagBag","filename":"dagbag.py","lineno":469}
{"timestamp":"2026-06-13T00:15:27.491157Z","level":"warning","event":"The `airflow.operators.python.PythonOperator` attribute is deprecated. Please use `'airflow.providers.standard.operators.python.PythonOperator'`.","category":"UserWarning","filename":"/opt/airflow/dags/devoluciones_dag.py","lineno":2,"map_index":-1,"ti_id":"019ebe55-4f00-7e2a-855a-dc1734a7bffc","run_id":"manual__2026-06-13T00:15:22.311968+00:00","try_number":1,"dag_id":"devoluciones_dag","task_id":"guardar_bd","logger":"py.warnings"}
{"timestamp":"2026-06-13T00:15:27.522603Z","level":"info","event":"Task instance is in running state","logger":"task.stdout"}
{"timestamp":"2026-06-13T00:15:27.523116Z","level":"info","event":" Previous state of the Task instance: TaskInstanceState.QUEUED","logger":"task.stdout"}
{"timestamp":"2026-06-13T00:15:27.523461Z","level":"info","event":"Current task name:guardar_bd","logger":"task.stdout"}
{"timestamp":"2026-06-13T00:15:27.523895Z","level":"info","event":"Dag name:devoluciones_dag","logger":"task.stdout"}
{"timestamp":"2026-06-13T00:15:27.523068Z","level":"info","event":"::endgroup::","map_index":-1,"ti_id":"019ebe55-4f00-7e2a-855a-dc1734a7bffc","run_id":"manual__2026-06-13T00:15:22.311968+00:00","try_number":1,"dag_id":"devoluciones_dag","task_id":"guardar_bd","logger":"task","filename":"task_runner.py","lineno":1727}
{"timestamp":"2026-06-13T00:15:27.545803Z","level":"error","event":"Task failed with exception","map_index":-1,"ti_id":"019ebe55-4f00-7e2a-855a-dc1734a7bffc","run_id":"manual__2026-06-13T00:15:22.311968+00:00","try_number":1,"dag_id":"devoluciones_dag","task_id":"guardar_bd","logger":"task","filename":"task_runner.py","lineno":1381,"error_detail":[{"exc_type":"DatabaseError","exc_value":"Execution failed on sql '\n        SELECT\n            name\n        FROM\n            sqlite_master\n        WHERE\n            type IN ('table', 'view')\n            AND name=?;\n        ': database disk image is malformed","exc_notes":[],"syntax_error":null,"is_cause":false,"frames":[{"filename":"/home/airflow/.local/lib/python3.13/site-packages/airflow/sdk/execution_time/task_runner.py","lineno":1287,"name":"run"},{"filename":"/home/airflow/.local/lib/python3.13/site-packages/airflow/sdk/execution_time/task_runner.py","lineno":1745,"name":"_execute_task"},{"filename":"/home/airflow/.local/lib/python3.13/site-packages/airflow/sdk/bases/operator.py","lineno":443,"name":"wrapper"},{"filename":"/home/airflow/.local/lib/python3.13/site-packages/airflow/providers/standard/operators/python.py","lineno":231,"name":"execute"},{"filename":"/home/airflow/.local/lib/python3.13/site-packages/airflow/providers/standard/operators/python.py","lineno":254,"name":"execute_callable"},{"filename":"/home/airflow/.local/lib/python3.13/site-packages/airflow/sdk/execution_time/callback_runner.py","lineno":97,"name":"run"},{"filename":"/opt/airflow/scripts/guardar_bd.py","lineno":17,"name":"guardar_bd"},{"filename":"/home/airflow/.local/lib/python3.13/site-packages/pandas/util/_decorators.py","lineno":333,"name":"wrapper"},{"filename":"/home/airflow/.local/lib/python3.13/site-packages/pandas/core/generic.py","lineno":3109,"name":"to_sql"},{"filename":"/home/airflow/.local/lib/python3.13/site-packages/pandas/io/sql.py","lineno":844,"name":"to_sql"},{"filename":"/home/airflow/.local/lib/python3.13/site-packages/pandas/io/sql.py","lineno":2840,"name":"to_sql"},{"filename":"/home/airflow/.local/lib/python3.13/site-packages/pandas/io/sql.py","lineno":986,"name":"create"},{"filename":"/home/airflow/.local/lib/python3.13/site-packages/pandas/io/sql.py","lineno":972,"name":"exists"},{"filename":"/home/airflow/.local/lib/python3.13/site-packages/pandas/io/sql.py","lineno":2855,"name":"has_table"},{"filename":"/home/airflow/.local/lib/python3.13/site-packages/pandas/io/sql.py","lineno":2676,"name":"execute"}],"is_group":false,"exceptions":[]},{"exc_type":"DatabaseError","exc_value":"database disk image is malformed","exc_notes":[],"syntax_error":null,"is_cause":true,"frames":[{"filename":"/home/airflow/.local/lib/python3.13/site-packages/pandas/io/sql.py","lineno":2664,"name":"execute"}],"is_group":false,"exceptions":[]}]}
{"timestamp":"2026-06-13T00:15:27.546264Z","level":"info","event":"::group::Post Execute","map_index":-1,"ti_id":"019ebe55-4f00-7e2a-855a-dc1734a7bffc","run_id":"manual__2026-06-13T00:15:22.311968+00:00","try_number":1,"dag_id":"devoluciones_dag","task_id":"guardar_bd","logger":"task","filename":"task_runner.py","lineno":1382}
{"timestamp":"2026-06-13T00:15:27.548125Z","level":"info","event":"Task instance in failure state","logger":"task.stdout"}
{"timestamp":"2026-06-13T00:15:27.548507Z","level":"info","event":"Task start","logger":"task.stdout"}
{"timestamp":"2026-06-13T00:15:27.548835Z","level":"info","event":"Task:<Task(PythonOperator): guardar_bd>","logger":"task.stdout"}
{"timestamp":"2026-06-13T00:15:27.549161Z","level":"info","event":"Failure caused by Execution failed on sql '","logger":"task.stdout"}
{"timestamp":"2026-06-13T00:15:27.549408Z","level":"info","event":"        SELECT","logger":"task.stdout"}
{"timestamp":"2026-06-13T00:15:27.549653Z","level":"info","event":"            name","logger":"task.stdout"}
{"timestamp":"2026-06-13T00:15:27.549900Z","level":"info","event":"        FROM","logger":"task.stdout"}
{"timestamp":"2026-06-13T00:15:27.550139Z","level":"info","event":"            sqlite_master","logger":"task.stdout"}
{"timestamp":"2026-06-13T00:15:27.550402Z","level":"info","event":"        WHERE","logger":"task.stdout"}
{"timestamp":"2026-06-13T00:15:27.550635Z","level":"info","event":"            type IN ('table', 'view')","logger":"task.stdout"}
{"timestamp":"2026-06-13T00:15:27.550850Z","level":"info","event":"            AND name=?;","logger":"task.stdout"}
{"timestamp":"2026-06-13T00:15:27.551051Z","level":"info","event":"        ': database disk image is malformed","logger":"task.stdout"}
{"timestamp":"2026-06-13T00:15:27.548396Z","level":"info","event":"::endgroup::","map_index":-1,"ti_id":"019ebe55-4f00-7e2a-855a-dc1734a7bffc","run_id":"manual__2026-06-13T00:15:22.311968+00:00","try_number":1,"dag_id":"devoluciones_dag","task_id":"guardar_bd","logger":"task","filename":"task_runner.py","lineno":1896}
