{"timestamp":"2026-06-13T00:31:55.198936Z","level":"info","event":"::group::Pre Execute","logger":"task","filename":"task_runner.py","lineno":1926}
{"timestamp":"2026-06-13T00:31:55.572300Z","level":"info","event":"DAG bundles loaded: dags-folder, example_dags","map_index":-1,"ti_id":"019ebe64-6194-7606-a5e6-8cc6b7e28581","run_id":"manual__2026-06-13T00:31:50.142701+00:00","try_number":1,"dag_id":"devoluciones_dag","task_id":"aplicar_reglas","logger":"airflow.dag_processing.bundles.manager.DagBundlesManager","filename":"manager.py","lineno":209}
{"timestamp":"2026-06-13T00:31:55.574130Z","level":"info","event":"Filling up the DagBag from /opt/airflow/dags/devoluciones_dag.py","map_index":-1,"ti_id":"019ebe64-6194-7606-a5e6-8cc6b7e28581","run_id":"manual__2026-06-13T00:31:50.142701+00:00","try_number":1,"dag_id":"devoluciones_dag","task_id":"aplicar_reglas","logger":"airflow.dag_processing.dagbag.BundleDagBag","filename":"dagbag.py","lineno":469}
{"timestamp":"2026-06-13T00:31:55.610808Z","level":"warning","event":"The `airflow.operators.python.PythonOperator` attribute is deprecated. Please use `'airflow.providers.standard.operators.python.PythonOperator'`.","category":"UserWarning","filename":"/opt/airflow/dags/devoluciones_dag.py","lineno":2,"map_index":-1,"ti_id":"019ebe64-6194-7606-a5e6-8cc6b7e28581","run_id":"manual__2026-06-13T00:31:50.142701+00:00","try_number":1,"dag_id":"devoluciones_dag","task_id":"aplicar_reglas","logger":"py.warnings"}
{"timestamp":"2026-06-13T00:31:55.631975Z","level":"info","event":"Task instance is in running state","logger":"task.stdout"}
{"timestamp":"2026-06-13T00:31:55.632373Z","level":"info","event":" Previous state of the Task instance: TaskInstanceState.QUEUED","logger":"task.stdout"}
{"timestamp":"2026-06-13T00:31:55.632594Z","level":"info","event":"Current task name:aplicar_reglas","logger":"task.stdout"}
{"timestamp":"2026-06-13T00:31:55.632813Z","level":"info","event":"Dag name:devoluciones_dag","logger":"task.stdout"}
{"timestamp":"2026-06-13T00:31:55.632359Z","level":"info","event":"::endgroup::","map_index":-1,"ti_id":"019ebe64-6194-7606-a5e6-8cc6b7e28581","run_id":"manual__2026-06-13T00:31:50.142701+00:00","try_number":1,"dag_id":"devoluciones_dag","task_id":"aplicar_reglas","logger":"task","filename":"task_runner.py","lineno":1727}
{"timestamp":"2026-06-13T00:31:56.015710Z","level":"info","event":"RESULTADO DE LAS REGLAS","logger":"task.stdout"}
{"timestamp":"2026-06-13T00:31:56.024261Z","level":"info","event":"     transaction_id  ...                                     regla_aplicada","logger":"task.stdout"}
{"timestamp":"2026-06-13T00:31:56.024759Z","level":"info","event":"0          TXN00001  ...  Marcado como posible fraude por multiples devo...","logger":"task.stdout"}
{"timestamp":"2026-06-13T00:31:56.025161Z","level":"info","event":"1          TXN00002  ...  Marcado como posible fraude por multiples devo...","logger":"task.stdout"}
{"timestamp":"2026-06-13T00:31:56.025550Z","level":"info","event":"2          TXN00003  ...  Marcado como posible fraude por multiples devo...","logger":"task.stdout"}
{"timestamp":"2026-06-13T00:31:56.025901Z","level":"info","event":"3          TXN00004  ...  Marcado como posible fraude por multiples devo...","logger":"task.stdout"}
{"timestamp":"2026-06-13T00:31:56.026171Z","level":"info","event":"4          TXN00005  ...  Marcado como posible fraude por multiples devo...","logger":"task.stdout"}
{"timestamp":"2026-06-13T00:31:56.026434Z","level":"info","event":"...             ...  ...                                                ...","logger":"task.stdout"}
{"timestamp":"2026-06-13T00:31:56.026713Z","level":"info","event":"4995       TXN04996  ...  Marcado como posible fraude por multiples devo...","logger":"task.stdout"}
{"timestamp":"2026-06-13T00:31:56.026918Z","level":"info","event":"4996       TXN04997  ...  Marcado como posible fraude por multiples devo...","logger":"task.stdout"}
{"timestamp":"2026-06-13T00:31:56.027176Z","level":"info","event":"4997       TXN04998  ...  Marcado como posible fraude por multiples devo...","logger":"task.stdout"}
{"timestamp":"2026-06-13T00:31:56.027422Z","level":"info","event":"4998       TXN04999  ...  Marcado como posible fraude por multiples devo...","logger":"task.stdout"}
{"timestamp":"2026-06-13T00:31:56.027674Z","level":"info","event":"4999       TXN05000  ...  Marcado como posible fraude por multiples devo...","logger":"task.stdout"}
{"timestamp":"2026-06-13T00:31:56.027878Z","level":"info","event":"","logger":"task.stdout"}
{"timestamp":"2026-06-13T00:31:56.028144Z","level":"info","event":"[5000 rows x 4 columns]","logger":"task.stdout"}
{"timestamp":"2026-06-13T00:31:56.082064Z","level":"info","event":"Done. Returned value was: None","map_index":-1,"ti_id":"019ebe64-6194-7606-a5e6-8cc6b7e28581","run_id":"manual__2026-06-13T00:31:50.142701+00:00","try_number":1,"dag_id":"devoluciones_dag","task_id":"aplicar_reglas","logger":"airflow.task.operators.airflow.providers.standard.operators.python.PythonOperator","filename":"python.py","lineno":233}
{"timestamp":"2026-06-13T00:31:56.082288Z","level":"info","event":"::group::Post Execute","map_index":-1,"ti_id":"019ebe64-6194-7606-a5e6-8cc6b7e28581","run_id":"manual__2026-06-13T00:31:50.142701+00:00","try_number":1,"dag_id":"devoluciones_dag","task_id":"aplicar_reglas","logger":"task","filename":"task_runner.py","lineno":1288}
{"timestamp":"2026-06-13T00:31:56.102818Z","level":"info","event":"Task instance in success state","logger":"task.stdout"}
{"timestamp":"2026-06-13T00:31:56.103224Z","level":"info","event":" Previous state of the Task instance: TaskInstanceState.RUNNING","logger":"task.stdout"}
{"timestamp":"2026-06-13T00:31:56.103564Z","level":"info","event":"Task operator:<Task(PythonOperator): aplicar_reglas>","logger":"task.stdout"}
{"timestamp":"2026-06-13T00:31:56.103159Z","level":"info","event":"::endgroup::","map_index":-1,"ti_id":"019ebe64-6194-7606-a5e6-8cc6b7e28581","run_id":"manual__2026-06-13T00:31:50.142701+00:00","try_number":1,"dag_id":"devoluciones_dag","task_id":"aplicar_reglas","logger":"task","filename":"task_runner.py","lineno":1896}
