{"timestamp":"2026-06-12T23:11:45.514248Z","level":"info","event":"::group::Pre Execute","logger":"task","filename":"task_runner.py","lineno":1926}
{"timestamp":"2026-06-12T23:11:45.850825Z","level":"info","event":"DAG bundles loaded: dags-folder, example_dags","dag_id":"devoluciones_dag","try_number":1,"ti_id":"019ebe1a-e78b-7627-9731-d8ee023377ef","run_id":"manual__2026-06-12T23:11:34.502293+00:00","map_index":-1,"task_id":"reporte_semanal","logger":"airflow.dag_processing.bundles.manager.DagBundlesManager","filename":"manager.py","lineno":209}
{"timestamp":"2026-06-12T23:11:45.852179Z","level":"info","event":"Filling up the DagBag from /opt/airflow/dags/devoluciones_dag.py","dag_id":"devoluciones_dag","try_number":1,"ti_id":"019ebe1a-e78b-7627-9731-d8ee023377ef","run_id":"manual__2026-06-12T23:11:34.502293+00:00","map_index":-1,"task_id":"reporte_semanal","logger":"airflow.dag_processing.dagbag.BundleDagBag","filename":"dagbag.py","lineno":469}
{"timestamp":"2026-06-12T23:11:45.885288Z","level":"warning","event":"The `airflow.operators.python.PythonOperator` attribute is deprecated. Please use `'airflow.providers.standard.operators.python.PythonOperator'`.","category":"UserWarning","filename":"/opt/airflow/dags/devoluciones_dag.py","lineno":2,"dag_id":"devoluciones_dag","try_number":1,"ti_id":"019ebe1a-e78b-7627-9731-d8ee023377ef","run_id":"manual__2026-06-12T23:11:34.502293+00:00","map_index":-1,"task_id":"reporte_semanal","logger":"py.warnings"}
{"timestamp":"2026-06-12T23:11:45.914506Z","level":"info","event":"Task instance is in running state","logger":"task.stdout"}
{"timestamp":"2026-06-12T23:11:45.914864Z","level":"info","event":" Previous state of the Task instance: TaskInstanceState.QUEUED","logger":"task.stdout"}
{"timestamp":"2026-06-12T23:11:45.915202Z","level":"info","event":"Current task name:reporte_semanal","logger":"task.stdout"}
{"timestamp":"2026-06-12T23:11:45.915503Z","level":"info","event":"Dag name:devoluciones_dag","logger":"task.stdout"}
{"timestamp":"2026-06-12T23:11:45.914870Z","level":"info","event":"::endgroup::","dag_id":"devoluciones_dag","try_number":1,"ti_id":"019ebe1a-e78b-7627-9731-d8ee023377ef","run_id":"manual__2026-06-12T23:11:34.502293+00:00","map_index":-1,"task_id":"reporte_semanal","logger":"task","filename":"task_runner.py","lineno":1727}
{"timestamp":"2026-06-12T23:11:45.941503Z","level":"info","event":"","logger":"task.stdout"}
{"timestamp":"2026-06-12T23:11:45.941800Z","level":"info","event":"REPORTE SEMANAL","logger":"task.stdout"}
{"timestamp":"2026-06-12T23:11:45.948408Z","level":"info","event":"       fecha  total_devoluciones  monto_total  aprobadas  pendientes  revision","logger":"task.stdout"}
{"timestamp":"2026-06-12T23:11:45.948718Z","level":"info","event":"0 2026-06-07                  14      37045.5          7           4         3","logger":"task.stdout"}
{"timestamp":"2026-06-12T23:11:45.949036Z","level":"info","event":"1 2026-06-14                   1       5500.0          0           0         1","logger":"task.stdout"}
{"timestamp":"2026-06-12T23:11:45.949583Z","level":"info","event":"Done. Returned value was: None","dag_id":"devoluciones_dag","try_number":1,"ti_id":"019ebe1a-e78b-7627-9731-d8ee023377ef","run_id":"manual__2026-06-12T23:11:34.502293+00:00","map_index":-1,"task_id":"reporte_semanal","logger":"airflow.task.operators.airflow.providers.standard.operators.python.PythonOperator","filename":"python.py","lineno":233}
{"timestamp":"2026-06-12T23:11:45.949736Z","level":"info","event":"::group::Post Execute","dag_id":"devoluciones_dag","try_number":1,"ti_id":"019ebe1a-e78b-7627-9731-d8ee023377ef","run_id":"manual__2026-06-12T23:11:34.502293+00:00","map_index":-1,"task_id":"reporte_semanal","logger":"task","filename":"task_runner.py","lineno":1288}
{"timestamp":"2026-06-12T23:11:45.967858Z","level":"info","event":"Task instance in success state","logger":"task.stdout"}
{"timestamp":"2026-06-12T23:11:45.968165Z","level":"info","event":" Previous state of the Task instance: TaskInstanceState.RUNNING","logger":"task.stdout"}
{"timestamp":"2026-06-12T23:11:45.968442Z","level":"info","event":"Task operator:<Task(PythonOperator): reporte_semanal>","logger":"task.stdout"}
{"timestamp":"2026-06-12T23:11:45.968216Z","level":"info","event":"::endgroup::","dag_id":"devoluciones_dag","try_number":1,"ti_id":"019ebe1a-e78b-7627-9731-d8ee023377ef","run_id":"manual__2026-06-12T23:11:34.502293+00:00","map_index":-1,"task_id":"reporte_semanal","logger":"task","filename":"task_runner.py","lineno":1896}
