{"timestamp":"2026-06-12T21:49:53.838605Z","level":"info","event":"::group::Pre Execute","logger":"task","filename":"task_runner.py","lineno":1926}
{"timestamp":"2026-06-12T21:49:54.552582Z","level":"info","event":"DAG bundles loaded: dags-folder, example_dags","map_index":-1,"dag_id":"devoluciones_dag","try_number":1,"ti_id":"019ebdd0-0dc5-7fdf-ba63-e677004f66e7","task_id":"aplicar_reglas","run_id":"manual__2026-06-12T21:49:49.334051+00:00","logger":"airflow.dag_processing.bundles.manager.DagBundlesManager","filename":"manager.py","lineno":209}
{"timestamp":"2026-06-12T21:49:54.555578Z","level":"info","event":"Filling up the DagBag from /opt/airflow/dags/devoluciones_dag.py","map_index":-1,"dag_id":"devoluciones_dag","try_number":1,"ti_id":"019ebdd0-0dc5-7fdf-ba63-e677004f66e7","task_id":"aplicar_reglas","run_id":"manual__2026-06-12T21:49:49.334051+00:00","logger":"airflow.dag_processing.dagbag.BundleDagBag","filename":"dagbag.py","lineno":469}
{"timestamp":"2026-06-12T21:49:54.632878Z","level":"warning","event":"The `airflow.operators.python.PythonOperator` attribute is deprecated. Please use `'airflow.providers.standard.operators.python.PythonOperator'`.","category":"UserWarning","filename":"/opt/airflow/dags/devoluciones_dag.py","lineno":2,"map_index":-1,"dag_id":"devoluciones_dag","try_number":1,"ti_id":"019ebdd0-0dc5-7fdf-ba63-e677004f66e7","task_id":"aplicar_reglas","run_id":"manual__2026-06-12T21:49:49.334051+00:00","logger":"py.warnings"}
{"timestamp":"2026-06-12T21:49:54.672516Z","level":"info","event":"Task instance is in running state","logger":"task.stdout"}
{"timestamp":"2026-06-12T21:49:54.673428Z","level":"info","event":" Previous state of the Task instance: TaskInstanceState.QUEUED","logger":"task.stdout"}
{"timestamp":"2026-06-12T21:49:54.674055Z","level":"info","event":"Current task name:aplicar_reglas","logger":"task.stdout"}
{"timestamp":"2026-06-12T21:49:54.674638Z","level":"info","event":"Dag name:devoluciones_dag","logger":"task.stdout"}
{"timestamp":"2026-06-12T21:49:54.673524Z","level":"info","event":"::endgroup::","map_index":-1,"dag_id":"devoluciones_dag","try_number":1,"ti_id":"019ebdd0-0dc5-7fdf-ba63-e677004f66e7","task_id":"aplicar_reglas","run_id":"manual__2026-06-12T21:49:49.334051+00:00","logger":"task","filename":"task_runner.py","lineno":1727}
{"timestamp":"2026-06-12T21:49:54.694893Z","level":"info","event":"RESULTADO DE LAS REGLAS","logger":"task.stdout"}
{"timestamp":"2026-06-12T21:49:54.714476Z","level":"info","event":"   transaction_id    monto     estado                   regla_aplicada","logger":"task.stdout"}
{"timestamp":"2026-06-12T21:49:54.714988Z","level":"info","event":"0          TXN001    150.0   APROBADA            Aprobación automática","logger":"task.stdout"}
{"timestamp":"2026-06-12T21:49:54.715438Z","level":"info","event":"1          TXN002   2500.0  PENDIENTE  Requiere aprobación del gerente","logger":"task.stdout"}
{"timestamp":"2026-06-12T21:49:54.715840Z","level":"info","event":"2          TXN003     75.5   APROBADA            Aprobación automática","logger":"task.stdout"}
{"timestamp":"2026-06-12T21:49:54.716359Z","level":"info","event":"3          TXN004   8000.0   REVISION                Revisión especial","logger":"task.stdout"}
{"timestamp":"2026-06-12T21:49:54.717034Z","level":"info","event":"4          TXN005    320.0   APROBADA            Aprobación automática","logger":"task.stdout"}
{"timestamp":"2026-06-12T21:49:54.717605Z","level":"info","event":"5          TXN006   1500.0  PENDIENTE  Requiere aprobación del gerente","logger":"task.stdout"}
{"timestamp":"2026-06-12T21:49:54.718205Z","level":"info","event":"6          TXN007     50.0   APROBADA            Aprobación automática","logger":"task.stdout"}
{"timestamp":"2026-06-12T21:49:54.718783Z","level":"info","event":"7          TXN008   6500.0   REVISION                Revisión especial","logger":"task.stdout"}
{"timestamp":"2026-06-12T21:49:54.719301Z","level":"info","event":"8          TXN009    900.0   APROBADA            Aprobación automática","logger":"task.stdout"}
{"timestamp":"2026-06-12T21:49:54.719864Z","level":"info","event":"9          TXN010   3200.0  PENDIENTE  Requiere aprobación del gerente","logger":"task.stdout"}
{"timestamp":"2026-06-12T21:49:54.720466Z","level":"info","event":"10         TXN011    200.0   APROBADA            Aprobación automática","logger":"task.stdout"}
{"timestamp":"2026-06-12T21:49:54.721009Z","level":"info","event":"11         TXN012  12000.0   REVISION                Revisión especial","logger":"task.stdout"}
{"timestamp":"2026-06-12T21:49:54.721549Z","level":"info","event":"12         TXN013    450.0   APROBADA            Aprobación automática","logger":"task.stdout"}
{"timestamp":"2026-06-12T21:49:54.722265Z","level":"info","event":"13         TXN014   1200.0  PENDIENTE  Requiere aprobación del gerente","logger":"task.stdout"}
{"timestamp":"2026-06-12T21:49:54.722799Z","level":"info","event":"14         TXN015   5500.0   REVISION                Revisión especial","logger":"task.stdout"}
{"timestamp":"2026-06-12T21:49:54.722766Z","level":"info","event":"Done. Returned value was: None","map_index":-1,"dag_id":"devoluciones_dag","try_number":1,"ti_id":"019ebdd0-0dc5-7fdf-ba63-e677004f66e7","task_id":"aplicar_reglas","run_id":"manual__2026-06-12T21:49:49.334051+00:00","logger":"airflow.task.operators.airflow.providers.standard.operators.python.PythonOperator","filename":"python.py","lineno":233}
{"timestamp":"2026-06-12T21:49:54.723118Z","level":"info","event":"::group::Post Execute","map_index":-1,"dag_id":"devoluciones_dag","try_number":1,"ti_id":"019ebdd0-0dc5-7fdf-ba63-e677004f66e7","task_id":"aplicar_reglas","run_id":"manual__2026-06-12T21:49:49.334051+00:00","logger":"task","filename":"task_runner.py","lineno":1288}
{"timestamp":"2026-06-12T21:49:54.758733Z","level":"info","event":"Task instance in success state","logger":"task.stdout"}
{"timestamp":"2026-06-12T21:49:54.759404Z","level":"info","event":" Previous state of the Task instance: TaskInstanceState.RUNNING","logger":"task.stdout"}
{"timestamp":"2026-06-12T21:49:54.760055Z","level":"info","event":"Task operator:<Task(PythonOperator): aplicar_reglas>","logger":"task.stdout"}
{"timestamp":"2026-06-12T21:49:54.759680Z","level":"info","event":"::endgroup::","map_index":-1,"dag_id":"devoluciones_dag","try_number":1,"ti_id":"019ebdd0-0dc5-7fdf-ba63-e677004f66e7","task_id":"aplicar_reglas","run_id":"manual__2026-06-12T21:49:49.334051+00:00","logger":"task","filename":"task_runner.py","lineno":1896}
