{"timestamp":"2026-06-13T00:25:39.245791Z","level":"info","event":"::group::Pre Execute","logger":"task","filename":"task_runner.py","lineno":1926}
{"timestamp":"2026-06-13T00:25:39.532169Z","level":"info","event":"DAG bundles loaded: dags-folder, example_dags","ti_id":"019ebe5e-b421-72bc-b68f-1d26e4fd526a","map_index":-1,"run_id":"manual__2026-06-13T00:25:38.067618+00:00","task_id":"leer_csv","try_number":1,"dag_id":"devoluciones_dag","logger":"airflow.dag_processing.bundles.manager.DagBundlesManager","filename":"manager.py","lineno":209}
{"timestamp":"2026-06-13T00:25:39.533460Z","level":"info","event":"Filling up the DagBag from /opt/airflow/dags/devoluciones_dag.py","ti_id":"019ebe5e-b421-72bc-b68f-1d26e4fd526a","map_index":-1,"run_id":"manual__2026-06-13T00:25:38.067618+00:00","task_id":"leer_csv","try_number":1,"dag_id":"devoluciones_dag","logger":"airflow.dag_processing.dagbag.BundleDagBag","filename":"dagbag.py","lineno":469}
{"timestamp":"2026-06-13T00:25:39.559860Z","level":"warning","event":"The `airflow.operators.python.PythonOperator` attribute is deprecated. Please use `'airflow.providers.standard.operators.python.PythonOperator'`.","category":"UserWarning","filename":"/opt/airflow/dags/devoluciones_dag.py","lineno":2,"ti_id":"019ebe5e-b421-72bc-b68f-1d26e4fd526a","map_index":-1,"run_id":"manual__2026-06-13T00:25:38.067618+00:00","task_id":"leer_csv","try_number":1,"dag_id":"devoluciones_dag","logger":"py.warnings"}
{"timestamp":"2026-06-13T00:25:39.578900Z","level":"info","event":"Task instance is in running state","logger":"task.stdout"}
{"timestamp":"2026-06-13T00:25:39.579338Z","level":"info","event":" Previous state of the Task instance: TaskInstanceState.QUEUED","logger":"task.stdout"}
{"timestamp":"2026-06-13T00:25:39.579659Z","level":"info","event":"Current task name:leer_csv","logger":"task.stdout"}
{"timestamp":"2026-06-13T00:25:39.579899Z","level":"info","event":"Dag name:devoluciones_dag","logger":"task.stdout"}
{"timestamp":"2026-06-13T00:25:39.579333Z","level":"info","event":"::endgroup::","ti_id":"019ebe5e-b421-72bc-b68f-1d26e4fd526a","map_index":-1,"run_id":"manual__2026-06-13T00:25:38.067618+00:00","task_id":"leer_csv","try_number":1,"dag_id":"devoluciones_dag","logger":"task","filename":"task_runner.py","lineno":1727}
{"timestamp":"2026-06-13T00:25:39.594030Z","level":"info","event":"Archivo leído correctamente","logger":"task.stdout"}
{"timestamp":"2026-06-13T00:25:39.602850Z","level":"info","event":"  transaction_id       fecha  ...                         descripcion     estado","logger":"task.stdout"}
{"timestamp":"2026-06-13T00:25:39.603190Z","level":"info","event":"0       TXN00001  2026-06-24  ...            Devolucion equipo medico  pendiente","logger":"task.stdout"}
{"timestamp":"2026-06-13T00:25:39.603515Z","level":"info","event":"1       TXN00002  2026-06-07  ...  Devolucion materiales construccion  pendiente","logger":"task.stdout"}
{"timestamp":"2026-06-13T00:25:39.603759Z","level":"info","event":"2       TXN00003  2026-06-25  ...            Devolucion ropa en linea  pendiente","logger":"task.stdout"}
{"timestamp":"2026-06-13T00:25:39.603940Z","level":"info","event":"3       TXN00004  2026-06-28  ...            Devolucion ropa en linea  pendiente","logger":"task.stdout"}
{"timestamp":"2026-06-13T00:25:39.604241Z","level":"info","event":"4       TXN00005  2026-06-20  ...            Devolucion ropa en linea  pendiente","logger":"task.stdout"}
{"timestamp":"2026-06-13T00:25:39.604427Z","level":"info","event":"","logger":"task.stdout"}
{"timestamp":"2026-06-13T00:25:39.604619Z","level":"info","event":"[5 rows x 8 columns]","logger":"task.stdout"}
{"timestamp":"2026-06-13T00:25:39.635674Z","level":"info","event":"Done. Returned value was: None","ti_id":"019ebe5e-b421-72bc-b68f-1d26e4fd526a","map_index":-1,"run_id":"manual__2026-06-13T00:25:38.067618+00:00","task_id":"leer_csv","try_number":1,"dag_id":"devoluciones_dag","logger":"airflow.task.operators.airflow.providers.standard.operators.python.PythonOperator","filename":"python.py","lineno":233}
{"timestamp":"2026-06-13T00:25:39.635848Z","level":"info","event":"::group::Post Execute","ti_id":"019ebe5e-b421-72bc-b68f-1d26e4fd526a","map_index":-1,"run_id":"manual__2026-06-13T00:25:38.067618+00:00","task_id":"leer_csv","try_number":1,"dag_id":"devoluciones_dag","logger":"task","filename":"task_runner.py","lineno":1288}
{"timestamp":"2026-06-13T00:25:39.653367Z","level":"info","event":"Task instance in success state","logger":"task.stdout"}
{"timestamp":"2026-06-13T00:25:39.653744Z","level":"info","event":" Previous state of the Task instance: TaskInstanceState.RUNNING","logger":"task.stdout"}
{"timestamp":"2026-06-13T00:25:39.654088Z","level":"info","event":"Task operator:<Task(PythonOperator): leer_csv>","logger":"task.stdout"}
{"timestamp":"2026-06-13T00:25:39.653650Z","level":"info","event":"::endgroup::","ti_id":"019ebe5e-b421-72bc-b68f-1d26e4fd526a","map_index":-1,"run_id":"manual__2026-06-13T00:25:38.067618+00:00","task_id":"leer_csv","try_number":1,"dag_id":"devoluciones_dag","logger":"task","filename":"task_runner.py","lineno":1896}
