{"timestamp":"2026-06-13T00:06:52.788460Z","level":"info","event":"::group::Pre Execute","logger":"task","filename":"task_runner.py","lineno":1926}
{"timestamp":"2026-06-13T00:06:53.155330Z","level":"info","event":"DAG bundles loaded: dags-folder, example_dags","ti_id":"019ebe4d-836a-705f-a92a-823c0b2b7ce2","map_index":-1,"run_id":"manual__2026-06-13T00:06:51.477508+00:00","task_id":"leer_csv","try_number":1,"dag_id":"devoluciones_dag","logger":"airflow.dag_processing.bundles.manager.DagBundlesManager","filename":"manager.py","lineno":209}
{"timestamp":"2026-06-13T00:06:53.157122Z","level":"info","event":"Filling up the DagBag from /opt/airflow/dags/devoluciones_dag.py","ti_id":"019ebe4d-836a-705f-a92a-823c0b2b7ce2","map_index":-1,"run_id":"manual__2026-06-13T00:06:51.477508+00:00","task_id":"leer_csv","try_number":1,"dag_id":"devoluciones_dag","logger":"airflow.dag_processing.dagbag.BundleDagBag","filename":"dagbag.py","lineno":469}
{"timestamp":"2026-06-13T00:06:53.201442Z","level":"warning","event":"The `airflow.operators.python.PythonOperator` attribute is deprecated. Please use `'airflow.providers.standard.operators.python.PythonOperator'`.","category":"UserWarning","filename":"/opt/airflow/dags/devoluciones_dag.py","lineno":2,"ti_id":"019ebe4d-836a-705f-a92a-823c0b2b7ce2","map_index":-1,"run_id":"manual__2026-06-13T00:06:51.477508+00:00","task_id":"leer_csv","try_number":1,"dag_id":"devoluciones_dag","logger":"py.warnings"}
{"timestamp":"2026-06-13T00:06:53.227808Z","level":"info","event":"Task instance is in running state","logger":"task.stdout"}
{"timestamp":"2026-06-13T00:06:53.228267Z","level":"info","event":" Previous state of the Task instance: TaskInstanceState.QUEUED","logger":"task.stdout"}
{"timestamp":"2026-06-13T00:06:53.228720Z","level":"info","event":"Current task name:leer_csv","logger":"task.stdout"}
{"timestamp":"2026-06-13T00:06:53.229135Z","level":"info","event":"Dag name:devoluciones_dag","logger":"task.stdout"}
{"timestamp":"2026-06-13T00:06:53.228187Z","level":"info","event":"::endgroup::","ti_id":"019ebe4d-836a-705f-a92a-823c0b2b7ce2","map_index":-1,"run_id":"manual__2026-06-13T00:06:51.477508+00:00","task_id":"leer_csv","try_number":1,"dag_id":"devoluciones_dag","logger":"task","filename":"task_runner.py","lineno":1727}
{"timestamp":"2026-06-13T00:06:53.236700Z","level":"info","event":"Archivo leído correctamente","logger":"task.stdout"}
{"timestamp":"2026-06-13T00:06:53.245578Z","level":"info","event":"  transaction_id       fecha  ...                     descripcion     estado","logger":"task.stdout"}
{"timestamp":"2026-06-13T00:06:53.246066Z","level":"info","event":"0         TXN001  2026-06-01  ...  Devolucion compra supermercado  pendiente","logger":"task.stdout"}
{"timestamp":"2026-06-13T00:06:53.246457Z","level":"info","event":"1         TXN002  2026-06-01  ...     Devolucion electrodomestico  pendiente","logger":"task.stdout"}
{"timestamp":"2026-06-13T00:06:53.246800Z","level":"info","event":"2         TXN003  2026-06-02  ...        Devolucion ropa en linea  pendiente","logger":"task.stdout"}
{"timestamp":"2026-06-13T00:06:53.247144Z","level":"info","event":"3         TXN004  2026-06-02  ...    Devolucion equipo de computo  pendiente","logger":"task.stdout"}
{"timestamp":"2026-06-13T00:06:53.247526Z","level":"info","event":"4         TXN005  2026-06-03  ...          Devolucion restaurante  pendiente","logger":"task.stdout"}
{"timestamp":"2026-06-13T00:06:53.247958Z","level":"info","event":"","logger":"task.stdout"}
{"timestamp":"2026-06-13T00:06:53.248353Z","level":"info","event":"[5 rows x 8 columns]","logger":"task.stdout"}
{"timestamp":"2026-06-13T00:06:53.250048Z","level":"info","event":"Done. Returned value was: None","ti_id":"019ebe4d-836a-705f-a92a-823c0b2b7ce2","map_index":-1,"run_id":"manual__2026-06-13T00:06:51.477508+00:00","task_id":"leer_csv","try_number":1,"dag_id":"devoluciones_dag","logger":"airflow.task.operators.airflow.providers.standard.operators.python.PythonOperator","filename":"python.py","lineno":233}
{"timestamp":"2026-06-13T00:06:53.250206Z","level":"info","event":"::group::Post Execute","ti_id":"019ebe4d-836a-705f-a92a-823c0b2b7ce2","map_index":-1,"run_id":"manual__2026-06-13T00:06:51.477508+00:00","task_id":"leer_csv","try_number":1,"dag_id":"devoluciones_dag","logger":"task","filename":"task_runner.py","lineno":1288}
{"timestamp":"2026-06-13T00:06:53.268674Z","level":"info","event":"Task instance in success state","logger":"task.stdout"}
{"timestamp":"2026-06-13T00:06:53.269025Z","level":"info","event":" Previous state of the Task instance: TaskInstanceState.RUNNING","logger":"task.stdout"}
{"timestamp":"2026-06-13T00:06:53.269353Z","level":"info","event":"Task operator:<Task(PythonOperator): leer_csv>","logger":"task.stdout"}
{"timestamp":"2026-06-13T00:06:53.268942Z","level":"info","event":"::endgroup::","ti_id":"019ebe4d-836a-705f-a92a-823c0b2b7ce2","map_index":-1,"run_id":"manual__2026-06-13T00:06:51.477508+00:00","task_id":"leer_csv","try_number":1,"dag_id":"devoluciones_dag","logger":"task","filename":"task_runner.py","lineno":1896}
