{"timestamp":"2026-06-12T23:04:52.082833Z","level":"info","event":"::group::Pre Execute","logger":"task","filename":"task_runner.py","lineno":1926}
{"timestamp":"2026-06-12T23:04:52.508333Z","level":"info","event":"DAG bundles loaded: dags-folder, example_dags","try_number":1,"dag_id":"devoluciones_dag","ti_id":"019ebe14-c128-788e-8d9d-cd9ceffb5125","task_id":"leer_csv","map_index":-1,"run_id":"manual__2026-06-12T23:04:51.736083+00:00","logger":"airflow.dag_processing.bundles.manager.DagBundlesManager","filename":"manager.py","lineno":209}
{"timestamp":"2026-06-12T23:04:52.510058Z","level":"info","event":"Filling up the DagBag from /opt/airflow/dags/devoluciones_dag.py","try_number":1,"dag_id":"devoluciones_dag","ti_id":"019ebe14-c128-788e-8d9d-cd9ceffb5125","task_id":"leer_csv","map_index":-1,"run_id":"manual__2026-06-12T23:04:51.736083+00:00","logger":"airflow.dag_processing.dagbag.BundleDagBag","filename":"dagbag.py","lineno":469}
{"timestamp":"2026-06-12T23:04:52.559051Z","level":"warning","event":"The `airflow.operators.python.PythonOperator` attribute is deprecated. Please use `'airflow.providers.standard.operators.python.PythonOperator'`.","category":"UserWarning","filename":"/opt/airflow/dags/devoluciones_dag.py","lineno":2,"try_number":1,"dag_id":"devoluciones_dag","ti_id":"019ebe14-c128-788e-8d9d-cd9ceffb5125","task_id":"leer_csv","map_index":-1,"run_id":"manual__2026-06-12T23:04:51.736083+00:00","logger":"py.warnings"}
{"timestamp":"2026-06-12T23:04:52.590953Z","level":"info","event":"Task instance is in running state","logger":"task.stdout"}
{"timestamp":"2026-06-12T23:04:52.591408Z","level":"info","event":" Previous state of the Task instance: TaskInstanceState.QUEUED","logger":"task.stdout"}
{"timestamp":"2026-06-12T23:04:52.591691Z","level":"info","event":"Current task name:leer_csv","logger":"task.stdout"}
{"timestamp":"2026-06-12T23:04:52.591951Z","level":"info","event":"Dag name:devoluciones_dag","logger":"task.stdout"}
{"timestamp":"2026-06-12T23:04:52.591393Z","level":"info","event":"::endgroup::","try_number":1,"dag_id":"devoluciones_dag","ti_id":"019ebe14-c128-788e-8d9d-cd9ceffb5125","task_id":"leer_csv","map_index":-1,"run_id":"manual__2026-06-12T23:04:51.736083+00:00","logger":"task","filename":"task_runner.py","lineno":1727}
{"timestamp":"2026-06-12T23:04:52.610656Z","level":"info","event":"Archivo leído correctamente","logger":"task.stdout"}
{"timestamp":"2026-06-12T23:04:52.621509Z","level":"info","event":"  transaction_id       fecha  ...                     descripcion     estado","logger":"task.stdout"}
{"timestamp":"2026-06-12T23:04:52.621986Z","level":"info","event":"0         TXN001  2026-06-01  ...  Devolucion compra supermercado  pendiente","logger":"task.stdout"}
{"timestamp":"2026-06-12T23:04:52.622388Z","level":"info","event":"1         TXN002  2026-06-01  ...     Devolucion electrodomestico  pendiente","logger":"task.stdout"}
{"timestamp":"2026-06-12T23:04:52.622769Z","level":"info","event":"2         TXN003  2026-06-02  ...        Devolucion ropa en linea  pendiente","logger":"task.stdout"}
{"timestamp":"2026-06-12T23:04:52.623183Z","level":"info","event":"3         TXN004  2026-06-02  ...    Devolucion equipo de computo  pendiente","logger":"task.stdout"}
{"timestamp":"2026-06-12T23:04:52.623446Z","level":"info","event":"4         TXN005  2026-06-03  ...          Devolucion restaurante  pendiente","logger":"task.stdout"}
{"timestamp":"2026-06-12T23:04:52.623737Z","level":"info","event":"","logger":"task.stdout"}
{"timestamp":"2026-06-12T23:04:52.623937Z","level":"info","event":"[5 rows x 9 columns]","logger":"task.stdout"}
{"timestamp":"2026-06-12T23:04:52.626092Z","level":"info","event":"Done. Returned value was: None","try_number":1,"dag_id":"devoluciones_dag","ti_id":"019ebe14-c128-788e-8d9d-cd9ceffb5125","task_id":"leer_csv","map_index":-1,"run_id":"manual__2026-06-12T23:04:51.736083+00:00","logger":"airflow.task.operators.airflow.providers.standard.operators.python.PythonOperator","filename":"python.py","lineno":233}
{"timestamp":"2026-06-12T23:04:52.626298Z","level":"info","event":"::group::Post Execute","try_number":1,"dag_id":"devoluciones_dag","ti_id":"019ebe14-c128-788e-8d9d-cd9ceffb5125","task_id":"leer_csv","map_index":-1,"run_id":"manual__2026-06-12T23:04:51.736083+00:00","logger":"task","filename":"task_runner.py","lineno":1288}
{"timestamp":"2026-06-12T23:04:52.647333Z","level":"info","event":"Task instance in success state","logger":"task.stdout"}
{"timestamp":"2026-06-12T23:04:52.647681Z","level":"info","event":" Previous state of the Task instance: TaskInstanceState.RUNNING","logger":"task.stdout"}
{"timestamp":"2026-06-12T23:04:52.647994Z","level":"info","event":"Task operator:<Task(PythonOperator): leer_csv>","logger":"task.stdout"}
{"timestamp":"2026-06-12T23:04:52.647920Z","level":"info","event":"::endgroup::","try_number":1,"dag_id":"devoluciones_dag","ti_id":"019ebe14-c128-788e-8d9d-cd9ceffb5125","task_id":"leer_csv","map_index":-1,"run_id":"manual__2026-06-12T23:04:51.736083+00:00","logger":"task","filename":"task_runner.py","lineno":1896}
