{"timestamp":"2026-06-13T01:06:23.829789Z","level":"info","event":"::group::Pre Execute","logger":"task","filename":"task_runner.py","lineno":1926}
{"timestamp":"2026-06-13T01:06:24.120000Z","level":"info","event":"DAG bundles loaded: dags-folder, example_dags","map_index":-1,"ti_id":"019ebe83-e02f-74fa-bdee-732501c26716","run_id":"manual__2026-06-13T01:06:14.171045+00:00","try_number":1,"dag_id":"devoluciones_dag","task_id":"reporte_semanal","logger":"airflow.dag_processing.bundles.manager.DagBundlesManager","filename":"manager.py","lineno":209}
{"timestamp":"2026-06-13T01:06:24.121556Z","level":"info","event":"Filling up the DagBag from /opt/airflow/dags/devoluciones_dag.py","map_index":-1,"ti_id":"019ebe83-e02f-74fa-bdee-732501c26716","run_id":"manual__2026-06-13T01:06:14.171045+00:00","try_number":1,"dag_id":"devoluciones_dag","task_id":"reporte_semanal","logger":"airflow.dag_processing.dagbag.BundleDagBag","filename":"dagbag.py","lineno":469}
{"timestamp":"2026-06-13T01:06:24.149421Z","level":"warning","event":"The `airflow.operators.python.PythonOperator` attribute is deprecated. Please use `'airflow.providers.standard.operators.python.PythonOperator'`.","category":"UserWarning","filename":"/opt/airflow/dags/devoluciones_dag.py","lineno":2,"map_index":-1,"ti_id":"019ebe83-e02f-74fa-bdee-732501c26716","run_id":"manual__2026-06-13T01:06:14.171045+00:00","try_number":1,"dag_id":"devoluciones_dag","task_id":"reporte_semanal","logger":"py.warnings"}
{"timestamp":"2026-06-13T01:06:24.169971Z","level":"info","event":"Task instance is in running state","logger":"task.stdout"}
{"timestamp":"2026-06-13T01:06:24.170315Z","level":"info","event":" Previous state of the Task instance: TaskInstanceState.QUEUED","logger":"task.stdout"}
{"timestamp":"2026-06-13T01:06:24.170577Z","level":"info","event":"Current task name:reporte_semanal","logger":"task.stdout"}
{"timestamp":"2026-06-13T01:06:24.170774Z","level":"info","event":"Dag name:devoluciones_dag","logger":"task.stdout"}
{"timestamp":"2026-06-13T01:06:24.170308Z","level":"info","event":"::endgroup::","map_index":-1,"ti_id":"019ebe83-e02f-74fa-bdee-732501c26716","run_id":"manual__2026-06-13T01:06:14.171045+00:00","try_number":1,"dag_id":"devoluciones_dag","task_id":"reporte_semanal","logger":"task","filename":"task_runner.py","lineno":1727}
{"timestamp":"2026-06-13T01:06:24.241894Z","level":"info","event":"","logger":"task.stdout"}
{"timestamp":"2026-06-13T01:06:24.242254Z","level":"info","event":"REPORTE SEMANAL","logger":"task.stdout"}
{"timestamp":"2026-06-13T01:06:24.253099Z","level":"info","event":"   fecha_inicio  fecha_fin  total_devoluciones  ...  aprobadas  pendientes  revision","logger":"task.stdout"}
{"timestamp":"2026-06-13T01:06:24.253503Z","level":"info","event":"0    2025-12-29 2026-01-04                 123  ...         60          33        26","logger":"task.stdout"}
{"timestamp":"2026-06-13T01:06:24.253871Z","level":"info","event":"1    2026-01-05 2026-01-11                 231  ...         94          70        49","logger":"task.stdout"}
{"timestamp":"2026-06-13T01:06:24.254252Z","level":"info","event":"2    2026-01-12 2026-01-18                 228  ...         93          54        46","logger":"task.stdout"}
{"timestamp":"2026-06-13T01:06:24.254571Z","level":"info","event":"3    2026-01-19 2026-01-25                 220  ...         78          67        37","logger":"task.stdout"}
{"timestamp":"2026-06-13T01:06:24.254854Z","level":"info","event":"4    2026-01-26 2026-02-01                 225  ...         83          56        41","logger":"task.stdout"}
{"timestamp":"2026-06-13T01:06:24.255059Z","level":"info","event":"5    2026-02-02 2026-02-08                 206  ...         87          59        31","logger":"task.stdout"}
{"timestamp":"2026-06-13T01:06:24.255250Z","level":"info","event":"6    2026-02-09 2026-02-15                 237  ...         97          60        41","logger":"task.stdout"}
{"timestamp":"2026-06-13T01:06:24.255403Z","level":"info","event":"7    2026-02-16 2026-02-22                 216  ...         83          54        45","logger":"task.stdout"}
{"timestamp":"2026-06-13T01:06:24.255581Z","level":"info","event":"8    2026-02-23 2026-03-01                 224  ...         89          59        39","logger":"task.stdout"}
{"timestamp":"2026-06-13T01:06:24.255730Z","level":"info","event":"9    2026-03-02 2026-03-08                 178  ...         79          57        30","logger":"task.stdout"}
{"timestamp":"2026-06-13T01:06:24.255876Z","level":"info","event":"10   2026-03-09 2026-03-15                 198  ...         61          64        39","logger":"task.stdout"}
{"timestamp":"2026-06-13T01:06:24.256024Z","level":"info","event":"11   2026-03-16 2026-03-22                 200  ...         69          63        31","logger":"task.stdout"}
{"timestamp":"2026-06-13T01:06:24.256191Z","level":"info","event":"12   2026-03-23 2026-03-29                 222  ...         96          58        39","logger":"task.stdout"}
{"timestamp":"2026-06-13T01:06:24.256381Z","level":"info","event":"13   2026-03-30 2026-04-05                 203  ...         79          67        36","logger":"task.stdout"}
{"timestamp":"2026-06-13T01:06:24.256531Z","level":"info","event":"14   2026-04-06 2026-04-12                 197  ...         79          63        40","logger":"task.stdout"}
{"timestamp":"2026-06-13T01:06:24.256680Z","level":"info","event":"15   2026-04-13 2026-04-19                 211  ...         92          65        45","logger":"task.stdout"}
{"timestamp":"2026-06-13T01:06:24.256827Z","level":"info","event":"16   2026-04-20 2026-04-26                 192  ...         72          69        37","logger":"task.stdout"}
{"timestamp":"2026-06-13T01:06:24.256977Z","level":"info","event":"17   2026-04-27 2026-05-03                 184  ...         84          59        34","logger":"task.stdout"}
{"timestamp":"2026-06-13T01:06:24.257124Z","level":"info","event":"18   2026-05-04 2026-05-10                 238  ...        106          80        43","logger":"task.stdout"}
{"timestamp":"2026-06-13T01:06:24.257267Z","level":"info","event":"19   2026-05-11 2026-05-17                 235  ...         82          65        33","logger":"task.stdout"}
{"timestamp":"2026-06-13T01:06:24.257471Z","level":"info","event":"20   2026-05-18 2026-05-24                 252  ...        102          67        38","logger":"task.stdout"}
{"timestamp":"2026-06-13T01:06:24.257690Z","level":"info","event":"21   2026-05-25 2026-05-31                 198  ...         78          53        34","logger":"task.stdout"}
{"timestamp":"2026-06-13T01:06:24.257945Z","level":"info","event":"22   2026-06-01 2026-06-07                 238  ...         91          66        37","logger":"task.stdout"}
{"timestamp":"2026-06-13T01:06:24.258150Z","level":"info","event":"23   2026-06-08 2026-06-14                 144  ...         65          42        33","logger":"task.stdout"}
{"timestamp":"2026-06-13T01:06:24.258348Z","level":"info","event":"","logger":"task.stdout"}
{"timestamp":"2026-06-13T01:06:24.258558Z","level":"info","event":"[24 rows x 7 columns]","logger":"task.stdout"}
{"timestamp":"2026-06-13T01:06:24.255461Z","level":"info","event":"Done. Returned value was: None","map_index":-1,"ti_id":"019ebe83-e02f-74fa-bdee-732501c26716","run_id":"manual__2026-06-13T01:06:14.171045+00:00","try_number":1,"dag_id":"devoluciones_dag","task_id":"reporte_semanal","logger":"airflow.task.operators.airflow.providers.standard.operators.python.PythonOperator","filename":"python.py","lineno":233}
{"timestamp":"2026-06-13T01:06:24.255589Z","level":"info","event":"::group::Post Execute","map_index":-1,"ti_id":"019ebe83-e02f-74fa-bdee-732501c26716","run_id":"manual__2026-06-13T01:06:14.171045+00:00","try_number":1,"dag_id":"devoluciones_dag","task_id":"reporte_semanal","logger":"task","filename":"task_runner.py","lineno":1288}
{"timestamp":"2026-06-13T01:06:24.276175Z","level":"info","event":"Task instance in success state","logger":"task.stdout"}
{"timestamp":"2026-06-13T01:06:24.276439Z","level":"info","event":" Previous state of the Task instance: TaskInstanceState.RUNNING","logger":"task.stdout"}
{"timestamp":"2026-06-13T01:06:24.276664Z","level":"info","event":"Task operator:<Task(PythonOperator): reporte_semanal>","logger":"task.stdout"}
{"timestamp":"2026-06-13T01:06:24.276469Z","level":"info","event":"::endgroup::","map_index":-1,"ti_id":"019ebe83-e02f-74fa-bdee-732501c26716","run_id":"manual__2026-06-13T01:06:14.171045+00:00","try_number":1,"dag_id":"devoluciones_dag","task_id":"reporte_semanal","logger":"task","filename":"task_runner.py","lineno":1896}
