{"timestamp":"2026-06-12T23:16:58.888808Z","level":"info","event":"::group::Pre Execute","logger":"task","filename":"task_runner.py","lineno":1926}
{"timestamp":"2026-06-12T23:16:59.275566Z","level":"info","event":"DAG bundles loaded: dags-folder, example_dags","run_id":"manual__2026-06-12T23:16:58.430202+00:00","try_number":1,"dag_id":"devoluciones_dag","map_index":-1,"task_id":"leer_csv","ti_id":"019ebe1f-d7cc-7705-95d8-8a45dbad0569","logger":"airflow.dag_processing.bundles.manager.DagBundlesManager","filename":"manager.py","lineno":209}
{"timestamp":"2026-06-12T23:16:59.277125Z","level":"info","event":"Filling up the DagBag from /opt/airflow/dags/devoluciones_dag.py","run_id":"manual__2026-06-12T23:16:58.430202+00:00","try_number":1,"dag_id":"devoluciones_dag","map_index":-1,"task_id":"leer_csv","ti_id":"019ebe1f-d7cc-7705-95d8-8a45dbad0569","logger":"airflow.dag_processing.dagbag.BundleDagBag","filename":"dagbag.py","lineno":469}
{"timestamp":"2026-06-12T23:16:59.309161Z","level":"warning","event":"The `airflow.operators.python.PythonOperator` attribute is deprecated. Please use `'airflow.providers.standard.operators.python.PythonOperator'`.","category":"UserWarning","filename":"/opt/airflow/dags/devoluciones_dag.py","lineno":2,"run_id":"manual__2026-06-12T23:16:58.430202+00:00","try_number":1,"dag_id":"devoluciones_dag","map_index":-1,"task_id":"leer_csv","ti_id":"019ebe1f-d7cc-7705-95d8-8a45dbad0569","logger":"py.warnings"}
{"timestamp":"2026-06-12T23:16:59.330102Z","level":"info","event":"Task instance is in running state","logger":"task.stdout"}
{"timestamp":"2026-06-12T23:16:59.330451Z","level":"info","event":" Previous state of the Task instance: TaskInstanceState.QUEUED","logger":"task.stdout"}
{"timestamp":"2026-06-12T23:16:59.330739Z","level":"info","event":"Current task name:leer_csv","logger":"task.stdout"}
{"timestamp":"2026-06-12T23:16:59.330962Z","level":"info","event":"Dag name:devoluciones_dag","logger":"task.stdout"}
{"timestamp":"2026-06-12T23:16:59.330450Z","level":"info","event":"::endgroup::","run_id":"manual__2026-06-12T23:16:58.430202+00:00","try_number":1,"dag_id":"devoluciones_dag","map_index":-1,"task_id":"leer_csv","ti_id":"019ebe1f-d7cc-7705-95d8-8a45dbad0569","logger":"task","filename":"task_runner.py","lineno":1727}
{"timestamp":"2026-06-12T23:16:59.338378Z","level":"info","event":"Archivo leído correctamente","logger":"task.stdout"}
{"timestamp":"2026-06-12T23:16:59.348460Z","level":"info","event":"  transaction_id       fecha  ...                     descripcion     estado","logger":"task.stdout"}
{"timestamp":"2026-06-12T23:16:59.348899Z","level":"info","event":"0         TXN001  2026-06-01  ...  Devolucion compra supermercado  pendiente","logger":"task.stdout"}
{"timestamp":"2026-06-12T23:16:59.349231Z","level":"info","event":"1         TXN002  2026-06-01  ...     Devolucion electrodomestico  pendiente","logger":"task.stdout"}
{"timestamp":"2026-06-12T23:16:59.349525Z","level":"info","event":"2         TXN003  2026-06-02  ...        Devolucion ropa en linea  pendiente","logger":"task.stdout"}
{"timestamp":"2026-06-12T23:16:59.349822Z","level":"info","event":"3         TXN004  2026-06-02  ...    Devolucion equipo de computo  pendiente","logger":"task.stdout"}
{"timestamp":"2026-06-12T23:16:59.350064Z","level":"info","event":"4         TXN005  2026-06-03  ...          Devolucion restaurante  pendiente","logger":"task.stdout"}
{"timestamp":"2026-06-12T23:16:59.350283Z","level":"info","event":"","logger":"task.stdout"}
{"timestamp":"2026-06-12T23:16:59.350482Z","level":"info","event":"[5 rows x 9 columns]","logger":"task.stdout"}
{"timestamp":"2026-06-12T23:16:59.352024Z","level":"info","event":"Done. Returned value was: None","run_id":"manual__2026-06-12T23:16:58.430202+00:00","try_number":1,"dag_id":"devoluciones_dag","map_index":-1,"task_id":"leer_csv","ti_id":"019ebe1f-d7cc-7705-95d8-8a45dbad0569","logger":"airflow.task.operators.airflow.providers.standard.operators.python.PythonOperator","filename":"python.py","lineno":233}
{"timestamp":"2026-06-12T23:16:59.352186Z","level":"info","event":"::group::Post Execute","run_id":"manual__2026-06-12T23:16:58.430202+00:00","try_number":1,"dag_id":"devoluciones_dag","map_index":-1,"task_id":"leer_csv","ti_id":"019ebe1f-d7cc-7705-95d8-8a45dbad0569","logger":"task","filename":"task_runner.py","lineno":1288}
{"timestamp":"2026-06-12T23:16:59.369680Z","level":"info","event":"Task instance in success state","logger":"task.stdout"}
{"timestamp":"2026-06-12T23:16:59.370948Z","level":"info","event":" Previous state of the Task instance: TaskInstanceState.RUNNING","logger":"task.stdout"}
{"timestamp":"2026-06-12T23:16:59.371343Z","level":"info","event":"Task operator:<Task(PythonOperator): leer_csv>","logger":"task.stdout"}
{"timestamp":"2026-06-12T23:16:59.369922Z","level":"info","event":"::endgroup::","run_id":"manual__2026-06-12T23:16:58.430202+00:00","try_number":1,"dag_id":"devoluciones_dag","map_index":-1,"task_id":"leer_csv","ti_id":"019ebe1f-d7cc-7705-95d8-8a45dbad0569","logger":"task","filename":"task_runner.py","lineno":1896}
