{"timestamp":"2026-06-12T23:42:52.822622Z","level":"info","event":"::group::Pre Execute","logger":"task","filename":"task_runner.py","lineno":1926}
{"timestamp":"2026-06-12T23:42:53.134310Z","level":"info","event":"DAG bundles loaded: dags-folder, example_dags","map_index":-1,"ti_id":"019ebe37-783d-7847-99fb-4881188be959","run_id":"manual__2026-06-12T23:42:46.825243+00:00","try_number":1,"dag_id":"devoluciones_dag","task_id":"reporte_semanal","logger":"airflow.dag_processing.bundles.manager.DagBundlesManager","filename":"manager.py","lineno":209}
{"timestamp":"2026-06-12T23:42:53.135937Z","level":"info","event":"Filling up the DagBag from /opt/airflow/dags/devoluciones_dag.py","map_index":-1,"ti_id":"019ebe37-783d-7847-99fb-4881188be959","run_id":"manual__2026-06-12T23:42:46.825243+00:00","try_number":1,"dag_id":"devoluciones_dag","task_id":"reporte_semanal","logger":"airflow.dag_processing.dagbag.BundleDagBag","filename":"dagbag.py","lineno":469}
{"timestamp":"2026-06-12T23:42:53.164912Z","level":"warning","event":"The `airflow.operators.python.PythonOperator` attribute is deprecated. Please use `'airflow.providers.standard.operators.python.PythonOperator'`.","category":"UserWarning","filename":"/opt/airflow/dags/devoluciones_dag.py","lineno":2,"map_index":-1,"ti_id":"019ebe37-783d-7847-99fb-4881188be959","run_id":"manual__2026-06-12T23:42:46.825243+00:00","try_number":1,"dag_id":"devoluciones_dag","task_id":"reporte_semanal","logger":"py.warnings"}
{"timestamp":"2026-06-12T23:42:53.184272Z","level":"info","event":"Task instance is in running state","logger":"task.stdout"}
{"timestamp":"2026-06-12T23:42:53.184612Z","level":"info","event":" Previous state of the Task instance: TaskInstanceState.QUEUED","logger":"task.stdout"}
{"timestamp":"2026-06-12T23:42:53.184893Z","level":"info","event":"Current task name:reporte_semanal","logger":"task.stdout"}
{"timestamp":"2026-06-12T23:42:53.185144Z","level":"info","event":"Dag name:devoluciones_dag","logger":"task.stdout"}
{"timestamp":"2026-06-12T23:42:53.184616Z","level":"info","event":"::endgroup::","map_index":-1,"ti_id":"019ebe37-783d-7847-99fb-4881188be959","run_id":"manual__2026-06-12T23:42:46.825243+00:00","try_number":1,"dag_id":"devoluciones_dag","task_id":"reporte_semanal","logger":"task","filename":"task_runner.py","lineno":1727}
{"timestamp":"2026-06-12T23:42:53.209918Z","level":"info","event":"","logger":"task.stdout"}
{"timestamp":"2026-06-12T23:42:53.210156Z","level":"info","event":"REPORTE SEMANAL","logger":"task.stdout"}
{"timestamp":"2026-06-12T23:42:53.217218Z","level":"info","event":"  fecha_inicio  fecha_fin  total_devoluciones  ...  aprobadas  pendientes  revision","logger":"task.stdout"}
{"timestamp":"2026-06-12T23:42:53.217585Z","level":"info","event":"0   2026-06-01 2026-06-07                  14  ...          7           4         3","logger":"task.stdout"}
{"timestamp":"2026-06-12T23:42:53.217878Z","level":"info","event":"1   2026-06-08 2026-06-14                   1  ...          0           0         1","logger":"task.stdout"}
{"timestamp":"2026-06-12T23:42:53.218250Z","level":"info","event":"","logger":"task.stdout"}
{"timestamp":"2026-06-12T23:42:53.218504Z","level":"info","event":"[2 rows x 7 columns]","logger":"task.stdout"}
{"timestamp":"2026-06-12T23:42:53.218476Z","level":"info","event":"Done. Returned value was: None","map_index":-1,"ti_id":"019ebe37-783d-7847-99fb-4881188be959","run_id":"manual__2026-06-12T23:42:46.825243+00:00","try_number":1,"dag_id":"devoluciones_dag","task_id":"reporte_semanal","logger":"airflow.task.operators.airflow.providers.standard.operators.python.PythonOperator","filename":"python.py","lineno":233}
{"timestamp":"2026-06-12T23:42:53.218619Z","level":"info","event":"::group::Post Execute","map_index":-1,"ti_id":"019ebe37-783d-7847-99fb-4881188be959","run_id":"manual__2026-06-12T23:42:46.825243+00:00","try_number":1,"dag_id":"devoluciones_dag","task_id":"reporte_semanal","logger":"task","filename":"task_runner.py","lineno":1288}
{"timestamp":"2026-06-12T23:42:53.235837Z","level":"info","event":"Task instance in success state","logger":"task.stdout"}
{"timestamp":"2026-06-12T23:42:53.236260Z","level":"info","event":" Previous state of the Task instance: TaskInstanceState.RUNNING","logger":"task.stdout"}
{"timestamp":"2026-06-12T23:42:53.236624Z","level":"info","event":"Task operator:<Task(PythonOperator): reporte_semanal>","logger":"task.stdout"}
{"timestamp":"2026-06-12T23:42:53.236194Z","level":"info","event":"::endgroup::","map_index":-1,"ti_id":"019ebe37-783d-7847-99fb-4881188be959","run_id":"manual__2026-06-12T23:42:46.825243+00:00","try_number":1,"dag_id":"devoluciones_dag","task_id":"reporte_semanal","logger":"task","filename":"task_runner.py","lineno":1896}
