{"timestamp":"2026-06-13T00:03:20.214729Z","level":"info","event":"::group::Pre Execute","logger":"task","filename":"task_runner.py","lineno":1926}
{"timestamp":"2026-06-13T00:03:20.531826Z","level":"info","event":"DAG bundles loaded: dags-folder, example_dags","map_index":-1,"ti_id":"019ebe4a-3a58-7996-a4ef-f062910a0817","run_id":"manual__2026-06-13T00:03:16.167271+00:00","try_number":1,"dag_id":"devoluciones_dag","task_id":"aplicar_reglas","logger":"airflow.dag_processing.bundles.manager.DagBundlesManager","filename":"manager.py","lineno":209}
{"timestamp":"2026-06-13T00:03:20.533303Z","level":"info","event":"Filling up the DagBag from /opt/airflow/dags/devoluciones_dag.py","map_index":-1,"ti_id":"019ebe4a-3a58-7996-a4ef-f062910a0817","run_id":"manual__2026-06-13T00:03:16.167271+00:00","try_number":1,"dag_id":"devoluciones_dag","task_id":"aplicar_reglas","logger":"airflow.dag_processing.dagbag.BundleDagBag","filename":"dagbag.py","lineno":469}
{"timestamp":"2026-06-13T00:03:20.566156Z","level":"warning","event":"The `airflow.operators.python.PythonOperator` attribute is deprecated. Please use `'airflow.providers.standard.operators.python.PythonOperator'`.","category":"UserWarning","filename":"/opt/airflow/dags/devoluciones_dag.py","lineno":2,"map_index":-1,"ti_id":"019ebe4a-3a58-7996-a4ef-f062910a0817","run_id":"manual__2026-06-13T00:03:16.167271+00:00","try_number":1,"dag_id":"devoluciones_dag","task_id":"aplicar_reglas","logger":"py.warnings"}
{"timestamp":"2026-06-13T00:03:20.586408Z","level":"info","event":"Task instance is in running state","logger":"task.stdout"}
{"timestamp":"2026-06-13T00:03:20.586919Z","level":"info","event":" Previous state of the Task instance: TaskInstanceState.QUEUED","logger":"task.stdout"}
{"timestamp":"2026-06-13T00:03:20.587443Z","level":"info","event":"Current task name:aplicar_reglas","logger":"task.stdout"}
{"timestamp":"2026-06-13T00:03:20.587834Z","level":"info","event":"Dag name:devoluciones_dag","logger":"task.stdout"}
{"timestamp":"2026-06-13T00:03:20.586710Z","level":"info","event":"::endgroup::","map_index":-1,"ti_id":"019ebe4a-3a58-7996-a4ef-f062910a0817","run_id":"manual__2026-06-13T00:03:16.167271+00:00","try_number":1,"dag_id":"devoluciones_dag","task_id":"aplicar_reglas","logger":"task","filename":"task_runner.py","lineno":1727}
{"timestamp":"2026-06-13T00:03:20.609378Z","level":"info","event":"RESULTADO DE LAS REGLAS","logger":"task.stdout"}
{"timestamp":"2026-06-13T00:03:20.617370Z","level":"info","event":"   transaction_id  ...                                     regla_aplicada","logger":"task.stdout"}
{"timestamp":"2026-06-13T00:03:20.617740Z","level":"info","event":"0          TXN001  ...  Aprobación automática; Marcado como posible fr...","logger":"task.stdout"}
{"timestamp":"2026-06-13T00:03:20.618107Z","level":"info","event":"1          TXN002  ...  Requiere aprobación del gerente; Marcado como ...","logger":"task.stdout"}
{"timestamp":"2026-06-13T00:03:20.618441Z","level":"info","event":"2          TXN003  ...  Aprobación automática; Marcado como posible fr...","logger":"task.stdout"}
{"timestamp":"2026-06-13T00:03:20.618687Z","level":"info","event":"3          TXN004  ...  Revisión especial; Marcado como posible fraude...","logger":"task.stdout"}
{"timestamp":"2026-06-13T00:03:20.618901Z","level":"info","event":"4          TXN005  ...                              Aprobación automática","logger":"task.stdout"}
{"timestamp":"2026-06-13T00:03:20.619076Z","level":"info","event":"5          TXN006  ...  Requiere aprobación del gerente; Marcado como ...","logger":"task.stdout"}
{"timestamp":"2026-06-13T00:03:20.619301Z","level":"info","event":"6          TXN007  ...  Aprobación automática; Marcado como posible fr...","logger":"task.stdout"}
{"timestamp":"2026-06-13T00:03:20.619804Z","level":"info","event":"7          TXN008  ...  Revisión especial; Marcado como posible fraude...","logger":"task.stdout"}
{"timestamp":"2026-06-13T00:03:20.620156Z","level":"info","event":"8          TXN009  ...  Aprobación automática; Marcado como posible fr...","logger":"task.stdout"}
{"timestamp":"2026-06-13T00:03:20.620490Z","level":"info","event":"9          TXN010  ...                    Requiere aprobación del gerente","logger":"task.stdout"}
{"timestamp":"2026-06-13T00:03:20.620730Z","level":"info","event":"10         TXN011  ...  Aprobación automática; Marcado como posible fr...","logger":"task.stdout"}
{"timestamp":"2026-06-13T00:03:20.620966Z","level":"info","event":"11         TXN012  ...  Revisión especial; Marcado como posible fraude...","logger":"task.stdout"}
{"timestamp":"2026-06-13T00:03:20.621278Z","level":"info","event":"12         TXN013  ...  Aprobación automática; Marcado como posible fr...","logger":"task.stdout"}
{"timestamp":"2026-06-13T00:03:20.621685Z","level":"info","event":"13         TXN014  ...  Requiere aprobación del gerente; Marcado como ...","logger":"task.stdout"}
{"timestamp":"2026-06-13T00:03:20.622470Z","level":"info","event":"14         TXN015  ...                                  Revisión especial","logger":"task.stdout"}
{"timestamp":"2026-06-13T00:03:20.622741Z","level":"info","event":"","logger":"task.stdout"}
{"timestamp":"2026-06-13T00:03:20.622974Z","level":"info","event":"[15 rows x 4 columns]","logger":"task.stdout"}
{"timestamp":"2026-06-13T00:03:20.622920Z","level":"info","event":"Done. Returned value was: None","map_index":-1,"ti_id":"019ebe4a-3a58-7996-a4ef-f062910a0817","run_id":"manual__2026-06-13T00:03:16.167271+00:00","try_number":1,"dag_id":"devoluciones_dag","task_id":"aplicar_reglas","logger":"airflow.task.operators.airflow.providers.standard.operators.python.PythonOperator","filename":"python.py","lineno":233}
{"timestamp":"2026-06-13T00:03:20.623052Z","level":"info","event":"::group::Post Execute","map_index":-1,"ti_id":"019ebe4a-3a58-7996-a4ef-f062910a0817","run_id":"manual__2026-06-13T00:03:16.167271+00:00","try_number":1,"dag_id":"devoluciones_dag","task_id":"aplicar_reglas","logger":"task","filename":"task_runner.py","lineno":1288}
{"timestamp":"2026-06-13T00:03:20.645378Z","level":"info","event":"Task instance in success state","logger":"task.stdout"}
{"timestamp":"2026-06-13T00:03:20.645765Z","level":"info","event":" Previous state of the Task instance: TaskInstanceState.RUNNING","logger":"task.stdout"}
{"timestamp":"2026-06-13T00:03:20.646078Z","level":"info","event":"Task operator:<Task(PythonOperator): aplicar_reglas>","logger":"task.stdout"}
{"timestamp":"2026-06-13T00:03:20.645663Z","level":"info","event":"::endgroup::","map_index":-1,"ti_id":"019ebe4a-3a58-7996-a4ef-f062910a0817","run_id":"manual__2026-06-13T00:03:16.167271+00:00","try_number":1,"dag_id":"devoluciones_dag","task_id":"aplicar_reglas","logger":"task","filename":"task_runner.py","lineno":1896}
