{"timestamp":"2026-06-12T03:33:11.357475Z","level":"info","event":"::group::Pre Execute","logger":"task","filename":"task_runner.py","lineno":1926}
{"timestamp":"2026-06-12T03:33:11.878573Z","level":"info","event":"DAG bundles loaded: dags-folder, example_dags","ti_id":"019eb9e4-0d07-7093-bfb5-1b523f3042b6","task_id":"leer_csv","try_number":1,"map_index":-1,"run_id":"manual__2026-06-12T03:33:11.036212+00:00","dag_id":"devoluciones_dag","logger":"airflow.dag_processing.bundles.manager.DagBundlesManager","filename":"manager.py","lineno":209}
{"timestamp":"2026-06-12T03:33:11.880162Z","level":"info","event":"Filling up the DagBag from /opt/airflow/dags/devoluciones_dag.py","ti_id":"019eb9e4-0d07-7093-bfb5-1b523f3042b6","task_id":"leer_csv","try_number":1,"map_index":-1,"run_id":"manual__2026-06-12T03:33:11.036212+00:00","dag_id":"devoluciones_dag","logger":"airflow.dag_processing.dagbag.BundleDagBag","filename":"dagbag.py","lineno":469}
{"timestamp":"2026-06-12T03:33:11.907909Z","level":"warning","event":"The `airflow.operators.python.PythonOperator` attribute is deprecated. Please use `'airflow.providers.standard.operators.python.PythonOperator'`.","category":"UserWarning","filename":"/opt/airflow/dags/devoluciones_dag.py","lineno":2,"ti_id":"019eb9e4-0d07-7093-bfb5-1b523f3042b6","task_id":"leer_csv","try_number":1,"map_index":-1,"run_id":"manual__2026-06-12T03:33:11.036212+00:00","dag_id":"devoluciones_dag","logger":"py.warnings"}
{"timestamp":"2026-06-12T03:33:11.939283Z","level":"info","event":"Task instance is in running state","logger":"task.stdout"}
{"timestamp":"2026-06-12T03:33:11.939656Z","level":"info","event":" Previous state of the Task instance: TaskInstanceState.QUEUED","logger":"task.stdout"}
{"timestamp":"2026-06-12T03:33:11.940058Z","level":"info","event":"Current task name:leer_csv","logger":"task.stdout"}
{"timestamp":"2026-06-12T03:33:11.940341Z","level":"info","event":"Dag name:devoluciones_dag","logger":"task.stdout"}
{"timestamp":"2026-06-12T03:33:11.939860Z","level":"info","event":"::endgroup::","ti_id":"019eb9e4-0d07-7093-bfb5-1b523f3042b6","task_id":"leer_csv","try_number":1,"map_index":-1,"run_id":"manual__2026-06-12T03:33:11.036212+00:00","dag_id":"devoluciones_dag","logger":"task","filename":"task_runner.py","lineno":1727}
{"timestamp":"2026-06-12T03:33:11.949157Z","level":"info","event":"Archivo leído correctamente","logger":"task.stdout"}
{"timestamp":"2026-06-12T03:33:11.967224Z","level":"info","event":"  transaction_id       fecha  ...                     descripcion     estado","logger":"task.stdout"}
{"timestamp":"2026-06-12T03:33:11.967706Z","level":"info","event":"0         TXN001  2026-06-01  ...  Devolucion compra supermercado  pendiente","logger":"task.stdout"}
{"timestamp":"2026-06-12T03:33:11.968040Z","level":"info","event":"1         TXN002  2026-06-01  ...     Devolucion electrodomestico  pendiente","logger":"task.stdout"}
{"timestamp":"2026-06-12T03:33:11.968304Z","level":"info","event":"2         TXN003  2026-06-02  ...        Devolucion ropa en linea  pendiente","logger":"task.stdout"}
{"timestamp":"2026-06-12T03:33:11.968540Z","level":"info","event":"3         TXN004  2026-06-02  ...    Devolucion equipo de computo  pendiente","logger":"task.stdout"}
{"timestamp":"2026-06-12T03:33:11.968734Z","level":"info","event":"4         TXN005  2026-06-03  ...          Devolucion restaurante  pendiente","logger":"task.stdout"}
{"timestamp":"2026-06-12T03:33:11.968953Z","level":"info","event":"","logger":"task.stdout"}
{"timestamp":"2026-06-12T03:33:11.969210Z","level":"info","event":"[5 rows x 9 columns]","logger":"task.stdout"}
{"timestamp":"2026-06-12T03:33:11.971063Z","level":"info","event":"Done. Returned value was: None","ti_id":"019eb9e4-0d07-7093-bfb5-1b523f3042b6","task_id":"leer_csv","try_number":1,"map_index":-1,"run_id":"manual__2026-06-12T03:33:11.036212+00:00","dag_id":"devoluciones_dag","logger":"airflow.task.operators.airflow.providers.standard.operators.python.PythonOperator","filename":"python.py","lineno":233}
{"timestamp":"2026-06-12T03:33:11.971385Z","level":"info","event":"::group::Post Execute","ti_id":"019eb9e4-0d07-7093-bfb5-1b523f3042b6","task_id":"leer_csv","try_number":1,"map_index":-1,"run_id":"manual__2026-06-12T03:33:11.036212+00:00","dag_id":"devoluciones_dag","logger":"task","filename":"task_runner.py","lineno":1288}
{"timestamp":"2026-06-12T03:33:11.996705Z","level":"info","event":"Task instance in success state","logger":"task.stdout"}
{"timestamp":"2026-06-12T03:33:11.997127Z","level":"info","event":" Previous state of the Task instance: TaskInstanceState.RUNNING","logger":"task.stdout"}
{"timestamp":"2026-06-12T03:33:11.997538Z","level":"info","event":"Task operator:<Task(PythonOperator): leer_csv>","logger":"task.stdout"}
{"timestamp":"2026-06-12T03:33:11.997201Z","level":"info","event":"::endgroup::","ti_id":"019eb9e4-0d07-7093-bfb5-1b523f3042b6","task_id":"leer_csv","try_number":1,"map_index":-1,"run_id":"manual__2026-06-12T03:33:11.036212+00:00","dag_id":"devoluciones_dag","logger":"task","filename":"task_runner.py","lineno":1896}
