{"timestamp":"2026-06-12T23:22:42.145433Z","level":"info","event":"::group::Pre Execute","logger":"task","filename":"task_runner.py","lineno":1926}
{"timestamp":"2026-06-12T23:22:42.461526Z","level":"info","event":"DAG bundles loaded: dags-folder, example_dags","ti_id":"019ebe24-ff8b-73f1-aa7e-12ac62c3d3f9","map_index":-1,"run_id":"manual__2026-06-12T23:22:36.280475+00:00","task_id":"reporte_diario","try_number":1,"dag_id":"devoluciones_dag","logger":"airflow.dag_processing.bundles.manager.DagBundlesManager","filename":"manager.py","lineno":209}
{"timestamp":"2026-06-12T23:22:42.462834Z","level":"info","event":"Filling up the DagBag from /opt/airflow/dags/devoluciones_dag.py","ti_id":"019ebe24-ff8b-73f1-aa7e-12ac62c3d3f9","map_index":-1,"run_id":"manual__2026-06-12T23:22:36.280475+00:00","task_id":"reporte_diario","try_number":1,"dag_id":"devoluciones_dag","logger":"airflow.dag_processing.dagbag.BundleDagBag","filename":"dagbag.py","lineno":469}
{"timestamp":"2026-06-12T23:22:42.493175Z","level":"warning","event":"The `airflow.operators.python.PythonOperator` attribute is deprecated. Please use `'airflow.providers.standard.operators.python.PythonOperator'`.","category":"UserWarning","filename":"/opt/airflow/dags/devoluciones_dag.py","lineno":2,"ti_id":"019ebe24-ff8b-73f1-aa7e-12ac62c3d3f9","map_index":-1,"run_id":"manual__2026-06-12T23:22:36.280475+00:00","task_id":"reporte_diario","try_number":1,"dag_id":"devoluciones_dag","logger":"py.warnings"}
{"timestamp":"2026-06-12T23:22:42.515831Z","level":"info","event":"Task instance is in running state","logger":"task.stdout"}
{"timestamp":"2026-06-12T23:22:42.516191Z","level":"info","event":" Previous state of the Task instance: TaskInstanceState.QUEUED","logger":"task.stdout"}
{"timestamp":"2026-06-12T23:22:42.516383Z","level":"info","event":"Current task name:reporte_diario","logger":"task.stdout"}
{"timestamp":"2026-06-12T23:22:42.516542Z","level":"info","event":"Dag name:devoluciones_dag","logger":"task.stdout"}
{"timestamp":"2026-06-12T23:22:42.516220Z","level":"info","event":"::endgroup::","ti_id":"019ebe24-ff8b-73f1-aa7e-12ac62c3d3f9","map_index":-1,"run_id":"manual__2026-06-12T23:22:36.280475+00:00","task_id":"reporte_diario","try_number":1,"dag_id":"devoluciones_dag","logger":"task","filename":"task_runner.py","lineno":1727}
{"timestamp":"2026-06-12T23:22:42.537741Z","level":"info","event":"","logger":"task.stdout"}
{"timestamp":"2026-06-12T23:22:42.537973Z","level":"info","event":"REPORTE DIARIO","logger":"task.stdout"}
{"timestamp":"2026-06-12T23:22:42.544172Z","level":"info","event":"        fecha  total_devoluciones  monto_total  aprobadas  pendientes  revision","logger":"task.stdout"}
{"timestamp":"2026-06-12T23:22:42.544414Z","level":"info","event":"0  2026-06-01                   2       2650.0          1           1         0","logger":"task.stdout"}
{"timestamp":"2026-06-12T23:22:42.544600Z","level":"info","event":"1  2026-06-02                   2       8075.5          1           0         1","logger":"task.stdout"}
{"timestamp":"2026-06-12T23:22:42.544779Z","level":"info","event":"2  2026-06-03                   2       1820.0          1           1         0","logger":"task.stdout"}
{"timestamp":"2026-06-12T23:22:42.544959Z","level":"info","event":"3  2026-06-04                   2       6550.0          1           0         1","logger":"task.stdout"}
{"timestamp":"2026-06-12T23:22:42.545118Z","level":"info","event":"4  2026-06-05                   2       4100.0          1           1         0","logger":"task.stdout"}
{"timestamp":"2026-06-12T23:22:42.545268Z","level":"info","event":"5  2026-06-06                   2      12200.0          1           0         1","logger":"task.stdout"}
{"timestamp":"2026-06-12T23:22:42.545417Z","level":"info","event":"6  2026-06-07                   2       1650.0          1           1         0","logger":"task.stdout"}
{"timestamp":"2026-06-12T23:22:42.545564Z","level":"info","event":"7  2026-06-08                   1       5500.0          0           0         1","logger":"task.stdout"}
{"timestamp":"2026-06-12T23:22:42.545014Z","level":"info","event":"Done. Returned value was: None","ti_id":"019ebe24-ff8b-73f1-aa7e-12ac62c3d3f9","map_index":-1,"run_id":"manual__2026-06-12T23:22:36.280475+00:00","task_id":"reporte_diario","try_number":1,"dag_id":"devoluciones_dag","logger":"airflow.task.operators.airflow.providers.standard.operators.python.PythonOperator","filename":"python.py","lineno":233}
{"timestamp":"2026-06-12T23:22:42.545137Z","level":"info","event":"::group::Post Execute","ti_id":"019ebe24-ff8b-73f1-aa7e-12ac62c3d3f9","map_index":-1,"run_id":"manual__2026-06-12T23:22:36.280475+00:00","task_id":"reporte_diario","try_number":1,"dag_id":"devoluciones_dag","logger":"task","filename":"task_runner.py","lineno":1288}
{"timestamp":"2026-06-12T23:22:42.562917Z","level":"info","event":"Task instance in success state","logger":"task.stdout"}
{"timestamp":"2026-06-12T23:22:42.563316Z","level":"info","event":" Previous state of the Task instance: TaskInstanceState.RUNNING","logger":"task.stdout"}
{"timestamp":"2026-06-12T23:22:42.563717Z","level":"info","event":"Task operator:<Task(PythonOperator): reporte_diario>","logger":"task.stdout"}
{"timestamp":"2026-06-12T23:22:42.563233Z","level":"info","event":"::endgroup::","ti_id":"019ebe24-ff8b-73f1-aa7e-12ac62c3d3f9","map_index":-1,"run_id":"manual__2026-06-12T23:22:36.280475+00:00","task_id":"reporte_diario","try_number":1,"dag_id":"devoluciones_dag","logger":"task","filename":"task_runner.py","lineno":1896}
