{"timestamp":"2026-06-16T17:09:16.387787Z","level":"info","event":"::group::Pre Execute","logger":"task","filename":"task_runner.py","lineno":1926}
{"timestamp":"2026-06-16T17:09:16.725626Z","level":"info","event":"DAG bundles loaded: dags-folder, example_dags","run_id":"manual__2026-06-16T17:09:04.841513+00:00","dag_id":"devoluciones_dag","task_id":"reporte_diario","try_number":1,"ti_id":"019ed168-76e2-7874-a266-9618ca204e87","map_index":-1,"logger":"airflow.dag_processing.bundles.manager.DagBundlesManager","filename":"manager.py","lineno":209}
{"timestamp":"2026-06-16T17:09:16.727195Z","level":"info","event":"Filling up the DagBag from /opt/airflow/dags/devoluciones_dag.py","run_id":"manual__2026-06-16T17:09:04.841513+00:00","dag_id":"devoluciones_dag","task_id":"reporte_diario","try_number":1,"ti_id":"019ed168-76e2-7874-a266-9618ca204e87","map_index":-1,"logger":"airflow.dag_processing.dagbag.BundleDagBag","filename":"dagbag.py","lineno":469}
{"timestamp":"2026-06-16T17:09:16.759733Z","level":"warning","event":"The `airflow.operators.python.PythonOperator` attribute is deprecated. Please use `'airflow.providers.standard.operators.python.PythonOperator'`.","category":"UserWarning","filename":"/opt/airflow/dags/devoluciones_dag.py","lineno":2,"run_id":"manual__2026-06-16T17:09:04.841513+00:00","dag_id":"devoluciones_dag","task_id":"reporte_diario","try_number":1,"ti_id":"019ed168-76e2-7874-a266-9618ca204e87","map_index":-1,"logger":"py.warnings"}
{"timestamp":"2026-06-16T17:09:16.782361Z","level":"info","event":"Task instance is in running state","logger":"task.stdout"}
{"timestamp":"2026-06-16T17:09:16.782692Z","level":"info","event":" Previous state of the Task instance: TaskInstanceState.QUEUED","logger":"task.stdout"}
{"timestamp":"2026-06-16T17:09:16.782917Z","level":"info","event":"Current task name:reporte_diario","logger":"task.stdout"}
{"timestamp":"2026-06-16T17:09:16.783118Z","level":"info","event":"Dag name:devoluciones_dag","logger":"task.stdout"}
{"timestamp":"2026-06-16T17:09:16.782715Z","level":"info","event":"::endgroup::","run_id":"manual__2026-06-16T17:09:04.841513+00:00","dag_id":"devoluciones_dag","task_id":"reporte_diario","try_number":1,"ti_id":"019ed168-76e2-7874-a266-9618ca204e87","map_index":-1,"logger":"task","filename":"task_runner.py","lineno":1727}
{"timestamp":"2026-06-16T17:09:16.986416Z","level":"info","event":"","logger":"task.stdout"}
{"timestamp":"2026-06-16T17:09:16.986734Z","level":"info","event":"REPORTE DIARIO","logger":"task.stdout"}
{"timestamp":"2026-06-16T17:09:16.995047Z","level":"info","event":"             fecha  total_devoluciones  ...  fraude  pendientes","logger":"task.stdout"}
{"timestamp":"2026-06-16T17:09:16.995384Z","level":"info","event":"0          1767225                   8  ...       0           0","logger":"task.stdout"}
{"timestamp":"2026-06-16T17:09:16.995676Z","level":"info","event":"1    1767225600000                  23  ...       0           0","logger":"task.stdout"}
{"timestamp":"2026-06-16T17:09:16.996003Z","level":"info","event":"2          1767312                   4  ...       0           0","logger":"task.stdout"}
{"timestamp":"2026-06-16T17:09:16.996332Z","level":"info","event":"3    1767312000000                  26  ...       0           0","logger":"task.stdout"}
{"timestamp":"2026-06-16T17:09:16.996648Z","level":"info","event":"4          1767398                   3  ...       0           0","logger":"task.stdout"}
{"timestamp":"2026-06-16T17:09:16.996889Z","level":"info","event":"..             ...                 ...  ...     ...         ...","logger":"task.stdout"}
{"timestamp":"2026-06-16T17:09:16.997125Z","level":"info","event":"352     2026-05-13                   1  ...       0           0","logger":"task.stdout"}
{"timestamp":"2026-06-16T17:09:16.997348Z","level":"info","event":"353     2026-05-14                   1  ...       0           0","logger":"task.stdout"}
{"timestamp":"2026-06-16T17:09:16.997526Z","level":"info","event":"354     2026-05-15                   1  ...       0           0","logger":"task.stdout"}
{"timestamp":"2026-06-16T17:09:16.997708Z","level":"info","event":"355     2026-05-23                   1  ...       0           0","logger":"task.stdout"}
{"timestamp":"2026-06-16T17:09:16.997915Z","level":"info","event":"356     2026-06-08                   1  ...       0           0","logger":"task.stdout"}
{"timestamp":"2026-06-16T17:09:16.998104Z","level":"info","event":"","logger":"task.stdout"}
{"timestamp":"2026-06-16T17:09:16.998249Z","level":"info","event":"[357 rows x 7 columns]","logger":"task.stdout"}
{"timestamp":"2026-06-16T17:09:16.996979Z","level":"info","event":"Done. Returned value was: None","run_id":"manual__2026-06-16T17:09:04.841513+00:00","dag_id":"devoluciones_dag","task_id":"reporte_diario","try_number":1,"ti_id":"019ed168-76e2-7874-a266-9618ca204e87","map_index":-1,"logger":"airflow.task.operators.airflow.providers.standard.operators.python.PythonOperator","filename":"python.py","lineno":233}
{"timestamp":"2026-06-16T17:09:16.997093Z","level":"info","event":"::group::Post Execute","run_id":"manual__2026-06-16T17:09:04.841513+00:00","dag_id":"devoluciones_dag","task_id":"reporte_diario","try_number":1,"ti_id":"019ed168-76e2-7874-a266-9618ca204e87","map_index":-1,"logger":"task","filename":"task_runner.py","lineno":1288}
{"timestamp":"2026-06-16T17:09:17.015493Z","level":"info","event":"Task instance in success state","logger":"task.stdout"}
{"timestamp":"2026-06-16T17:09:17.015861Z","level":"info","event":" Previous state of the Task instance: TaskInstanceState.RUNNING","logger":"task.stdout"}
{"timestamp":"2026-06-16T17:09:17.016250Z","level":"info","event":"Task operator:<Task(PythonOperator): reporte_diario>","logger":"task.stdout"}
{"timestamp":"2026-06-16T17:09:17.015740Z","level":"info","event":"::endgroup::","run_id":"manual__2026-06-16T17:09:04.841513+00:00","dag_id":"devoluciones_dag","task_id":"reporte_diario","try_number":1,"ti_id":"019ed168-76e2-7874-a266-9618ca204e87","map_index":-1,"logger":"task","filename":"task_runner.py","lineno":1896}
