{"timestamp":"2026-06-12T22:29:43.861783Z","level":"info","event":"::group::Pre Execute","logger":"task","filename":"task_runner.py","lineno":1926}
{"timestamp":"2026-06-12T22:29:44.602819Z","level":"info","event":"DAG bundles loaded: dags-folder, example_dags","task_id":"aplicar_reglas","ti_id":"019ebdf4-898d-73aa-99ee-2f52a693e38e","run_id":"manual__2026-06-12T22:29:40.347631+00:00","dag_id":"devoluciones_dag","map_index":-1,"try_number":1,"logger":"airflow.dag_processing.bundles.manager.DagBundlesManager","filename":"manager.py","lineno":209}
{"timestamp":"2026-06-12T22:29:44.604317Z","level":"info","event":"Filling up the DagBag from /opt/airflow/dags/devoluciones_dag.py","task_id":"aplicar_reglas","ti_id":"019ebdf4-898d-73aa-99ee-2f52a693e38e","run_id":"manual__2026-06-12T22:29:40.347631+00:00","dag_id":"devoluciones_dag","map_index":-1,"try_number":1,"logger":"airflow.dag_processing.dagbag.BundleDagBag","filename":"dagbag.py","lineno":469}
{"timestamp":"2026-06-12T22:29:44.638921Z","level":"warning","event":"The `airflow.operators.python.PythonOperator` attribute is deprecated. Please use `'airflow.providers.standard.operators.python.PythonOperator'`.","category":"UserWarning","filename":"/opt/airflow/dags/devoluciones_dag.py","lineno":2,"task_id":"aplicar_reglas","ti_id":"019ebdf4-898d-73aa-99ee-2f52a693e38e","run_id":"manual__2026-06-12T22:29:40.347631+00:00","dag_id":"devoluciones_dag","map_index":-1,"try_number":1,"logger":"py.warnings"}
{"timestamp":"2026-06-12T22:29:44.666381Z","level":"info","event":"Task instance is in running state","logger":"task.stdout"}
{"timestamp":"2026-06-12T22:29:44.666757Z","level":"info","event":" Previous state of the Task instance: TaskInstanceState.QUEUED","logger":"task.stdout"}
{"timestamp":"2026-06-12T22:29:44.667012Z","level":"info","event":"Current task name:aplicar_reglas","logger":"task.stdout"}
{"timestamp":"2026-06-12T22:29:44.667204Z","level":"info","event":"Dag name:devoluciones_dag","logger":"task.stdout"}
{"timestamp":"2026-06-12T22:29:44.666773Z","level":"info","event":"::endgroup::","task_id":"aplicar_reglas","ti_id":"019ebdf4-898d-73aa-99ee-2f52a693e38e","run_id":"manual__2026-06-12T22:29:40.347631+00:00","dag_id":"devoluciones_dag","map_index":-1,"try_number":1,"logger":"task","filename":"task_runner.py","lineno":1727}
{"timestamp":"2026-06-12T22:29:44.677655Z","level":"info","event":"RESULTADO DE LAS REGLAS","logger":"task.stdout"}
{"timestamp":"2026-06-12T22:29:44.685147Z","level":"info","event":"   transaction_id    monto     estado                   regla_aplicada","logger":"task.stdout"}
{"timestamp":"2026-06-12T22:29:44.685460Z","level":"info","event":"0          TXN001    150.0   APROBADA            Aprobación automática","logger":"task.stdout"}
{"timestamp":"2026-06-12T22:29:44.685675Z","level":"info","event":"1          TXN002   2500.0  PENDIENTE  Requiere aprobación del gerente","logger":"task.stdout"}
{"timestamp":"2026-06-12T22:29:44.685890Z","level":"info","event":"2          TXN003     75.5   APROBADA            Aprobación automática","logger":"task.stdout"}
{"timestamp":"2026-06-12T22:29:44.686104Z","level":"info","event":"3          TXN004   8000.0   REVISION                Revisión especial","logger":"task.stdout"}
{"timestamp":"2026-06-12T22:29:44.686322Z","level":"info","event":"4          TXN005    320.0   APROBADA            Aprobación automática","logger":"task.stdout"}
{"timestamp":"2026-06-12T22:29:44.686533Z","level":"info","event":"5          TXN006   1500.0  PENDIENTE  Requiere aprobación del gerente","logger":"task.stdout"}
{"timestamp":"2026-06-12T22:29:44.686728Z","level":"info","event":"6          TXN007     50.0   APROBADA            Aprobación automática","logger":"task.stdout"}
{"timestamp":"2026-06-12T22:29:44.686946Z","level":"info","event":"7          TXN008   6500.0   REVISION                Revisión especial","logger":"task.stdout"}
{"timestamp":"2026-06-12T22:29:44.687145Z","level":"info","event":"8          TXN009    900.0   APROBADA            Aprobación automática","logger":"task.stdout"}
{"timestamp":"2026-06-12T22:29:44.687334Z","level":"info","event":"9          TXN010   3200.0  PENDIENTE  Requiere aprobación del gerente","logger":"task.stdout"}
{"timestamp":"2026-06-12T22:29:44.687549Z","level":"info","event":"10         TXN011    200.0   APROBADA            Aprobación automática","logger":"task.stdout"}
{"timestamp":"2026-06-12T22:29:44.687747Z","level":"info","event":"11         TXN012  12000.0   REVISION                Revisión especial","logger":"task.stdout"}
{"timestamp":"2026-06-12T22:29:44.687996Z","level":"info","event":"12         TXN013    450.0   APROBADA            Aprobación automática","logger":"task.stdout"}
{"timestamp":"2026-06-12T22:29:44.688211Z","level":"info","event":"13         TXN014   1200.0  PENDIENTE  Requiere aprobación del gerente","logger":"task.stdout"}
{"timestamp":"2026-06-12T22:29:44.688410Z","level":"info","event":"14         TXN015   5500.0   REVISION                Revisión especial","logger":"task.stdout"}
{"timestamp":"2026-06-12T22:29:44.688355Z","level":"info","event":"Done. Returned value was: None","task_id":"aplicar_reglas","ti_id":"019ebdf4-898d-73aa-99ee-2f52a693e38e","run_id":"manual__2026-06-12T22:29:40.347631+00:00","dag_id":"devoluciones_dag","map_index":-1,"try_number":1,"logger":"airflow.task.operators.airflow.providers.standard.operators.python.PythonOperator","filename":"python.py","lineno":233}
{"timestamp":"2026-06-12T22:29:44.688476Z","level":"info","event":"::group::Post Execute","task_id":"aplicar_reglas","ti_id":"019ebdf4-898d-73aa-99ee-2f52a693e38e","run_id":"manual__2026-06-12T22:29:40.347631+00:00","dag_id":"devoluciones_dag","map_index":-1,"try_number":1,"logger":"task","filename":"task_runner.py","lineno":1288}
{"timestamp":"2026-06-12T22:29:44.706062Z","level":"info","event":"Task instance in success state","logger":"task.stdout"}
{"timestamp":"2026-06-12T22:29:44.706364Z","level":"info","event":" Previous state of the Task instance: TaskInstanceState.RUNNING","logger":"task.stdout"}
{"timestamp":"2026-06-12T22:29:44.706624Z","level":"info","event":"Task operator:<Task(PythonOperator): aplicar_reglas>","logger":"task.stdout"}
{"timestamp":"2026-06-12T22:29:44.706360Z","level":"info","event":"::endgroup::","task_id":"aplicar_reglas","ti_id":"019ebdf4-898d-73aa-99ee-2f52a693e38e","run_id":"manual__2026-06-12T22:29:40.347631+00:00","dag_id":"devoluciones_dag","map_index":-1,"try_number":1,"logger":"task","filename":"task_runner.py","lineno":1896}
