{"timestamp":"2026-06-12T23:31:31.844020Z","level":"info","event":"::group::Pre Execute","logger":"task","filename":"task_runner.py","lineno":1926}
{"timestamp":"2026-06-12T23:31:32.255198Z","level":"info","event":"DAG bundles loaded: dags-folder, example_dags","map_index":-1,"ti_id":"019ebe2d-1d91-79fe-be15-996eb06e998f","run_id":"manual__2026-06-12T23:31:28.256756+00:00","try_number":1,"dag_id":"devoluciones_dag","task_id":"aplicar_reglas","logger":"airflow.dag_processing.bundles.manager.DagBundlesManager","filename":"manager.py","lineno":209}
{"timestamp":"2026-06-12T23:31:32.256715Z","level":"info","event":"Filling up the DagBag from /opt/airflow/dags/devoluciones_dag.py","map_index":-1,"ti_id":"019ebe2d-1d91-79fe-be15-996eb06e998f","run_id":"manual__2026-06-12T23:31:28.256756+00:00","try_number":1,"dag_id":"devoluciones_dag","task_id":"aplicar_reglas","logger":"airflow.dag_processing.dagbag.BundleDagBag","filename":"dagbag.py","lineno":469}
{"timestamp":"2026-06-12T23:31:32.288487Z","level":"warning","event":"The `airflow.operators.python.PythonOperator` attribute is deprecated. Please use `'airflow.providers.standard.operators.python.PythonOperator'`.","category":"UserWarning","filename":"/opt/airflow/dags/devoluciones_dag.py","lineno":2,"map_index":-1,"ti_id":"019ebe2d-1d91-79fe-be15-996eb06e998f","run_id":"manual__2026-06-12T23:31:28.256756+00:00","try_number":1,"dag_id":"devoluciones_dag","task_id":"aplicar_reglas","logger":"py.warnings"}
{"timestamp":"2026-06-12T23:31:32.319179Z","level":"info","event":"Task instance is in running state","logger":"task.stdout"}
{"timestamp":"2026-06-12T23:31:32.319592Z","level":"info","event":" Previous state of the Task instance: TaskInstanceState.QUEUED","logger":"task.stdout"}
{"timestamp":"2026-06-12T23:31:32.319983Z","level":"info","event":"Current task name:aplicar_reglas","logger":"task.stdout"}
{"timestamp":"2026-06-12T23:31:32.320204Z","level":"info","event":"Dag name:devoluciones_dag","logger":"task.stdout"}
{"timestamp":"2026-06-12T23:31:32.319762Z","level":"info","event":"::endgroup::","map_index":-1,"ti_id":"019ebe2d-1d91-79fe-be15-996eb06e998f","run_id":"manual__2026-06-12T23:31:28.256756+00:00","try_number":1,"dag_id":"devoluciones_dag","task_id":"aplicar_reglas","logger":"task","filename":"task_runner.py","lineno":1727}
{"timestamp":"2026-06-12T23:31:32.329250Z","level":"info","event":"RESULTADO DE LAS REGLAS","logger":"task.stdout"}
{"timestamp":"2026-06-12T23:31:32.336185Z","level":"info","event":"   transaction_id    monto     estado                   regla_aplicada","logger":"task.stdout"}
{"timestamp":"2026-06-12T23:31:32.336549Z","level":"info","event":"0          TXN001    150.0   APROBADA            Aprobación automática","logger":"task.stdout"}
{"timestamp":"2026-06-12T23:31:32.336784Z","level":"info","event":"1          TXN002   2500.0  PENDIENTE  Requiere aprobación del gerente","logger":"task.stdout"}
{"timestamp":"2026-06-12T23:31:32.337035Z","level":"info","event":"2          TXN003     75.5   APROBADA            Aprobación automática","logger":"task.stdout"}
{"timestamp":"2026-06-12T23:31:32.337289Z","level":"info","event":"3          TXN004   8000.0   REVISION                Revisión especial","logger":"task.stdout"}
{"timestamp":"2026-06-12T23:31:32.337558Z","level":"info","event":"4          TXN005    320.0   APROBADA            Aprobación automática","logger":"task.stdout"}
{"timestamp":"2026-06-12T23:31:32.337786Z","level":"info","event":"5          TXN006   1500.0  PENDIENTE  Requiere aprobación del gerente","logger":"task.stdout"}
{"timestamp":"2026-06-12T23:31:32.337984Z","level":"info","event":"6          TXN007     50.0   APROBADA            Aprobación automática","logger":"task.stdout"}
{"timestamp":"2026-06-12T23:31:32.338227Z","level":"info","event":"7          TXN008   6500.0   REVISION                Revisión especial","logger":"task.stdout"}
{"timestamp":"2026-06-12T23:31:32.338464Z","level":"info","event":"8          TXN009    900.0   APROBADA            Aprobación automática","logger":"task.stdout"}
{"timestamp":"2026-06-12T23:31:32.338630Z","level":"info","event":"9          TXN010   3200.0  PENDIENTE  Requiere aprobación del gerente","logger":"task.stdout"}
{"timestamp":"2026-06-12T23:31:32.338837Z","level":"info","event":"10         TXN011    200.0   APROBADA            Aprobación automática","logger":"task.stdout"}
{"timestamp":"2026-06-12T23:31:32.339018Z","level":"info","event":"11         TXN012  12000.0   REVISION                Revisión especial","logger":"task.stdout"}
{"timestamp":"2026-06-12T23:31:32.339283Z","level":"info","event":"12         TXN013    450.0   APROBADA            Aprobación automática","logger":"task.stdout"}
{"timestamp":"2026-06-12T23:31:32.339562Z","level":"info","event":"13         TXN014   1200.0  PENDIENTE  Requiere aprobación del gerente","logger":"task.stdout"}
{"timestamp":"2026-06-12T23:31:32.339739Z","level":"info","event":"14         TXN015   5500.0   REVISION                Revisión especial","logger":"task.stdout"}
{"timestamp":"2026-06-12T23:31:32.339609Z","level":"info","event":"Done. Returned value was: None","map_index":-1,"ti_id":"019ebe2d-1d91-79fe-be15-996eb06e998f","run_id":"manual__2026-06-12T23:31:28.256756+00:00","try_number":1,"dag_id":"devoluciones_dag","task_id":"aplicar_reglas","logger":"airflow.task.operators.airflow.providers.standard.operators.python.PythonOperator","filename":"python.py","lineno":233}
{"timestamp":"2026-06-12T23:31:32.339770Z","level":"info","event":"::group::Post Execute","map_index":-1,"ti_id":"019ebe2d-1d91-79fe-be15-996eb06e998f","run_id":"manual__2026-06-12T23:31:28.256756+00:00","try_number":1,"dag_id":"devoluciones_dag","task_id":"aplicar_reglas","logger":"task","filename":"task_runner.py","lineno":1288}
{"timestamp":"2026-06-12T23:31:32.361162Z","level":"info","event":"Task instance in success state","logger":"task.stdout"}
{"timestamp":"2026-06-12T23:31:32.361451Z","level":"info","event":" Previous state of the Task instance: TaskInstanceState.RUNNING","logger":"task.stdout"}
{"timestamp":"2026-06-12T23:31:32.361721Z","level":"info","event":"Task operator:<Task(PythonOperator): aplicar_reglas>","logger":"task.stdout"}
{"timestamp":"2026-06-12T23:31:32.361461Z","level":"info","event":"::endgroup::","map_index":-1,"ti_id":"019ebe2d-1d91-79fe-be15-996eb06e998f","run_id":"manual__2026-06-12T23:31:28.256756+00:00","try_number":1,"dag_id":"devoluciones_dag","task_id":"aplicar_reglas","logger":"task","filename":"task_runner.py","lineno":1896}
