{"timestamp":"2026-06-13T01:24:36.385694Z","level":"info","event":"::group::Pre Execute","logger":"task","filename":"task_runner.py","lineno":1926}
{"timestamp":"2026-06-13T01:24:36.728789Z","level":"info","event":"DAG bundles loaded: dags-folder, example_dags","try_number":1,"map_index":-1,"dag_id":"devoluciones_dag","task_id":"leer_csv","run_id":"manual__2026-06-13T01:24:35.871843+00:00","ti_id":"019ebe94-afbc-7321-9ac7-b5fa04b1d4ac","logger":"airflow.dag_processing.bundles.manager.DagBundlesManager","filename":"manager.py","lineno":209}
{"timestamp":"2026-06-13T01:24:36.730385Z","level":"info","event":"Filling up the DagBag from /opt/airflow/dags/devoluciones_dag.py","try_number":1,"map_index":-1,"dag_id":"devoluciones_dag","task_id":"leer_csv","run_id":"manual__2026-06-13T01:24:35.871843+00:00","ti_id":"019ebe94-afbc-7321-9ac7-b5fa04b1d4ac","logger":"airflow.dag_processing.dagbag.BundleDagBag","filename":"dagbag.py","lineno":469}
{"timestamp":"2026-06-13T01:24:36.775287Z","level":"warning","event":"The `airflow.operators.python.PythonOperator` attribute is deprecated. Please use `'airflow.providers.standard.operators.python.PythonOperator'`.","category":"UserWarning","filename":"/opt/airflow/dags/devoluciones_dag.py","lineno":2,"try_number":1,"map_index":-1,"dag_id":"devoluciones_dag","task_id":"leer_csv","run_id":"manual__2026-06-13T01:24:35.871843+00:00","ti_id":"019ebe94-afbc-7321-9ac7-b5fa04b1d4ac","logger":"py.warnings"}
{"timestamp":"2026-06-13T01:24:36.795343Z","level":"info","event":"Task instance is in running state","logger":"task.stdout"}
{"timestamp":"2026-06-13T01:24:36.795804Z","level":"info","event":" Previous state of the Task instance: TaskInstanceState.QUEUED","logger":"task.stdout"}
{"timestamp":"2026-06-13T01:24:36.796269Z","level":"info","event":"Current task name:leer_csv","logger":"task.stdout"}
{"timestamp":"2026-06-13T01:24:36.796680Z","level":"info","event":"Dag name:devoluciones_dag","logger":"task.stdout"}
{"timestamp":"2026-06-13T01:24:36.795664Z","level":"info","event":"::endgroup::","try_number":1,"map_index":-1,"dag_id":"devoluciones_dag","task_id":"leer_csv","run_id":"manual__2026-06-13T01:24:35.871843+00:00","ti_id":"019ebe94-afbc-7321-9ac7-b5fa04b1d4ac","logger":"task","filename":"task_runner.py","lineno":1727}
{"timestamp":"2026-06-13T01:24:36.814703Z","level":"info","event":"Archivo leído correctamente","logger":"task.stdout"}
{"timestamp":"2026-06-13T01:24:36.823417Z","level":"info","event":"  transaction_id       fecha  ...               descripcion     estado","logger":"task.stdout"}
{"timestamp":"2026-06-13T01:24:36.823907Z","level":"info","event":"0      TXN000001  2026-03-18  ...        Devolucion muebles  pendiente","logger":"task.stdout"}
{"timestamp":"2026-06-13T01:24:36.824298Z","level":"info","event":"1      TXN000002  2026-03-18  ...          Devolucion hotel  pendiente","logger":"task.stdout"}
{"timestamp":"2026-06-13T01:24:36.824732Z","level":"info","event":"2      TXN000003  2026-03-22  ...           Devolucion ropa  pendiente","logger":"task.stdout"}
{"timestamp":"2026-06-13T01:24:36.825125Z","level":"info","event":"3      TXN000004  2026-03-19  ...       Devolucion gasolina  pendiente","logger":"task.stdout"}
{"timestamp":"2026-06-13T01:24:36.825497Z","level":"info","event":"4      TXN000005  2026-03-22  ...  Devolucion equipo medico  pendiente","logger":"task.stdout"}
{"timestamp":"2026-06-13T01:24:36.825896Z","level":"info","event":"","logger":"task.stdout"}
{"timestamp":"2026-06-13T01:24:36.826333Z","level":"info","event":"[5 rows x 8 columns]","logger":"task.stdout"}
{"timestamp":"2026-06-13T01:24:36.860974Z","level":"info","event":"Done. Returned value was: None","try_number":1,"map_index":-1,"dag_id":"devoluciones_dag","task_id":"leer_csv","run_id":"manual__2026-06-13T01:24:35.871843+00:00","ti_id":"019ebe94-afbc-7321-9ac7-b5fa04b1d4ac","logger":"airflow.task.operators.airflow.providers.standard.operators.python.PythonOperator","filename":"python.py","lineno":233}
{"timestamp":"2026-06-13T01:24:36.861144Z","level":"info","event":"::group::Post Execute","try_number":1,"map_index":-1,"dag_id":"devoluciones_dag","task_id":"leer_csv","run_id":"manual__2026-06-13T01:24:35.871843+00:00","ti_id":"019ebe94-afbc-7321-9ac7-b5fa04b1d4ac","logger":"task","filename":"task_runner.py","lineno":1288}
{"timestamp":"2026-06-13T01:24:36.879772Z","level":"info","event":"Task instance in success state","logger":"task.stdout"}
{"timestamp":"2026-06-13T01:24:36.880253Z","level":"info","event":" Previous state of the Task instance: TaskInstanceState.RUNNING","logger":"task.stdout"}
{"timestamp":"2026-06-13T01:24:36.880659Z","level":"info","event":"Task operator:<Task(PythonOperator): leer_csv>","logger":"task.stdout"}
{"timestamp":"2026-06-13T01:24:36.880002Z","level":"info","event":"::endgroup::","try_number":1,"map_index":-1,"dag_id":"devoluciones_dag","task_id":"leer_csv","run_id":"manual__2026-06-13T01:24:35.871843+00:00","ti_id":"019ebe94-afbc-7321-9ac7-b5fa04b1d4ac","logger":"task","filename":"task_runner.py","lineno":1896}
