{"timestamp":"2026-06-12T21:53:23.307846Z","level":"info","event":"::group::Pre Execute","logger":"task","filename":"task_runner.py","lineno":1926}
{"timestamp":"2026-06-12T21:53:23.658518Z","level":"info","event":"DAG bundles loaded: dags-folder, example_dags","run_id":"manual__2026-06-12T21:53:20.246260+00:00","map_index":-1,"try_number":1,"task_id":"aplicar_reglas","ti_id":"019ebdd3-4591-733e-a995-c3f446594004","dag_id":"devoluciones_dag","logger":"airflow.dag_processing.bundles.manager.DagBundlesManager","filename":"manager.py","lineno":209}
{"timestamp":"2026-06-12T21:53:23.660043Z","level":"info","event":"Filling up the DagBag from /opt/airflow/dags/devoluciones_dag.py","run_id":"manual__2026-06-12T21:53:20.246260+00:00","map_index":-1,"try_number":1,"task_id":"aplicar_reglas","ti_id":"019ebdd3-4591-733e-a995-c3f446594004","dag_id":"devoluciones_dag","logger":"airflow.dag_processing.dagbag.BundleDagBag","filename":"dagbag.py","lineno":469}
{"timestamp":"2026-06-12T21:53:23.692080Z","level":"warning","event":"The `airflow.operators.python.PythonOperator` attribute is deprecated. Please use `'airflow.providers.standard.operators.python.PythonOperator'`.","category":"UserWarning","filename":"/opt/airflow/dags/devoluciones_dag.py","lineno":2,"run_id":"manual__2026-06-12T21:53:20.246260+00:00","map_index":-1,"try_number":1,"task_id":"aplicar_reglas","ti_id":"019ebdd3-4591-733e-a995-c3f446594004","dag_id":"devoluciones_dag","logger":"py.warnings"}
{"timestamp":"2026-06-12T21:53:23.718648Z","level":"info","event":"Task instance is in running state","logger":"task.stdout"}
{"timestamp":"2026-06-12T21:53:23.719168Z","level":"info","event":" Previous state of the Task instance: TaskInstanceState.QUEUED","logger":"task.stdout"}
{"timestamp":"2026-06-12T21:53:23.719592Z","level":"info","event":"Current task name:aplicar_reglas","logger":"task.stdout"}
{"timestamp":"2026-06-12T21:53:23.719977Z","level":"info","event":"Dag name:devoluciones_dag","logger":"task.stdout"}
{"timestamp":"2026-06-12T21:53:23.719117Z","level":"info","event":"::endgroup::","run_id":"manual__2026-06-12T21:53:20.246260+00:00","map_index":-1,"try_number":1,"task_id":"aplicar_reglas","ti_id":"019ebdd3-4591-733e-a995-c3f446594004","dag_id":"devoluciones_dag","logger":"task","filename":"task_runner.py","lineno":1727}
{"timestamp":"2026-06-12T21:53:23.729733Z","level":"info","event":"RESULTADO DE LAS REGLAS","logger":"task.stdout"}
{"timestamp":"2026-06-12T21:53:23.737563Z","level":"info","event":"   transaction_id    monto     estado                   regla_aplicada","logger":"task.stdout"}
{"timestamp":"2026-06-12T21:53:23.738082Z","level":"info","event":"0          TXN001    150.0   APROBADA            Aprobación automática","logger":"task.stdout"}
{"timestamp":"2026-06-12T21:53:23.738432Z","level":"info","event":"1          TXN002   2500.0  PENDIENTE  Requiere aprobación del gerente","logger":"task.stdout"}
{"timestamp":"2026-06-12T21:53:23.738691Z","level":"info","event":"2          TXN003     75.5   APROBADA            Aprobación automática","logger":"task.stdout"}
{"timestamp":"2026-06-12T21:53:23.738979Z","level":"info","event":"3          TXN004   8000.0   REVISION                Revisión especial","logger":"task.stdout"}
{"timestamp":"2026-06-12T21:53:23.739476Z","level":"info","event":"4          TXN005    320.0   APROBADA            Aprobación automática","logger":"task.stdout"}
{"timestamp":"2026-06-12T21:53:23.739910Z","level":"info","event":"5          TXN006   1500.0  PENDIENTE  Requiere aprobación del gerente","logger":"task.stdout"}
{"timestamp":"2026-06-12T21:53:23.740252Z","level":"info","event":"6          TXN007     50.0   APROBADA            Aprobación automática","logger":"task.stdout"}
{"timestamp":"2026-06-12T21:53:23.740520Z","level":"info","event":"7          TXN008   6500.0   REVISION                Revisión especial","logger":"task.stdout"}
{"timestamp":"2026-06-12T21:53:23.740764Z","level":"info","event":"8          TXN009    900.0   APROBADA            Aprobación automática","logger":"task.stdout"}
{"timestamp":"2026-06-12T21:53:23.740988Z","level":"info","event":"9          TXN010   3200.0  PENDIENTE  Requiere aprobación del gerente","logger":"task.stdout"}
{"timestamp":"2026-06-12T21:53:23.741374Z","level":"info","event":"10         TXN011    200.0   APROBADA            Aprobación automática","logger":"task.stdout"}
{"timestamp":"2026-06-12T21:53:23.741680Z","level":"info","event":"11         TXN012  12000.0   REVISION                Revisión especial","logger":"task.stdout"}
{"timestamp":"2026-06-12T21:53:23.741968Z","level":"info","event":"12         TXN013    450.0   APROBADA            Aprobación automática","logger":"task.stdout"}
{"timestamp":"2026-06-12T21:53:23.742310Z","level":"info","event":"13         TXN014   1200.0  PENDIENTE  Requiere aprobación del gerente","logger":"task.stdout"}
{"timestamp":"2026-06-12T21:53:23.742556Z","level":"info","event":"14         TXN015   5500.0   REVISION                Revisión especial","logger":"task.stdout"}
{"timestamp":"2026-06-12T21:53:23.742393Z","level":"info","event":"Done. Returned value was: None","run_id":"manual__2026-06-12T21:53:20.246260+00:00","map_index":-1,"try_number":1,"task_id":"aplicar_reglas","ti_id":"019ebdd3-4591-733e-a995-c3f446594004","dag_id":"devoluciones_dag","logger":"airflow.task.operators.airflow.providers.standard.operators.python.PythonOperator","filename":"python.py","lineno":233}
{"timestamp":"2026-06-12T21:53:23.742533Z","level":"info","event":"::group::Post Execute","run_id":"manual__2026-06-12T21:53:20.246260+00:00","map_index":-1,"try_number":1,"task_id":"aplicar_reglas","ti_id":"019ebdd3-4591-733e-a995-c3f446594004","dag_id":"devoluciones_dag","logger":"task","filename":"task_runner.py","lineno":1288}
{"timestamp":"2026-06-12T21:53:23.763160Z","level":"info","event":"Task instance in success state","logger":"task.stdout"}
{"timestamp":"2026-06-12T21:53:23.763649Z","level":"info","event":" Previous state of the Task instance: TaskInstanceState.RUNNING","logger":"task.stdout"}
{"timestamp":"2026-06-12T21:53:23.764001Z","level":"info","event":"Task operator:<Task(PythonOperator): aplicar_reglas>","logger":"task.stdout"}
{"timestamp":"2026-06-12T21:53:23.763468Z","level":"info","event":"::endgroup::","run_id":"manual__2026-06-12T21:53:20.246260+00:00","map_index":-1,"try_number":1,"task_id":"aplicar_reglas","ti_id":"019ebdd3-4591-733e-a995-c3f446594004","dag_id":"devoluciones_dag","logger":"task","filename":"task_runner.py","lineno":1896}
