{"timestamp":"2026-06-12T22:33:07.810915Z","level":"info","event":"::group::Pre Execute","logger":"task","filename":"task_runner.py","lineno":1926}
{"timestamp":"2026-06-12T22:33:08.144585Z","level":"info","event":"DAG bundles loaded: dags-folder, example_dags","task_id":"leer_csv","run_id":"manual__2026-06-12T22:33:07.172900+00:00","dag_id":"devoluciones_dag","map_index":-1,"try_number":1,"ti_id":"019ebdf7-b173-73ce-a2d7-9cb5f5cee13f","logger":"airflow.dag_processing.bundles.manager.DagBundlesManager","filename":"manager.py","lineno":209}
{"timestamp":"2026-06-12T22:33:08.146442Z","level":"info","event":"Filling up the DagBag from /opt/airflow/dags/devoluciones_dag.py","task_id":"leer_csv","run_id":"manual__2026-06-12T22:33:07.172900+00:00","dag_id":"devoluciones_dag","map_index":-1,"try_number":1,"ti_id":"019ebdf7-b173-73ce-a2d7-9cb5f5cee13f","logger":"airflow.dag_processing.dagbag.BundleDagBag","filename":"dagbag.py","lineno":469}
{"timestamp":"2026-06-12T22:33:08.173716Z","level":"warning","event":"The `airflow.operators.python.PythonOperator` attribute is deprecated. Please use `'airflow.providers.standard.operators.python.PythonOperator'`.","category":"UserWarning","filename":"/opt/airflow/dags/devoluciones_dag.py","lineno":2,"task_id":"leer_csv","run_id":"manual__2026-06-12T22:33:07.172900+00:00","dag_id":"devoluciones_dag","map_index":-1,"try_number":1,"ti_id":"019ebdf7-b173-73ce-a2d7-9cb5f5cee13f","logger":"py.warnings"}
{"timestamp":"2026-06-12T22:33:08.197459Z","level":"info","event":"Task instance is in running state","logger":"task.stdout"}
{"timestamp":"2026-06-12T22:33:08.197862Z","level":"info","event":" Previous state of the Task instance: TaskInstanceState.QUEUED","logger":"task.stdout"}
{"timestamp":"2026-06-12T22:33:08.198185Z","level":"info","event":"Current task name:leer_csv","logger":"task.stdout"}
{"timestamp":"2026-06-12T22:33:08.198478Z","level":"info","event":"Dag name:devoluciones_dag","logger":"task.stdout"}
{"timestamp":"2026-06-12T22:33:08.197786Z","level":"info","event":"::endgroup::","task_id":"leer_csv","run_id":"manual__2026-06-12T22:33:07.172900+00:00","dag_id":"devoluciones_dag","map_index":-1,"try_number":1,"ti_id":"019ebdf7-b173-73ce-a2d7-9cb5f5cee13f","logger":"task","filename":"task_runner.py","lineno":1727}
{"timestamp":"2026-06-12T22:33:08.204816Z","level":"info","event":"Archivo leído correctamente","logger":"task.stdout"}
{"timestamp":"2026-06-12T22:33:08.213910Z","level":"info","event":"  transaction_id       fecha  ...                     descripcion     estado","logger":"task.stdout"}
{"timestamp":"2026-06-12T22:33:08.214266Z","level":"info","event":"0         TXN001  2026-06-01  ...  Devolucion compra supermercado  pendiente","logger":"task.stdout"}
{"timestamp":"2026-06-12T22:33:08.214603Z","level":"info","event":"1         TXN002  2026-06-01  ...     Devolucion electrodomestico  pendiente","logger":"task.stdout"}
{"timestamp":"2026-06-12T22:33:08.215001Z","level":"info","event":"2         TXN003  2026-06-02  ...        Devolucion ropa en linea  pendiente","logger":"task.stdout"}
{"timestamp":"2026-06-12T22:33:08.215343Z","level":"info","event":"3         TXN004  2026-06-02  ...    Devolucion equipo de computo  pendiente","logger":"task.stdout"}
{"timestamp":"2026-06-12T22:33:08.215707Z","level":"info","event":"4         TXN005  2026-06-03  ...          Devolucion restaurante  pendiente","logger":"task.stdout"}
{"timestamp":"2026-06-12T22:33:08.215921Z","level":"info","event":"","logger":"task.stdout"}
{"timestamp":"2026-06-12T22:33:08.216119Z","level":"info","event":"[5 rows x 9 columns]","logger":"task.stdout"}
{"timestamp":"2026-06-12T22:33:08.217652Z","level":"info","event":"Done. Returned value was: None","task_id":"leer_csv","run_id":"manual__2026-06-12T22:33:07.172900+00:00","dag_id":"devoluciones_dag","map_index":-1,"try_number":1,"ti_id":"019ebdf7-b173-73ce-a2d7-9cb5f5cee13f","logger":"airflow.task.operators.airflow.providers.standard.operators.python.PythonOperator","filename":"python.py","lineno":233}
{"timestamp":"2026-06-12T22:33:08.217780Z","level":"info","event":"::group::Post Execute","task_id":"leer_csv","run_id":"manual__2026-06-12T22:33:07.172900+00:00","dag_id":"devoluciones_dag","map_index":-1,"try_number":1,"ti_id":"019ebdf7-b173-73ce-a2d7-9cb5f5cee13f","logger":"task","filename":"task_runner.py","lineno":1288}
{"timestamp":"2026-06-12T22:33:08.234729Z","level":"info","event":"Task instance in success state","logger":"task.stdout"}
{"timestamp":"2026-06-12T22:33:08.235128Z","level":"info","event":" Previous state of the Task instance: TaskInstanceState.RUNNING","logger":"task.stdout"}
{"timestamp":"2026-06-12T22:33:08.235482Z","level":"info","event":"Task operator:<Task(PythonOperator): leer_csv>","logger":"task.stdout"}
{"timestamp":"2026-06-12T22:33:08.234976Z","level":"info","event":"::endgroup::","task_id":"leer_csv","run_id":"manual__2026-06-12T22:33:07.172900+00:00","dag_id":"devoluciones_dag","map_index":-1,"try_number":1,"ti_id":"019ebdf7-b173-73ce-a2d7-9cb5f5cee13f","logger":"task","filename":"task_runner.py","lineno":1896}
