{"timestamp":"2026-06-12T21:53:20.711991Z","level":"info","event":"::group::Pre Execute","logger":"task","filename":"task_runner.py","lineno":1926}
{"timestamp":"2026-06-12T21:53:21.422184Z","level":"info","event":"DAG bundles loaded: dags-folder, example_dags","map_index":-1,"dag_id":"devoluciones_dag","try_number":1,"ti_id":"019ebdd3-458f-7024-a455-26accc319db9","task_id":"leer_csv","run_id":"manual__2026-06-12T21:53:20.246260+00:00","logger":"airflow.dag_processing.bundles.manager.DagBundlesManager","filename":"manager.py","lineno":209}
{"timestamp":"2026-06-12T21:53:21.424280Z","level":"info","event":"Filling up the DagBag from /opt/airflow/dags/devoluciones_dag.py","map_index":-1,"dag_id":"devoluciones_dag","try_number":1,"ti_id":"019ebdd3-458f-7024-a455-26accc319db9","task_id":"leer_csv","run_id":"manual__2026-06-12T21:53:20.246260+00:00","logger":"airflow.dag_processing.dagbag.BundleDagBag","filename":"dagbag.py","lineno":469}
{"timestamp":"2026-06-12T21:53:21.474449Z","level":"warning","event":"The `airflow.operators.python.PythonOperator` attribute is deprecated. Please use `'airflow.providers.standard.operators.python.PythonOperator'`.","category":"UserWarning","filename":"/opt/airflow/dags/devoluciones_dag.py","lineno":2,"map_index":-1,"dag_id":"devoluciones_dag","try_number":1,"ti_id":"019ebdd3-458f-7024-a455-26accc319db9","task_id":"leer_csv","run_id":"manual__2026-06-12T21:53:20.246260+00:00","logger":"py.warnings"}
{"timestamp":"2026-06-12T21:53:21.510918Z","level":"info","event":"Task instance is in running state","logger":"task.stdout"}
{"timestamp":"2026-06-12T21:53:21.511474Z","level":"info","event":" Previous state of the Task instance: TaskInstanceState.QUEUED","logger":"task.stdout"}
{"timestamp":"2026-06-12T21:53:21.511807Z","level":"info","event":"Current task name:leer_csv","logger":"task.stdout"}
{"timestamp":"2026-06-12T21:53:21.512201Z","level":"info","event":"Dag name:devoluciones_dag","logger":"task.stdout"}
{"timestamp":"2026-06-12T21:53:21.511595Z","level":"info","event":"::endgroup::","map_index":-1,"dag_id":"devoluciones_dag","try_number":1,"ti_id":"019ebdd3-458f-7024-a455-26accc319db9","task_id":"leer_csv","run_id":"manual__2026-06-12T21:53:20.246260+00:00","logger":"task","filename":"task_runner.py","lineno":1727}
{"timestamp":"2026-06-12T21:53:21.523089Z","level":"info","event":"Archivo leído correctamente","logger":"task.stdout"}
{"timestamp":"2026-06-12T21:53:21.540849Z","level":"info","event":"  transaction_id       fecha  ...                     descripcion     estado","logger":"task.stdout"}
{"timestamp":"2026-06-12T21:53:21.541293Z","level":"info","event":"0         TXN001  2026-06-01  ...  Devolucion compra supermercado  pendiente","logger":"task.stdout"}
{"timestamp":"2026-06-12T21:53:21.541631Z","level":"info","event":"1         TXN002  2026-06-01  ...     Devolucion electrodomestico  pendiente","logger":"task.stdout"}
{"timestamp":"2026-06-12T21:53:21.541936Z","level":"info","event":"2         TXN003  2026-06-02  ...        Devolucion ropa en linea  pendiente","logger":"task.stdout"}
{"timestamp":"2026-06-12T21:53:21.542255Z","level":"info","event":"3         TXN004  2026-06-02  ...    Devolucion equipo de computo  pendiente","logger":"task.stdout"}
{"timestamp":"2026-06-12T21:53:21.542551Z","level":"info","event":"4         TXN005  2026-06-03  ...          Devolucion restaurante  pendiente","logger":"task.stdout"}
{"timestamp":"2026-06-12T21:53:21.542836Z","level":"info","event":"","logger":"task.stdout"}
{"timestamp":"2026-06-12T21:53:21.543129Z","level":"info","event":"[5 rows x 9 columns]","logger":"task.stdout"}
{"timestamp":"2026-06-12T21:53:21.545306Z","level":"info","event":"Done. Returned value was: None","map_index":-1,"dag_id":"devoluciones_dag","try_number":1,"ti_id":"019ebdd3-458f-7024-a455-26accc319db9","task_id":"leer_csv","run_id":"manual__2026-06-12T21:53:20.246260+00:00","logger":"airflow.task.operators.airflow.providers.standard.operators.python.PythonOperator","filename":"python.py","lineno":233}
{"timestamp":"2026-06-12T21:53:21.545551Z","level":"info","event":"::group::Post Execute","map_index":-1,"dag_id":"devoluciones_dag","try_number":1,"ti_id":"019ebdd3-458f-7024-a455-26accc319db9","task_id":"leer_csv","run_id":"manual__2026-06-12T21:53:20.246260+00:00","logger":"task","filename":"task_runner.py","lineno":1288}
{"timestamp":"2026-06-12T21:53:21.584753Z","level":"info","event":"Task instance in success state","logger":"task.stdout"}
{"timestamp":"2026-06-12T21:53:21.586434Z","level":"info","event":" Previous state of the Task instance: TaskInstanceState.RUNNING","logger":"task.stdout"}
{"timestamp":"2026-06-12T21:53:21.586925Z","level":"info","event":"Task operator:<Task(PythonOperator): leer_csv>","logger":"task.stdout"}
{"timestamp":"2026-06-12T21:53:21.585399Z","level":"info","event":"::endgroup::","map_index":-1,"dag_id":"devoluciones_dag","try_number":1,"ti_id":"019ebdd3-458f-7024-a455-26accc319db9","task_id":"leer_csv","run_id":"manual__2026-06-12T21:53:20.246260+00:00","logger":"task","filename":"task_runner.py","lineno":1896}
