{"timestamp":"2026-06-13T00:41:29.543065Z","level":"info","event":"::group::Pre Execute","logger":"task","filename":"task_runner.py","lineno":1926}
{"timestamp":"2026-06-13T00:41:29.864666Z","level":"info","event":"DAG bundles loaded: dags-folder, example_dags","map_index":-1,"ti_id":"019ebe6d-1e85-7ff5-b963-3628a291c1fd","run_id":"manual__2026-06-13T00:41:22.798075+00:00","try_number":1,"dag_id":"devoluciones_dag","task_id":"reporte_semanal","logger":"airflow.dag_processing.bundles.manager.DagBundlesManager","filename":"manager.py","lineno":209}
{"timestamp":"2026-06-13T00:41:29.866007Z","level":"info","event":"Filling up the DagBag from /opt/airflow/dags/devoluciones_dag.py","map_index":-1,"ti_id":"019ebe6d-1e85-7ff5-b963-3628a291c1fd","run_id":"manual__2026-06-13T00:41:22.798075+00:00","try_number":1,"dag_id":"devoluciones_dag","task_id":"reporte_semanal","logger":"airflow.dag_processing.dagbag.BundleDagBag","filename":"dagbag.py","lineno":469}
{"timestamp":"2026-06-13T00:41:29.896751Z","level":"warning","event":"The `airflow.operators.python.PythonOperator` attribute is deprecated. Please use `'airflow.providers.standard.operators.python.PythonOperator'`.","category":"UserWarning","filename":"/opt/airflow/dags/devoluciones_dag.py","lineno":2,"map_index":-1,"ti_id":"019ebe6d-1e85-7ff5-b963-3628a291c1fd","run_id":"manual__2026-06-13T00:41:22.798075+00:00","try_number":1,"dag_id":"devoluciones_dag","task_id":"reporte_semanal","logger":"py.warnings"}
{"timestamp":"2026-06-13T00:41:29.919692Z","level":"info","event":"Task instance is in running state","logger":"task.stdout"}
{"timestamp":"2026-06-13T00:41:29.920179Z","level":"info","event":" Previous state of the Task instance: TaskInstanceState.QUEUED","logger":"task.stdout"}
{"timestamp":"2026-06-13T00:41:29.920431Z","level":"info","event":"Current task name:reporte_semanal","logger":"task.stdout"}
{"timestamp":"2026-06-13T00:41:29.920694Z","level":"info","event":"Dag name:devoluciones_dag","logger":"task.stdout"}
{"timestamp":"2026-06-13T00:41:29.920006Z","level":"info","event":"::endgroup::","map_index":-1,"ti_id":"019ebe6d-1e85-7ff5-b963-3628a291c1fd","run_id":"manual__2026-06-13T00:41:22.798075+00:00","try_number":1,"dag_id":"devoluciones_dag","task_id":"reporte_semanal","logger":"task","filename":"task_runner.py","lineno":1727}
{"timestamp":"2026-06-13T00:41:29.947700Z","level":"info","event":"","logger":"task.stdout"}
{"timestamp":"2026-06-13T00:41:29.947974Z","level":"info","event":"REPORTE SEMANAL","logger":"task.stdout"}
{"timestamp":"2026-06-13T00:41:29.955998Z","level":"info","event":"  fecha_inicio  fecha_fin  total_devoluciones  ...  aprobadas  pendientes  revision","logger":"task.stdout"}
{"timestamp":"2026-06-13T00:41:29.956287Z","level":"info","event":"0   2026-06-01 2026-06-07                  14  ...          1           1         0","logger":"task.stdout"}
{"timestamp":"2026-06-13T00:41:29.956576Z","level":"info","event":"1   2026-06-08 2026-06-14                   1  ...          0           0         1","logger":"task.stdout"}
{"timestamp":"2026-06-13T00:41:29.956931Z","level":"info","event":"","logger":"task.stdout"}
{"timestamp":"2026-06-13T00:41:29.957156Z","level":"info","event":"[2 rows x 7 columns]","logger":"task.stdout"}
{"timestamp":"2026-06-13T00:41:29.957302Z","level":"info","event":"Done. Returned value was: None","map_index":-1,"ti_id":"019ebe6d-1e85-7ff5-b963-3628a291c1fd","run_id":"manual__2026-06-13T00:41:22.798075+00:00","try_number":1,"dag_id":"devoluciones_dag","task_id":"reporte_semanal","logger":"airflow.task.operators.airflow.providers.standard.operators.python.PythonOperator","filename":"python.py","lineno":233}
{"timestamp":"2026-06-13T00:41:29.957444Z","level":"info","event":"::group::Post Execute","map_index":-1,"ti_id":"019ebe6d-1e85-7ff5-b963-3628a291c1fd","run_id":"manual__2026-06-13T00:41:22.798075+00:00","try_number":1,"dag_id":"devoluciones_dag","task_id":"reporte_semanal","logger":"task","filename":"task_runner.py","lineno":1288}
{"timestamp":"2026-06-13T00:41:29.975227Z","level":"info","event":"Task instance in success state","logger":"task.stdout"}
{"timestamp":"2026-06-13T00:41:29.975653Z","level":"info","event":" Previous state of the Task instance: TaskInstanceState.RUNNING","logger":"task.stdout"}
{"timestamp":"2026-06-13T00:41:29.975987Z","level":"info","event":"Task operator:<Task(PythonOperator): reporte_semanal>","logger":"task.stdout"}
{"timestamp":"2026-06-13T00:41:29.975550Z","level":"info","event":"::endgroup::","map_index":-1,"ti_id":"019ebe6d-1e85-7ff5-b963-3628a291c1fd","run_id":"manual__2026-06-13T00:41:22.798075+00:00","try_number":1,"dag_id":"devoluciones_dag","task_id":"reporte_semanal","logger":"task","filename":"task_runner.py","lineno":1896}
