{"timestamp":"2026-06-16T17:59:02.580115Z","level":"info","event":"::group::Pre Execute","logger":"task","filename":"task_runner.py","lineno":1926}
{"timestamp":"2026-06-16T17:59:02.922932Z","level":"info","event":"DAG bundles loaded: dags-folder, example_dags","ti_id":"019ed196-0157-72df-acdd-ae856b3c8ba9","dag_id":"devoluciones_dag","task_id":"generar_reportes","try_number":1,"map_index":-1,"run_id":"manual__2026-06-16T17:58:49.404868+00:00","logger":"airflow.dag_processing.bundles.manager.DagBundlesManager","filename":"manager.py","lineno":209}
{"timestamp":"2026-06-16T17:59:02.924621Z","level":"info","event":"Filling up the DagBag from /opt/airflow/dags/devoluciones_dag.py","ti_id":"019ed196-0157-72df-acdd-ae856b3c8ba9","dag_id":"devoluciones_dag","task_id":"generar_reportes","try_number":1,"map_index":-1,"run_id":"manual__2026-06-16T17:58:49.404868+00:00","logger":"airflow.dag_processing.dagbag.BundleDagBag","filename":"dagbag.py","lineno":469}
{"timestamp":"2026-06-16T17:59:02.960649Z","level":"warning","event":"The `airflow.operators.python.PythonOperator` attribute is deprecated. Please use `'airflow.providers.standard.operators.python.PythonOperator'`.","category":"UserWarning","filename":"/opt/airflow/dags/devoluciones_dag.py","lineno":2,"ti_id":"019ed196-0157-72df-acdd-ae856b3c8ba9","dag_id":"devoluciones_dag","task_id":"generar_reportes","try_number":1,"map_index":-1,"run_id":"manual__2026-06-16T17:58:49.404868+00:00","logger":"py.warnings"}
{"timestamp":"2026-06-16T17:59:02.985309Z","level":"info","event":"Task instance is in running state","logger":"task.stdout"}
{"timestamp":"2026-06-16T17:59:02.985759Z","level":"info","event":" Previous state of the Task instance: TaskInstanceState.QUEUED","logger":"task.stdout"}
{"timestamp":"2026-06-16T17:59:02.986222Z","level":"info","event":"Current task name:generar_reportes","logger":"task.stdout"}
{"timestamp":"2026-06-16T17:59:02.986609Z","level":"info","event":"Dag name:devoluciones_dag","logger":"task.stdout"}
{"timestamp":"2026-06-16T17:59:02.985703Z","level":"info","event":"::endgroup::","ti_id":"019ed196-0157-72df-acdd-ae856b3c8ba9","dag_id":"devoluciones_dag","task_id":"generar_reportes","try_number":1,"map_index":-1,"run_id":"manual__2026-06-16T17:58:49.404868+00:00","logger":"task","filename":"task_runner.py","lineno":1727}
{"timestamp":"2026-06-16T17:59:03.119607Z","level":"info","event":"","logger":"task.stdout"}
{"timestamp":"2026-06-16T17:59:03.119857Z","level":"info","event":"REPORTE DIARIO","logger":"task.stdout"}
{"timestamp":"2026-06-16T17:59:03.129144Z","level":"info","event":"                   fecha  total_devoluciones  ...  fraude  pendientes","logger":"task.stdout"}
{"timestamp":"2026-06-16T17:59:03.129630Z","level":"info","event":"0    2026-01-01 00:00:00                  31  ...       0           0","logger":"task.stdout"}
{"timestamp":"2026-06-16T17:59:03.129963Z","level":"info","event":"1    2026-01-02 00:00:00                  30  ...       0           0","logger":"task.stdout"}
{"timestamp":"2026-06-16T17:59:03.130311Z","level":"info","event":"2    2026-01-03 00:00:00                  25  ...       2           0","logger":"task.stdout"}
{"timestamp":"2026-06-16T17:59:03.130611Z","level":"info","event":"3    2026-01-04 00:00:00                  37  ...       1           0","logger":"task.stdout"}
{"timestamp":"2026-06-16T17:59:03.130798Z","level":"info","event":"4    2026-01-05 00:00:00                  33  ...       2           0","logger":"task.stdout"}
{"timestamp":"2026-06-16T17:59:03.130970Z","level":"info","event":"..                   ...                 ...  ...     ...         ...","logger":"task.stdout"}
{"timestamp":"2026-06-16T17:59:03.131138Z","level":"info","event":"158  2026-06-08 00:00:00                  25  ...       1           0","logger":"task.stdout"}
{"timestamp":"2026-06-16T17:59:03.131309Z","level":"info","event":"159  2026-06-09 00:00:00                  36  ...       2           0","logger":"task.stdout"}
{"timestamp":"2026-06-16T17:59:03.131512Z","level":"info","event":"160  2026-06-10 00:00:00                  39  ...       0           0","logger":"task.stdout"}
{"timestamp":"2026-06-16T17:59:03.131710Z","level":"info","event":"161  2026-06-11 00:00:00                  25  ...       0           0","logger":"task.stdout"}
{"timestamp":"2026-06-16T17:59:03.131878Z","level":"info","event":"162  2026-06-12 00:00:00                  19  ...       0           0","logger":"task.stdout"}
{"timestamp":"2026-06-16T17:59:03.132046Z","level":"info","event":"","logger":"task.stdout"}
{"timestamp":"2026-06-16T17:59:03.132215Z","level":"info","event":"[163 rows x 7 columns]","logger":"task.stdout"}
{"timestamp":"2026-06-16T17:59:03.164501Z","level":"info","event":"","logger":"task.stdout"}
{"timestamp":"2026-06-16T17:59:03.164867Z","level":"info","event":"REPORTE SEMANAL","logger":"task.stdout"}
{"timestamp":"2026-06-16T17:59:03.173158Z","level":"info","event":"   fecha_inicio  fecha_fin  ...  fraude  pendientes","logger":"task.stdout"}
{"timestamp":"2026-06-16T17:59:03.173541Z","level":"info","event":"0    2025-12-29 2026-01-04  ...       3           0","logger":"task.stdout"}
{"timestamp":"2026-06-16T17:59:03.173977Z","level":"info","event":"1    2026-01-05 2026-01-11  ...      17           0","logger":"task.stdout"}
{"timestamp":"2026-06-16T17:59:03.174341Z","level":"info","event":"2    2026-01-12 2026-01-18  ...      32           0","logger":"task.stdout"}
{"timestamp":"2026-06-16T17:59:03.174675Z","level":"info","event":"3    2026-01-19 2026-01-25  ...      36           0","logger":"task.stdout"}
{"timestamp":"2026-06-16T17:59:03.174998Z","level":"info","event":"4    2026-01-26 2026-02-01  ...      44           0","logger":"task.stdout"}
{"timestamp":"2026-06-16T17:59:03.175260Z","level":"info","event":"5    2026-02-02 2026-02-08  ...      29           0","logger":"task.stdout"}
{"timestamp":"2026-06-16T17:59:03.175555Z","level":"info","event":"6    2026-02-09 2026-02-15  ...      36           0","logger":"task.stdout"}
{"timestamp":"2026-06-16T17:59:03.175767Z","level":"info","event":"7    2026-02-16 2026-02-22  ...      32           0","logger":"task.stdout"}
{"timestamp":"2026-06-16T17:59:03.176032Z","level":"info","event":"8    2026-02-23 2026-03-01  ...      35           0","logger":"task.stdout"}
{"timestamp":"2026-06-16T17:59:03.176321Z","level":"info","event":"9    2026-03-02 2026-03-08  ...      12           0","logger":"task.stdout"}
{"timestamp":"2026-06-16T17:59:03.176579Z","level":"info","event":"10   2026-03-09 2026-03-15  ...      32           0","logger":"task.stdout"}
{"timestamp":"2026-06-16T17:59:03.176787Z","level":"info","event":"11   2026-03-16 2026-03-22  ...      37           0","logger":"task.stdout"}
{"timestamp":"2026-06-16T17:59:03.176985Z","level":"info","event":"12   2026-03-23 2026-03-29  ...      27           0","logger":"task.stdout"}
{"timestamp":"2026-06-16T17:59:03.177170Z","level":"info","event":"13   2026-03-30 2026-04-05  ...      19           0","logger":"task.stdout"}
{"timestamp":"2026-06-16T17:59:03.177426Z","level":"info","event":"14   2026-04-06 2026-04-12  ...      14           0","logger":"task.stdout"}
{"timestamp":"2026-06-16T17:59:03.177660Z","level":"info","event":"15   2026-04-13 2026-04-19  ...       8           0","logger":"task.stdout"}
{"timestamp":"2026-06-16T17:59:03.177877Z","level":"info","event":"16   2026-04-20 2026-04-26  ...      10           0","logger":"task.stdout"}
{"timestamp":"2026-06-16T17:59:03.178087Z","level":"info","event":"17   2026-04-27 2026-05-03  ...       6           0","logger":"task.stdout"}
{"timestamp":"2026-06-16T17:59:03.178277Z","level":"info","event":"18   2026-05-04 2026-05-10  ...       9           0","logger":"task.stdout"}
{"timestamp":"2026-06-16T17:59:03.178449Z","level":"info","event":"19   2026-05-11 2026-05-17  ...      52           0","logger":"task.stdout"}
{"timestamp":"2026-06-16T17:59:03.178613Z","level":"info","event":"20   2026-05-18 2026-05-24  ...      44           0","logger":"task.stdout"}
{"timestamp":"2026-06-16T17:59:03.178789Z","level":"info","event":"21   2026-05-25 2026-05-31  ...      33           0","logger":"task.stdout"}
{"timestamp":"2026-06-16T17:59:03.178987Z","level":"info","event":"22   2026-06-01 2026-06-07  ...      44           0","logger":"task.stdout"}
{"timestamp":"2026-06-16T17:59:03.179159Z","level":"info","event":"23   2026-06-08 2026-06-14  ...       3           0","logger":"task.stdout"}
{"timestamp":"2026-06-16T17:59:03.179319Z","level":"info","event":"","logger":"task.stdout"}
{"timestamp":"2026-06-16T17:59:03.179486Z","level":"info","event":"[24 rows x 8 columns]","logger":"task.stdout"}
{"timestamp":"2026-06-16T17:59:03.175365Z","level":"info","event":"Done. Returned value was: None","ti_id":"019ed196-0157-72df-acdd-ae856b3c8ba9","dag_id":"devoluciones_dag","task_id":"generar_reportes","try_number":1,"map_index":-1,"run_id":"manual__2026-06-16T17:58:49.404868+00:00","logger":"airflow.task.operators.airflow.providers.standard.operators.python.PythonOperator","filename":"python.py","lineno":233}
{"timestamp":"2026-06-16T17:59:03.175491Z","level":"info","event":"::group::Post Execute","ti_id":"019ed196-0157-72df-acdd-ae856b3c8ba9","dag_id":"devoluciones_dag","task_id":"generar_reportes","try_number":1,"map_index":-1,"run_id":"manual__2026-06-16T17:58:49.404868+00:00","logger":"task","filename":"task_runner.py","lineno":1288}
{"timestamp":"2026-06-16T17:59:03.206066Z","level":"info","event":"Task instance in success state","logger":"task.stdout"}
{"timestamp":"2026-06-16T17:59:03.206491Z","level":"info","event":" Previous state of the Task instance: TaskInstanceState.RUNNING","logger":"task.stdout"}
{"timestamp":"2026-06-16T17:59:03.206904Z","level":"info","event":"Task operator:<Task(PythonOperator): generar_reportes>","logger":"task.stdout"}
{"timestamp":"2026-06-16T17:59:03.206392Z","level":"info","event":"::endgroup::","ti_id":"019ed196-0157-72df-acdd-ae856b3c8ba9","dag_id":"devoluciones_dag","task_id":"generar_reportes","try_number":1,"map_index":-1,"run_id":"manual__2026-06-16T17:58:49.404868+00:00","logger":"task","filename":"task_runner.py","lineno":1896}
