{"timestamp":"2026-06-12T22:32:08.923870Z","level":"info","event":"::group::Pre Execute","logger":"task","filename":"task_runner.py","lineno":1926}
{"timestamp":"2026-06-12T22:32:09.235468Z","level":"info","event":"DAG bundles loaded: dags-folder, example_dags","task_id":"aplicar_reglas","run_id":"manual__2026-06-12T22:32:05.667293+00:00","dag_id":"devoluciones_dag","map_index":-1,"try_number":1,"ti_id":"019ebdf6-c135-77c8-8fda-332e67564ca0","logger":"airflow.dag_processing.bundles.manager.DagBundlesManager","filename":"manager.py","lineno":209}
{"timestamp":"2026-06-12T22:32:09.236626Z","level":"info","event":"Filling up the DagBag from /opt/airflow/dags/devoluciones_dag.py","task_id":"aplicar_reglas","run_id":"manual__2026-06-12T22:32:05.667293+00:00","dag_id":"devoluciones_dag","map_index":-1,"try_number":1,"ti_id":"019ebdf6-c135-77c8-8fda-332e67564ca0","logger":"airflow.dag_processing.dagbag.BundleDagBag","filename":"dagbag.py","lineno":469}
{"timestamp":"2026-06-12T22:32:09.262882Z","level":"warning","event":"The `airflow.operators.python.PythonOperator` attribute is deprecated. Please use `'airflow.providers.standard.operators.python.PythonOperator'`.","category":"UserWarning","filename":"/opt/airflow/dags/devoluciones_dag.py","lineno":2,"task_id":"aplicar_reglas","run_id":"manual__2026-06-12T22:32:05.667293+00:00","dag_id":"devoluciones_dag","map_index":-1,"try_number":1,"ti_id":"019ebdf6-c135-77c8-8fda-332e67564ca0","logger":"py.warnings"}
{"timestamp":"2026-06-12T22:32:09.283924Z","level":"info","event":"Task instance is in running state","logger":"task.stdout"}
{"timestamp":"2026-06-12T22:32:09.284308Z","level":"info","event":" Previous state of the Task instance: TaskInstanceState.QUEUED","logger":"task.stdout"}
{"timestamp":"2026-06-12T22:32:09.284559Z","level":"info","event":"Current task name:aplicar_reglas","logger":"task.stdout"}
{"timestamp":"2026-06-12T22:32:09.284784Z","level":"info","event":"Dag name:devoluciones_dag","logger":"task.stdout"}
{"timestamp":"2026-06-12T22:32:09.284433Z","level":"info","event":"::endgroup::","task_id":"aplicar_reglas","run_id":"manual__2026-06-12T22:32:05.667293+00:00","dag_id":"devoluciones_dag","map_index":-1,"try_number":1,"ti_id":"019ebdf6-c135-77c8-8fda-332e67564ca0","logger":"task","filename":"task_runner.py","lineno":1727}
{"timestamp":"2026-06-12T22:32:09.292471Z","level":"info","event":"RESULTADO DE LAS REGLAS","logger":"task.stdout"}
{"timestamp":"2026-06-12T22:32:09.299172Z","level":"info","event":"   transaction_id    monto     estado                   regla_aplicada","logger":"task.stdout"}
{"timestamp":"2026-06-12T22:32:09.299477Z","level":"info","event":"0          TXN001    150.0   APROBADA            Aprobación automática","logger":"task.stdout"}
{"timestamp":"2026-06-12T22:32:09.299679Z","level":"info","event":"1          TXN002   2500.0  PENDIENTE  Requiere aprobación del gerente","logger":"task.stdout"}
{"timestamp":"2026-06-12T22:32:09.299939Z","level":"info","event":"2          TXN003     75.5   APROBADA            Aprobación automática","logger":"task.stdout"}
{"timestamp":"2026-06-12T22:32:09.300144Z","level":"info","event":"3          TXN004   8000.0   REVISION                Revisión especial","logger":"task.stdout"}
{"timestamp":"2026-06-12T22:32:09.300331Z","level":"info","event":"4          TXN005    320.0   APROBADA            Aprobación automática","logger":"task.stdout"}
{"timestamp":"2026-06-12T22:32:09.300525Z","level":"info","event":"5          TXN006   1500.0  PENDIENTE  Requiere aprobación del gerente","logger":"task.stdout"}
{"timestamp":"2026-06-12T22:32:09.300715Z","level":"info","event":"6          TXN007     50.0   APROBADA            Aprobación automática","logger":"task.stdout"}
{"timestamp":"2026-06-12T22:32:09.300885Z","level":"info","event":"7          TXN008   6500.0   REVISION                Revisión especial","logger":"task.stdout"}
{"timestamp":"2026-06-12T22:32:09.301099Z","level":"info","event":"8          TXN009    900.0   APROBADA            Aprobación automática","logger":"task.stdout"}
{"timestamp":"2026-06-12T22:32:09.301254Z","level":"info","event":"9          TXN010   3200.0  PENDIENTE  Requiere aprobación del gerente","logger":"task.stdout"}
{"timestamp":"2026-06-12T22:32:09.301458Z","level":"info","event":"10         TXN011    200.0   APROBADA            Aprobación automática","logger":"task.stdout"}
{"timestamp":"2026-06-12T22:32:09.301613Z","level":"info","event":"11         TXN012  12000.0   REVISION                Revisión especial","logger":"task.stdout"}
{"timestamp":"2026-06-12T22:32:09.301805Z","level":"info","event":"12         TXN013    450.0   APROBADA            Aprobación automática","logger":"task.stdout"}
{"timestamp":"2026-06-12T22:32:09.301960Z","level":"info","event":"13         TXN014   1200.0  PENDIENTE  Requiere aprobación del gerente","logger":"task.stdout"}
{"timestamp":"2026-06-12T22:32:09.302133Z","level":"info","event":"14         TXN015   5500.0   REVISION                Revisión especial","logger":"task.stdout"}
{"timestamp":"2026-06-12T22:32:09.302237Z","level":"info","event":"Done. Returned value was: None","task_id":"aplicar_reglas","run_id":"manual__2026-06-12T22:32:05.667293+00:00","dag_id":"devoluciones_dag","map_index":-1,"try_number":1,"ti_id":"019ebdf6-c135-77c8-8fda-332e67564ca0","logger":"airflow.task.operators.airflow.providers.standard.operators.python.PythonOperator","filename":"python.py","lineno":233}
{"timestamp":"2026-06-12T22:32:09.302394Z","level":"info","event":"::group::Post Execute","task_id":"aplicar_reglas","run_id":"manual__2026-06-12T22:32:05.667293+00:00","dag_id":"devoluciones_dag","map_index":-1,"try_number":1,"ti_id":"019ebdf6-c135-77c8-8fda-332e67564ca0","logger":"task","filename":"task_runner.py","lineno":1288}
{"timestamp":"2026-06-12T22:32:09.321755Z","level":"info","event":"Task instance in success state","logger":"task.stdout"}
{"timestamp":"2026-06-12T22:32:09.322080Z","level":"info","event":" Previous state of the Task instance: TaskInstanceState.RUNNING","logger":"task.stdout"}
{"timestamp":"2026-06-12T22:32:09.322410Z","level":"info","event":"Task operator:<Task(PythonOperator): aplicar_reglas>","logger":"task.stdout"}
{"timestamp":"2026-06-12T22:32:09.322041Z","level":"info","event":"::endgroup::","task_id":"aplicar_reglas","run_id":"manual__2026-06-12T22:32:05.667293+00:00","dag_id":"devoluciones_dag","map_index":-1,"try_number":1,"ti_id":"019ebdf6-c135-77c8-8fda-332e67564ca0","logger":"task","filename":"task_runner.py","lineno":1896}
