{"timestamp":"2026-06-12T02:47:10.942037Z","level":"info","event":"::group::Pre Execute","logger":"task","filename":"task_runner.py","lineno":1926}
{"timestamp":"2026-06-12T02:47:16.256219Z","level":"info","event":"DAG bundles loaded: dags-folder, example_dags","task_id":"leer_csv","try_number":1,"dag_id":"devoluciones_dag","run_id":"manual__2026-06-12T02:47:09.398813+00:00","ti_id":"019eb9b9-e977-737e-b83c-e616efe5f06a","map_index":-1,"logger":"airflow.dag_processing.bundles.manager.DagBundlesManager","filename":"manager.py","lineno":209}
{"timestamp":"2026-06-12T02:47:16.258222Z","level":"info","event":"Filling up the DagBag from /opt/airflow/dags/devoluciones_dag.py","task_id":"leer_csv","try_number":1,"dag_id":"devoluciones_dag","run_id":"manual__2026-06-12T02:47:09.398813+00:00","ti_id":"019eb9b9-e977-737e-b83c-e616efe5f06a","map_index":-1,"logger":"airflow.dag_processing.dagbag.BundleDagBag","filename":"dagbag.py","lineno":469}
{"timestamp":"2026-06-12T02:47:16.278517Z","level":"warning","event":"The `airflow.operators.python.PythonOperator` attribute is deprecated. Please use `'airflow.providers.standard.operators.python.PythonOperator'`.","category":"UserWarning","filename":"/opt/airflow/dags/devoluciones_dag.py","lineno":2,"task_id":"leer_csv","try_number":1,"dag_id":"devoluciones_dag","run_id":"manual__2026-06-12T02:47:09.398813+00:00","ti_id":"019eb9b9-e977-737e-b83c-e616efe5f06a","map_index":-1,"logger":"py.warnings"}
{"timestamp":"2026-06-12T02:47:16.338862Z","level":"info","event":"Task instance is in running state","logger":"task.stdout"}
{"timestamp":"2026-06-12T02:47:16.339288Z","level":"info","event":" Previous state of the Task instance: TaskInstanceState.QUEUED","logger":"task.stdout"}
{"timestamp":"2026-06-12T02:47:16.339559Z","level":"info","event":"Current task name:leer_csv","logger":"task.stdout"}
{"timestamp":"2026-06-12T02:47:16.339834Z","level":"info","event":"Dag name:devoluciones_dag","logger":"task.stdout"}
{"timestamp":"2026-06-12T02:47:16.339437Z","level":"info","event":"::endgroup::","task_id":"leer_csv","try_number":1,"dag_id":"devoluciones_dag","run_id":"manual__2026-06-12T02:47:09.398813+00:00","ti_id":"019eb9b9-e977-737e-b83c-e616efe5f06a","map_index":-1,"logger":"task","filename":"task_runner.py","lineno":1727}
{"timestamp":"2026-06-12T02:47:16.355295Z","level":"info","event":"==================================================","logger":"task.stdout"}
{"timestamp":"2026-06-12T02:47:16.355732Z","level":"info","event":"CSV leído correctamente","logger":"task.stdout"}
{"timestamp":"2026-06-12T02:47:16.374511Z","level":"info","event":"  transaction_id       fecha  ...                     descripcion     estado","logger":"task.stdout"}
{"timestamp":"2026-06-12T02:47:16.374944Z","level":"info","event":"0         TXN001  2026-06-01  ...  Devolucion compra supermercado  pendiente","logger":"task.stdout"}
{"timestamp":"2026-06-12T02:47:16.375347Z","level":"info","event":"1         TXN002  2026-06-01  ...     Devolucion electrodomestico  pendiente","logger":"task.stdout"}
{"timestamp":"2026-06-12T02:47:16.375698Z","level":"info","event":"2         TXN003  2026-06-02  ...        Devolucion ropa en linea  pendiente","logger":"task.stdout"}
{"timestamp":"2026-06-12T02:47:16.375942Z","level":"info","event":"3         TXN004  2026-06-02  ...    Devolucion equipo de computo  pendiente","logger":"task.stdout"}
{"timestamp":"2026-06-12T02:47:16.376188Z","level":"info","event":"4         TXN005  2026-06-03  ...          Devolucion restaurante  pendiente","logger":"task.stdout"}
{"timestamp":"2026-06-12T02:47:16.376468Z","level":"info","event":"","logger":"task.stdout"}
{"timestamp":"2026-06-12T02:47:16.376722Z","level":"info","event":"[5 rows x 9 columns]","logger":"task.stdout"}
{"timestamp":"2026-06-12T02:47:16.376960Z","level":"info","event":"Total de registros: 15","logger":"task.stdout"}
{"timestamp":"2026-06-12T02:47:16.377181Z","level":"info","event":"==================================================","logger":"task.stdout"}
{"timestamp":"2026-06-12T02:47:16.374551Z","level":"info","event":"Done. Returned value was: None","task_id":"leer_csv","try_number":1,"dag_id":"devoluciones_dag","run_id":"manual__2026-06-12T02:47:09.398813+00:00","ti_id":"019eb9b9-e977-737e-b83c-e616efe5f06a","map_index":-1,"logger":"airflow.task.operators.airflow.providers.standard.operators.python.PythonOperator","filename":"python.py","lineno":233}
{"timestamp":"2026-06-12T02:47:16.374741Z","level":"info","event":"::group::Post Execute","task_id":"leer_csv","try_number":1,"dag_id":"devoluciones_dag","run_id":"manual__2026-06-12T02:47:09.398813+00:00","ti_id":"019eb9b9-e977-737e-b83c-e616efe5f06a","map_index":-1,"logger":"task","filename":"task_runner.py","lineno":1288}
{"timestamp":"2026-06-12T02:47:16.412599Z","level":"info","event":"Task instance in success state","logger":"task.stdout"}
{"timestamp":"2026-06-12T02:47:16.412955Z","level":"info","event":" Previous state of the Task instance: TaskInstanceState.RUNNING","logger":"task.stdout"}
{"timestamp":"2026-06-12T02:47:16.413344Z","level":"info","event":"Task operator:<Task(PythonOperator): leer_csv>","logger":"task.stdout"}
{"timestamp":"2026-06-12T02:47:16.412934Z","level":"info","event":"::endgroup::","task_id":"leer_csv","try_number":1,"dag_id":"devoluciones_dag","run_id":"manual__2026-06-12T02:47:09.398813+00:00","ti_id":"019eb9b9-e977-737e-b83c-e616efe5f06a","map_index":-1,"logger":"task","filename":"task_runner.py","lineno":1896}
