{"timestamp":"2026-06-13T01:09:00.139115Z","level":"info","event":"::group::Pre Execute","logger":"task","filename":"task_runner.py","lineno":1926}
{"timestamp":"2026-06-13T01:09:00.443540Z","level":"info","event":"DAG bundles loaded: dags-folder, example_dags","map_index":-1,"ti_id":"019ebe86-54f9-7b2f-894a-08dea3b22f3b","run_id":"manual__2026-06-13T01:08:55.145492+00:00","try_number":1,"dag_id":"devoluciones_dag","task_id":"aplicar_reglas","logger":"airflow.dag_processing.bundles.manager.DagBundlesManager","filename":"manager.py","lineno":209}
{"timestamp":"2026-06-13T01:09:00.445067Z","level":"info","event":"Filling up the DagBag from /opt/airflow/dags/devoluciones_dag.py","map_index":-1,"ti_id":"019ebe86-54f9-7b2f-894a-08dea3b22f3b","run_id":"manual__2026-06-13T01:08:55.145492+00:00","try_number":1,"dag_id":"devoluciones_dag","task_id":"aplicar_reglas","logger":"airflow.dag_processing.dagbag.BundleDagBag","filename":"dagbag.py","lineno":469}
{"timestamp":"2026-06-13T01:09:00.471119Z","level":"warning","event":"The `airflow.operators.python.PythonOperator` attribute is deprecated. Please use `'airflow.providers.standard.operators.python.PythonOperator'`.","category":"UserWarning","filename":"/opt/airflow/dags/devoluciones_dag.py","lineno":2,"map_index":-1,"ti_id":"019ebe86-54f9-7b2f-894a-08dea3b22f3b","run_id":"manual__2026-06-13T01:08:55.145492+00:00","try_number":1,"dag_id":"devoluciones_dag","task_id":"aplicar_reglas","logger":"py.warnings"}
{"timestamp":"2026-06-13T01:09:00.490526Z","level":"info","event":"Task instance is in running state","logger":"task.stdout"}
{"timestamp":"2026-06-13T01:09:00.490919Z","level":"info","event":" Previous state of the Task instance: TaskInstanceState.QUEUED","logger":"task.stdout"}
{"timestamp":"2026-06-13T01:09:00.491169Z","level":"info","event":"Current task name:aplicar_reglas","logger":"task.stdout"}
{"timestamp":"2026-06-13T01:09:00.491374Z","level":"info","event":"Dag name:devoluciones_dag","logger":"task.stdout"}
{"timestamp":"2026-06-13T01:09:00.490979Z","level":"info","event":"::endgroup::","map_index":-1,"ti_id":"019ebe86-54f9-7b2f-894a-08dea3b22f3b","run_id":"manual__2026-06-13T01:08:55.145492+00:00","try_number":1,"dag_id":"devoluciones_dag","task_id":"aplicar_reglas","logger":"task","filename":"task_runner.py","lineno":1727}
{"timestamp":"2026-06-13T01:09:00.938337Z","level":"info","event":"RESULTADO DE LAS REGLAS","logger":"task.stdout"}
{"timestamp":"2026-06-13T01:09:00.945158Z","level":"info","event":"     transaction_id  ...                                     regla_aplicada","logger":"task.stdout"}
{"timestamp":"2026-06-13T01:09:00.945497Z","level":"info","event":"0         TXN000001  ...  Marcado como posible fraude por multiples devo...","logger":"task.stdout"}
{"timestamp":"2026-06-13T01:09:00.945826Z","level":"info","event":"1         TXN000002  ...  Marcado como posible fraude por multiples devo...","logger":"task.stdout"}
{"timestamp":"2026-06-13T01:09:00.946165Z","level":"info","event":"2         TXN000003  ...  Marcado como posible fraude por multiples devo...","logger":"task.stdout"}
{"timestamp":"2026-06-13T01:09:00.946537Z","level":"info","event":"3         TXN000004  ...  Marcado como posible fraude por multiples devo...","logger":"task.stdout"}
{"timestamp":"2026-06-13T01:09:00.946877Z","level":"info","event":"4         TXN000005  ...  Marcado como posible fraude por multiples devo...","logger":"task.stdout"}
{"timestamp":"2026-06-13T01:09:00.947043Z","level":"info","event":"...             ...  ...                                                ...","logger":"task.stdout"}
{"timestamp":"2026-06-13T01:09:00.947297Z","level":"info","event":"4995      TXN004996  ...                              Aprobación automatica","logger":"task.stdout"}
{"timestamp":"2026-06-13T01:09:00.947554Z","level":"info","event":"4996      TXN004997  ...                                  Revisión especial","logger":"task.stdout"}
{"timestamp":"2026-06-13T01:09:00.947750Z","level":"info","event":"4997      TXN004998  ...                                  Revisión especial","logger":"task.stdout"}
{"timestamp":"2026-06-13T01:09:00.947974Z","level":"info","event":"4998      TXN004999  ...                              Aprobación automatica","logger":"task.stdout"}
{"timestamp":"2026-06-13T01:09:00.948124Z","level":"info","event":"4999      TXN005000  ...                              Aprobación automatica","logger":"task.stdout"}
{"timestamp":"2026-06-13T01:09:00.948273Z","level":"info","event":"","logger":"task.stdout"}
{"timestamp":"2026-06-13T01:09:00.948419Z","level":"info","event":"[5000 rows x 4 columns]","logger":"task.stdout"}
{"timestamp":"2026-06-13T01:09:00.983319Z","level":"info","event":"Done. Returned value was: None","map_index":-1,"ti_id":"019ebe86-54f9-7b2f-894a-08dea3b22f3b","run_id":"manual__2026-06-13T01:08:55.145492+00:00","try_number":1,"dag_id":"devoluciones_dag","task_id":"aplicar_reglas","logger":"airflow.task.operators.airflow.providers.standard.operators.python.PythonOperator","filename":"python.py","lineno":233}
{"timestamp":"2026-06-13T01:09:00.983487Z","level":"info","event":"::group::Post Execute","map_index":-1,"ti_id":"019ebe86-54f9-7b2f-894a-08dea3b22f3b","run_id":"manual__2026-06-13T01:08:55.145492+00:00","try_number":1,"dag_id":"devoluciones_dag","task_id":"aplicar_reglas","logger":"task","filename":"task_runner.py","lineno":1288}
{"timestamp":"2026-06-13T01:09:01.001835Z","level":"info","event":"Task instance in success state","logger":"task.stdout"}
{"timestamp":"2026-06-13T01:09:01.002181Z","level":"info","event":" Previous state of the Task instance: TaskInstanceState.RUNNING","logger":"task.stdout"}
{"timestamp":"2026-06-13T01:09:01.002500Z","level":"info","event":"Task operator:<Task(PythonOperator): aplicar_reglas>","logger":"task.stdout"}
{"timestamp":"2026-06-13T01:09:01.002119Z","level":"info","event":"::endgroup::","map_index":-1,"ti_id":"019ebe86-54f9-7b2f-894a-08dea3b22f3b","run_id":"manual__2026-06-13T01:08:55.145492+00:00","try_number":1,"dag_id":"devoluciones_dag","task_id":"aplicar_reglas","logger":"task","filename":"task_runner.py","lineno":1896}
