{"timestamp":"2026-06-12T23:42:51.638389Z","level":"info","event":"::group::Pre Execute","logger":"task","filename":"task_runner.py","lineno":1926}
{"timestamp":"2026-06-12T23:42:52.015159Z","level":"info","event":"DAG bundles loaded: dags-folder, example_dags","try_number":1,"dag_id":"devoluciones_dag","task_id":"reporte_diario","run_id":"manual__2026-06-12T23:42:46.825243+00:00","map_index":-1,"ti_id":"019ebe37-783c-7fa6-87f9-2bc129fef182","logger":"airflow.dag_processing.bundles.manager.DagBundlesManager","filename":"manager.py","lineno":209}
{"timestamp":"2026-06-12T23:42:52.016678Z","level":"info","event":"Filling up the DagBag from /opt/airflow/dags/devoluciones_dag.py","try_number":1,"dag_id":"devoluciones_dag","task_id":"reporte_diario","run_id":"manual__2026-06-12T23:42:46.825243+00:00","map_index":-1,"ti_id":"019ebe37-783c-7fa6-87f9-2bc129fef182","logger":"airflow.dag_processing.dagbag.BundleDagBag","filename":"dagbag.py","lineno":469}
{"timestamp":"2026-06-12T23:42:52.051158Z","level":"warning","event":"The `airflow.operators.python.PythonOperator` attribute is deprecated. Please use `'airflow.providers.standard.operators.python.PythonOperator'`.","category":"UserWarning","filename":"/opt/airflow/dags/devoluciones_dag.py","lineno":2,"try_number":1,"dag_id":"devoluciones_dag","task_id":"reporte_diario","run_id":"manual__2026-06-12T23:42:46.825243+00:00","map_index":-1,"ti_id":"019ebe37-783c-7fa6-87f9-2bc129fef182","logger":"py.warnings"}
{"timestamp":"2026-06-12T23:42:52.071977Z","level":"info","event":"Task instance is in running state","logger":"task.stdout"}
{"timestamp":"2026-06-12T23:42:52.072351Z","level":"info","event":" Previous state of the Task instance: TaskInstanceState.QUEUED","logger":"task.stdout"}
{"timestamp":"2026-06-12T23:42:52.072611Z","level":"info","event":"Current task name:reporte_diario","logger":"task.stdout"}
{"timestamp":"2026-06-12T23:42:52.072798Z","level":"info","event":"Dag name:devoluciones_dag","logger":"task.stdout"}
{"timestamp":"2026-06-12T23:42:52.072349Z","level":"info","event":"::endgroup::","try_number":1,"dag_id":"devoluciones_dag","task_id":"reporte_diario","run_id":"manual__2026-06-12T23:42:46.825243+00:00","map_index":-1,"ti_id":"019ebe37-783c-7fa6-87f9-2bc129fef182","logger":"task","filename":"task_runner.py","lineno":1727}
{"timestamp":"2026-06-12T23:42:52.095843Z","level":"info","event":"","logger":"task.stdout"}
{"timestamp":"2026-06-12T23:42:52.096104Z","level":"info","event":"REPORTE DIARIO","logger":"task.stdout"}
{"timestamp":"2026-06-12T23:42:52.103469Z","level":"info","event":"        fecha  total_devoluciones  monto_total  aprobadas  pendientes  revision","logger":"task.stdout"}
{"timestamp":"2026-06-12T23:42:52.103704Z","level":"info","event":"0  2026-06-01                   2       2650.0          1           1         0","logger":"task.stdout"}
{"timestamp":"2026-06-12T23:42:52.103885Z","level":"info","event":"1  2026-06-02                   2       8075.5          1           0         1","logger":"task.stdout"}
{"timestamp":"2026-06-12T23:42:52.104134Z","level":"info","event":"2  2026-06-03                   2       1820.0          1           1         0","logger":"task.stdout"}
{"timestamp":"2026-06-12T23:42:52.104318Z","level":"info","event":"3  2026-06-04                   2       6550.0          1           0         1","logger":"task.stdout"}
{"timestamp":"2026-06-12T23:42:52.104521Z","level":"info","event":"4  2026-06-05                   2       4100.0          1           1         0","logger":"task.stdout"}
{"timestamp":"2026-06-12T23:42:52.104716Z","level":"info","event":"5  2026-06-06                   2      12200.0          1           0         1","logger":"task.stdout"}
{"timestamp":"2026-06-12T23:42:52.104895Z","level":"info","event":"6  2026-06-07                   2       1650.0          1           1         0","logger":"task.stdout"}
{"timestamp":"2026-06-12T23:42:52.105070Z","level":"info","event":"7  2026-06-08                   1       5500.0          0           0         1","logger":"task.stdout"}
{"timestamp":"2026-06-12T23:42:52.104357Z","level":"info","event":"Done. Returned value was: None","try_number":1,"dag_id":"devoluciones_dag","task_id":"reporte_diario","run_id":"manual__2026-06-12T23:42:46.825243+00:00","map_index":-1,"ti_id":"019ebe37-783c-7fa6-87f9-2bc129fef182","logger":"airflow.task.operators.airflow.providers.standard.operators.python.PythonOperator","filename":"python.py","lineno":233}
{"timestamp":"2026-06-12T23:42:52.104497Z","level":"info","event":"::group::Post Execute","try_number":1,"dag_id":"devoluciones_dag","task_id":"reporte_diario","run_id":"manual__2026-06-12T23:42:46.825243+00:00","map_index":-1,"ti_id":"019ebe37-783c-7fa6-87f9-2bc129fef182","logger":"task","filename":"task_runner.py","lineno":1288}
{"timestamp":"2026-06-12T23:42:52.123145Z","level":"info","event":"Task instance in success state","logger":"task.stdout"}
{"timestamp":"2026-06-12T23:42:52.123478Z","level":"info","event":" Previous state of the Task instance: TaskInstanceState.RUNNING","logger":"task.stdout"}
{"timestamp":"2026-06-12T23:42:52.123773Z","level":"info","event":"Task operator:<Task(PythonOperator): reporte_diario>","logger":"task.stdout"}
{"timestamp":"2026-06-12T23:42:52.123509Z","level":"info","event":"::endgroup::","try_number":1,"dag_id":"devoluciones_dag","task_id":"reporte_diario","run_id":"manual__2026-06-12T23:42:46.825243+00:00","map_index":-1,"ti_id":"019ebe37-783c-7fa6-87f9-2bc129fef182","logger":"task","filename":"task_runner.py","lineno":1896}
