{"timestamp":"2026-06-13T01:06:19.426567Z","level":"info","event":"::group::Pre Execute","logger":"task","filename":"task_runner.py","lineno":1926}
{"timestamp":"2026-06-13T01:06:19.735211Z","level":"info","event":"DAG bundles loaded: dags-folder, example_dags","ti_id":"019ebe83-e02c-77d0-a29a-5a4a45c18208","map_index":-1,"run_id":"manual__2026-06-13T01:06:14.171045+00:00","task_id":"aplicar_reglas","try_number":1,"dag_id":"devoluciones_dag","logger":"airflow.dag_processing.bundles.manager.DagBundlesManager","filename":"manager.py","lineno":209}
{"timestamp":"2026-06-13T01:06:19.736517Z","level":"info","event":"Filling up the DagBag from /opt/airflow/dags/devoluciones_dag.py","ti_id":"019ebe83-e02c-77d0-a29a-5a4a45c18208","map_index":-1,"run_id":"manual__2026-06-13T01:06:14.171045+00:00","task_id":"aplicar_reglas","try_number":1,"dag_id":"devoluciones_dag","logger":"airflow.dag_processing.dagbag.BundleDagBag","filename":"dagbag.py","lineno":469}
{"timestamp":"2026-06-13T01:06:19.767442Z","level":"warning","event":"The `airflow.operators.python.PythonOperator` attribute is deprecated. Please use `'airflow.providers.standard.operators.python.PythonOperator'`.","category":"UserWarning","filename":"/opt/airflow/dags/devoluciones_dag.py","lineno":2,"ti_id":"019ebe83-e02c-77d0-a29a-5a4a45c18208","map_index":-1,"run_id":"manual__2026-06-13T01:06:14.171045+00:00","task_id":"aplicar_reglas","try_number":1,"dag_id":"devoluciones_dag","logger":"py.warnings"}
{"timestamp":"2026-06-13T01:06:19.799880Z","level":"info","event":"Task instance is in running state","logger":"task.stdout"}
{"timestamp":"2026-06-13T01:06:19.807513Z","level":"info","event":" Previous state of the Task instance: TaskInstanceState.QUEUED","logger":"task.stdout"}
{"timestamp":"2026-06-13T01:06:19.808145Z","level":"info","event":"Current task name:aplicar_reglas","logger":"task.stdout"}
{"timestamp":"2026-06-13T01:06:19.808686Z","level":"info","event":"Dag name:devoluciones_dag","logger":"task.stdout"}
{"timestamp":"2026-06-13T01:06:19.800655Z","level":"info","event":"::endgroup::","ti_id":"019ebe83-e02c-77d0-a29a-5a4a45c18208","map_index":-1,"run_id":"manual__2026-06-13T01:06:14.171045+00:00","task_id":"aplicar_reglas","try_number":1,"dag_id":"devoluciones_dag","logger":"task","filename":"task_runner.py","lineno":1727}
{"timestamp":"2026-06-13T01:06:20.216666Z","level":"info","event":"RESULTADO DE LAS REGLAS","logger":"task.stdout"}
{"timestamp":"2026-06-13T01:06:20.224443Z","level":"info","event":"     transaction_id  ...                                     regla_aplicada","logger":"task.stdout"}
{"timestamp":"2026-06-13T01:06:20.224971Z","level":"info","event":"0         TXN000001  ...  Marcado como posible fraude por multiples devo...","logger":"task.stdout"}
{"timestamp":"2026-06-13T01:06:20.225428Z","level":"info","event":"1         TXN000002  ...  Marcado como posible fraude por multiples devo...","logger":"task.stdout"}
{"timestamp":"2026-06-13T01:06:20.225762Z","level":"info","event":"2         TXN000003  ...  Marcado como posible fraude por multiples devo...","logger":"task.stdout"}
{"timestamp":"2026-06-13T01:06:20.226138Z","level":"info","event":"3         TXN000004  ...  Marcado como posible fraude por multiples devo...","logger":"task.stdout"}
{"timestamp":"2026-06-13T01:06:20.226405Z","level":"info","event":"4         TXN000005  ...  Marcado como posible fraude por multiples devo...","logger":"task.stdout"}
{"timestamp":"2026-06-13T01:06:20.226719Z","level":"info","event":"...             ...  ...                                                ...","logger":"task.stdout"}
{"timestamp":"2026-06-13T01:06:20.226963Z","level":"info","event":"4995      TXN004996  ...                              Aprobación automatica","logger":"task.stdout"}
{"timestamp":"2026-06-13T01:06:20.227238Z","level":"info","event":"4996      TXN004997  ...                                  Revisión especial","logger":"task.stdout"}
{"timestamp":"2026-06-13T01:06:20.227459Z","level":"info","event":"4997      TXN004998  ...                                  Revisión especial","logger":"task.stdout"}
{"timestamp":"2026-06-13T01:06:20.227660Z","level":"info","event":"4998      TXN004999  ...                              Aprobación automatica","logger":"task.stdout"}
{"timestamp":"2026-06-13T01:06:20.227829Z","level":"info","event":"4999      TXN005000  ...                              Aprobación automatica","logger":"task.stdout"}
{"timestamp":"2026-06-13T01:06:20.227989Z","level":"info","event":"","logger":"task.stdout"}
{"timestamp":"2026-06-13T01:06:20.228178Z","level":"info","event":"[5000 rows x 4 columns]","logger":"task.stdout"}
{"timestamp":"2026-06-13T01:06:20.275220Z","level":"info","event":"Done. Returned value was: None","ti_id":"019ebe83-e02c-77d0-a29a-5a4a45c18208","map_index":-1,"run_id":"manual__2026-06-13T01:06:14.171045+00:00","task_id":"aplicar_reglas","try_number":1,"dag_id":"devoluciones_dag","logger":"airflow.task.operators.airflow.providers.standard.operators.python.PythonOperator","filename":"python.py","lineno":233}
{"timestamp":"2026-06-13T01:06:20.275427Z","level":"info","event":"::group::Post Execute","ti_id":"019ebe83-e02c-77d0-a29a-5a4a45c18208","map_index":-1,"run_id":"manual__2026-06-13T01:06:14.171045+00:00","task_id":"aplicar_reglas","try_number":1,"dag_id":"devoluciones_dag","logger":"task","filename":"task_runner.py","lineno":1288}
{"timestamp":"2026-06-13T01:06:20.295390Z","level":"info","event":"Task instance in success state","logger":"task.stdout"}
{"timestamp":"2026-06-13T01:06:20.295808Z","level":"info","event":" Previous state of the Task instance: TaskInstanceState.RUNNING","logger":"task.stdout"}
{"timestamp":"2026-06-13T01:06:20.296224Z","level":"info","event":"Task operator:<Task(PythonOperator): aplicar_reglas>","logger":"task.stdout"}
{"timestamp":"2026-06-13T01:06:20.295694Z","level":"info","event":"::endgroup::","ti_id":"019ebe83-e02c-77d0-a29a-5a4a45c18208","map_index":-1,"run_id":"manual__2026-06-13T01:06:14.171045+00:00","task_id":"aplicar_reglas","try_number":1,"dag_id":"devoluciones_dag","logger":"task","filename":"task_runner.py","lineno":1896}
