{"timestamp":"2026-06-12T03:47:59.997288Z","level":"info","event":"::group::Pre Execute","logger":"task","filename":"task_runner.py","lineno":1926}
{"timestamp":"2026-06-12T03:48:00.418943Z","level":"info","event":"DAG bundles loaded: dags-folder, example_dags","run_id":"manual__2026-06-12T03:47:59.577555+00:00","task_id":"leer_csv","try_number":1,"dag_id":"devoluciones_dag","map_index":-1,"ti_id":"019eb9f1-9be4-7df6-8fba-0aeef8c70b1b","logger":"airflow.dag_processing.bundles.manager.DagBundlesManager","filename":"manager.py","lineno":209}
{"timestamp":"2026-06-12T03:48:00.420955Z","level":"info","event":"Filling up the DagBag from /opt/airflow/dags/devoluciones_dag.py","run_id":"manual__2026-06-12T03:47:59.577555+00:00","task_id":"leer_csv","try_number":1,"dag_id":"devoluciones_dag","map_index":-1,"ti_id":"019eb9f1-9be4-7df6-8fba-0aeef8c70b1b","logger":"airflow.dag_processing.dagbag.BundleDagBag","filename":"dagbag.py","lineno":469}
{"timestamp":"2026-06-12T03:48:00.443138Z","level":"warning","event":"The `airflow.operators.python.PythonOperator` attribute is deprecated. Please use `'airflow.providers.standard.operators.python.PythonOperator'`.","category":"UserWarning","filename":"/opt/airflow/dags/devoluciones_dag.py","lineno":2,"run_id":"manual__2026-06-12T03:47:59.577555+00:00","task_id":"leer_csv","try_number":1,"dag_id":"devoluciones_dag","map_index":-1,"ti_id":"019eb9f1-9be4-7df6-8fba-0aeef8c70b1b","logger":"py.warnings"}
{"timestamp":"2026-06-12T03:48:00.463396Z","level":"info","event":"Task instance is in running state","logger":"task.stdout"}
{"timestamp":"2026-06-12T03:48:00.463785Z","level":"info","event":" Previous state of the Task instance: TaskInstanceState.QUEUED","logger":"task.stdout"}
{"timestamp":"2026-06-12T03:48:00.464138Z","level":"info","event":"Current task name:leer_csv","logger":"task.stdout"}
{"timestamp":"2026-06-12T03:48:00.464410Z","level":"info","event":"Dag name:devoluciones_dag","logger":"task.stdout"}
{"timestamp":"2026-06-12T03:48:00.463754Z","level":"info","event":"::endgroup::","run_id":"manual__2026-06-12T03:47:59.577555+00:00","task_id":"leer_csv","try_number":1,"dag_id":"devoluciones_dag","map_index":-1,"ti_id":"019eb9f1-9be4-7df6-8fba-0aeef8c70b1b","logger":"task","filename":"task_runner.py","lineno":1727}
{"timestamp":"2026-06-12T03:48:00.471055Z","level":"info","event":"Archivo leído correctamente","logger":"task.stdout"}
{"timestamp":"2026-06-12T03:48:00.480258Z","level":"info","event":"  transaction_id       fecha  ...                     descripcion     estado","logger":"task.stdout"}
{"timestamp":"2026-06-12T03:48:00.480555Z","level":"info","event":"0         TXN001  2026-06-01  ...  Devolucion compra supermercado  pendiente","logger":"task.stdout"}
{"timestamp":"2026-06-12T03:48:00.480804Z","level":"info","event":"1         TXN002  2026-06-01  ...     Devolucion electrodomestico  pendiente","logger":"task.stdout"}
{"timestamp":"2026-06-12T03:48:00.481143Z","level":"info","event":"2         TXN003  2026-06-02  ...        Devolucion ropa en linea  pendiente","logger":"task.stdout"}
{"timestamp":"2026-06-12T03:48:00.481497Z","level":"info","event":"3         TXN004  2026-06-02  ...    Devolucion equipo de computo  pendiente","logger":"task.stdout"}
{"timestamp":"2026-06-12T03:48:00.481912Z","level":"info","event":"4         TXN005  2026-06-03  ...          Devolucion restaurante  pendiente","logger":"task.stdout"}
{"timestamp":"2026-06-12T03:48:00.482226Z","level":"info","event":"","logger":"task.stdout"}
{"timestamp":"2026-06-12T03:48:00.482509Z","level":"info","event":"[5 rows x 9 columns]","logger":"task.stdout"}
{"timestamp":"2026-06-12T03:48:00.484042Z","level":"info","event":"Done. Returned value was: None","run_id":"manual__2026-06-12T03:47:59.577555+00:00","task_id":"leer_csv","try_number":1,"dag_id":"devoluciones_dag","map_index":-1,"ti_id":"019eb9f1-9be4-7df6-8fba-0aeef8c70b1b","logger":"airflow.task.operators.airflow.providers.standard.operators.python.PythonOperator","filename":"python.py","lineno":233}
{"timestamp":"2026-06-12T03:48:00.484199Z","level":"info","event":"::group::Post Execute","run_id":"manual__2026-06-12T03:47:59.577555+00:00","task_id":"leer_csv","try_number":1,"dag_id":"devoluciones_dag","map_index":-1,"ti_id":"019eb9f1-9be4-7df6-8fba-0aeef8c70b1b","logger":"task","filename":"task_runner.py","lineno":1288}
{"timestamp":"2026-06-12T03:48:00.502293Z","level":"info","event":"Task instance in success state","logger":"task.stdout"}
{"timestamp":"2026-06-12T03:48:00.502757Z","level":"info","event":" Previous state of the Task instance: TaskInstanceState.RUNNING","logger":"task.stdout"}
{"timestamp":"2026-06-12T03:48:00.503067Z","level":"info","event":"Task operator:<Task(PythonOperator): leer_csv>","logger":"task.stdout"}
{"timestamp":"2026-06-12T03:48:00.502622Z","level":"info","event":"::endgroup::","run_id":"manual__2026-06-12T03:47:59.577555+00:00","task_id":"leer_csv","try_number":1,"dag_id":"devoluciones_dag","map_index":-1,"ti_id":"019eb9f1-9be4-7df6-8fba-0aeef8c70b1b","logger":"task","filename":"task_runner.py","lineno":1896}
