{"timestamp":"2026-06-13T00:31:58.499634Z","level":"info","event":"::group::Pre Execute","logger":"task","filename":"task_runner.py","lineno":1926}
{"timestamp":"2026-06-13T00:31:58.938090Z","level":"info","event":"DAG bundles loaded: dags-folder, example_dags","ti_id":"019ebe64-6197-7acd-a79d-b3371397418f","map_index":-1,"run_id":"manual__2026-06-13T00:31:50.142701+00:00","task_id":"reporte_semanal","try_number":1,"dag_id":"devoluciones_dag","logger":"airflow.dag_processing.bundles.manager.DagBundlesManager","filename":"manager.py","lineno":209}
{"timestamp":"2026-06-13T00:31:58.939879Z","level":"info","event":"Filling up the DagBag from /opt/airflow/dags/devoluciones_dag.py","ti_id":"019ebe64-6197-7acd-a79d-b3371397418f","map_index":-1,"run_id":"manual__2026-06-13T00:31:50.142701+00:00","task_id":"reporte_semanal","try_number":1,"dag_id":"devoluciones_dag","logger":"airflow.dag_processing.dagbag.BundleDagBag","filename":"dagbag.py","lineno":469}
{"timestamp":"2026-06-13T00:31:58.977100Z","level":"warning","event":"The `airflow.operators.python.PythonOperator` attribute is deprecated. Please use `'airflow.providers.standard.operators.python.PythonOperator'`.","category":"UserWarning","filename":"/opt/airflow/dags/devoluciones_dag.py","lineno":2,"ti_id":"019ebe64-6197-7acd-a79d-b3371397418f","map_index":-1,"run_id":"manual__2026-06-13T00:31:50.142701+00:00","task_id":"reporte_semanal","try_number":1,"dag_id":"devoluciones_dag","logger":"py.warnings"}
{"timestamp":"2026-06-13T00:31:59.005030Z","level":"info","event":"Task instance is in running state","logger":"task.stdout"}
{"timestamp":"2026-06-13T00:31:59.005528Z","level":"info","event":" Previous state of the Task instance: TaskInstanceState.QUEUED","logger":"task.stdout"}
{"timestamp":"2026-06-13T00:31:59.005962Z","level":"info","event":"Current task name:reporte_semanal","logger":"task.stdout"}
{"timestamp":"2026-06-13T00:31:59.006241Z","level":"info","event":"Dag name:devoluciones_dag","logger":"task.stdout"}
{"timestamp":"2026-06-13T00:31:59.005812Z","level":"info","event":"::endgroup::","ti_id":"019ebe64-6197-7acd-a79d-b3371397418f","map_index":-1,"run_id":"manual__2026-06-13T00:31:50.142701+00:00","task_id":"reporte_semanal","try_number":1,"dag_id":"devoluciones_dag","logger":"task","filename":"task_runner.py","lineno":1727}
{"timestamp":"2026-06-13T00:31:59.085366Z","level":"info","event":"","logger":"task.stdout"}
{"timestamp":"2026-06-13T00:31:59.085651Z","level":"info","event":"REPORTE SEMANAL","logger":"task.stdout"}
{"timestamp":"2026-06-13T00:31:59.093741Z","level":"info","event":"  fecha_inicio  fecha_fin  total_devoluciones  ...  aprobadas  pendientes  revision","logger":"task.stdout"}
{"timestamp":"2026-06-13T00:31:59.094031Z","level":"info","event":"0   2026-06-01 2026-06-07                1177  ...          0           0         0","logger":"task.stdout"}
{"timestamp":"2026-06-13T00:31:59.094254Z","level":"info","event":"1   2026-06-08 2026-06-14                1166  ...          0           0         0","logger":"task.stdout"}
{"timestamp":"2026-06-13T00:31:59.094511Z","level":"info","event":"2   2026-06-15 2026-06-21                1167  ...          0           0         0","logger":"task.stdout"}
{"timestamp":"2026-06-13T00:31:59.094793Z","level":"info","event":"3   2026-06-22 2026-06-28                1172  ...          0           0         0","logger":"task.stdout"}
{"timestamp":"2026-06-13T00:31:59.094993Z","level":"info","event":"4   2026-06-29 2026-07-05                 318  ...          0           0         0","logger":"task.stdout"}
{"timestamp":"2026-06-13T00:31:59.095172Z","level":"info","event":"","logger":"task.stdout"}
{"timestamp":"2026-06-13T00:31:59.095354Z","level":"info","event":"[5 rows x 7 columns]","logger":"task.stdout"}
{"timestamp":"2026-06-13T00:31:59.095651Z","level":"info","event":"Done. Returned value was: None","ti_id":"019ebe64-6197-7acd-a79d-b3371397418f","map_index":-1,"run_id":"manual__2026-06-13T00:31:50.142701+00:00","task_id":"reporte_semanal","try_number":1,"dag_id":"devoluciones_dag","logger":"airflow.task.operators.airflow.providers.standard.operators.python.PythonOperator","filename":"python.py","lineno":233}
{"timestamp":"2026-06-13T00:31:59.095845Z","level":"info","event":"::group::Post Execute","ti_id":"019ebe64-6197-7acd-a79d-b3371397418f","map_index":-1,"run_id":"manual__2026-06-13T00:31:50.142701+00:00","task_id":"reporte_semanal","try_number":1,"dag_id":"devoluciones_dag","logger":"task","filename":"task_runner.py","lineno":1288}
{"timestamp":"2026-06-13T00:31:59.116528Z","level":"info","event":"Task instance in success state","logger":"task.stdout"}
{"timestamp":"2026-06-13T00:31:59.116883Z","level":"info","event":" Previous state of the Task instance: TaskInstanceState.RUNNING","logger":"task.stdout"}
{"timestamp":"2026-06-13T00:31:59.117175Z","level":"info","event":"Task operator:<Task(PythonOperator): reporte_semanal>","logger":"task.stdout"}
{"timestamp":"2026-06-13T00:31:59.116941Z","level":"info","event":"::endgroup::","ti_id":"019ebe64-6197-7acd-a79d-b3371397418f","map_index":-1,"run_id":"manual__2026-06-13T00:31:50.142701+00:00","task_id":"reporte_semanal","try_number":1,"dag_id":"devoluciones_dag","logger":"task","filename":"task_runner.py","lineno":1896}
