{"timestamp":"2026-06-12T23:11:42.290642Z","level":"info","event":"::group::Pre Execute","logger":"task","filename":"task_runner.py","lineno":1926}
{"timestamp":"2026-06-12T23:11:42.623378Z","level":"info","event":"DAG bundles loaded: dags-folder, example_dags","task_id":"aplicar_reglas","dag_id":"devoluciones_dag","ti_id":"019ebe1a-e788-7fc8-ad44-eecb0a690fb4","map_index":-1,"run_id":"manual__2026-06-12T23:11:34.502293+00:00","try_number":1,"logger":"airflow.dag_processing.bundles.manager.DagBundlesManager","filename":"manager.py","lineno":209}
{"timestamp":"2026-06-12T23:11:42.624885Z","level":"info","event":"Filling up the DagBag from /opt/airflow/dags/devoluciones_dag.py","task_id":"aplicar_reglas","dag_id":"devoluciones_dag","ti_id":"019ebe1a-e788-7fc8-ad44-eecb0a690fb4","map_index":-1,"run_id":"manual__2026-06-12T23:11:34.502293+00:00","try_number":1,"logger":"airflow.dag_processing.dagbag.BundleDagBag","filename":"dagbag.py","lineno":469}
{"timestamp":"2026-06-12T23:11:42.655495Z","level":"warning","event":"The `airflow.operators.python.PythonOperator` attribute is deprecated. Please use `'airflow.providers.standard.operators.python.PythonOperator'`.","category":"UserWarning","filename":"/opt/airflow/dags/devoluciones_dag.py","lineno":2,"task_id":"aplicar_reglas","dag_id":"devoluciones_dag","ti_id":"019ebe1a-e788-7fc8-ad44-eecb0a690fb4","map_index":-1,"run_id":"manual__2026-06-12T23:11:34.502293+00:00","try_number":1,"logger":"py.warnings"}
{"timestamp":"2026-06-12T23:11:42.678427Z","level":"info","event":"Task instance is in running state","logger":"task.stdout"}
{"timestamp":"2026-06-12T23:11:42.678829Z","level":"info","event":" Previous state of the Task instance: TaskInstanceState.QUEUED","logger":"task.stdout"}
{"timestamp":"2026-06-12T23:11:42.679189Z","level":"info","event":"Current task name:aplicar_reglas","logger":"task.stdout"}
{"timestamp":"2026-06-12T23:11:42.679431Z","level":"info","event":"Dag name:devoluciones_dag","logger":"task.stdout"}
{"timestamp":"2026-06-12T23:11:42.678801Z","level":"info","event":"::endgroup::","task_id":"aplicar_reglas","dag_id":"devoluciones_dag","ti_id":"019ebe1a-e788-7fc8-ad44-eecb0a690fb4","map_index":-1,"run_id":"manual__2026-06-12T23:11:34.502293+00:00","try_number":1,"logger":"task","filename":"task_runner.py","lineno":1727}
{"timestamp":"2026-06-12T23:11:42.688019Z","level":"info","event":"RESULTADO DE LAS REGLAS","logger":"task.stdout"}
{"timestamp":"2026-06-12T23:11:42.695469Z","level":"info","event":"   transaction_id    monto     estado                   regla_aplicada","logger":"task.stdout"}
{"timestamp":"2026-06-12T23:11:42.695791Z","level":"info","event":"0          TXN001    150.0   APROBADA            Aprobación automática","logger":"task.stdout"}
{"timestamp":"2026-06-12T23:11:42.696061Z","level":"info","event":"1          TXN002   2500.0  PENDIENTE  Requiere aprobación del gerente","logger":"task.stdout"}
{"timestamp":"2026-06-12T23:11:42.696310Z","level":"info","event":"2          TXN003     75.5   APROBADA            Aprobación automática","logger":"task.stdout"}
{"timestamp":"2026-06-12T23:11:42.696550Z","level":"info","event":"3          TXN004   8000.0   REVISION                Revisión especial","logger":"task.stdout"}
{"timestamp":"2026-06-12T23:11:42.696831Z","level":"info","event":"4          TXN005    320.0   APROBADA            Aprobación automática","logger":"task.stdout"}
{"timestamp":"2026-06-12T23:11:42.697141Z","level":"info","event":"5          TXN006   1500.0  PENDIENTE  Requiere aprobación del gerente","logger":"task.stdout"}
{"timestamp":"2026-06-12T23:11:42.697394Z","level":"info","event":"6          TXN007     50.0   APROBADA            Aprobación automática","logger":"task.stdout"}
{"timestamp":"2026-06-12T23:11:42.697640Z","level":"info","event":"7          TXN008   6500.0   REVISION                Revisión especial","logger":"task.stdout"}
{"timestamp":"2026-06-12T23:11:42.697855Z","level":"info","event":"8          TXN009    900.0   APROBADA            Aprobación automática","logger":"task.stdout"}
{"timestamp":"2026-06-12T23:11:42.698067Z","level":"info","event":"9          TXN010   3200.0  PENDIENTE  Requiere aprobación del gerente","logger":"task.stdout"}
{"timestamp":"2026-06-12T23:11:42.698344Z","level":"info","event":"10         TXN011    200.0   APROBADA            Aprobación automática","logger":"task.stdout"}
{"timestamp":"2026-06-12T23:11:42.698567Z","level":"info","event":"11         TXN012  12000.0   REVISION                Revisión especial","logger":"task.stdout"}
{"timestamp":"2026-06-12T23:11:42.698837Z","level":"info","event":"12         TXN013    450.0   APROBADA            Aprobación automática","logger":"task.stdout"}
{"timestamp":"2026-06-12T23:11:42.699064Z","level":"info","event":"13         TXN014   1200.0  PENDIENTE  Requiere aprobación del gerente","logger":"task.stdout"}
{"timestamp":"2026-06-12T23:11:42.699262Z","level":"info","event":"14         TXN015   5500.0   REVISION                Revisión especial","logger":"task.stdout"}
{"timestamp":"2026-06-12T23:11:42.699235Z","level":"info","event":"Done. Returned value was: None","task_id":"aplicar_reglas","dag_id":"devoluciones_dag","ti_id":"019ebe1a-e788-7fc8-ad44-eecb0a690fb4","map_index":-1,"run_id":"manual__2026-06-12T23:11:34.502293+00:00","try_number":1,"logger":"airflow.task.operators.airflow.providers.standard.operators.python.PythonOperator","filename":"python.py","lineno":233}
{"timestamp":"2026-06-12T23:11:42.699367Z","level":"info","event":"::group::Post Execute","task_id":"aplicar_reglas","dag_id":"devoluciones_dag","ti_id":"019ebe1a-e788-7fc8-ad44-eecb0a690fb4","map_index":-1,"run_id":"manual__2026-06-12T23:11:34.502293+00:00","try_number":1,"logger":"task","filename":"task_runner.py","lineno":1288}
{"timestamp":"2026-06-12T23:11:42.718432Z","level":"info","event":"Task instance in success state","logger":"task.stdout"}
{"timestamp":"2026-06-12T23:11:42.718778Z","level":"info","event":" Previous state of the Task instance: TaskInstanceState.RUNNING","logger":"task.stdout"}
{"timestamp":"2026-06-12T23:11:42.719117Z","level":"info","event":"Task operator:<Task(PythonOperator): aplicar_reglas>","logger":"task.stdout"}
{"timestamp":"2026-06-12T23:11:42.718743Z","level":"info","event":"::endgroup::","task_id":"aplicar_reglas","dag_id":"devoluciones_dag","ti_id":"019ebe1a-e788-7fc8-ad44-eecb0a690fb4","map_index":-1,"run_id":"manual__2026-06-12T23:11:34.502293+00:00","try_number":1,"logger":"task","filename":"task_runner.py","lineno":1896}
