{"timestamp":"2026-06-13T01:24:41.150019Z","level":"info","event":"::group::Pre Execute","logger":"task","filename":"task_runner.py","lineno":1926}
{"timestamp":"2026-06-13T01:24:41.498389Z","level":"info","event":"DAG bundles loaded: dags-folder, example_dags","run_id":"manual__2026-06-13T01:24:35.871843+00:00","try_number":1,"dag_id":"devoluciones_dag","task_id":"aplicar_reglas","ti_id":"019ebe94-afbe-7d3d-a53c-c1d4ca9144d2","map_index":-1,"logger":"airflow.dag_processing.bundles.manager.DagBundlesManager","filename":"manager.py","lineno":209}
{"timestamp":"2026-06-13T01:24:41.500154Z","level":"info","event":"Filling up the DagBag from /opt/airflow/dags/devoluciones_dag.py","run_id":"manual__2026-06-13T01:24:35.871843+00:00","try_number":1,"dag_id":"devoluciones_dag","task_id":"aplicar_reglas","ti_id":"019ebe94-afbe-7d3d-a53c-c1d4ca9144d2","map_index":-1,"logger":"airflow.dag_processing.dagbag.BundleDagBag","filename":"dagbag.py","lineno":469}
{"timestamp":"2026-06-13T01:24:41.534140Z","level":"warning","event":"The `airflow.operators.python.PythonOperator` attribute is deprecated. Please use `'airflow.providers.standard.operators.python.PythonOperator'`.","category":"UserWarning","filename":"/opt/airflow/dags/devoluciones_dag.py","lineno":2,"run_id":"manual__2026-06-13T01:24:35.871843+00:00","try_number":1,"dag_id":"devoluciones_dag","task_id":"aplicar_reglas","ti_id":"019ebe94-afbe-7d3d-a53c-c1d4ca9144d2","map_index":-1,"logger":"py.warnings"}
{"timestamp":"2026-06-13T01:24:41.559116Z","level":"info","event":"Task instance is in running state","logger":"task.stdout"}
{"timestamp":"2026-06-13T01:24:41.559667Z","level":"info","event":" Previous state of the Task instance: TaskInstanceState.QUEUED","logger":"task.stdout"}
{"timestamp":"2026-06-13T01:24:41.560235Z","level":"info","event":"Current task name:aplicar_reglas","logger":"task.stdout"}
{"timestamp":"2026-06-13T01:24:41.560511Z","level":"info","event":"Dag name:devoluciones_dag","logger":"task.stdout"}
{"timestamp":"2026-06-13T01:24:41.559616Z","level":"info","event":"::endgroup::","run_id":"manual__2026-06-13T01:24:35.871843+00:00","try_number":1,"dag_id":"devoluciones_dag","task_id":"aplicar_reglas","ti_id":"019ebe94-afbe-7d3d-a53c-c1d4ca9144d2","map_index":-1,"logger":"task","filename":"task_runner.py","lineno":1727}
{"timestamp":"2026-06-13T01:24:42.006511Z","level":"info","event":"RESULTADO DE LAS REGLAS","logger":"task.stdout"}
{"timestamp":"2026-06-13T01:24:42.013924Z","level":"info","event":"     transaction_id  ...                                     regla_aplicada","logger":"task.stdout"}
{"timestamp":"2026-06-13T01:24:42.014365Z","level":"info","event":"0         TXN000001  ...  Marcado como posible fraude por multiples devo...","logger":"task.stdout"}
{"timestamp":"2026-06-13T01:24:42.014732Z","level":"info","event":"1         TXN000002  ...  Marcado como posible fraude por multiples devo...","logger":"task.stdout"}
{"timestamp":"2026-06-13T01:24:42.015109Z","level":"info","event":"2         TXN000003  ...  Marcado como posible fraude por multiples devo...","logger":"task.stdout"}
{"timestamp":"2026-06-13T01:24:42.015485Z","level":"info","event":"3         TXN000004  ...  Marcado como posible fraude por multiples devo...","logger":"task.stdout"}
{"timestamp":"2026-06-13T01:24:42.015797Z","level":"info","event":"4         TXN000005  ...  Marcado como posible fraude por multiples devo...","logger":"task.stdout"}
{"timestamp":"2026-06-13T01:24:42.016123Z","level":"info","event":"...             ...  ...                                                ...","logger":"task.stdout"}
{"timestamp":"2026-06-13T01:24:42.016442Z","level":"info","event":"4995      TXN004996  ...                              Aprobación automatica","logger":"task.stdout"}
{"timestamp":"2026-06-13T01:24:42.016743Z","level":"info","event":"4996      TXN004997  ...                                  Revisión especial","logger":"task.stdout"}
{"timestamp":"2026-06-13T01:24:42.017068Z","level":"info","event":"4997      TXN004998  ...                                  Revisión especial","logger":"task.stdout"}
{"timestamp":"2026-06-13T01:24:42.017423Z","level":"info","event":"4998      TXN004999  ...                              Aprobación automatica","logger":"task.stdout"}
{"timestamp":"2026-06-13T01:24:42.017744Z","level":"info","event":"4999      TXN005000  ...                              Aprobación automatica","logger":"task.stdout"}
{"timestamp":"2026-06-13T01:24:42.018016Z","level":"info","event":"","logger":"task.stdout"}
{"timestamp":"2026-06-13T01:24:42.018306Z","level":"info","event":"[5000 rows x 4 columns]","logger":"task.stdout"}
{"timestamp":"2026-06-13T01:24:42.059467Z","level":"info","event":"Done. Returned value was: None","run_id":"manual__2026-06-13T01:24:35.871843+00:00","try_number":1,"dag_id":"devoluciones_dag","task_id":"aplicar_reglas","ti_id":"019ebe94-afbe-7d3d-a53c-c1d4ca9144d2","map_index":-1,"logger":"airflow.task.operators.airflow.providers.standard.operators.python.PythonOperator","filename":"python.py","lineno":233}
{"timestamp":"2026-06-13T01:24:42.059697Z","level":"info","event":"::group::Post Execute","run_id":"manual__2026-06-13T01:24:35.871843+00:00","try_number":1,"dag_id":"devoluciones_dag","task_id":"aplicar_reglas","ti_id":"019ebe94-afbe-7d3d-a53c-c1d4ca9144d2","map_index":-1,"logger":"task","filename":"task_runner.py","lineno":1288}
{"timestamp":"2026-06-13T01:24:42.080745Z","level":"info","event":"Task instance in success state","logger":"task.stdout"}
{"timestamp":"2026-06-13T01:24:42.081206Z","level":"info","event":" Previous state of the Task instance: TaskInstanceState.RUNNING","logger":"task.stdout"}
{"timestamp":"2026-06-13T01:24:42.081509Z","level":"info","event":"Task operator:<Task(PythonOperator): aplicar_reglas>","logger":"task.stdout"}
{"timestamp":"2026-06-13T01:24:42.081062Z","level":"info","event":"::endgroup::","run_id":"manual__2026-06-13T01:24:35.871843+00:00","try_number":1,"dag_id":"devoluciones_dag","task_id":"aplicar_reglas","ti_id":"019ebe94-afbe-7d3d-a53c-c1d4ca9144d2","map_index":-1,"logger":"task","filename":"task_runner.py","lineno":1896}
