{"timestamp":"2026-06-13T00:38:48.433584Z","level":"info","event":"::group::Pre Execute","logger":"task","filename":"task_runner.py","lineno":1926}
{"timestamp":"2026-06-13T00:38:48.783775Z","level":"info","event":"DAG bundles loaded: dags-folder, example_dags","ti_id":"019ebe6a-bfd6-7907-a0ec-f5abaf6ff57d","map_index":-1,"run_id":"manual__2026-06-13T00:38:47.496296+00:00","task_id":"leer_csv","try_number":1,"dag_id":"devoluciones_dag","logger":"airflow.dag_processing.bundles.manager.DagBundlesManager","filename":"manager.py","lineno":209}
{"timestamp":"2026-06-13T00:38:48.785495Z","level":"info","event":"Filling up the DagBag from /opt/airflow/dags/devoluciones_dag.py","ti_id":"019ebe6a-bfd6-7907-a0ec-f5abaf6ff57d","map_index":-1,"run_id":"manual__2026-06-13T00:38:47.496296+00:00","task_id":"leer_csv","try_number":1,"dag_id":"devoluciones_dag","logger":"airflow.dag_processing.dagbag.BundleDagBag","filename":"dagbag.py","lineno":469}
{"timestamp":"2026-06-13T00:38:48.817101Z","level":"warning","event":"The `airflow.operators.python.PythonOperator` attribute is deprecated. Please use `'airflow.providers.standard.operators.python.PythonOperator'`.","category":"UserWarning","filename":"/opt/airflow/dags/devoluciones_dag.py","lineno":2,"ti_id":"019ebe6a-bfd6-7907-a0ec-f5abaf6ff57d","map_index":-1,"run_id":"manual__2026-06-13T00:38:47.496296+00:00","task_id":"leer_csv","try_number":1,"dag_id":"devoluciones_dag","logger":"py.warnings"}
{"timestamp":"2026-06-13T00:38:48.840295Z","level":"info","event":"Task instance is in running state","logger":"task.stdout"}
{"timestamp":"2026-06-13T00:38:48.840709Z","level":"info","event":" Previous state of the Task instance: TaskInstanceState.QUEUED","logger":"task.stdout"}
{"timestamp":"2026-06-13T00:38:48.840976Z","level":"info","event":"Current task name:leer_csv","logger":"task.stdout"}
{"timestamp":"2026-06-13T00:38:48.841182Z","level":"info","event":"Dag name:devoluciones_dag","logger":"task.stdout"}
{"timestamp":"2026-06-13T00:38:48.840824Z","level":"info","event":"::endgroup::","ti_id":"019ebe6a-bfd6-7907-a0ec-f5abaf6ff57d","map_index":-1,"run_id":"manual__2026-06-13T00:38:47.496296+00:00","task_id":"leer_csv","try_number":1,"dag_id":"devoluciones_dag","logger":"task","filename":"task_runner.py","lineno":1727}
{"timestamp":"2026-06-13T00:38:48.849003Z","level":"info","event":"Archivo leído correctamente","logger":"task.stdout"}
{"timestamp":"2026-06-13T00:38:48.862215Z","level":"info","event":"  transaction_id       fecha  ...                     descripcion     estado","logger":"task.stdout"}
{"timestamp":"2026-06-13T00:38:48.862678Z","level":"info","event":"0         TXN001  2026-06-01  ...  Devolucion compra supermercado  pendiente","logger":"task.stdout"}
{"timestamp":"2026-06-13T00:38:48.862936Z","level":"info","event":"1         TXN002  2026-06-01  ...     Devolucion electrodomestico  pendiente","logger":"task.stdout"}
{"timestamp":"2026-06-13T00:38:48.863168Z","level":"info","event":"2         TXN003  2026-06-02  ...        Devolucion ropa en linea  pendiente","logger":"task.stdout"}
{"timestamp":"2026-06-13T00:38:48.863486Z","level":"info","event":"3         TXN004  2026-06-02  ...    Devolucion equipo de computo  pendiente","logger":"task.stdout"}
{"timestamp":"2026-06-13T00:38:48.863737Z","level":"info","event":"4         TXN005  2026-06-03  ...          Devolucion restaurante  pendiente","logger":"task.stdout"}
{"timestamp":"2026-06-13T00:38:48.863988Z","level":"info","event":"","logger":"task.stdout"}
{"timestamp":"2026-06-13T00:38:48.864255Z","level":"info","event":"[5 rows x 8 columns]","logger":"task.stdout"}
{"timestamp":"2026-06-13T00:38:48.866173Z","level":"info","event":"Done. Returned value was: None","ti_id":"019ebe6a-bfd6-7907-a0ec-f5abaf6ff57d","map_index":-1,"run_id":"manual__2026-06-13T00:38:47.496296+00:00","task_id":"leer_csv","try_number":1,"dag_id":"devoluciones_dag","logger":"airflow.task.operators.airflow.providers.standard.operators.python.PythonOperator","filename":"python.py","lineno":233}
{"timestamp":"2026-06-13T00:38:48.866351Z","level":"info","event":"::group::Post Execute","ti_id":"019ebe6a-bfd6-7907-a0ec-f5abaf6ff57d","map_index":-1,"run_id":"manual__2026-06-13T00:38:47.496296+00:00","task_id":"leer_csv","try_number":1,"dag_id":"devoluciones_dag","logger":"task","filename":"task_runner.py","lineno":1288}
{"timestamp":"2026-06-13T00:38:48.886888Z","level":"info","event":"Task instance in success state","logger":"task.stdout"}
{"timestamp":"2026-06-13T00:38:48.887297Z","level":"info","event":" Previous state of the Task instance: TaskInstanceState.RUNNING","logger":"task.stdout"}
{"timestamp":"2026-06-13T00:38:48.887730Z","level":"info","event":"Task operator:<Task(PythonOperator): leer_csv>","logger":"task.stdout"}
{"timestamp":"2026-06-13T00:38:48.887214Z","level":"info","event":"::endgroup::","ti_id":"019ebe6a-bfd6-7907-a0ec-f5abaf6ff57d","map_index":-1,"run_id":"manual__2026-06-13T00:38:47.496296+00:00","task_id":"leer_csv","try_number":1,"dag_id":"devoluciones_dag","logger":"task","filename":"task_runner.py","lineno":1896}
