{"timestamp":"2026-06-12T03:35:39.724908Z","level":"info","event":"::group::Pre Execute","logger":"task","filename":"task_runner.py","lineno":1926}
{"timestamp":"2026-06-12T03:35:40.105187Z","level":"info","event":"DAG bundles loaded: dags-folder, example_dags","run_id":"manual__2026-06-12T03:35:39.255168+00:00","task_id":"leer_csv","try_number":1,"dag_id":"devoluciones_dag","map_index":-1,"ti_id":"019eb9e6-5000-7d29-8da6-5b5dd4e70ca9","logger":"airflow.dag_processing.bundles.manager.DagBundlesManager","filename":"manager.py","lineno":209}
{"timestamp":"2026-06-12T03:35:40.106828Z","level":"info","event":"Filling up the DagBag from /opt/airflow/dags/devoluciones_dag.py","run_id":"manual__2026-06-12T03:35:39.255168+00:00","task_id":"leer_csv","try_number":1,"dag_id":"devoluciones_dag","map_index":-1,"ti_id":"019eb9e6-5000-7d29-8da6-5b5dd4e70ca9","logger":"airflow.dag_processing.dagbag.BundleDagBag","filename":"dagbag.py","lineno":469}
{"timestamp":"2026-06-12T03:35:40.126191Z","level":"warning","event":"The `airflow.operators.python.PythonOperator` attribute is deprecated. Please use `'airflow.providers.standard.operators.python.PythonOperator'`.","category":"UserWarning","filename":"/opt/airflow/dags/devoluciones_dag.py","lineno":2,"run_id":"manual__2026-06-12T03:35:39.255168+00:00","task_id":"leer_csv","try_number":1,"dag_id":"devoluciones_dag","map_index":-1,"ti_id":"019eb9e6-5000-7d29-8da6-5b5dd4e70ca9","logger":"py.warnings"}
{"timestamp":"2026-06-12T03:35:40.146622Z","level":"info","event":"Task instance is in running state","logger":"task.stdout"}
{"timestamp":"2026-06-12T03:35:40.146975Z","level":"info","event":" Previous state of the Task instance: TaskInstanceState.QUEUED","logger":"task.stdout"}
{"timestamp":"2026-06-12T03:35:40.147279Z","level":"info","event":"Current task name:leer_csv","logger":"task.stdout"}
{"timestamp":"2026-06-12T03:35:40.147524Z","level":"info","event":"Dag name:devoluciones_dag","logger":"task.stdout"}
{"timestamp":"2026-06-12T03:35:40.146988Z","level":"info","event":"::endgroup::","run_id":"manual__2026-06-12T03:35:39.255168+00:00","task_id":"leer_csv","try_number":1,"dag_id":"devoluciones_dag","map_index":-1,"ti_id":"019eb9e6-5000-7d29-8da6-5b5dd4e70ca9","logger":"task","filename":"task_runner.py","lineno":1727}
{"timestamp":"2026-06-12T03:35:40.154593Z","level":"info","event":"Archivo leído correctamente","logger":"task.stdout"}
{"timestamp":"2026-06-12T03:35:40.164073Z","level":"info","event":"  transaction_id       fecha  ...                     descripcion     estado","logger":"task.stdout"}
{"timestamp":"2026-06-12T03:35:40.164376Z","level":"info","event":"0         TXN001  2026-06-01  ...  Devolucion compra supermercado  pendiente","logger":"task.stdout"}
{"timestamp":"2026-06-12T03:35:40.164578Z","level":"info","event":"1         TXN002  2026-06-01  ...     Devolucion electrodomestico  pendiente","logger":"task.stdout"}
{"timestamp":"2026-06-12T03:35:40.164747Z","level":"info","event":"2         TXN003  2026-06-02  ...        Devolucion ropa en linea  pendiente","logger":"task.stdout"}
{"timestamp":"2026-06-12T03:35:40.164994Z","level":"info","event":"3         TXN004  2026-06-02  ...    Devolucion equipo de computo  pendiente","logger":"task.stdout"}
{"timestamp":"2026-06-12T03:35:40.165215Z","level":"info","event":"4         TXN005  2026-06-03  ...          Devolucion restaurante  pendiente","logger":"task.stdout"}
{"timestamp":"2026-06-12T03:35:40.165422Z","level":"info","event":"","logger":"task.stdout"}
{"timestamp":"2026-06-12T03:35:40.165696Z","level":"info","event":"[5 rows x 9 columns]","logger":"task.stdout"}
{"timestamp":"2026-06-12T03:35:40.167372Z","level":"info","event":"Done. Returned value was: None","run_id":"manual__2026-06-12T03:35:39.255168+00:00","task_id":"leer_csv","try_number":1,"dag_id":"devoluciones_dag","map_index":-1,"ti_id":"019eb9e6-5000-7d29-8da6-5b5dd4e70ca9","logger":"airflow.task.operators.airflow.providers.standard.operators.python.PythonOperator","filename":"python.py","lineno":233}
{"timestamp":"2026-06-12T03:35:40.167559Z","level":"info","event":"::group::Post Execute","run_id":"manual__2026-06-12T03:35:39.255168+00:00","task_id":"leer_csv","try_number":1,"dag_id":"devoluciones_dag","map_index":-1,"ti_id":"019eb9e6-5000-7d29-8da6-5b5dd4e70ca9","logger":"task","filename":"task_runner.py","lineno":1288}
{"timestamp":"2026-06-12T03:35:40.184244Z","level":"info","event":"Task instance in success state","logger":"task.stdout"}
{"timestamp":"2026-06-12T03:35:40.184497Z","level":"info","event":" Previous state of the Task instance: TaskInstanceState.RUNNING","logger":"task.stdout"}
{"timestamp":"2026-06-12T03:35:40.184730Z","level":"info","event":"Task operator:<Task(PythonOperator): leer_csv>","logger":"task.stdout"}
{"timestamp":"2026-06-12T03:35:40.184551Z","level":"info","event":"::endgroup::","run_id":"manual__2026-06-12T03:35:39.255168+00:00","task_id":"leer_csv","try_number":1,"dag_id":"devoluciones_dag","map_index":-1,"ti_id":"019eb9e6-5000-7d29-8da6-5b5dd4e70ca9","logger":"task","filename":"task_runner.py","lineno":1896}
