{"timestamp":"2026-06-13T01:09:03.762726Z","level":"info","event":"::group::Pre Execute","logger":"task","filename":"task_runner.py","lineno":1926}
{"timestamp":"2026-06-13T01:09:04.274359Z","level":"info","event":"DAG bundles loaded: dags-folder, example_dags","dag_id":"devoluciones_dag","try_number":1,"ti_id":"019ebe86-54fc-7c83-a832-08bcc7570f97","run_id":"manual__2026-06-13T01:08:55.145492+00:00","map_index":-1,"task_id":"reporte_semanal","logger":"airflow.dag_processing.bundles.manager.DagBundlesManager","filename":"manager.py","lineno":209}
{"timestamp":"2026-06-13T01:09:04.277547Z","level":"info","event":"Filling up the DagBag from /opt/airflow/dags/devoluciones_dag.py","dag_id":"devoluciones_dag","try_number":1,"ti_id":"019ebe86-54fc-7c83-a832-08bcc7570f97","run_id":"manual__2026-06-13T01:08:55.145492+00:00","map_index":-1,"task_id":"reporte_semanal","logger":"airflow.dag_processing.dagbag.BundleDagBag","filename":"dagbag.py","lineno":469}
{"timestamp":"2026-06-13T01:09:04.321653Z","level":"warning","event":"The `airflow.operators.python.PythonOperator` attribute is deprecated. Please use `'airflow.providers.standard.operators.python.PythonOperator'`.","category":"UserWarning","filename":"/opt/airflow/dags/devoluciones_dag.py","lineno":2,"dag_id":"devoluciones_dag","try_number":1,"ti_id":"019ebe86-54fc-7c83-a832-08bcc7570f97","run_id":"manual__2026-06-13T01:08:55.145492+00:00","map_index":-1,"task_id":"reporte_semanal","logger":"py.warnings"}
{"timestamp":"2026-06-13T01:09:04.379512Z","level":"info","event":"Task instance is in running state","logger":"task.stdout"}
{"timestamp":"2026-06-13T01:09:04.379912Z","level":"info","event":" Previous state of the Task instance: TaskInstanceState.QUEUED","logger":"task.stdout"}
{"timestamp":"2026-06-13T01:09:04.380148Z","level":"info","event":"Current task name:reporte_semanal","logger":"task.stdout"}
{"timestamp":"2026-06-13T01:09:04.380349Z","level":"info","event":"Dag name:devoluciones_dag","logger":"task.stdout"}
{"timestamp":"2026-06-13T01:09:04.379947Z","level":"info","event":"::endgroup::","dag_id":"devoluciones_dag","try_number":1,"ti_id":"019ebe86-54fc-7c83-a832-08bcc7570f97","run_id":"manual__2026-06-13T01:08:55.145492+00:00","map_index":-1,"task_id":"reporte_semanal","logger":"task","filename":"task_runner.py","lineno":1727}
{"timestamp":"2026-06-13T01:09:04.523291Z","level":"info","event":"","logger":"task.stdout"}
{"timestamp":"2026-06-13T01:09:04.531211Z","level":"info","event":"REPORTE SEMANAL","logger":"task.stdout"}
{"timestamp":"2026-06-13T01:09:04.544603Z","level":"info","event":"   fecha_inicio  fecha_fin  total_devoluciones  ...  pendientes  revision  fraude","logger":"task.stdout"}
{"timestamp":"2026-06-13T01:09:04.545066Z","level":"info","event":"0    2025-12-29 2026-01-04                 123  ...          33        26       3","logger":"task.stdout"}
{"timestamp":"2026-06-13T01:09:04.545485Z","level":"info","event":"1    2026-01-05 2026-01-11                 231  ...          70        49      17","logger":"task.stdout"}
{"timestamp":"2026-06-13T01:09:04.546003Z","level":"info","event":"2    2026-01-12 2026-01-18                 228  ...          54        46      32","logger":"task.stdout"}
{"timestamp":"2026-06-13T01:09:04.546298Z","level":"info","event":"3    2026-01-19 2026-01-25                 220  ...          67        37      36","logger":"task.stdout"}
{"timestamp":"2026-06-13T01:09:04.550899Z","level":"info","event":"4    2026-01-26 2026-02-01                 225  ...          56        41      44","logger":"task.stdout"}
{"timestamp":"2026-06-13T01:09:04.551294Z","level":"info","event":"5    2026-02-02 2026-02-08                 206  ...          59        31      29","logger":"task.stdout"}
{"timestamp":"2026-06-13T01:09:04.551576Z","level":"info","event":"6    2026-02-09 2026-02-15                 237  ...          60        41      36","logger":"task.stdout"}
{"timestamp":"2026-06-13T01:09:04.551852Z","level":"info","event":"7    2026-02-16 2026-02-22                 216  ...          54        45      32","logger":"task.stdout"}
{"timestamp":"2026-06-13T01:09:04.552093Z","level":"info","event":"8    2026-02-23 2026-03-01                 224  ...          59        39      35","logger":"task.stdout"}
{"timestamp":"2026-06-13T01:09:04.552398Z","level":"info","event":"9    2026-03-02 2026-03-08                 178  ...          57        30      12","logger":"task.stdout"}
{"timestamp":"2026-06-13T01:09:04.552702Z","level":"info","event":"10   2026-03-09 2026-03-15                 198  ...          64        39      32","logger":"task.stdout"}
{"timestamp":"2026-06-13T01:09:04.552973Z","level":"info","event":"11   2026-03-16 2026-03-22                 200  ...          63        31      37","logger":"task.stdout"}
{"timestamp":"2026-06-13T01:09:04.553248Z","level":"info","event":"12   2026-03-23 2026-03-29                 222  ...          58        39      27","logger":"task.stdout"}
{"timestamp":"2026-06-13T01:09:04.559994Z","level":"info","event":"13   2026-03-30 2026-04-05                 203  ...          67        36      19","logger":"task.stdout"}
{"timestamp":"2026-06-13T01:09:04.560422Z","level":"info","event":"14   2026-04-06 2026-04-12                 197  ...          63        40      14","logger":"task.stdout"}
{"timestamp":"2026-06-13T01:09:04.566058Z","level":"info","event":"15   2026-04-13 2026-04-19                 211  ...          65        45       8","logger":"task.stdout"}
{"timestamp":"2026-06-13T01:09:04.567072Z","level":"info","event":"16   2026-04-20 2026-04-26                 192  ...          69        37      10","logger":"task.stdout"}
{"timestamp":"2026-06-13T01:09:04.568646Z","level":"info","event":"17   2026-04-27 2026-05-03                 184  ...          59        34       6","logger":"task.stdout"}
{"timestamp":"2026-06-13T01:09:04.569106Z","level":"info","event":"18   2026-05-04 2026-05-10                 238  ...          80        43       9","logger":"task.stdout"}
{"timestamp":"2026-06-13T01:09:04.569429Z","level":"info","event":"19   2026-05-11 2026-05-17                 235  ...          65        33      52","logger":"task.stdout"}
{"timestamp":"2026-06-13T01:09:04.569688Z","level":"info","event":"20   2026-05-18 2026-05-24                 252  ...          67        38      44","logger":"task.stdout"}
{"timestamp":"2026-06-13T01:09:04.569928Z","level":"info","event":"21   2026-05-25 2026-05-31                 198  ...          53        34      33","logger":"task.stdout"}
{"timestamp":"2026-06-13T01:09:04.570213Z","level":"info","event":"22   2026-06-01 2026-06-07                 238  ...          66        37      44","logger":"task.stdout"}
{"timestamp":"2026-06-13T01:09:04.570521Z","level":"info","event":"23   2026-06-08 2026-06-14                 144  ...          42        33       3","logger":"task.stdout"}
{"timestamp":"2026-06-13T01:09:04.570840Z","level":"info","event":"","logger":"task.stdout"}
{"timestamp":"2026-06-13T01:09:04.571144Z","level":"info","event":"[24 rows x 8 columns]","logger":"task.stdout"}
{"timestamp":"2026-06-13T01:09:04.548172Z","level":"info","event":"Done. Returned value was: None","dag_id":"devoluciones_dag","try_number":1,"ti_id":"019ebe86-54fc-7c83-a832-08bcc7570f97","run_id":"manual__2026-06-13T01:08:55.145492+00:00","map_index":-1,"task_id":"reporte_semanal","logger":"airflow.task.operators.airflow.providers.standard.operators.python.PythonOperator","filename":"python.py","lineno":233}
{"timestamp":"2026-06-13T01:09:04.548430Z","level":"info","event":"::group::Post Execute","dag_id":"devoluciones_dag","try_number":1,"ti_id":"019ebe86-54fc-7c83-a832-08bcc7570f97","run_id":"manual__2026-06-13T01:08:55.145492+00:00","map_index":-1,"task_id":"reporte_semanal","logger":"task","filename":"task_runner.py","lineno":1288}
{"timestamp":"2026-06-13T01:09:04.597308Z","level":"info","event":"Task instance in success state","logger":"task.stdout"}
{"timestamp":"2026-06-13T01:09:04.597727Z","level":"info","event":" Previous state of the Task instance: TaskInstanceState.RUNNING","logger":"task.stdout"}
{"timestamp":"2026-06-13T01:09:04.598122Z","level":"info","event":"Task operator:<Task(PythonOperator): reporte_semanal>","logger":"task.stdout"}
{"timestamp":"2026-06-13T01:09:04.597655Z","level":"info","event":"::endgroup::","dag_id":"devoluciones_dag","try_number":1,"ti_id":"019ebe86-54fc-7c83-a832-08bcc7570f97","run_id":"manual__2026-06-13T01:08:55.145492+00:00","map_index":-1,"task_id":"reporte_semanal","logger":"task","filename":"task_runner.py","lineno":1896}
