{"timestamp":"2026-06-12T23:13:52.656442Z","level":"info","event":"::group::Pre Execute","logger":"task","filename":"task_runner.py","lineno":1926}
{"timestamp":"2026-06-12T23:13:53.004832Z","level":"info","event":"DAG bundles loaded: dags-folder, example_dags","dag_id":"devoluciones_dag","try_number":1,"ti_id":"019ebe1c-e6c6-7afe-a9df-bc15180a665f","run_id":"manual__2026-06-12T23:13:45.650282+00:00","map_index":-1,"task_id":"reporte_semanal","logger":"airflow.dag_processing.bundles.manager.DagBundlesManager","filename":"manager.py","lineno":209}
{"timestamp":"2026-06-12T23:13:53.006394Z","level":"info","event":"Filling up the DagBag from /opt/airflow/dags/devoluciones_dag.py","dag_id":"devoluciones_dag","try_number":1,"ti_id":"019ebe1c-e6c6-7afe-a9df-bc15180a665f","run_id":"manual__2026-06-12T23:13:45.650282+00:00","map_index":-1,"task_id":"reporte_semanal","logger":"airflow.dag_processing.dagbag.BundleDagBag","filename":"dagbag.py","lineno":469}
{"timestamp":"2026-06-12T23:13:53.037340Z","level":"warning","event":"The `airflow.operators.python.PythonOperator` attribute is deprecated. Please use `'airflow.providers.standard.operators.python.PythonOperator'`.","category":"UserWarning","filename":"/opt/airflow/dags/devoluciones_dag.py","lineno":2,"dag_id":"devoluciones_dag","try_number":1,"ti_id":"019ebe1c-e6c6-7afe-a9df-bc15180a665f","run_id":"manual__2026-06-12T23:13:45.650282+00:00","map_index":-1,"task_id":"reporte_semanal","logger":"py.warnings"}
{"timestamp":"2026-06-12T23:13:53.058189Z","level":"info","event":"Task instance is in running state","logger":"task.stdout"}
{"timestamp":"2026-06-12T23:13:53.058623Z","level":"info","event":" Previous state of the Task instance: TaskInstanceState.QUEUED","logger":"task.stdout"}
{"timestamp":"2026-06-12T23:13:53.058930Z","level":"info","event":"Current task name:reporte_semanal","logger":"task.stdout"}
{"timestamp":"2026-06-12T23:13:53.059175Z","level":"info","event":"Dag name:devoluciones_dag","logger":"task.stdout"}
{"timestamp":"2026-06-12T23:13:53.058606Z","level":"info","event":"::endgroup::","dag_id":"devoluciones_dag","try_number":1,"ti_id":"019ebe1c-e6c6-7afe-a9df-bc15180a665f","run_id":"manual__2026-06-12T23:13:45.650282+00:00","map_index":-1,"task_id":"reporte_semanal","logger":"task","filename":"task_runner.py","lineno":1727}
{"timestamp":"2026-06-12T23:13:53.083615Z","level":"info","event":"","logger":"task.stdout"}
{"timestamp":"2026-06-12T23:13:53.083914Z","level":"info","event":"REPORTE SEMANAL","logger":"task.stdout"}
{"timestamp":"2026-06-12T23:13:53.089325Z","level":"info","event":"       fecha  total_devoluciones  monto_total  aprobadas  pendientes  revision","logger":"task.stdout"}
{"timestamp":"2026-06-12T23:13:53.089555Z","level":"info","event":"0 2026-06-07                  14      37045.5          7           4         3","logger":"task.stdout"}
{"timestamp":"2026-06-12T23:13:53.089853Z","level":"info","event":"1 2026-06-14                   1       5500.0          0           0         1","logger":"task.stdout"}
{"timestamp":"2026-06-12T23:13:53.090103Z","level":"info","event":"Done. Returned value was: None","dag_id":"devoluciones_dag","try_number":1,"ti_id":"019ebe1c-e6c6-7afe-a9df-bc15180a665f","run_id":"manual__2026-06-12T23:13:45.650282+00:00","map_index":-1,"task_id":"reporte_semanal","logger":"airflow.task.operators.airflow.providers.standard.operators.python.PythonOperator","filename":"python.py","lineno":233}
{"timestamp":"2026-06-12T23:13:53.090247Z","level":"info","event":"::group::Post Execute","dag_id":"devoluciones_dag","try_number":1,"ti_id":"019ebe1c-e6c6-7afe-a9df-bc15180a665f","run_id":"manual__2026-06-12T23:13:45.650282+00:00","map_index":-1,"task_id":"reporte_semanal","logger":"task","filename":"task_runner.py","lineno":1288}
{"timestamp":"2026-06-12T23:13:53.108830Z","level":"info","event":"Task instance in success state","logger":"task.stdout"}
{"timestamp":"2026-06-12T23:13:53.109192Z","level":"info","event":" Previous state of the Task instance: TaskInstanceState.RUNNING","logger":"task.stdout"}
{"timestamp":"2026-06-12T23:13:53.109621Z","level":"info","event":"Task operator:<Task(PythonOperator): reporte_semanal>","logger":"task.stdout"}
{"timestamp":"2026-06-12T23:13:53.109232Z","level":"info","event":"::endgroup::","dag_id":"devoluciones_dag","try_number":1,"ti_id":"019ebe1c-e6c6-7afe-a9df-bc15180a665f","run_id":"manual__2026-06-12T23:13:45.650282+00:00","map_index":-1,"task_id":"reporte_semanal","logger":"task","filename":"task_runner.py","lineno":1896}
