{"timestamp":"2026-06-12T23:12:44.449166Z","level":"info","event":"::group::Pre Execute","logger":"task","filename":"task_runner.py","lineno":1926}
{"timestamp":"2026-06-12T23:12:44.748057Z","level":"info","event":"DAG bundles loaded: dags-folder, example_dags","ti_id":"019ebe1b-ecb0-75c0-b992-90364e03add8","run_id":"manual__2026-06-12T23:12:41.631809+00:00","dag_id":"devoluciones_dag","task_id":"aplicar_reglas","try_number":1,"map_index":-1,"logger":"airflow.dag_processing.bundles.manager.DagBundlesManager","filename":"manager.py","lineno":209}
{"timestamp":"2026-06-12T23:12:44.749726Z","level":"info","event":"Filling up the DagBag from /opt/airflow/dags/devoluciones_dag.py","ti_id":"019ebe1b-ecb0-75c0-b992-90364e03add8","run_id":"manual__2026-06-12T23:12:41.631809+00:00","dag_id":"devoluciones_dag","task_id":"aplicar_reglas","try_number":1,"map_index":-1,"logger":"airflow.dag_processing.dagbag.BundleDagBag","filename":"dagbag.py","lineno":469}
{"timestamp":"2026-06-12T23:12:44.778111Z","level":"warning","event":"The `airflow.operators.python.PythonOperator` attribute is deprecated. Please use `'airflow.providers.standard.operators.python.PythonOperator'`.","category":"UserWarning","filename":"/opt/airflow/dags/devoluciones_dag.py","lineno":2,"ti_id":"019ebe1b-ecb0-75c0-b992-90364e03add8","run_id":"manual__2026-06-12T23:12:41.631809+00:00","dag_id":"devoluciones_dag","task_id":"aplicar_reglas","try_number":1,"map_index":-1,"logger":"py.warnings"}
{"timestamp":"2026-06-12T23:12:44.797409Z","level":"info","event":"Task instance is in running state","logger":"task.stdout"}
{"timestamp":"2026-06-12T23:12:44.797781Z","level":"info","event":" Previous state of the Task instance: TaskInstanceState.QUEUED","logger":"task.stdout"}
{"timestamp":"2026-06-12T23:12:44.798158Z","level":"info","event":"Current task name:aplicar_reglas","logger":"task.stdout"}
{"timestamp":"2026-06-12T23:12:44.798385Z","level":"info","event":"Dag name:devoluciones_dag","logger":"task.stdout"}
{"timestamp":"2026-06-12T23:12:44.797733Z","level":"info","event":"::endgroup::","ti_id":"019ebe1b-ecb0-75c0-b992-90364e03add8","run_id":"manual__2026-06-12T23:12:41.631809+00:00","dag_id":"devoluciones_dag","task_id":"aplicar_reglas","try_number":1,"map_index":-1,"logger":"task","filename":"task_runner.py","lineno":1727}
{"timestamp":"2026-06-12T23:12:44.806363Z","level":"info","event":"RESULTADO DE LAS REGLAS","logger":"task.stdout"}
{"timestamp":"2026-06-12T23:12:44.812588Z","level":"info","event":"   transaction_id    monto     estado                   regla_aplicada","logger":"task.stdout"}
{"timestamp":"2026-06-12T23:12:44.812815Z","level":"info","event":"0          TXN001    150.0   APROBADA            Aprobación automática","logger":"task.stdout"}
{"timestamp":"2026-06-12T23:12:44.813104Z","level":"info","event":"1          TXN002   2500.0  PENDIENTE  Requiere aprobación del gerente","logger":"task.stdout"}
{"timestamp":"2026-06-12T23:12:44.813406Z","level":"info","event":"2          TXN003     75.5   APROBADA            Aprobación automática","logger":"task.stdout"}
{"timestamp":"2026-06-12T23:12:44.813686Z","level":"info","event":"3          TXN004   8000.0   REVISION                Revisión especial","logger":"task.stdout"}
{"timestamp":"2026-06-12T23:12:44.813916Z","level":"info","event":"4          TXN005    320.0   APROBADA            Aprobación automática","logger":"task.stdout"}
{"timestamp":"2026-06-12T23:12:44.814192Z","level":"info","event":"5          TXN006   1500.0  PENDIENTE  Requiere aprobación del gerente","logger":"task.stdout"}
{"timestamp":"2026-06-12T23:12:44.814502Z","level":"info","event":"6          TXN007     50.0   APROBADA            Aprobación automática","logger":"task.stdout"}
{"timestamp":"2026-06-12T23:12:44.814690Z","level":"info","event":"7          TXN008   6500.0   REVISION                Revisión especial","logger":"task.stdout"}
{"timestamp":"2026-06-12T23:12:44.814868Z","level":"info","event":"8          TXN009    900.0   APROBADA            Aprobación automática","logger":"task.stdout"}
{"timestamp":"2026-06-12T23:12:44.815029Z","level":"info","event":"9          TXN010   3200.0  PENDIENTE  Requiere aprobación del gerente","logger":"task.stdout"}
{"timestamp":"2026-06-12T23:12:44.815208Z","level":"info","event":"10         TXN011    200.0   APROBADA            Aprobación automática","logger":"task.stdout"}
{"timestamp":"2026-06-12T23:12:44.815378Z","level":"info","event":"11         TXN012  12000.0   REVISION                Revisión especial","logger":"task.stdout"}
{"timestamp":"2026-06-12T23:12:44.815528Z","level":"info","event":"12         TXN013    450.0   APROBADA            Aprobación automática","logger":"task.stdout"}
{"timestamp":"2026-06-12T23:12:44.815770Z","level":"info","event":"13         TXN014   1200.0  PENDIENTE  Requiere aprobación del gerente","logger":"task.stdout"}
{"timestamp":"2026-06-12T23:12:44.815980Z","level":"info","event":"14         TXN015   5500.0   REVISION                Revisión especial","logger":"task.stdout"}
{"timestamp":"2026-06-12T23:12:44.816034Z","level":"info","event":"Done. Returned value was: None","ti_id":"019ebe1b-ecb0-75c0-b992-90364e03add8","run_id":"manual__2026-06-12T23:12:41.631809+00:00","dag_id":"devoluciones_dag","task_id":"aplicar_reglas","try_number":1,"map_index":-1,"logger":"airflow.task.operators.airflow.providers.standard.operators.python.PythonOperator","filename":"python.py","lineno":233}
{"timestamp":"2026-06-12T23:12:44.816154Z","level":"info","event":"::group::Post Execute","ti_id":"019ebe1b-ecb0-75c0-b992-90364e03add8","run_id":"manual__2026-06-12T23:12:41.631809+00:00","dag_id":"devoluciones_dag","task_id":"aplicar_reglas","try_number":1,"map_index":-1,"logger":"task","filename":"task_runner.py","lineno":1288}
{"timestamp":"2026-06-12T23:12:44.832352Z","level":"info","event":"Task instance in success state","logger":"task.stdout"}
{"timestamp":"2026-06-12T23:12:44.832763Z","level":"info","event":" Previous state of the Task instance: TaskInstanceState.RUNNING","logger":"task.stdout"}
{"timestamp":"2026-06-12T23:12:44.833105Z","level":"info","event":"Task operator:<Task(PythonOperator): aplicar_reglas>","logger":"task.stdout"}
{"timestamp":"2026-06-12T23:12:44.832638Z","level":"info","event":"::endgroup::","ti_id":"019ebe1b-ecb0-75c0-b992-90364e03add8","run_id":"manual__2026-06-12T23:12:41.631809+00:00","dag_id":"devoluciones_dag","task_id":"aplicar_reglas","try_number":1,"map_index":-1,"logger":"task","filename":"task_runner.py","lineno":1896}
