{"timestamp":"2026-06-16T17:52:23.072998Z","level":"info","event":"::group::Pre Execute","logger":"task","filename":"task_runner.py","lineno":1926}
{"timestamp":"2026-06-16T17:52:23.374577Z","level":"info","event":"DAG bundles loaded: dags-folder, example_dags","dag_id":"devoluciones_dag","task_id":"generar_reportes","ti_id":"019ed18f-ed43-7d8e-892a-02f49722629b","run_id":"manual__2026-06-16T17:52:11.051924+00:00","try_number":1,"map_index":-1,"logger":"airflow.dag_processing.bundles.manager.DagBundlesManager","filename":"manager.py","lineno":209}
{"timestamp":"2026-06-16T17:52:23.375796Z","level":"info","event":"Filling up the DagBag from /opt/airflow/dags/devoluciones_dag.py","dag_id":"devoluciones_dag","task_id":"generar_reportes","ti_id":"019ed18f-ed43-7d8e-892a-02f49722629b","run_id":"manual__2026-06-16T17:52:11.051924+00:00","try_number":1,"map_index":-1,"logger":"airflow.dag_processing.dagbag.BundleDagBag","filename":"dagbag.py","lineno":469}
{"timestamp":"2026-06-16T17:52:23.403849Z","level":"warning","event":"The `airflow.operators.python.PythonOperator` attribute is deprecated. Please use `'airflow.providers.standard.operators.python.PythonOperator'`.","category":"UserWarning","filename":"/opt/airflow/dags/devoluciones_dag.py","lineno":2,"dag_id":"devoluciones_dag","task_id":"generar_reportes","ti_id":"019ed18f-ed43-7d8e-892a-02f49722629b","run_id":"manual__2026-06-16T17:52:11.051924+00:00","try_number":1,"map_index":-1,"logger":"py.warnings"}
{"timestamp":"2026-06-16T17:52:23.423070Z","level":"info","event":"Task instance is in running state","logger":"task.stdout"}
{"timestamp":"2026-06-16T17:52:23.423441Z","level":"info","event":" Previous state of the Task instance: TaskInstanceState.QUEUED","logger":"task.stdout"}
{"timestamp":"2026-06-16T17:52:23.423826Z","level":"info","event":"Current task name:generar_reportes","logger":"task.stdout"}
{"timestamp":"2026-06-16T17:52:23.424129Z","level":"info","event":"Dag name:devoluciones_dag","logger":"task.stdout"}
{"timestamp":"2026-06-16T17:52:23.423432Z","level":"info","event":"::endgroup::","dag_id":"devoluciones_dag","task_id":"generar_reportes","ti_id":"019ed18f-ed43-7d8e-892a-02f49722629b","run_id":"manual__2026-06-16T17:52:11.051924+00:00","try_number":1,"map_index":-1,"logger":"task","filename":"task_runner.py","lineno":1727}
{"timestamp":"2026-06-16T17:52:23.607137Z","level":"info","event":"","logger":"task.stdout"}
{"timestamp":"2026-06-16T17:52:23.607423Z","level":"info","event":"REPORTE DIARIO","logger":"task.stdout"}
{"timestamp":"2026-06-16T17:52:23.615105Z","level":"info","event":"             fecha  total_devoluciones  ...  fraude  pendientes","logger":"task.stdout"}
{"timestamp":"2026-06-16T17:52:23.615451Z","level":"info","event":"0          1767225                   8  ...       0           0","logger":"task.stdout"}
{"timestamp":"2026-06-16T17:52:23.615769Z","level":"info","event":"1    1767225600000                  23  ...       0           0","logger":"task.stdout"}
{"timestamp":"2026-06-16T17:52:23.616095Z","level":"info","event":"2          1767312                   4  ...       0           0","logger":"task.stdout"}
{"timestamp":"2026-06-16T17:52:23.616409Z","level":"info","event":"3    1767312000000                  26  ...       0           0","logger":"task.stdout"}
{"timestamp":"2026-06-16T17:52:23.616736Z","level":"info","event":"4          1767398                   3  ...       0           0","logger":"task.stdout"}
{"timestamp":"2026-06-16T17:52:23.616972Z","level":"info","event":"..             ...                 ...  ...     ...         ...","logger":"task.stdout"}
{"timestamp":"2026-06-16T17:52:23.617207Z","level":"info","event":"352     2026-05-13                   1  ...       0           0","logger":"task.stdout"}
{"timestamp":"2026-06-16T17:52:23.617511Z","level":"info","event":"353     2026-05-14                   1  ...       0           0","logger":"task.stdout"}
{"timestamp":"2026-06-16T17:52:23.617770Z","level":"info","event":"354     2026-05-15                   1  ...       0           0","logger":"task.stdout"}
{"timestamp":"2026-06-16T17:52:23.618048Z","level":"info","event":"355     2026-05-23                   1  ...       0           0","logger":"task.stdout"}
{"timestamp":"2026-06-16T17:52:23.618285Z","level":"info","event":"356     2026-06-08                   1  ...       0           0","logger":"task.stdout"}
{"timestamp":"2026-06-16T17:52:23.618502Z","level":"info","event":"","logger":"task.stdout"}
{"timestamp":"2026-06-16T17:52:23.618727Z","level":"info","event":"[357 rows x 7 columns]","logger":"task.stdout"}
{"timestamp":"2026-06-16T17:52:23.616308Z","level":"warning","event":"Could not infer format, so each element will be parsed individually, falling back to `dateutil`. To ensure parsing is consistent and as-expected, please specify a format.","category":"UserWarning","filename":"/opt/airflow/dags/../scripts/reportes.py","lineno":35,"dag_id":"devoluciones_dag","task_id":"generar_reportes","ti_id":"019ed18f-ed43-7d8e-892a-02f49722629b","run_id":"manual__2026-06-16T17:52:11.051924+00:00","try_number":1,"map_index":-1,"logger":"py.warnings"}
{"timestamp":"2026-06-16T17:52:23.617307Z","level":"error","event":"Task failed with exception","dag_id":"devoluciones_dag","task_id":"generar_reportes","ti_id":"019ed18f-ed43-7d8e-892a-02f49722629b","run_id":"manual__2026-06-16T17:52:11.051924+00:00","try_number":1,"map_index":-1,"logger":"task","filename":"task_runner.py","lineno":1381,"error_detail":[{"exc_type":"OutOfBoundsDatetime","exc_value":"Parsing \"1773792000000\" to datetime overflows, at position 0","exc_notes":[],"syntax_error":null,"is_cause":false,"frames":[{"filename":"/home/airflow/.local/lib/python3.13/site-packages/airflow/sdk/execution_time/task_runner.py","lineno":1287,"name":"run"},{"filename":"/home/airflow/.local/lib/python3.13/site-packages/airflow/sdk/execution_time/task_runner.py","lineno":1745,"name":"_execute_task"},{"filename":"/home/airflow/.local/lib/python3.13/site-packages/airflow/sdk/bases/operator.py","lineno":443,"name":"wrapper"},{"filename":"/home/airflow/.local/lib/python3.13/site-packages/airflow/providers/standard/operators/python.py","lineno":231,"name":"execute"},{"filename":"/home/airflow/.local/lib/python3.13/site-packages/airflow/providers/standard/operators/python.py","lineno":254,"name":"execute_callable"},{"filename":"/home/airflow/.local/lib/python3.13/site-packages/airflow/sdk/execution_time/callback_runner.py","lineno":97,"name":"run"},{"filename":"/opt/airflow/scripts/reportes.py","lineno":35,"name":"generar_reportes"},{"filename":"/home/airflow/.local/lib/python3.13/site-packages/pandas/core/tools/datetimes.py","lineno":1068,"name":"to_datetime"},{"filename":"/home/airflow/.local/lib/python3.13/site-packages/pandas/core/tools/datetimes.py","lineno":249,"name":"_maybe_cache"},{"filename":"/home/airflow/.local/lib/python3.13/site-packages/pandas/core/tools/datetimes.py","lineno":437,"name":"_convert_listlike_datetimes"},{"filename":"/home/airflow/.local/lib/python3.13/site-packages/pandas/core/arrays/datetimes.py","lineno":2415,"name":"objects_to_datetime64"},{"filename":"/opt/airflow/pandas/_libs/tslib.pyx","lineno":412,"name":"pandas._libs.tslib.array_to_datetime"},{"filename":"/opt/airflow/pandas/_libs/tslib.pyx","lineno":596,"name":"pandas._libs.tslib.array_to_datetime"},{"filename":"/opt/airflow/pandas/_libs/tslib.pyx","lineno":553,"name":"pandas._libs.tslib.array_to_datetime"},{"filename":"/opt/airflow/pandas/_libs/tslibs/conversion.pyx","lineno":641,"name":"pandas._libs.tslibs.conversion.convert_str_to_tsobject"},{"filename":"/opt/airflow/pandas/_libs/tslibs/parsing.pyx","lineno":336,"name":"pandas._libs.tslibs.parsing.parse_datetime_string"},{"filename":"/opt/airflow/pandas/_libs/tslibs/parsing.pyx","lineno":692,"name":"pandas._libs.tslibs.parsing.dateutil_parse"}],"is_group":false,"exceptions":[]},{"exc_type":"OverflowError","exc_value":"Python int too large to convert to C int","exc_notes":[],"syntax_error":null,"is_cause":true,"frames":[{"filename":"/opt/airflow/pandas/_libs/tslibs/parsing.pyx","lineno":684,"name":"pandas._libs.tslibs.parsing.dateutil_parse"}],"is_group":false,"exceptions":[]}]}
{"timestamp":"2026-06-16T17:52:23.617765Z","level":"info","event":"::group::Post Execute","dag_id":"devoluciones_dag","task_id":"generar_reportes","ti_id":"019ed18f-ed43-7d8e-892a-02f49722629b","run_id":"manual__2026-06-16T17:52:11.051924+00:00","try_number":1,"map_index":-1,"logger":"task","filename":"task_runner.py","lineno":1382}
{"timestamp":"2026-06-16T17:52:23.620708Z","level":"info","event":"Task instance in failure state","logger":"task.stdout"}
{"timestamp":"2026-06-16T17:52:23.620969Z","level":"info","event":"Task start","logger":"task.stdout"}
{"timestamp":"2026-06-16T17:52:23.621162Z","level":"info","event":"Task:<Task(PythonOperator): generar_reportes>","logger":"task.stdout"}
{"timestamp":"2026-06-16T17:52:23.621360Z","level":"info","event":"Failure caused by Parsing \"1773792000000\" to datetime overflows, at position 0","logger":"task.stdout"}
{"timestamp":"2026-06-16T17:52:23.620993Z","level":"info","event":"::endgroup::","dag_id":"devoluciones_dag","task_id":"generar_reportes","ti_id":"019ed18f-ed43-7d8e-892a-02f49722629b","run_id":"manual__2026-06-16T17:52:11.051924+00:00","try_number":1,"map_index":-1,"logger":"task","filename":"task_runner.py","lineno":1896}
