{"timestamp":"2026-06-13T17:59:45.448147Z","level":"info","event":"::group::Pre Execute","logger":"task","filename":"task_runner.py","lineno":1926}
{"timestamp":"2026-06-13T17:59:45.744041Z","level":"info","event":"DAG bundles loaded: dags-folder, example_dags","dag_id":"devoluciones_dag","try_number":1,"ti_id":"019ec223-9c4d-76a2-8db4-5e70777ceff6","run_id":"manual__2026-06-13T17:59:34.167494+00:00","map_index":-1,"task_id":"reporte_semanal","logger":"airflow.dag_processing.bundles.manager.DagBundlesManager","filename":"manager.py","lineno":209}
{"timestamp":"2026-06-13T17:59:45.745634Z","level":"info","event":"Filling up the DagBag from /opt/airflow/dags/devoluciones_dag.py","dag_id":"devoluciones_dag","try_number":1,"ti_id":"019ec223-9c4d-76a2-8db4-5e70777ceff6","run_id":"manual__2026-06-13T17:59:34.167494+00:00","map_index":-1,"task_id":"reporte_semanal","logger":"airflow.dag_processing.dagbag.BundleDagBag","filename":"dagbag.py","lineno":469}
{"timestamp":"2026-06-13T17:59:45.780672Z","level":"warning","event":"The `airflow.operators.python.PythonOperator` attribute is deprecated. Please use `'airflow.providers.standard.operators.python.PythonOperator'`.","category":"UserWarning","filename":"/opt/airflow/dags/devoluciones_dag.py","lineno":2,"dag_id":"devoluciones_dag","try_number":1,"ti_id":"019ec223-9c4d-76a2-8db4-5e70777ceff6","run_id":"manual__2026-06-13T17:59:34.167494+00:00","map_index":-1,"task_id":"reporte_semanal","logger":"py.warnings"}
{"timestamp":"2026-06-13T17:59:45.799905Z","level":"info","event":"Task instance is in running state","logger":"task.stdout"}
{"timestamp":"2026-06-13T17:59:45.800274Z","level":"info","event":" Previous state of the Task instance: TaskInstanceState.QUEUED","logger":"task.stdout"}
{"timestamp":"2026-06-13T17:59:45.800629Z","level":"info","event":"Current task name:reporte_semanal","logger":"task.stdout"}
{"timestamp":"2026-06-13T17:59:45.800931Z","level":"info","event":"Dag name:devoluciones_dag","logger":"task.stdout"}
{"timestamp":"2026-06-13T17:59:45.800220Z","level":"info","event":"::endgroup::","dag_id":"devoluciones_dag","try_number":1,"ti_id":"019ec223-9c4d-76a2-8db4-5e70777ceff6","run_id":"manual__2026-06-13T17:59:34.167494+00:00","map_index":-1,"task_id":"reporte_semanal","logger":"task","filename":"task_runner.py","lineno":1727}
{"timestamp":"2026-06-13T17:59:45.873534Z","level":"info","event":"","logger":"task.stdout"}
{"timestamp":"2026-06-13T17:59:45.873969Z","level":"info","event":"REPORTE SEMANAL","logger":"task.stdout"}
{"timestamp":"2026-06-13T17:59:45.883171Z","level":"info","event":"  fecha_inicio  fecha_fin  ...  fraude  validaciones_fallidas","logger":"task.stdout"}
{"timestamp":"2026-06-13T17:59:45.883555Z","level":"info","event":"0   1969-12-29 1970-01-04  ...     614                     33","logger":"task.stdout"}
{"timestamp":"2026-06-13T17:59:45.883875Z","level":"info","event":"","logger":"task.stdout"}
{"timestamp":"2026-06-13T17:59:45.884188Z","level":"info","event":"[1 rows x 9 columns]","logger":"task.stdout"}
{"timestamp":"2026-06-13T17:59:45.885121Z","level":"info","event":"Done. Returned value was: None","dag_id":"devoluciones_dag","try_number":1,"ti_id":"019ec223-9c4d-76a2-8db4-5e70777ceff6","run_id":"manual__2026-06-13T17:59:34.167494+00:00","map_index":-1,"task_id":"reporte_semanal","logger":"airflow.task.operators.airflow.providers.standard.operators.python.PythonOperator","filename":"python.py","lineno":233}
{"timestamp":"2026-06-13T17:59:45.885271Z","level":"info","event":"::group::Post Execute","dag_id":"devoluciones_dag","try_number":1,"ti_id":"019ec223-9c4d-76a2-8db4-5e70777ceff6","run_id":"manual__2026-06-13T17:59:34.167494+00:00","map_index":-1,"task_id":"reporte_semanal","logger":"task","filename":"task_runner.py","lineno":1288}
{"timestamp":"2026-06-13T17:59:45.908417Z","level":"info","event":"Task instance in success state","logger":"task.stdout"}
{"timestamp":"2026-06-13T17:59:45.908872Z","level":"info","event":" Previous state of the Task instance: TaskInstanceState.RUNNING","logger":"task.stdout"}
{"timestamp":"2026-06-13T17:59:45.909293Z","level":"info","event":"Task operator:<Task(PythonOperator): reporte_semanal>","logger":"task.stdout"}
{"timestamp":"2026-06-13T17:59:45.908743Z","level":"info","event":"::endgroup::","dag_id":"devoluciones_dag","try_number":1,"ti_id":"019ec223-9c4d-76a2-8db4-5e70777ceff6","run_id":"manual__2026-06-13T17:59:34.167494+00:00","map_index":-1,"task_id":"reporte_semanal","logger":"task","filename":"task_runner.py","lineno":1896}
