{"timestamp":"2026-06-12T23:06:40.086050Z","level":"info","event":"::group::Pre Execute","logger":"task","filename":"task_runner.py","lineno":1926}
{"timestamp":"2026-06-12T23:06:40.454572Z","level":"info","event":"DAG bundles loaded: dags-folder, example_dags","task_id":"leer_csv","run_id":"manual__2026-06-12T23:06:39.865158+00:00","try_number":1,"map_index":-1,"ti_id":"019ebe16-6787-7e54-860e-1cabf05133c2","dag_id":"devoluciones_dag","logger":"airflow.dag_processing.bundles.manager.DagBundlesManager","filename":"manager.py","lineno":209}
{"timestamp":"2026-06-12T23:06:40.456464Z","level":"info","event":"Filling up the DagBag from /opt/airflow/dags/devoluciones_dag.py","task_id":"leer_csv","run_id":"manual__2026-06-12T23:06:39.865158+00:00","try_number":1,"map_index":-1,"ti_id":"019ebe16-6787-7e54-860e-1cabf05133c2","dag_id":"devoluciones_dag","logger":"airflow.dag_processing.dagbag.BundleDagBag","filename":"dagbag.py","lineno":469}
{"timestamp":"2026-06-12T23:06:40.499269Z","level":"warning","event":"The `airflow.operators.python.PythonOperator` attribute is deprecated. Please use `'airflow.providers.standard.operators.python.PythonOperator'`.","category":"UserWarning","filename":"/opt/airflow/dags/devoluciones_dag.py","lineno":2,"task_id":"leer_csv","run_id":"manual__2026-06-12T23:06:39.865158+00:00","try_number":1,"map_index":-1,"ti_id":"019ebe16-6787-7e54-860e-1cabf05133c2","dag_id":"devoluciones_dag","logger":"py.warnings"}
{"timestamp":"2026-06-12T23:06:40.542765Z","level":"info","event":"Task instance is in running state","logger":"task.stdout"}
{"timestamp":"2026-06-12T23:06:40.543229Z","level":"info","event":" Previous state of the Task instance: TaskInstanceState.QUEUED","logger":"task.stdout"}
{"timestamp":"2026-06-12T23:06:40.543503Z","level":"info","event":"Current task name:leer_csv","logger":"task.stdout"}
{"timestamp":"2026-06-12T23:06:40.543742Z","level":"info","event":"Dag name:devoluciones_dag","logger":"task.stdout"}
{"timestamp":"2026-06-12T23:06:40.543292Z","level":"info","event":"::endgroup::","task_id":"leer_csv","run_id":"manual__2026-06-12T23:06:39.865158+00:00","try_number":1,"map_index":-1,"ti_id":"019ebe16-6787-7e54-860e-1cabf05133c2","dag_id":"devoluciones_dag","logger":"task","filename":"task_runner.py","lineno":1727}
{"timestamp":"2026-06-12T23:06:40.552653Z","level":"info","event":"Archivo leído correctamente","logger":"task.stdout"}
{"timestamp":"2026-06-12T23:06:40.567143Z","level":"info","event":"  transaction_id       fecha  ...                     descripcion     estado","logger":"task.stdout"}
{"timestamp":"2026-06-12T23:06:40.567547Z","level":"info","event":"0         TXN001  2026-06-01  ...  Devolucion compra supermercado  pendiente","logger":"task.stdout"}
{"timestamp":"2026-06-12T23:06:40.567805Z","level":"info","event":"1         TXN002  2026-06-01  ...     Devolucion electrodomestico  pendiente","logger":"task.stdout"}
{"timestamp":"2026-06-12T23:06:40.568046Z","level":"info","event":"2         TXN003  2026-06-02  ...        Devolucion ropa en linea  pendiente","logger":"task.stdout"}
{"timestamp":"2026-06-12T23:06:40.568285Z","level":"info","event":"3         TXN004  2026-06-02  ...    Devolucion equipo de computo  pendiente","logger":"task.stdout"}
{"timestamp":"2026-06-12T23:06:40.568508Z","level":"info","event":"4         TXN005  2026-06-03  ...          Devolucion restaurante  pendiente","logger":"task.stdout"}
{"timestamp":"2026-06-12T23:06:40.568761Z","level":"info","event":"","logger":"task.stdout"}
{"timestamp":"2026-06-12T23:06:40.568966Z","level":"info","event":"[5 rows x 9 columns]","logger":"task.stdout"}
{"timestamp":"2026-06-12T23:06:40.570997Z","level":"info","event":"Done. Returned value was: None","task_id":"leer_csv","run_id":"manual__2026-06-12T23:06:39.865158+00:00","try_number":1,"map_index":-1,"ti_id":"019ebe16-6787-7e54-860e-1cabf05133c2","dag_id":"devoluciones_dag","logger":"airflow.task.operators.airflow.providers.standard.operators.python.PythonOperator","filename":"python.py","lineno":233}
{"timestamp":"2026-06-12T23:06:40.571150Z","level":"info","event":"::group::Post Execute","task_id":"leer_csv","run_id":"manual__2026-06-12T23:06:39.865158+00:00","try_number":1,"map_index":-1,"ti_id":"019ebe16-6787-7e54-860e-1cabf05133c2","dag_id":"devoluciones_dag","logger":"task","filename":"task_runner.py","lineno":1288}
{"timestamp":"2026-06-12T23:06:40.591276Z","level":"info","event":"Task instance in success state","logger":"task.stdout"}
{"timestamp":"2026-06-12T23:06:40.591627Z","level":"info","event":" Previous state of the Task instance: TaskInstanceState.RUNNING","logger":"task.stdout"}
{"timestamp":"2026-06-12T23:06:40.591924Z","level":"info","event":"Task operator:<Task(PythonOperator): leer_csv>","logger":"task.stdout"}
{"timestamp":"2026-06-12T23:06:40.591627Z","level":"info","event":"::endgroup::","task_id":"leer_csv","run_id":"manual__2026-06-12T23:06:39.865158+00:00","try_number":1,"map_index":-1,"ti_id":"019ebe16-6787-7e54-860e-1cabf05133c2","dag_id":"devoluciones_dag","logger":"task","filename":"task_runner.py","lineno":1896}
