{"timestamp":"2026-06-12T21:49:50.568649Z","level":"info","event":"::group::Pre Execute","logger":"task","filename":"task_runner.py","lineno":1926}
{"timestamp":"2026-06-12T21:49:52.117285Z","level":"info","event":"DAG bundles loaded: dags-folder, example_dags","map_index":-1,"run_id":"manual__2026-06-12T21:49:49.334051+00:00","dag_id":"devoluciones_dag","task_id":"leer_csv","ti_id":"019ebdd0-0dc3-7601-b1c3-16e6d5e98ea0","try_number":1,"logger":"airflow.dag_processing.bundles.manager.DagBundlesManager","filename":"manager.py","lineno":209}
{"timestamp":"2026-06-12T21:49:52.118881Z","level":"info","event":"Filling up the DagBag from /opt/airflow/dags/devoluciones_dag.py","map_index":-1,"run_id":"manual__2026-06-12T21:49:49.334051+00:00","dag_id":"devoluciones_dag","task_id":"leer_csv","ti_id":"019ebdd0-0dc3-7601-b1c3-16e6d5e98ea0","try_number":1,"logger":"airflow.dag_processing.dagbag.BundleDagBag","filename":"dagbag.py","lineno":469}
{"timestamp":"2026-06-12T21:49:52.199341Z","level":"warning","event":"The `airflow.operators.python.PythonOperator` attribute is deprecated. Please use `'airflow.providers.standard.operators.python.PythonOperator'`.","category":"UserWarning","filename":"/opt/airflow/dags/devoluciones_dag.py","lineno":2,"map_index":-1,"run_id":"manual__2026-06-12T21:49:49.334051+00:00","dag_id":"devoluciones_dag","task_id":"leer_csv","ti_id":"019ebdd0-0dc3-7601-b1c3-16e6d5e98ea0","try_number":1,"logger":"py.warnings"}
{"timestamp":"2026-06-12T21:49:52.226289Z","level":"info","event":"Task instance is in running state","logger":"task.stdout"}
{"timestamp":"2026-06-12T21:49:52.226657Z","level":"info","event":" Previous state of the Task instance: TaskInstanceState.QUEUED","logger":"task.stdout"}
{"timestamp":"2026-06-12T21:49:52.226906Z","level":"info","event":"Current task name:leer_csv","logger":"task.stdout"}
{"timestamp":"2026-06-12T21:49:52.227163Z","level":"info","event":"Dag name:devoluciones_dag","logger":"task.stdout"}
{"timestamp":"2026-06-12T21:49:52.226923Z","level":"info","event":"::endgroup::","map_index":-1,"run_id":"manual__2026-06-12T21:49:49.334051+00:00","dag_id":"devoluciones_dag","task_id":"leer_csv","ti_id":"019ebdd0-0dc3-7601-b1c3-16e6d5e98ea0","try_number":1,"logger":"task","filename":"task_runner.py","lineno":1727}
{"timestamp":"2026-06-12T21:49:52.248006Z","level":"info","event":"Archivo leído correctamente","logger":"task.stdout"}
{"timestamp":"2026-06-12T21:49:52.261622Z","level":"info","event":"  transaction_id       fecha  ...                     descripcion     estado","logger":"task.stdout"}
{"timestamp":"2026-06-12T21:49:52.262128Z","level":"info","event":"0         TXN001  2026-06-01  ...  Devolucion compra supermercado  pendiente","logger":"task.stdout"}
{"timestamp":"2026-06-12T21:49:52.262392Z","level":"info","event":"1         TXN002  2026-06-01  ...     Devolucion electrodomestico  pendiente","logger":"task.stdout"}
{"timestamp":"2026-06-12T21:49:52.262622Z","level":"info","event":"2         TXN003  2026-06-02  ...        Devolucion ropa en linea  pendiente","logger":"task.stdout"}
{"timestamp":"2026-06-12T21:49:52.262868Z","level":"info","event":"3         TXN004  2026-06-02  ...    Devolucion equipo de computo  pendiente","logger":"task.stdout"}
{"timestamp":"2026-06-12T21:49:52.263125Z","level":"info","event":"4         TXN005  2026-06-03  ...          Devolucion restaurante  pendiente","logger":"task.stdout"}
{"timestamp":"2026-06-12T21:49:52.263474Z","level":"info","event":"","logger":"task.stdout"}
{"timestamp":"2026-06-12T21:49:52.263778Z","level":"info","event":"[5 rows x 9 columns]","logger":"task.stdout"}
{"timestamp":"2026-06-12T21:49:52.266101Z","level":"info","event":"Done. Returned value was: None","map_index":-1,"run_id":"manual__2026-06-12T21:49:49.334051+00:00","dag_id":"devoluciones_dag","task_id":"leer_csv","ti_id":"019ebdd0-0dc3-7601-b1c3-16e6d5e98ea0","try_number":1,"logger":"airflow.task.operators.airflow.providers.standard.operators.python.PythonOperator","filename":"python.py","lineno":233}
{"timestamp":"2026-06-12T21:49:52.266301Z","level":"info","event":"::group::Post Execute","map_index":-1,"run_id":"manual__2026-06-12T21:49:49.334051+00:00","dag_id":"devoluciones_dag","task_id":"leer_csv","ti_id":"019ebdd0-0dc3-7601-b1c3-16e6d5e98ea0","try_number":1,"logger":"task","filename":"task_runner.py","lineno":1288}
{"timestamp":"2026-06-12T21:49:52.289570Z","level":"info","event":"Task instance in success state","logger":"task.stdout"}
{"timestamp":"2026-06-12T21:49:52.289991Z","level":"info","event":" Previous state of the Task instance: TaskInstanceState.RUNNING","logger":"task.stdout"}
{"timestamp":"2026-06-12T21:49:52.290580Z","level":"info","event":"Task operator:<Task(PythonOperator): leer_csv>","logger":"task.stdout"}
{"timestamp":"2026-06-12T21:49:52.290151Z","level":"info","event":"::endgroup::","map_index":-1,"run_id":"manual__2026-06-12T21:49:49.334051+00:00","dag_id":"devoluciones_dag","task_id":"leer_csv","ti_id":"019ebdd0-0dc3-7601-b1c3-16e6d5e98ea0","try_number":1,"logger":"task","filename":"task_runner.py","lineno":1896}
