{"timestamp":"2026-06-13T00:16:32.701444Z","level":"info","event":"::group::Pre Execute","logger":"task","filename":"task_runner.py","lineno":1926}
{"timestamp":"2026-06-13T00:16:33.031405Z","level":"info","event":"DAG bundles loaded: dags-folder, example_dags","ti_id":"019ebe56-52d1-7a07-a5ea-85307840b1cb","map_index":-1,"run_id":"manual__2026-06-13T00:16:28.833664+00:00","task_id":"aplicar_reglas","try_number":1,"dag_id":"devoluciones_dag","logger":"airflow.dag_processing.bundles.manager.DagBundlesManager","filename":"manager.py","lineno":209}
{"timestamp":"2026-06-13T00:16:33.032688Z","level":"info","event":"Filling up the DagBag from /opt/airflow/dags/devoluciones_dag.py","ti_id":"019ebe56-52d1-7a07-a5ea-85307840b1cb","map_index":-1,"run_id":"manual__2026-06-13T00:16:28.833664+00:00","task_id":"aplicar_reglas","try_number":1,"dag_id":"devoluciones_dag","logger":"airflow.dag_processing.dagbag.BundleDagBag","filename":"dagbag.py","lineno":469}
{"timestamp":"2026-06-13T00:16:33.065362Z","level":"warning","event":"The `airflow.operators.python.PythonOperator` attribute is deprecated. Please use `'airflow.providers.standard.operators.python.PythonOperator'`.","category":"UserWarning","filename":"/opt/airflow/dags/devoluciones_dag.py","lineno":2,"ti_id":"019ebe56-52d1-7a07-a5ea-85307840b1cb","map_index":-1,"run_id":"manual__2026-06-13T00:16:28.833664+00:00","task_id":"aplicar_reglas","try_number":1,"dag_id":"devoluciones_dag","logger":"py.warnings"}
{"timestamp":"2026-06-13T00:16:33.084614Z","level":"info","event":"Task instance is in running state","logger":"task.stdout"}
{"timestamp":"2026-06-13T00:16:33.085100Z","level":"info","event":" Previous state of the Task instance: TaskInstanceState.QUEUED","logger":"task.stdout"}
{"timestamp":"2026-06-13T00:16:33.085555Z","level":"info","event":"Current task name:aplicar_reglas","logger":"task.stdout"}
{"timestamp":"2026-06-13T00:16:33.085956Z","level":"info","event":"Dag name:devoluciones_dag","logger":"task.stdout"}
{"timestamp":"2026-06-13T00:16:33.084958Z","level":"info","event":"::endgroup::","ti_id":"019ebe56-52d1-7a07-a5ea-85307840b1cb","map_index":-1,"run_id":"manual__2026-06-13T00:16:28.833664+00:00","task_id":"aplicar_reglas","try_number":1,"dag_id":"devoluciones_dag","logger":"task","filename":"task_runner.py","lineno":1727}
{"timestamp":"2026-06-13T00:16:33.105716Z","level":"info","event":"RESULTADO DE LAS REGLAS","logger":"task.stdout"}
{"timestamp":"2026-06-13T00:16:33.113341Z","level":"info","event":"   transaction_id  ...                                     regla_aplicada","logger":"task.stdout"}
{"timestamp":"2026-06-13T00:16:33.113821Z","level":"info","event":"0          TXN001  ...  Marcado como posible fraude por multiples devo...","logger":"task.stdout"}
{"timestamp":"2026-06-13T00:16:33.114187Z","level":"info","event":"1          TXN002  ...  Marcado como posible fraude por multiples devo...","logger":"task.stdout"}
{"timestamp":"2026-06-13T00:16:33.114557Z","level":"info","event":"2          TXN003  ...  Marcado como posible fraude por multiples devo...","logger":"task.stdout"}
{"timestamp":"2026-06-13T00:16:33.114846Z","level":"info","event":"3          TXN004  ...  Marcado como posible fraude por multiples devo...","logger":"task.stdout"}
{"timestamp":"2026-06-13T00:16:33.115275Z","level":"info","event":"4          TXN005  ...                              Aprobación automatica","logger":"task.stdout"}
{"timestamp":"2026-06-13T00:16:33.115655Z","level":"info","event":"5          TXN006  ...  Marcado como posible fraude por multiples devo...","logger":"task.stdout"}
{"timestamp":"2026-06-13T00:16:33.116094Z","level":"info","event":"6          TXN007  ...  Marcado como posible fraude por multiples devo...","logger":"task.stdout"}
{"timestamp":"2026-06-13T00:16:33.116442Z","level":"info","event":"7          TXN008  ...  Marcado como posible fraude por multiples devo...","logger":"task.stdout"}
{"timestamp":"2026-06-13T00:16:33.116774Z","level":"info","event":"8          TXN009  ...  Marcado como posible fraude por multiples devo...","logger":"task.stdout"}
{"timestamp":"2026-06-13T00:16:33.117084Z","level":"info","event":"9          TXN010  ...                    Requiere aprobacion del gerente","logger":"task.stdout"}
{"timestamp":"2026-06-13T00:16:33.117392Z","level":"info","event":"10         TXN011  ...  Marcado como posible fraude por multiples devo...","logger":"task.stdout"}
{"timestamp":"2026-06-13T00:16:33.117725Z","level":"info","event":"11         TXN012  ...  Marcado como posible fraude por multiples devo...","logger":"task.stdout"}
{"timestamp":"2026-06-13T00:16:33.118056Z","level":"info","event":"12         TXN013  ...  Marcado como posible fraude por multiples devo...","logger":"task.stdout"}
{"timestamp":"2026-06-13T00:16:33.118422Z","level":"info","event":"13         TXN014  ...  Marcado como posible fraude por multiples devo...","logger":"task.stdout"}
{"timestamp":"2026-06-13T00:16:33.118795Z","level":"info","event":"14         TXN015  ...                                  Revisión especial","logger":"task.stdout"}
{"timestamp":"2026-06-13T00:16:33.119169Z","level":"info","event":"","logger":"task.stdout"}
{"timestamp":"2026-06-13T00:16:33.119515Z","level":"info","event":"[15 rows x 4 columns]","logger":"task.stdout"}
{"timestamp":"2026-06-13T00:16:33.117825Z","level":"info","event":"Done. Returned value was: None","ti_id":"019ebe56-52d1-7a07-a5ea-85307840b1cb","map_index":-1,"run_id":"manual__2026-06-13T00:16:28.833664+00:00","task_id":"aplicar_reglas","try_number":1,"dag_id":"devoluciones_dag","logger":"airflow.task.operators.airflow.providers.standard.operators.python.PythonOperator","filename":"python.py","lineno":233}
{"timestamp":"2026-06-13T00:16:33.117949Z","level":"info","event":"::group::Post Execute","ti_id":"019ebe56-52d1-7a07-a5ea-85307840b1cb","map_index":-1,"run_id":"manual__2026-06-13T00:16:28.833664+00:00","task_id":"aplicar_reglas","try_number":1,"dag_id":"devoluciones_dag","logger":"task","filename":"task_runner.py","lineno":1288}
{"timestamp":"2026-06-13T00:16:33.137335Z","level":"info","event":"Task instance in success state","logger":"task.stdout"}
{"timestamp":"2026-06-13T00:16:33.137788Z","level":"info","event":" Previous state of the Task instance: TaskInstanceState.RUNNING","logger":"task.stdout"}
{"timestamp":"2026-06-13T00:16:33.138234Z","level":"info","event":"Task operator:<Task(PythonOperator): aplicar_reglas>","logger":"task.stdout"}
{"timestamp":"2026-06-13T00:16:33.137606Z","level":"info","event":"::endgroup::","ti_id":"019ebe56-52d1-7a07-a5ea-85307840b1cb","map_index":-1,"run_id":"manual__2026-06-13T00:16:28.833664+00:00","task_id":"aplicar_reglas","try_number":1,"dag_id":"devoluciones_dag","logger":"task","filename":"task_runner.py","lineno":1896}
