{"timestamp":"2026-06-12T23:29:02.688761Z","level":"info","event":"::group::Pre Execute","logger":"task","filename":"task_runner.py","lineno":1926}
{"timestamp":"2026-06-12T23:29:03.001510Z","level":"info","event":"DAG bundles loaded: dags-folder, example_dags","task_id":"reporte_diario","try_number":1,"dag_id":"devoluciones_dag","run_id":"manual__2026-06-12T23:28:56.957446+00:00","map_index":-1,"ti_id":"019ebe2a-ce8f-70d6-a3a3-1c8c92796e1b","logger":"airflow.dag_processing.bundles.manager.DagBundlesManager","filename":"manager.py","lineno":209}
{"timestamp":"2026-06-12T23:29:03.002961Z","level":"info","event":"Filling up the DagBag from /opt/airflow/dags/devoluciones_dag.py","task_id":"reporte_diario","try_number":1,"dag_id":"devoluciones_dag","run_id":"manual__2026-06-12T23:28:56.957446+00:00","map_index":-1,"ti_id":"019ebe2a-ce8f-70d6-a3a3-1c8c92796e1b","logger":"airflow.dag_processing.dagbag.BundleDagBag","filename":"dagbag.py","lineno":469}
{"timestamp":"2026-06-12T23:29:03.031676Z","level":"warning","event":"The `airflow.operators.python.PythonOperator` attribute is deprecated. Please use `'airflow.providers.standard.operators.python.PythonOperator'`.","category":"UserWarning","filename":"/opt/airflow/dags/devoluciones_dag.py","lineno":2,"task_id":"reporte_diario","try_number":1,"dag_id":"devoluciones_dag","run_id":"manual__2026-06-12T23:28:56.957446+00:00","map_index":-1,"ti_id":"019ebe2a-ce8f-70d6-a3a3-1c8c92796e1b","logger":"py.warnings"}
{"timestamp":"2026-06-12T23:29:03.051806Z","level":"info","event":"Task instance is in running state","logger":"task.stdout"}
{"timestamp":"2026-06-12T23:29:03.052210Z","level":"info","event":" Previous state of the Task instance: TaskInstanceState.QUEUED","logger":"task.stdout"}
{"timestamp":"2026-06-12T23:29:03.052455Z","level":"info","event":"Current task name:reporte_diario","logger":"task.stdout"}
{"timestamp":"2026-06-12T23:29:03.052631Z","level":"info","event":"Dag name:devoluciones_dag","logger":"task.stdout"}
{"timestamp":"2026-06-12T23:29:03.052270Z","level":"info","event":"::endgroup::","task_id":"reporte_diario","try_number":1,"dag_id":"devoluciones_dag","run_id":"manual__2026-06-12T23:28:56.957446+00:00","map_index":-1,"ti_id":"019ebe2a-ce8f-70d6-a3a3-1c8c92796e1b","logger":"task","filename":"task_runner.py","lineno":1727}
{"timestamp":"2026-06-12T23:29:03.074522Z","level":"info","event":"","logger":"task.stdout"}
{"timestamp":"2026-06-12T23:29:03.074744Z","level":"info","event":"REPORTE DIARIO","logger":"task.stdout"}
{"timestamp":"2026-06-12T23:29:03.081098Z","level":"info","event":"        fecha  total_devoluciones  monto_total  aprobadas  pendientes  revision","logger":"task.stdout"}
{"timestamp":"2026-06-12T23:29:03.081508Z","level":"info","event":"0  2026-06-01                   2       2650.0          1           1         0","logger":"task.stdout"}
{"timestamp":"2026-06-12T23:29:03.081824Z","level":"info","event":"1  2026-06-02                   2       8075.5          1           0         1","logger":"task.stdout"}
{"timestamp":"2026-06-12T23:29:03.082064Z","level":"info","event":"2  2026-06-03                   2       1820.0          1           1         0","logger":"task.stdout"}
{"timestamp":"2026-06-12T23:29:03.082349Z","level":"info","event":"3  2026-06-04                   2       6550.0          1           0         1","logger":"task.stdout"}
{"timestamp":"2026-06-12T23:29:03.082578Z","level":"info","event":"4  2026-06-05                   2       4100.0          1           1         0","logger":"task.stdout"}
{"timestamp":"2026-06-12T23:29:03.082761Z","level":"info","event":"5  2026-06-06                   2      12200.0          1           0         1","logger":"task.stdout"}
{"timestamp":"2026-06-12T23:29:03.082967Z","level":"info","event":"6  2026-06-07                   2       1650.0          1           1         0","logger":"task.stdout"}
{"timestamp":"2026-06-12T23:29:03.083199Z","level":"info","event":"7  2026-06-08                   1       5500.0          0           0         1","logger":"task.stdout"}
{"timestamp":"2026-06-12T23:29:03.082228Z","level":"info","event":"Done. Returned value was: None","task_id":"reporte_diario","try_number":1,"dag_id":"devoluciones_dag","run_id":"manual__2026-06-12T23:28:56.957446+00:00","map_index":-1,"ti_id":"019ebe2a-ce8f-70d6-a3a3-1c8c92796e1b","logger":"airflow.task.operators.airflow.providers.standard.operators.python.PythonOperator","filename":"python.py","lineno":233}
{"timestamp":"2026-06-12T23:29:03.082360Z","level":"info","event":"::group::Post Execute","task_id":"reporte_diario","try_number":1,"dag_id":"devoluciones_dag","run_id":"manual__2026-06-12T23:28:56.957446+00:00","map_index":-1,"ti_id":"019ebe2a-ce8f-70d6-a3a3-1c8c92796e1b","logger":"task","filename":"task_runner.py","lineno":1288}
{"timestamp":"2026-06-12T23:29:03.103327Z","level":"info","event":"Task instance in success state","logger":"task.stdout"}
{"timestamp":"2026-06-12T23:29:03.103678Z","level":"info","event":" Previous state of the Task instance: TaskInstanceState.RUNNING","logger":"task.stdout"}
{"timestamp":"2026-06-12T23:29:03.104026Z","level":"info","event":"Task operator:<Task(PythonOperator): reporte_diario>","logger":"task.stdout"}
{"timestamp":"2026-06-12T23:29:03.103617Z","level":"info","event":"::endgroup::","task_id":"reporte_diario","try_number":1,"dag_id":"devoluciones_dag","run_id":"manual__2026-06-12T23:28:56.957446+00:00","map_index":-1,"ti_id":"019ebe2a-ce8f-70d6-a3a3-1c8c92796e1b","logger":"task","filename":"task_runner.py","lineno":1896}
