{"timestamp":"2026-06-13T00:08:27.519336Z","level":"info","event":"::group::Pre Execute","logger":"task","filename":"task_runner.py","lineno":1926}
{"timestamp":"2026-06-13T00:08:27.875171Z","level":"info","event":"DAG bundles loaded: dags-folder, example_dags","try_number":1,"map_index":-1,"dag_id":"devoluciones_dag","task_id":"reporte_diario","run_id":"manual__2026-06-13T00:08:21.416761+00:00","ti_id":"019ebe4e-e2e0-7e01-a6ab-0af7a6377692","logger":"airflow.dag_processing.bundles.manager.DagBundlesManager","filename":"manager.py","lineno":209}
{"timestamp":"2026-06-13T00:08:27.876836Z","level":"info","event":"Filling up the DagBag from /opt/airflow/dags/devoluciones_dag.py","try_number":1,"map_index":-1,"dag_id":"devoluciones_dag","task_id":"reporte_diario","run_id":"manual__2026-06-13T00:08:21.416761+00:00","ti_id":"019ebe4e-e2e0-7e01-a6ab-0af7a6377692","logger":"airflow.dag_processing.dagbag.BundleDagBag","filename":"dagbag.py","lineno":469}
{"timestamp":"2026-06-13T00:08:27.917494Z","level":"warning","event":"The `airflow.operators.python.PythonOperator` attribute is deprecated. Please use `'airflow.providers.standard.operators.python.PythonOperator'`.","category":"UserWarning","filename":"/opt/airflow/dags/devoluciones_dag.py","lineno":2,"try_number":1,"map_index":-1,"dag_id":"devoluciones_dag","task_id":"reporte_diario","run_id":"manual__2026-06-13T00:08:21.416761+00:00","ti_id":"019ebe4e-e2e0-7e01-a6ab-0af7a6377692","logger":"py.warnings"}
{"timestamp":"2026-06-13T00:08:27.941794Z","level":"info","event":"Task instance is in running state","logger":"task.stdout"}
{"timestamp":"2026-06-13T00:08:27.942194Z","level":"info","event":" Previous state of the Task instance: TaskInstanceState.QUEUED","logger":"task.stdout"}
{"timestamp":"2026-06-13T00:08:27.942740Z","level":"info","event":"Current task name:reporte_diario","logger":"task.stdout"}
{"timestamp":"2026-06-13T00:08:27.943079Z","level":"info","event":"Dag name:devoluciones_dag","logger":"task.stdout"}
{"timestamp":"2026-06-13T00:08:27.942153Z","level":"info","event":"::endgroup::","try_number":1,"map_index":-1,"dag_id":"devoluciones_dag","task_id":"reporte_diario","run_id":"manual__2026-06-13T00:08:21.416761+00:00","ti_id":"019ebe4e-e2e0-7e01-a6ab-0af7a6377692","logger":"task","filename":"task_runner.py","lineno":1727}
{"timestamp":"2026-06-13T00:08:27.964936Z","level":"info","event":"","logger":"task.stdout"}
{"timestamp":"2026-06-13T00:08:27.965213Z","level":"info","event":"REPORTE DIARIO","logger":"task.stdout"}
{"timestamp":"2026-06-13T00:08:27.971911Z","level":"info","event":"        fecha  total_devoluciones  monto_total  aprobadas  pendientes  revision","logger":"task.stdout"}
{"timestamp":"2026-06-13T00:08:27.972196Z","level":"info","event":"0  2026-06-01                   2       2650.0          0           0         0","logger":"task.stdout"}
{"timestamp":"2026-06-13T00:08:27.972594Z","level":"info","event":"1  2026-06-02                   2       8075.5          0           0         0","logger":"task.stdout"}
{"timestamp":"2026-06-13T00:08:27.972910Z","level":"info","event":"2  2026-06-03                   2       1820.0          1           0         0","logger":"task.stdout"}
{"timestamp":"2026-06-13T00:08:27.973235Z","level":"info","event":"3  2026-06-04                   2       6550.0          0           0         0","logger":"task.stdout"}
{"timestamp":"2026-06-13T00:08:27.973602Z","level":"info","event":"4  2026-06-05                   2       4100.0          0           1         0","logger":"task.stdout"}
{"timestamp":"2026-06-13T00:08:27.973928Z","level":"info","event":"5  2026-06-06                   2      12200.0          0           0         0","logger":"task.stdout"}
{"timestamp":"2026-06-13T00:08:27.974303Z","level":"info","event":"6  2026-06-07                   2       1650.0          0           0         0","logger":"task.stdout"}
{"timestamp":"2026-06-13T00:08:27.974658Z","level":"info","event":"7  2026-06-08                   1       5500.0          0           0         1","logger":"task.stdout"}
{"timestamp":"2026-06-13T00:08:27.972992Z","level":"info","event":"Done. Returned value was: None","try_number":1,"map_index":-1,"dag_id":"devoluciones_dag","task_id":"reporte_diario","run_id":"manual__2026-06-13T00:08:21.416761+00:00","ti_id":"019ebe4e-e2e0-7e01-a6ab-0af7a6377692","logger":"airflow.task.operators.airflow.providers.standard.operators.python.PythonOperator","filename":"python.py","lineno":233}
{"timestamp":"2026-06-13T00:08:27.973120Z","level":"info","event":"::group::Post Execute","try_number":1,"map_index":-1,"dag_id":"devoluciones_dag","task_id":"reporte_diario","run_id":"manual__2026-06-13T00:08:21.416761+00:00","ti_id":"019ebe4e-e2e0-7e01-a6ab-0af7a6377692","logger":"task","filename":"task_runner.py","lineno":1288}
{"timestamp":"2026-06-13T00:08:27.992841Z","level":"info","event":"Task instance in success state","logger":"task.stdout"}
{"timestamp":"2026-06-13T00:08:27.993186Z","level":"info","event":" Previous state of the Task instance: TaskInstanceState.RUNNING","logger":"task.stdout"}
{"timestamp":"2026-06-13T00:08:27.993618Z","level":"info","event":"Task operator:<Task(PythonOperator): reporte_diario>","logger":"task.stdout"}
{"timestamp":"2026-06-13T00:08:27.993081Z","level":"info","event":"::endgroup::","try_number":1,"map_index":-1,"dag_id":"devoluciones_dag","task_id":"reporte_diario","run_id":"manual__2026-06-13T00:08:21.416761+00:00","ti_id":"019ebe4e-e2e0-7e01-a6ab-0af7a6377692","logger":"task","filename":"task_runner.py","lineno":1896}
