{"timestamp":"2026-06-13T00:08:28.732254Z","level":"info","event":"::group::Pre Execute","logger":"task","filename":"task_runner.py","lineno":1926}
{"timestamp":"2026-06-13T00:08:29.269137Z","level":"info","event":"DAG bundles loaded: dags-folder, example_dags","ti_id":"019ebe4e-e2e1-7409-be6c-2442ffd36d28","map_index":-1,"run_id":"manual__2026-06-13T00:08:21.416761+00:00","task_id":"reporte_semanal","try_number":1,"dag_id":"devoluciones_dag","logger":"airflow.dag_processing.bundles.manager.DagBundlesManager","filename":"manager.py","lineno":209}
{"timestamp":"2026-06-13T00:08:29.270917Z","level":"info","event":"Filling up the DagBag from /opt/airflow/dags/devoluciones_dag.py","ti_id":"019ebe4e-e2e1-7409-be6c-2442ffd36d28","map_index":-1,"run_id":"manual__2026-06-13T00:08:21.416761+00:00","task_id":"reporte_semanal","try_number":1,"dag_id":"devoluciones_dag","logger":"airflow.dag_processing.dagbag.BundleDagBag","filename":"dagbag.py","lineno":469}
{"timestamp":"2026-06-13T00:08:29.300347Z","level":"warning","event":"The `airflow.operators.python.PythonOperator` attribute is deprecated. Please use `'airflow.providers.standard.operators.python.PythonOperator'`.","category":"UserWarning","filename":"/opt/airflow/dags/devoluciones_dag.py","lineno":2,"ti_id":"019ebe4e-e2e1-7409-be6c-2442ffd36d28","map_index":-1,"run_id":"manual__2026-06-13T00:08:21.416761+00:00","task_id":"reporte_semanal","try_number":1,"dag_id":"devoluciones_dag","logger":"py.warnings"}
{"timestamp":"2026-06-13T00:08:29.322001Z","level":"info","event":"Task instance is in running state","logger":"task.stdout"}
{"timestamp":"2026-06-13T00:08:29.322431Z","level":"info","event":" Previous state of the Task instance: TaskInstanceState.QUEUED","logger":"task.stdout"}
{"timestamp":"2026-06-13T00:08:29.322933Z","level":"info","event":"Current task name:reporte_semanal","logger":"task.stdout"}
{"timestamp":"2026-06-13T00:08:29.323304Z","level":"info","event":"Dag name:devoluciones_dag","logger":"task.stdout"}
{"timestamp":"2026-06-13T00:08:29.322397Z","level":"info","event":"::endgroup::","ti_id":"019ebe4e-e2e1-7409-be6c-2442ffd36d28","map_index":-1,"run_id":"manual__2026-06-13T00:08:21.416761+00:00","task_id":"reporte_semanal","try_number":1,"dag_id":"devoluciones_dag","logger":"task","filename":"task_runner.py","lineno":1727}
{"timestamp":"2026-06-13T00:08:29.351527Z","level":"info","event":"","logger":"task.stdout"}
{"timestamp":"2026-06-13T00:08:29.351965Z","level":"info","event":"REPORTE SEMANAL","logger":"task.stdout"}
{"timestamp":"2026-06-13T00:08:29.361587Z","level":"info","event":"  fecha_inicio  fecha_fin  total_devoluciones  ...  aprobadas  pendientes  revision","logger":"task.stdout"}
{"timestamp":"2026-06-13T00:08:29.362038Z","level":"info","event":"0   2026-06-01 2026-06-07                  14  ...          1           1         0","logger":"task.stdout"}
{"timestamp":"2026-06-13T00:08:29.362444Z","level":"info","event":"1   2026-06-08 2026-06-14                   1  ...          0           0         1","logger":"task.stdout"}
{"timestamp":"2026-06-13T00:08:29.362856Z","level":"info","event":"","logger":"task.stdout"}
{"timestamp":"2026-06-13T00:08:29.363308Z","level":"info","event":"[2 rows x 7 columns]","logger":"task.stdout"}
{"timestamp":"2026-06-13T00:08:29.363344Z","level":"info","event":"Done. Returned value was: None","ti_id":"019ebe4e-e2e1-7409-be6c-2442ffd36d28","map_index":-1,"run_id":"manual__2026-06-13T00:08:21.416761+00:00","task_id":"reporte_semanal","try_number":1,"dag_id":"devoluciones_dag","logger":"airflow.task.operators.airflow.providers.standard.operators.python.PythonOperator","filename":"python.py","lineno":233}
{"timestamp":"2026-06-13T00:08:29.363516Z","level":"info","event":"::group::Post Execute","ti_id":"019ebe4e-e2e1-7409-be6c-2442ffd36d28","map_index":-1,"run_id":"manual__2026-06-13T00:08:21.416761+00:00","task_id":"reporte_semanal","try_number":1,"dag_id":"devoluciones_dag","logger":"task","filename":"task_runner.py","lineno":1288}
{"timestamp":"2026-06-13T00:08:29.387936Z","level":"info","event":"Task instance in success state","logger":"task.stdout"}
{"timestamp":"2026-06-13T00:08:29.388453Z","level":"info","event":" Previous state of the Task instance: TaskInstanceState.RUNNING","logger":"task.stdout"}
{"timestamp":"2026-06-13T00:08:29.388968Z","level":"info","event":"Task operator:<Task(PythonOperator): reporte_semanal>","logger":"task.stdout"}
{"timestamp":"2026-06-13T00:08:29.388414Z","level":"info","event":"::endgroup::","ti_id":"019ebe4e-e2e1-7409-be6c-2442ffd36d28","map_index":-1,"run_id":"manual__2026-06-13T00:08:21.416761+00:00","task_id":"reporte_semanal","try_number":1,"dag_id":"devoluciones_dag","logger":"task","filename":"task_runner.py","lineno":1896}
