{"timestamp":"2026-06-13T00:41:28.364092Z","level":"info","event":"::group::Pre Execute","logger":"task","filename":"task_runner.py","lineno":1926}
{"timestamp":"2026-06-13T00:41:28.688521Z","level":"info","event":"DAG bundles loaded: dags-folder, example_dags","map_index":-1,"ti_id":"019ebe6d-1e84-748d-a842-d3e8f22855a9","run_id":"manual__2026-06-13T00:41:22.798075+00:00","try_number":1,"dag_id":"devoluciones_dag","task_id":"reporte_diario","logger":"airflow.dag_processing.bundles.manager.DagBundlesManager","filename":"manager.py","lineno":209}
{"timestamp":"2026-06-13T00:41:28.689931Z","level":"info","event":"Filling up the DagBag from /opt/airflow/dags/devoluciones_dag.py","map_index":-1,"ti_id":"019ebe6d-1e84-748d-a842-d3e8f22855a9","run_id":"manual__2026-06-13T00:41:22.798075+00:00","try_number":1,"dag_id":"devoluciones_dag","task_id":"reporte_diario","logger":"airflow.dag_processing.dagbag.BundleDagBag","filename":"dagbag.py","lineno":469}
{"timestamp":"2026-06-13T00:41:28.714978Z","level":"warning","event":"The `airflow.operators.python.PythonOperator` attribute is deprecated. Please use `'airflow.providers.standard.operators.python.PythonOperator'`.","category":"UserWarning","filename":"/opt/airflow/dags/devoluciones_dag.py","lineno":2,"map_index":-1,"ti_id":"019ebe6d-1e84-748d-a842-d3e8f22855a9","run_id":"manual__2026-06-13T00:41:22.798075+00:00","try_number":1,"dag_id":"devoluciones_dag","task_id":"reporte_diario","logger":"py.warnings"}
{"timestamp":"2026-06-13T00:41:28.737003Z","level":"info","event":"Task instance is in running state","logger":"task.stdout"}
{"timestamp":"2026-06-13T00:41:28.737331Z","level":"info","event":" Previous state of the Task instance: TaskInstanceState.QUEUED","logger":"task.stdout"}
{"timestamp":"2026-06-13T00:41:28.737657Z","level":"info","event":"Current task name:reporte_diario","logger":"task.stdout"}
{"timestamp":"2026-06-13T00:41:28.737924Z","level":"info","event":"Dag name:devoluciones_dag","logger":"task.stdout"}
{"timestamp":"2026-06-13T00:41:28.737345Z","level":"info","event":"::endgroup::","map_index":-1,"ti_id":"019ebe6d-1e84-748d-a842-d3e8f22855a9","run_id":"manual__2026-06-13T00:41:22.798075+00:00","try_number":1,"dag_id":"devoluciones_dag","task_id":"reporte_diario","logger":"task","filename":"task_runner.py","lineno":1727}
{"timestamp":"2026-06-13T00:41:28.759226Z","level":"info","event":"","logger":"task.stdout"}
{"timestamp":"2026-06-13T00:41:28.759551Z","level":"info","event":"REPORTE DIARIO","logger":"task.stdout"}
{"timestamp":"2026-06-13T00:41:28.767169Z","level":"info","event":"        fecha  total_devoluciones  monto_total  ...  pendientes  revision  fraude","logger":"task.stdout"}
{"timestamp":"2026-06-13T00:41:28.767532Z","level":"info","event":"0  2026-06-01                   2       2650.0  ...           0         0       2","logger":"task.stdout"}
{"timestamp":"2026-06-13T00:41:28.767837Z","level":"info","event":"1  2026-06-02                   2       8075.5  ...           0         0       2","logger":"task.stdout"}
{"timestamp":"2026-06-13T00:41:28.768082Z","level":"info","event":"2  2026-06-03                   2       1820.0  ...           0         0       1","logger":"task.stdout"}
{"timestamp":"2026-06-13T00:41:28.768362Z","level":"info","event":"3  2026-06-04                   2       6550.0  ...           0         0       2","logger":"task.stdout"}
{"timestamp":"2026-06-13T00:41:28.768625Z","level":"info","event":"4  2026-06-05                   2       4100.0  ...           1         0       1","logger":"task.stdout"}
{"timestamp":"2026-06-13T00:41:28.768912Z","level":"info","event":"5  2026-06-06                   2      12200.0  ...           0         0       2","logger":"task.stdout"}
{"timestamp":"2026-06-13T00:41:28.769187Z","level":"info","event":"6  2026-06-07                   2       1650.0  ...           0         0       2","logger":"task.stdout"}
{"timestamp":"2026-06-13T00:41:28.769360Z","level":"info","event":"7  2026-06-08                   1       5500.0  ...           0         1       0","logger":"task.stdout"}
{"timestamp":"2026-06-13T00:41:28.769511Z","level":"info","event":"","logger":"task.stdout"}
{"timestamp":"2026-06-13T00:41:28.769700Z","level":"info","event":"[8 rows x 7 columns]","logger":"task.stdout"}
{"timestamp":"2026-06-13T00:41:28.768183Z","level":"info","event":"Done. Returned value was: None","map_index":-1,"ti_id":"019ebe6d-1e84-748d-a842-d3e8f22855a9","run_id":"manual__2026-06-13T00:41:22.798075+00:00","try_number":1,"dag_id":"devoluciones_dag","task_id":"reporte_diario","logger":"airflow.task.operators.airflow.providers.standard.operators.python.PythonOperator","filename":"python.py","lineno":233}
{"timestamp":"2026-06-13T00:41:28.768328Z","level":"info","event":"::group::Post Execute","map_index":-1,"ti_id":"019ebe6d-1e84-748d-a842-d3e8f22855a9","run_id":"manual__2026-06-13T00:41:22.798075+00:00","try_number":1,"dag_id":"devoluciones_dag","task_id":"reporte_diario","logger":"task","filename":"task_runner.py","lineno":1288}
{"timestamp":"2026-06-13T00:41:28.786242Z","level":"info","event":"Task instance in success state","logger":"task.stdout"}
{"timestamp":"2026-06-13T00:41:28.786557Z","level":"info","event":" Previous state of the Task instance: TaskInstanceState.RUNNING","logger":"task.stdout"}
{"timestamp":"2026-06-13T00:41:28.786802Z","level":"info","event":"Task operator:<Task(PythonOperator): reporte_diario>","logger":"task.stdout"}
{"timestamp":"2026-06-13T00:41:28.786572Z","level":"info","event":"::endgroup::","map_index":-1,"ti_id":"019ebe6d-1e84-748d-a842-d3e8f22855a9","run_id":"manual__2026-06-13T00:41:22.798075+00:00","try_number":1,"dag_id":"devoluciones_dag","task_id":"reporte_diario","logger":"task","filename":"task_runner.py","lineno":1896}
